ARM GAS  C:\Users\User\AppData\Local\Temp\ccGV8wQz.s 			page 1


   1              		.syntax unified
   2              		.cpu cortex-m4
   3              		.eabi_attribute 27, 1
   4              		.fpu fpv4-sp-d16
   5              		.eabi_attribute 20, 1
   6              		.eabi_attribute 21, 1
   7              		.eabi_attribute 23, 3
   8              		.eabi_attribute 24, 1
   9              		.eabi_attribute 25, 1
  10              		.eabi_attribute 26, 1
  11              		.eabi_attribute 30, 1
  12              		.eabi_attribute 34, 1
  13              		.eabi_attribute 18, 4
  14              		.thumb
  15              		.syntax unified
  16              		.file	"CapSense_Tuner.c"
  17              		.text
  18              	.Ltext0:
  19              		.cfi_sections	.debug_frame
  20              		.section	.text.CapSense_TuInitialize,"ax",%progbits
  21              		.align	2
  22              		.global	CapSense_TuInitialize
  23              		.thumb
  24              		.thumb_func
  25              		.type	CapSense_TuInitialize, %function
  26              	CapSense_TuInitialize:
  27              	.LFB158:
  28              		.file 1 "Generated_Source\\PSoC6\\CapSense_Tuner.c"
   1:Generated_Source\PSoC6/CapSense_Tuner.c **** /***************************************************************************//**
   2:Generated_Source\PSoC6/CapSense_Tuner.c **** * \file CapSense_Tuner.c
   3:Generated_Source\PSoC6/CapSense_Tuner.c **** * \version 2.0
   4:Generated_Source\PSoC6/CapSense_Tuner.c **** *
   5:Generated_Source\PSoC6/CapSense_Tuner.c **** * \brief
   6:Generated_Source\PSoC6/CapSense_Tuner.c **** *   This file provides the source code for the Tuner module API of the 
   7:Generated_Source\PSoC6/CapSense_Tuner.c **** *   Component.
   8:Generated_Source\PSoC6/CapSense_Tuner.c **** *
   9:Generated_Source\PSoC6/CapSense_Tuner.c **** * \see CapSense v2.0 Datasheet
  10:Generated_Source\PSoC6/CapSense_Tuner.c **** *
  11:Generated_Source\PSoC6/CapSense_Tuner.c **** *//*****************************************************************************
  12:Generated_Source\PSoC6/CapSense_Tuner.c **** * Copyright (2016-2017), Cypress Semiconductor Corporation.
  13:Generated_Source\PSoC6/CapSense_Tuner.c **** ********************************************************************************
  14:Generated_Source\PSoC6/CapSense_Tuner.c **** * This software is owned by Cypress Semiconductor Corporation (Cypress) and is
  15:Generated_Source\PSoC6/CapSense_Tuner.c **** * protected by and subject to worldwide patent protection (United States and
  16:Generated_Source\PSoC6/CapSense_Tuner.c **** * foreign), United States copyright laws and international treaty provisions.
  17:Generated_Source\PSoC6/CapSense_Tuner.c **** * Cypress hereby grants to licensee a personal, non-exclusive, non-transferable
  18:Generated_Source\PSoC6/CapSense_Tuner.c **** * license to copy, use, modify, create derivative works of, and compile the
  19:Generated_Source\PSoC6/CapSense_Tuner.c **** * Cypress Source Code and derivative works for the sole purpose of creating
  20:Generated_Source\PSoC6/CapSense_Tuner.c **** * custom software in support of licensee product to be used only in conjunction
  21:Generated_Source\PSoC6/CapSense_Tuner.c **** * with a Cypress integrated circuit as specified in the applicable agreement.
  22:Generated_Source\PSoC6/CapSense_Tuner.c **** * Any reproduction, modification, translation, compilation, or representation of
  23:Generated_Source\PSoC6/CapSense_Tuner.c **** * this software except as specified above is prohibited without the express
  24:Generated_Source\PSoC6/CapSense_Tuner.c **** * written permission of Cypress.
  25:Generated_Source\PSoC6/CapSense_Tuner.c **** *
  26:Generated_Source\PSoC6/CapSense_Tuner.c **** * Disclaimer: CYPRESS MAKES NO WARRANTY OF ANY KIND, EXPRESS OR IMPLIED, WITH
  27:Generated_Source\PSoC6/CapSense_Tuner.c **** * REGARD TO THIS MATERIAL, INCLUDING, BUT NOT LIMITED TO, THE IMPLIED
  28:Generated_Source\PSoC6/CapSense_Tuner.c **** * WARRANTIES OF MERCHANTABILITY AND FITNESS FOR A PARTICULAR PURPOSE.
  29:Generated_Source\PSoC6/CapSense_Tuner.c **** * Cypress reserves the right to make changes without further notice to the
ARM GAS  C:\Users\User\AppData\Local\Temp\ccGV8wQz.s 			page 2


  30:Generated_Source\PSoC6/CapSense_Tuner.c **** * materials described herein. Cypress does not assume any liability arising out
  31:Generated_Source\PSoC6/CapSense_Tuner.c **** * of the application or use of any product or circuit described herein. Cypress
  32:Generated_Source\PSoC6/CapSense_Tuner.c **** * does not authorize its products for use as critical components in life-support
  33:Generated_Source\PSoC6/CapSense_Tuner.c **** * systems where a malfunction or failure may reasonably be expected to result in
  34:Generated_Source\PSoC6/CapSense_Tuner.c **** * significant injury to the user. The inclusion of Cypress' product in a life-
  35:Generated_Source\PSoC6/CapSense_Tuner.c **** * support systems application implies that the manufacturer assumes all risk of
  36:Generated_Source\PSoC6/CapSense_Tuner.c **** * such use and in doing so indemnifies Cypress against all charges. Use may be
  37:Generated_Source\PSoC6/CapSense_Tuner.c **** * limited by and subject to the applicable Cypress software license agreement.
  38:Generated_Source\PSoC6/CapSense_Tuner.c **** *******************************************************************************/
  39:Generated_Source\PSoC6/CapSense_Tuner.c **** 
  40:Generated_Source\PSoC6/CapSense_Tuner.c **** #include "syslib/cy_syslib.h"
  41:Generated_Source\PSoC6/CapSense_Tuner.c **** #include "CapSense_Structure.h"
  42:Generated_Source\PSoC6/CapSense_Tuner.c **** #include "CapSense_Tuner.h"
  43:Generated_Source\PSoC6/CapSense_Tuner.c **** #include "CapSense_Control.h"
  44:Generated_Source\PSoC6/CapSense_Tuner.c **** #include "CapSense_Configuration.h"
  45:Generated_Source\PSoC6/CapSense_Tuner.c **** 
  46:Generated_Source\PSoC6/CapSense_Tuner.c **** /* Tuner states definition */
  47:Generated_Source\PSoC6/CapSense_Tuner.c **** #define TU_FSM_RUNNING      (0u)
  48:Generated_Source\PSoC6/CapSense_Tuner.c **** #define TU_FSM_SUSPENDED    (1u)
  49:Generated_Source\PSoC6/CapSense_Tuner.c **** #define TU_FSM_SNR_TEST     (2u)
  50:Generated_Source\PSoC6/CapSense_Tuner.c **** #define TU_FSM_ONE_SCAN     (3u)
  51:Generated_Source\PSoC6/CapSense_Tuner.c **** 
  52:Generated_Source\PSoC6/CapSense_Tuner.c **** /* Tuner state variable */
  53:Generated_Source\PSoC6/CapSense_Tuner.c **** static uint32 tunerFsm = TU_FSM_RUNNING;
  54:Generated_Source\PSoC6/CapSense_Tuner.c **** 
  55:Generated_Source\PSoC6/CapSense_Tuner.c **** 
  56:Generated_Source\PSoC6/CapSense_Tuner.c **** /*******************************************************************************
  57:Generated_Source\PSoC6/CapSense_Tuner.c **** * Function Name: CapSense_TuInitialize
  58:Generated_Source\PSoC6/CapSense_Tuner.c **** ****************************************************************************//**
  59:Generated_Source\PSoC6/CapSense_Tuner.c **** *
  60:Generated_Source\PSoC6/CapSense_Tuner.c **** * \brief
  61:Generated_Source\PSoC6/CapSense_Tuner.c **** *   This function initializes the communication interface with the Tuner GUI.
  62:Generated_Source\PSoC6/CapSense_Tuner.c **** *
  63:Generated_Source\PSoC6/CapSense_Tuner.c **** * \details
  64:Generated_Source\PSoC6/CapSense_Tuner.c **** *   This API sets the tuner state machine to the default state. It is called by
  65:Generated_Source\PSoC6/CapSense_Tuner.c **** *   the CapSense_Start() API.
  66:Generated_Source\PSoC6/CapSense_Tuner.c **** *
  67:Generated_Source\PSoC6/CapSense_Tuner.c **** *******************************************************************************/
  68:Generated_Source\PSoC6/CapSense_Tuner.c **** void CapSense_TuInitialize(void)
  69:Generated_Source\PSoC6/CapSense_Tuner.c **** {
  29              		.loc 1 69 0
  30              		.cfi_startproc
  31              		@ args = 0, pretend = 0, frame = 0
  32              		@ frame_needed = 0, uses_anonymous_args = 0
  33              		@ link register save eliminated.
  34              	.LVL0:
  70:Generated_Source\PSoC6/CapSense_Tuner.c ****     volatile CapSense_RAM_STRUCT *ptrDsRam = &CapSense_dsRam;
  71:Generated_Source\PSoC6/CapSense_Tuner.c **** 
  72:Generated_Source\PSoC6/CapSense_Tuner.c ****     ptrDsRam->tunerCmd = (uint16)CapSense_TU_CMD_NONE_E;
  35              		.loc 1 72 0
  36 0000 0023     		movs	r3, #0
  37 0002 024A     		ldr	r2, .L2
  38 0004 D380     		strh	r3, [r2, #6]	@ movhi
  73:Generated_Source\PSoC6/CapSense_Tuner.c ****     tunerFsm = TU_FSM_RUNNING;
  39              		.loc 1 73 0
  40 0006 024A     		ldr	r2, .L2+4
  41 0008 1360     		str	r3, [r2]
ARM GAS  C:\Users\User\AppData\Local\Temp\ccGV8wQz.s 			page 3


  42 000a 7047     		bx	lr
  43              	.L3:
  44              		.align	2
  45              	.L2:
  46 000c 00000000 		.word	CapSense_dsRam
  47 0010 00000000 		.word	.LANCHOR0
  48              		.cfi_endproc
  49              	.LFE158:
  50              		.size	CapSense_TuInitialize, .-CapSense_TuInitialize
  51              		.section	.text.CapSense_RunTuner,"ax",%progbits
  52              		.align	2
  53              		.global	CapSense_RunTuner
  54              		.thumb
  55              		.thumb_func
  56              		.type	CapSense_RunTuner, %function
  57              	CapSense_RunTuner:
  58              	.LFB159:
  74:Generated_Source\PSoC6/CapSense_Tuner.c **** }
  75:Generated_Source\PSoC6/CapSense_Tuner.c **** 
  76:Generated_Source\PSoC6/CapSense_Tuner.c **** /*******************************************************************************
  77:Generated_Source\PSoC6/CapSense_Tuner.c **** * Function Name: CapSense_RunTuner
  78:Generated_Source\PSoC6/CapSense_Tuner.c **** ****************************************************************************//**
  79:Generated_Source\PSoC6/CapSense_Tuner.c **** *
  80:Generated_Source\PSoC6/CapSense_Tuner.c **** * \brief
  81:Generated_Source\PSoC6/CapSense_Tuner.c **** *  Establishes synchronized communication with the Tuner application.
  82:Generated_Source\PSoC6/CapSense_Tuner.c **** *
  83:Generated_Source\PSoC6/CapSense_Tuner.c **** * \details
  84:Generated_Source\PSoC6/CapSense_Tuner.c **** *  This function is used to establish synchronized communication between the
  85:Generated_Source\PSoC6/CapSense_Tuner.c **** *  CapSense Component and Tuner application (or other host controllers).
  86:Generated_Source\PSoC6/CapSense_Tuner.c **** *  This function is called periodically in the application program loop
  87:Generated_Source\PSoC6/CapSense_Tuner.c **** *  to serve the Tuner application (or host controller) requests and commands.
  88:Generated_Source\PSoC6/CapSense_Tuner.c **** *  In most cases, the best place to call this function is after processing and
  89:Generated_Source\PSoC6/CapSense_Tuner.c **** *  before next scanning.
  90:Generated_Source\PSoC6/CapSense_Tuner.c **** *
  91:Generated_Source\PSoC6/CapSense_Tuner.c **** *  If this function is absent in the application program, then communication is
  92:Generated_Source\PSoC6/CapSense_Tuner.c **** *  asynchronous and the following disadvantages are applicable:
  93:Generated_Source\PSoC6/CapSense_Tuner.c **** *    - The raw counts displayed in the tuner may be filtered and/or unfiltered.
  94:Generated_Source\PSoC6/CapSense_Tuner.c **** *      As a result, noise and SNR measurements will not be accurate.
  95:Generated_Source\PSoC6/CapSense_Tuner.c **** *    - The Tuner tool may read the sensor data such as raw counts from a scan
  96:Generated_Source\PSoC6/CapSense_Tuner.c **** *      multiple times, as a result, noise and SNR measurement will not be
  97:Generated_Source\PSoC6/CapSense_Tuner.c **** *      accurate.
  98:Generated_Source\PSoC6/CapSense_Tuner.c **** *    - The Tuner tool and host controller should not change the Component parameters
  99:Generated_Source\PSoC6/CapSense_Tuner.c **** *      via the tuner interface. Changing the Component parameters via the tuner
 100:Generated_Source\PSoC6/CapSense_Tuner.c **** *      interface in the async mode will result in Component abnormal behavior.
 101:Generated_Source\PSoC6/CapSense_Tuner.c **** *
 102:Generated_Source\PSoC6/CapSense_Tuner.c **** *  Note that calling this function is not mandatory for the application, but
 103:Generated_Source\PSoC6/CapSense_Tuner.c **** *  required only to synchronize the communication with the host controller or
 104:Generated_Source\PSoC6/CapSense_Tuner.c **** *  tuner application.
 105:Generated_Source\PSoC6/CapSense_Tuner.c **** *
 106:Generated_Source\PSoC6/CapSense_Tuner.c **** * \return
 107:Generated_Source\PSoC6/CapSense_Tuner.c **** *  In some cases, the application program may need to know if the Component was
 108:Generated_Source\PSoC6/CapSense_Tuner.c **** *  re-initialized. The return indicates if a restart command was executed or not:
 109:Generated_Source\PSoC6/CapSense_Tuner.c **** *    - CapSense_STATUS_RESTART_DONE - Based on a received command, the
 110:Generated_Source\PSoC6/CapSense_Tuner.c **** *      Component was restarted.
 111:Generated_Source\PSoC6/CapSense_Tuner.c **** *    -  CapSense_STATUS_RESTART_NONE - No restart was executed by this
 112:Generated_Source\PSoC6/CapSense_Tuner.c **** *      function.
 113:Generated_Source\PSoC6/CapSense_Tuner.c **** *
ARM GAS  C:\Users\User\AppData\Local\Temp\ccGV8wQz.s 			page 4


 114:Generated_Source\PSoC6/CapSense_Tuner.c **** *******************************************************************************/
 115:Generated_Source\PSoC6/CapSense_Tuner.c **** uint32 CapSense_RunTuner(void)
 116:Generated_Source\PSoC6/CapSense_Tuner.c **** {
  59              		.loc 1 116 0
  60              		.cfi_startproc
  61              		@ args = 0, pretend = 0, frame = 0
  62              		@ frame_needed = 0, uses_anonymous_args = 0
  63 0000 70B5     		push	{r4, r5, r6, lr}
  64              		.cfi_def_cfa_offset 16
  65              		.cfi_offset 4, -16
  66              		.cfi_offset 5, -12
  67              		.cfi_offset 6, -8
  68              		.cfi_offset 14, -4
  69              	.LVL1:
 117:Generated_Source\PSoC6/CapSense_Tuner.c ****     uint32 interruptState;
 118:Generated_Source\PSoC6/CapSense_Tuner.c ****     uint32 widgetId;
 119:Generated_Source\PSoC6/CapSense_Tuner.c ****     uint32 sensorId;
 120:Generated_Source\PSoC6/CapSense_Tuner.c ****     uint32 updateFlag = 0Lu;
 121:Generated_Source\PSoC6/CapSense_Tuner.c ****     CapSense_TU_CMD_ENUM command;
 122:Generated_Source\PSoC6/CapSense_Tuner.c ****     uint32 tunerStatus = CapSense_STATUS_RESTART_NONE;
  70              		.loc 1 122 0
  71 0002 0026     		movs	r6, #0
 120:Generated_Source\PSoC6/CapSense_Tuner.c ****     CapSense_TU_CMD_ENUM command;
  72              		.loc 1 120 0
  73 0004 3546     		mov	r5, r6
  74              	.LVL2:
  75              	.L16:
 123:Generated_Source\PSoC6/CapSense_Tuner.c **** 
 124:Generated_Source\PSoC6/CapSense_Tuner.c ****     volatile CapSense_RAM_STRUCT *ptrDsRam;
 125:Generated_Source\PSoC6/CapSense_Tuner.c ****     volatile CapSense_RAM_SNS_STRUCT *ptrSnsTmp;
 126:Generated_Source\PSoC6/CapSense_Tuner.c **** 
 127:Generated_Source\PSoC6/CapSense_Tuner.c ****     ptrDsRam = &CapSense_dsRam;
 128:Generated_Source\PSoC6/CapSense_Tuner.c **** 
 129:Generated_Source\PSoC6/CapSense_Tuner.c ****     do
 130:Generated_Source\PSoC6/CapSense_Tuner.c ****     {
 131:Generated_Source\PSoC6/CapSense_Tuner.c ****         /* ONE_SCAN command could be interpreted as two commands:
 132:Generated_Source\PSoC6/CapSense_Tuner.c ****         * RESUME till next call of this function and then
 133:Generated_Source\PSoC6/CapSense_Tuner.c ****         * SUSPEND till next command receiving.
 134:Generated_Source\PSoC6/CapSense_Tuner.c ****         */
 135:Generated_Source\PSoC6/CapSense_Tuner.c ****         if (TU_FSM_ONE_SCAN == tunerFsm)
  76              		.loc 1 135 0
  77 0006 3F4B     		ldr	r3, .L19
  78 0008 1B68     		ldr	r3, [r3]
  79 000a 032B     		cmp	r3, #3
  80 000c 06D1     		bne	.L5
 136:Generated_Source\PSoC6/CapSense_Tuner.c ****         {
 137:Generated_Source\PSoC6/CapSense_Tuner.c ****             interruptState = Cy_SysLib_EnterCriticalSection();
  81              		.loc 1 137 0
  82 000e FFF7FEFF 		bl	Cy_SysLib_EnterCriticalSection
  83              	.LVL3:
 138:Generated_Source\PSoC6/CapSense_Tuner.c ****             ptrDsRam->tunerCmd = (uint16)CapSense_TU_CMD_SUSPEND_E;
  84              		.loc 1 138 0
  85 0012 0122     		movs	r2, #1
  86 0014 3C4B     		ldr	r3, .L19+4
  87 0016 DA80     		strh	r2, [r3, #6]	@ movhi
 139:Generated_Source\PSoC6/CapSense_Tuner.c ****             Cy_SysLib_ExitCriticalSection(interruptState);
  88              		.loc 1 139 0
ARM GAS  C:\Users\User\AppData\Local\Temp\ccGV8wQz.s 			page 5


  89 0018 FFF7FEFF 		bl	Cy_SysLib_ExitCriticalSection
  90              	.LVL4:
  91              	.L5:
 140:Generated_Source\PSoC6/CapSense_Tuner.c ****         }
 141:Generated_Source\PSoC6/CapSense_Tuner.c ****         command = (CapSense_TU_CMD_ENUM)ptrDsRam->tunerCmd;
  92              		.loc 1 141 0
  93 001c 3A4B     		ldr	r3, .L19+4
  94 001e DC88     		ldrh	r4, [r3, #6]
  95 0020 E4B2     		uxtb	r4, r4
  96              	.LVL5:
 142:Generated_Source\PSoC6/CapSense_Tuner.c **** 
 143:Generated_Source\PSoC6/CapSense_Tuner.c ****         /* Check command register */
 144:Generated_Source\PSoC6/CapSense_Tuner.c ****         switch (command)
  97              		.loc 1 144 0
  98 0022 631E     		subs	r3, r4, #1
  99 0024 052B     		cmp	r3, #5
 100 0026 23D8     		bhi	.L6
 101 0028 DFE803F0 		tbb	[pc, r3]
 102              	.L8:
 103 002c 03       		.byte	(.L7-.L8)/2
 104 002d 07       		.byte	(.L9-.L8)/2
 105 002e 0C       		.byte	(.L10-.L8)/2
 106 002f 14       		.byte	(.L11-.L8)/2
 107 0030 19       		.byte	(.L12-.L8)/2
 108 0031 1E       		.byte	(.L13-.L8)/2
 109              		.p2align 1
 110              	.L7:
 145:Generated_Source\PSoC6/CapSense_Tuner.c ****         {
 146:Generated_Source\PSoC6/CapSense_Tuner.c ****         case CapSense_TU_CMD_SUSPEND_E:
 147:Generated_Source\PSoC6/CapSense_Tuner.c ****             tunerFsm = TU_FSM_SUSPENDED;
 111              		.loc 1 147 0
 112 0032 0125     		movs	r5, #1
 113              	.LVL6:
 114 0034 334B     		ldr	r3, .L19
 115 0036 1D60     		str	r5, [r3]
 116              	.LVL7:
 148:Generated_Source\PSoC6/CapSense_Tuner.c ****             updateFlag = 1Lu;
 149:Generated_Source\PSoC6/CapSense_Tuner.c ****             break;
 117              		.loc 1 149 0
 118 0038 1AE0     		b	.L6
 119              	.LVL8:
 120              	.L9:
 150:Generated_Source\PSoC6/CapSense_Tuner.c **** 
 151:Generated_Source\PSoC6/CapSense_Tuner.c ****         case CapSense_TU_CMD_RESUME_E:
 152:Generated_Source\PSoC6/CapSense_Tuner.c ****             tunerFsm = TU_FSM_RUNNING;
 121              		.loc 1 152 0
 122 003a 0022     		movs	r2, #0
 123 003c 314B     		ldr	r3, .L19
 124 003e 1A60     		str	r2, [r3]
 125              	.LVL9:
 153:Generated_Source\PSoC6/CapSense_Tuner.c ****             updateFlag = 1Lu;
 126              		.loc 1 153 0
 127 0040 0125     		movs	r5, #1
 154:Generated_Source\PSoC6/CapSense_Tuner.c ****             break;
 128              		.loc 1 154 0
 129 0042 15E0     		b	.L6
 130              	.LVL10:
ARM GAS  C:\Users\User\AppData\Local\Temp\ccGV8wQz.s 			page 6


 131              	.L10:
 155:Generated_Source\PSoC6/CapSense_Tuner.c **** 
 156:Generated_Source\PSoC6/CapSense_Tuner.c ****         case CapSense_TU_CMD_RESTART_E:
 157:Generated_Source\PSoC6/CapSense_Tuner.c ****             (void)CapSense_Start();
 132              		.loc 1 157 0
 133 0044 FFF7FEFF 		bl	CapSense_Start
 134              	.LVL11:
 158:Generated_Source\PSoC6/CapSense_Tuner.c ****             tunerStatus = CapSense_STATUS_RESTART_DONE;
 159:Generated_Source\PSoC6/CapSense_Tuner.c ****             tunerFsm = TU_FSM_RUNNING;
 135              		.loc 1 159 0
 136 0048 0022     		movs	r2, #0
 137 004a 2E4B     		ldr	r3, .L19
 138 004c 1A60     		str	r2, [r3]
 139              	.LVL12:
 158:Generated_Source\PSoC6/CapSense_Tuner.c ****             tunerStatus = CapSense_STATUS_RESTART_DONE;
 140              		.loc 1 158 0
 141 004e 0126     		movs	r6, #1
 160:Generated_Source\PSoC6/CapSense_Tuner.c ****             updateFlag = 1Lu;
 142              		.loc 1 160 0
 143 0050 3546     		mov	r5, r6
 161:Generated_Source\PSoC6/CapSense_Tuner.c ****             break;
 144              		.loc 1 161 0
 145 0052 0DE0     		b	.L6
 146              	.LVL13:
 147              	.L11:
 162:Generated_Source\PSoC6/CapSense_Tuner.c **** 
 163:Generated_Source\PSoC6/CapSense_Tuner.c ****         case CapSense_TU_CMD_RUN_SNR_TEST_E:
 164:Generated_Source\PSoC6/CapSense_Tuner.c ****             tunerFsm = TU_FSM_SNR_TEST;
 148              		.loc 1 164 0
 149 0054 0222     		movs	r2, #2
 150 0056 2B4B     		ldr	r3, .L19
 151 0058 1A60     		str	r2, [r3]
 152              	.LVL14:
 165:Generated_Source\PSoC6/CapSense_Tuner.c ****             updateFlag = 1Lu;
 153              		.loc 1 165 0
 154 005a 0125     		movs	r5, #1
 166:Generated_Source\PSoC6/CapSense_Tuner.c ****             break;
 155              		.loc 1 166 0
 156 005c 08E0     		b	.L6
 157              	.LVL15:
 158              	.L12:
 167:Generated_Source\PSoC6/CapSense_Tuner.c **** 
 168:Generated_Source\PSoC6/CapSense_Tuner.c ****         case CapSense_TU_CMD_PING_E:
 169:Generated_Source\PSoC6/CapSense_Tuner.c ****             tunerFsm = TU_FSM_RUNNING;
 159              		.loc 1 169 0
 160 005e 0022     		movs	r2, #0
 161 0060 284B     		ldr	r3, .L19
 162 0062 1A60     		str	r2, [r3]
 163              	.LVL16:
 170:Generated_Source\PSoC6/CapSense_Tuner.c ****             updateFlag = 1Lu;
 164              		.loc 1 170 0
 165 0064 0125     		movs	r5, #1
 171:Generated_Source\PSoC6/CapSense_Tuner.c ****             break;
 166              		.loc 1 171 0
 167 0066 03E0     		b	.L6
 168              	.LVL17:
 169              	.L13:
ARM GAS  C:\Users\User\AppData\Local\Temp\ccGV8wQz.s 			page 7


 172:Generated_Source\PSoC6/CapSense_Tuner.c **** 
 173:Generated_Source\PSoC6/CapSense_Tuner.c ****         case CapSense_TU_CMD_ONE_SCAN_E:
 174:Generated_Source\PSoC6/CapSense_Tuner.c ****             tunerFsm = TU_FSM_ONE_SCAN;
 170              		.loc 1 174 0
 171 0068 0322     		movs	r2, #3
 172 006a 264B     		ldr	r3, .L19
 173 006c 1A60     		str	r2, [r3]
 174              	.LVL18:
 175:Generated_Source\PSoC6/CapSense_Tuner.c ****             updateFlag = 0Lu;
 175              		.loc 1 175 0
 176 006e 0025     		movs	r5, #0
 177              	.LVL19:
 178              	.L6:
 176:Generated_Source\PSoC6/CapSense_Tuner.c ****             break;
 177:Generated_Source\PSoC6/CapSense_Tuner.c **** 
 178:Generated_Source\PSoC6/CapSense_Tuner.c ****         default:
 179:Generated_Source\PSoC6/CapSense_Tuner.c ****             break;
 180:Generated_Source\PSoC6/CapSense_Tuner.c ****         }
 181:Generated_Source\PSoC6/CapSense_Tuner.c **** 
 182:Generated_Source\PSoC6/CapSense_Tuner.c ****         /* Set Complete flag in command register if needed */
 183:Generated_Source\PSoC6/CapSense_Tuner.c ****         if (0Lu != updateFlag)
 179              		.loc 1 183 0
 180 0070 8DB1     		cbz	r5, .L14
 184:Generated_Source\PSoC6/CapSense_Tuner.c ****         {
 185:Generated_Source\PSoC6/CapSense_Tuner.c ****             interruptState = Cy_SysLib_EnterCriticalSection();
 181              		.loc 1 185 0
 182 0072 FFF7FEFF 		bl	Cy_SysLib_EnterCriticalSection
 183              	.LVL20:
 186:Generated_Source\PSoC6/CapSense_Tuner.c **** 
 187:Generated_Source\PSoC6/CapSense_Tuner.c ****             /* Check if command wasn't overwritten with new command */
 188:Generated_Source\PSoC6/CapSense_Tuner.c ****             if (command == (CapSense_TU_CMD_ENUM)ptrDsRam->tunerCmd)
 184              		.loc 1 188 0
 185 0076 244B     		ldr	r3, .L19+4
 186 0078 DB88     		ldrh	r3, [r3, #6]
 187 007a DBB2     		uxtb	r3, r3
 188 007c 9C42     		cmp	r4, r3
 189 007e 07D1     		bne	.L15
 189:Generated_Source\PSoC6/CapSense_Tuner.c ****             {
 190:Generated_Source\PSoC6/CapSense_Tuner.c ****                 ptrDsRam->tunerCmd |= CapSense_TU_CMD_COMPLETE_BIT;
 190              		.loc 1 190 0
 191 0080 214A     		ldr	r2, .L19+4
 192 0082 D388     		ldrh	r3, [r2, #6]
 193 0084 6FEA4343 		mvn	r3, r3, lsl #17
 194 0088 6FEA5343 		mvn	r3, r3, lsr #17
 195 008c 9BB2     		uxth	r3, r3
 196 008e D380     		strh	r3, [r2, #6]	@ movhi
 197              	.L15:
 191:Generated_Source\PSoC6/CapSense_Tuner.c ****             }
 192:Generated_Source\PSoC6/CapSense_Tuner.c ****             Cy_SysLib_ExitCriticalSection(interruptState);
 198              		.loc 1 192 0
 199 0090 FFF7FEFF 		bl	Cy_SysLib_ExitCriticalSection
 200              	.LVL21:
 193:Generated_Source\PSoC6/CapSense_Tuner.c **** 
 194:Generated_Source\PSoC6/CapSense_Tuner.c ****             updateFlag = 0Lu;
 201              		.loc 1 194 0
 202 0094 0025     		movs	r5, #0
 203              	.LVL22:
ARM GAS  C:\Users\User\AppData\Local\Temp\ccGV8wQz.s 			page 8


 204              	.L14:
 195:Generated_Source\PSoC6/CapSense_Tuner.c ****         }
 196:Generated_Source\PSoC6/CapSense_Tuner.c ****     } while (TU_FSM_SUSPENDED == tunerFsm);
 205              		.loc 1 196 0
 206 0096 1B4B     		ldr	r3, .L19
 207 0098 1B68     		ldr	r3, [r3]
 208 009a 012B     		cmp	r3, #1
 209 009c B3D0     		beq	.L16
 197:Generated_Source\PSoC6/CapSense_Tuner.c **** 
 198:Generated_Source\PSoC6/CapSense_Tuner.c ****     /* Check for SNR Test mode and do appropriate actions */
 199:Generated_Source\PSoC6/CapSense_Tuner.c ****     if (TU_FSM_SNR_TEST == tunerFsm)
 210              		.loc 1 199 0
 211 009e 022B     		cmp	r3, #2
 212 00a0 2ED1     		bne	.L17
 200:Generated_Source\PSoC6/CapSense_Tuner.c ****     {
 201:Generated_Source\PSoC6/CapSense_Tuner.c ****         widgetId = ptrDsRam->snrTestWidgetId;
 213              		.loc 1 201 0
 214 00a2 194A     		ldr	r2, .L19+4
 215 00a4 92F81631 		ldrb	r3, [r2, #278]	@ zero_extendqisi2
 216 00a8 DBB2     		uxtb	r3, r3
 217              	.LVL23:
 202:Generated_Source\PSoC6/CapSense_Tuner.c ****         sensorId = ptrDsRam->snrTestSensorId;
 218              		.loc 1 202 0
 219 00aa 92F81721 		ldrb	r2, [r2, #279]	@ zero_extendqisi2
 220 00ae D2B2     		uxtb	r2, r2
 221              	.LVL24:
 203:Generated_Source\PSoC6/CapSense_Tuner.c **** 
 204:Generated_Source\PSoC6/CapSense_Tuner.c ****         /* Check if widgetId and sensorId are in range,
 205:Generated_Source\PSoC6/CapSense_Tuner.c ****          * and data was updated in RAM (scan counter changed)
 206:Generated_Source\PSoC6/CapSense_Tuner.c ****          */
 207:Generated_Source\PSoC6/CapSense_Tuner.c ****         if ((widgetId < CapSense_TOTAL_WIDGETS)              &&
 222              		.loc 1 207 0
 223 00b0 092B     		cmp	r3, #9
 224 00b2 25D8     		bhi	.L17
 208:Generated_Source\PSoC6/CapSense_Tuner.c ****             (sensorId < CapSense_GET_SENSOR_COUNT(widgetId)) &&
 225              		.loc 1 208 0 discriminator 1
 226 00b4 C3EBC300 		rsb	r0, r3, r3, lsl #3
 227 00b8 8100     		lsls	r1, r0, #2
 228 00ba 1448     		ldr	r0, .L19+8
 229 00bc 0144     		add	r1, r1, r0
 230 00be 098B     		ldrh	r1, [r1, #24]
 207:Generated_Source\PSoC6/CapSense_Tuner.c ****             (sensorId < CapSense_GET_SENSOR_COUNT(widgetId)) &&
 231              		.loc 1 207 0 discriminator 1
 232 00c0 8A42     		cmp	r2, r1
 233 00c2 1DD2     		bcs	.L17
 209:Generated_Source\PSoC6/CapSense_Tuner.c ****             (ptrDsRam->scanCounter != ptrDsRam->snrTestScanCounter))
 234              		.loc 1 209 0
 235 00c4 1049     		ldr	r1, .L19+4
 236 00c6 0889     		ldrh	r0, [r1, #8]
 237 00c8 80B2     		uxth	r0, r0
 238 00ca B1F81811 		ldrh	r1, [r1, #280]
 239 00ce 89B2     		uxth	r1, r1
 208:Generated_Source\PSoC6/CapSense_Tuner.c ****             (sensorId < CapSense_GET_SENSOR_COUNT(widgetId)) &&
 240              		.loc 1 208 0
 241 00d0 8842     		cmp	r0, r1
 242 00d2 15D0     		beq	.L17
 210:Generated_Source\PSoC6/CapSense_Tuner.c ****         {
ARM GAS  C:\Users\User\AppData\Local\Temp\ccGV8wQz.s 			page 9


 211:Generated_Source\PSoC6/CapSense_Tuner.c ****             /* Get access to the Sensor Object */
 212:Generated_Source\PSoC6/CapSense_Tuner.c ****             ptrSnsTmp = CapSense_dsFlash.wdgtArray[widgetId].ptr2SnsRam;
 243              		.loc 1 212 0
 244 00d4 C3EBC303 		rsb	r3, r3, r3, lsl #3
 245              	.LVL25:
 246 00d8 9900     		lsls	r1, r3, #2
 247 00da 0C4B     		ldr	r3, .L19+8
 248 00dc 1944     		add	r1, r1, r3
 249 00de 8D68     		ldr	r5, [r1, #8]
 250              	.LVL26:
 213:Generated_Source\PSoC6/CapSense_Tuner.c ****             ptrSnsTmp += sensorId;
 251              		.loc 1 213 0
 252 00e0 02EB8202 		add	r2, r2, r2, lsl #2
 253              	.LVL27:
 254 00e4 5400     		lsls	r4, r2, #1
 255              	.LVL28:
 214:Generated_Source\PSoC6/CapSense_Tuner.c **** 
 215:Generated_Source\PSoC6/CapSense_Tuner.c ****             /* Update data in SNR Test Object */
 216:Generated_Source\PSoC6/CapSense_Tuner.c ****             interruptState = Cy_SysLib_EnterCriticalSection();
 256              		.loc 1 216 0
 257 00e6 FFF7FEFF 		bl	Cy_SysLib_EnterCriticalSection
 258              	.LVL29:
 217:Generated_Source\PSoC6/CapSense_Tuner.c ****             ptrDsRam->snrTestScanCounter = ptrDsRam->scanCounter;
 259              		.loc 1 217 0
 260 00ea 074B     		ldr	r3, .L19+4
 261 00ec 1A89     		ldrh	r2, [r3, #8]
 262 00ee 92B2     		uxth	r2, r2
 263 00f0 A3F81821 		strh	r2, [r3, #280]	@ movhi
 218:Generated_Source\PSoC6/CapSense_Tuner.c ****             ptrDsRam->snrTestRawCount[0u] = ptrSnsTmp->raw[0u];
 264              		.loc 1 218 0
 265 00f4 2A5B     		ldrh	r2, [r5, r4]
 266 00f6 92B2     		uxth	r2, r2
 267 00f8 A3F81A21 		strh	r2, [r3, #282]	@ movhi
 219:Generated_Source\PSoC6/CapSense_Tuner.c **** 
 220:Generated_Source\PSoC6/CapSense_Tuner.c ****             #if (0u != CapSense_MULTI_FREQ_SCAN_EN)
 221:Generated_Source\PSoC6/CapSense_Tuner.c ****                 ptrDsRam->snrTestRawCount[1u] = ptrSnsTmp->raw[1u];
 222:Generated_Source\PSoC6/CapSense_Tuner.c ****                 ptrDsRam->snrTestRawCount[2u] = ptrSnsTmp->raw[2u];
 223:Generated_Source\PSoC6/CapSense_Tuner.c ****             #endif
 224:Generated_Source\PSoC6/CapSense_Tuner.c **** 
 225:Generated_Source\PSoC6/CapSense_Tuner.c ****             Cy_SysLib_ExitCriticalSection(interruptState);
 268              		.loc 1 225 0
 269 00fc FFF7FEFF 		bl	Cy_SysLib_ExitCriticalSection
 270              	.LVL30:
 271              	.L17:
 226:Generated_Source\PSoC6/CapSense_Tuner.c ****         }
 227:Generated_Source\PSoC6/CapSense_Tuner.c ****     }
 228:Generated_Source\PSoC6/CapSense_Tuner.c ****     return tunerStatus;
 229:Generated_Source\PSoC6/CapSense_Tuner.c **** }
 272              		.loc 1 229 0
 273 0100 3046     		mov	r0, r6
 274 0102 70BD     		pop	{r4, r5, r6, pc}
 275              	.LVL31:
 276              	.L20:
 277              		.align	2
 278              	.L19:
 279 0104 00000000 		.word	.LANCHOR0
 280 0108 00000000 		.word	CapSense_dsRam
ARM GAS  C:\Users\User\AppData\Local\Temp\ccGV8wQz.s 			page 10


 281 010c 00000000 		.word	CapSense_dsFlash
 282              		.cfi_endproc
 283              	.LFE159:
 284              		.size	CapSense_RunTuner, .-CapSense_RunTuner
 285              		.bss
 286              		.align	2
 287              		.set	.LANCHOR0,. + 0
 288              		.type	tunerFsm, %object
 289              		.size	tunerFsm, 4
 290              	tunerFsm:
 291 0000 00000000 		.space	4
 292              		.text
 293              	.Letext0:
 294              		.file 2 "d:\\cypress creator\\psoc creator\\4.2\\psoc creator\\import\\gnu\\arm\\5.4.1\\arm-none-e
 295              		.file 3 "d:\\cypress creator\\psoc creator\\4.2\\psoc creator\\import\\gnu\\arm\\5.4.1\\arm-none-e
 296              		.file 4 "Generated_Source\\PSoC6\\pdl\\drivers/peripheral/syslib/cy_syslib.h"
 297              		.file 5 "Generated_Source\\PSoC6\\CapSense_Configuration.h"
 298              		.file 6 "Generated_Source\\PSoC6\\CapSense_Structure.h"
 299              		.file 7 "Generated_Source\\PSoC6\\CapSense_Tuner.h"
 300              		.file 8 "Generated_Source\\PSoC6\\pdl\\cmsis/include/core_cm4.h"
 301              		.file 9 "Generated_Source\\PSoC6\\CapSense_Control.h"
 302              		.section	.debug_info,"",%progbits
 303              	.Ldebug_info0:
 304 0000 0D070000 		.4byte	0x70d
 305 0004 0400     		.2byte	0x4
 306 0006 00000000 		.4byte	.Ldebug_abbrev0
 307 000a 04       		.byte	0x4
 308 000b 01       		.uleb128 0x1
 309 000c 47010000 		.4byte	.LASF108
 310 0010 0C       		.byte	0xc
 311 0011 78050000 		.4byte	.LASF109
 312 0015 1C040000 		.4byte	.LASF110
 313 0019 00000000 		.4byte	.Ldebug_ranges0+0
 314 001d 00000000 		.4byte	0
 315 0021 00000000 		.4byte	.Ldebug_line0
 316 0025 02       		.uleb128 0x2
 317 0026 01       		.byte	0x1
 318 0027 06       		.byte	0x6
 319 0028 AE030000 		.4byte	.LASF0
 320 002c 03       		.uleb128 0x3
 321 002d 12030000 		.4byte	.LASF3
 322 0031 02       		.byte	0x2
 323 0032 1D       		.byte	0x1d
 324 0033 37000000 		.4byte	0x37
 325 0037 02       		.uleb128 0x2
 326 0038 01       		.byte	0x1
 327 0039 08       		.byte	0x8
 328 003a 8F030000 		.4byte	.LASF1
 329 003e 02       		.uleb128 0x2
 330 003f 02       		.byte	0x2
 331 0040 05       		.byte	0x5
 332 0041 CF000000 		.4byte	.LASF2
 333 0045 03       		.uleb128 0x3
 334 0046 1D020000 		.4byte	.LASF4
 335 004a 02       		.byte	0x2
 336 004b 2B       		.byte	0x2b
 337 004c 50000000 		.4byte	0x50
ARM GAS  C:\Users\User\AppData\Local\Temp\ccGV8wQz.s 			page 11


 338 0050 02       		.uleb128 0x2
 339 0051 02       		.byte	0x2
 340 0052 07       		.byte	0x7
 341 0053 8D040000 		.4byte	.LASF5
 342 0057 03       		.uleb128 0x3
 343 0058 EB050000 		.4byte	.LASF6
 344 005c 02       		.byte	0x2
 345 005d 3F       		.byte	0x3f
 346 005e 62000000 		.4byte	0x62
 347 0062 02       		.uleb128 0x2
 348 0063 04       		.byte	0x4
 349 0064 05       		.byte	0x5
 350 0065 DA020000 		.4byte	.LASF7
 351 0069 03       		.uleb128 0x3
 352 006a 05020000 		.4byte	.LASF8
 353 006e 02       		.byte	0x2
 354 006f 41       		.byte	0x41
 355 0070 74000000 		.4byte	0x74
 356 0074 02       		.uleb128 0x2
 357 0075 04       		.byte	0x4
 358 0076 07       		.byte	0x7
 359 0077 4C050000 		.4byte	.LASF9
 360 007b 02       		.uleb128 0x2
 361 007c 08       		.byte	0x8
 362 007d 05       		.byte	0x5
 363 007e B0020000 		.4byte	.LASF10
 364 0082 02       		.uleb128 0x2
 365 0083 08       		.byte	0x8
 366 0084 07       		.byte	0x7
 367 0085 D7030000 		.4byte	.LASF11
 368 0089 04       		.uleb128 0x4
 369 008a 04       		.byte	0x4
 370 008b 05       		.byte	0x5
 371 008c 696E7400 		.ascii	"int\000"
 372 0090 02       		.uleb128 0x2
 373 0091 04       		.byte	0x4
 374 0092 07       		.byte	0x7
 375 0093 5A040000 		.4byte	.LASF12
 376 0097 03       		.uleb128 0x3
 377 0098 79020000 		.4byte	.LASF13
 378 009c 03       		.byte	0x3
 379 009d 18       		.byte	0x18
 380 009e 2C000000 		.4byte	0x2c
 381 00a2 03       		.uleb128 0x3
 382 00a3 67040000 		.4byte	.LASF14
 383 00a7 03       		.byte	0x3
 384 00a8 24       		.byte	0x24
 385 00a9 45000000 		.4byte	0x45
 386 00ad 03       		.uleb128 0x3
 387 00ae D5040000 		.4byte	.LASF15
 388 00b2 03       		.byte	0x3
 389 00b3 2C       		.byte	0x2c
 390 00b4 57000000 		.4byte	0x57
 391 00b8 03       		.uleb128 0x3
 392 00b9 06040000 		.4byte	.LASF16
 393 00bd 03       		.byte	0x3
 394 00be 30       		.byte	0x30
ARM GAS  C:\Users\User\AppData\Local\Temp\ccGV8wQz.s 			page 12


 395 00bf 69000000 		.4byte	0x69
 396 00c3 02       		.uleb128 0x2
 397 00c4 04       		.byte	0x4
 398 00c5 07       		.byte	0x7
 399 00c6 02010000 		.4byte	.LASF17
 400 00ca 02       		.uleb128 0x2
 401 00cb 01       		.byte	0x1
 402 00cc 08       		.byte	0x8
 403 00cd D5020000 		.4byte	.LASF18
 404 00d1 02       		.uleb128 0x2
 405 00d2 04       		.byte	0x4
 406 00d3 04       		.byte	0x4
 407 00d4 8E020000 		.4byte	.LASF19
 408 00d8 02       		.uleb128 0x2
 409 00d9 08       		.byte	0x8
 410 00da 04       		.byte	0x4
 411 00db 5E050000 		.4byte	.LASF20
 412 00df 05       		.uleb128 0x5
 413 00e0 81020000 		.4byte	.LASF21
 414 00e4 04       		.byte	0x4
 415 00e5 8503     		.2byte	0x385
 416 00e7 97000000 		.4byte	0x97
 417 00eb 05       		.uleb128 0x5
 418 00ec 50020000 		.4byte	.LASF22
 419 00f0 04       		.byte	0x4
 420 00f1 8603     		.2byte	0x386
 421 00f3 A2000000 		.4byte	0xa2
 422 00f7 05       		.uleb128 0x5
 423 00f8 45050000 		.4byte	.LASF23
 424 00fc 04       		.byte	0x4
 425 00fd 8703     		.2byte	0x387
 426 00ff B8000000 		.4byte	0xb8
 427 0103 03       		.uleb128 0x3
 428 0104 EC020000 		.4byte	.LASF24
 429 0108 05       		.byte	0x5
 430 0109 FC       		.byte	0xfc
 431 010a EB000000 		.4byte	0xeb
 432 010e 05       		.uleb128 0x5
 433 010f C8050000 		.4byte	.LASF25
 434 0113 05       		.byte	0x5
 435 0114 0001     		.2byte	0x100
 436 0116 DF000000 		.4byte	0xdf
 437 011a 06       		.uleb128 0x6
 438 011b DF000000 		.4byte	0xdf
 439 011f 2A010000 		.4byte	0x12a
 440 0123 07       		.uleb128 0x7
 441 0124 C3000000 		.4byte	0xc3
 442 0128 00       		.byte	0
 443 0129 00       		.byte	0
 444 012a 08       		.uleb128 0x8
 445 012b 0E       		.byte	0xe
 446 012c 06       		.byte	0x6
 447 012d CE       		.byte	0xce
 448 012e AD010000 		.4byte	0x1ad
 449 0132 09       		.uleb128 0x9
 450 0133 DD040000 		.4byte	.LASF26
 451 0137 06       		.byte	0x6
ARM GAS  C:\Users\User\AppData\Local\Temp\ccGV8wQz.s 			page 13


 452 0138 D4       		.byte	0xd4
 453 0139 EB000000 		.4byte	0xeb
 454 013d 00       		.byte	0
 455 013e 09       		.uleb128 0x9
 456 013f 2B030000 		.4byte	.LASF27
 457 0143 06       		.byte	0x6
 458 0144 D9       		.byte	0xd9
 459 0145 03010000 		.4byte	0x103
 460 0149 02       		.byte	0x2
 461 014a 09       		.uleb128 0x9
 462 014b 3F020000 		.4byte	.LASF28
 463 014f 06       		.byte	0x6
 464 0150 DE       		.byte	0xde
 465 0151 DF000000 		.4byte	0xdf
 466 0155 04       		.byte	0x4
 467 0156 09       		.uleb128 0x9
 468 0157 3E010000 		.4byte	.LASF29
 469 015b 06       		.byte	0x6
 470 015c E3       		.byte	0xe3
 471 015d DF000000 		.4byte	0xdf
 472 0161 05       		.byte	0x5
 473 0162 09       		.uleb128 0x9
 474 0163 3C030000 		.4byte	.LASF30
 475 0167 06       		.byte	0x6
 476 0168 E8       		.byte	0xe8
 477 0169 DF000000 		.4byte	0xdf
 478 016d 06       		.byte	0x6
 479 016e 09       		.uleb128 0x9
 480 016f F7000000 		.4byte	.LASF31
 481 0173 06       		.byte	0x6
 482 0174 ED       		.byte	0xed
 483 0175 DF000000 		.4byte	0xdf
 484 0179 07       		.byte	0x7
 485 017a 09       		.uleb128 0x9
 486 017b 87000000 		.4byte	.LASF32
 487 017f 06       		.byte	0x6
 488 0180 F4       		.byte	0xf4
 489 0181 0E010000 		.4byte	0x10e
 490 0185 08       		.byte	0x8
 491 0186 09       		.uleb128 0x9
 492 0187 BE000000 		.4byte	.LASF33
 493 018b 06       		.byte	0x6
 494 018c FC       		.byte	0xfc
 495 018d 1A010000 		.4byte	0x11a
 496 0191 09       		.byte	0x9
 497 0192 0A       		.uleb128 0xa
 498 0193 87020000 		.4byte	.LASF34
 499 0197 06       		.byte	0x6
 500 0198 0501     		.2byte	0x105
 501 019a EB000000 		.4byte	0xeb
 502 019e 0A       		.byte	0xa
 503 019f 0A       		.uleb128 0xa
 504 01a0 10020000 		.4byte	.LASF35
 505 01a4 06       		.byte	0x6
 506 01a5 0A01     		.2byte	0x10a
 507 01a7 DF000000 		.4byte	0xdf
 508 01ab 0C       		.byte	0xc
ARM GAS  C:\Users\User\AppData\Local\Temp\ccGV8wQz.s 			page 14


 509 01ac 00       		.byte	0
 510 01ad 05       		.uleb128 0x5
 511 01ae D9000000 		.4byte	.LASF36
 512 01b2 06       		.byte	0x6
 513 01b3 0B01     		.2byte	0x10b
 514 01b5 2A010000 		.4byte	0x12a
 515 01b9 0B       		.uleb128 0xb
 516 01ba 8C       		.byte	0x8c
 517 01bb 06       		.byte	0x6
 518 01bc 1101     		.2byte	0x111
 519 01be 45020000 		.4byte	0x245
 520 01c2 0A       		.uleb128 0xa
 521 01c3 0E060000 		.4byte	.LASF37
 522 01c7 06       		.byte	0x6
 523 01c8 1601     		.2byte	0x116
 524 01ca AD010000 		.4byte	0x1ad
 525 01ce 00       		.byte	0
 526 01cf 0A       		.uleb128 0xa
 527 01d0 16060000 		.4byte	.LASF38
 528 01d4 06       		.byte	0x6
 529 01d5 1B01     		.2byte	0x11b
 530 01d7 AD010000 		.4byte	0x1ad
 531 01db 0E       		.byte	0xe
 532 01dc 0A       		.uleb128 0xa
 533 01dd 1E060000 		.4byte	.LASF39
 534 01e1 06       		.byte	0x6
 535 01e2 2001     		.2byte	0x120
 536 01e4 AD010000 		.4byte	0x1ad
 537 01e8 1C       		.byte	0x1c
 538 01e9 0A       		.uleb128 0xa
 539 01ea 26060000 		.4byte	.LASF40
 540 01ee 06       		.byte	0x6
 541 01ef 2501     		.2byte	0x125
 542 01f1 AD010000 		.4byte	0x1ad
 543 01f5 2A       		.byte	0x2a
 544 01f6 0A       		.uleb128 0xa
 545 01f7 2E060000 		.4byte	.LASF41
 546 01fb 06       		.byte	0x6
 547 01fc 2A01     		.2byte	0x12a
 548 01fe AD010000 		.4byte	0x1ad
 549 0202 38       		.byte	0x38
 550 0203 0A       		.uleb128 0xa
 551 0204 36060000 		.4byte	.LASF42
 552 0208 06       		.byte	0x6
 553 0209 2F01     		.2byte	0x12f
 554 020b AD010000 		.4byte	0x1ad
 555 020f 46       		.byte	0x46
 556 0210 0A       		.uleb128 0xa
 557 0211 3E060000 		.4byte	.LASF43
 558 0215 06       		.byte	0x6
 559 0216 3401     		.2byte	0x134
 560 0218 AD010000 		.4byte	0x1ad
 561 021c 54       		.byte	0x54
 562 021d 0A       		.uleb128 0xa
 563 021e 46060000 		.4byte	.LASF44
 564 0222 06       		.byte	0x6
 565 0223 3901     		.2byte	0x139
ARM GAS  C:\Users\User\AppData\Local\Temp\ccGV8wQz.s 			page 15


 566 0225 AD010000 		.4byte	0x1ad
 567 0229 62       		.byte	0x62
 568 022a 0A       		.uleb128 0xa
 569 022b 4E060000 		.4byte	.LASF45
 570 022f 06       		.byte	0x6
 571 0230 3E01     		.2byte	0x13e
 572 0232 AD010000 		.4byte	0x1ad
 573 0236 70       		.byte	0x70
 574 0237 0A       		.uleb128 0xa
 575 0238 56060000 		.4byte	.LASF46
 576 023c 06       		.byte	0x6
 577 023d 4301     		.2byte	0x143
 578 023f AD010000 		.4byte	0x1ad
 579 0243 7E       		.byte	0x7e
 580 0244 00       		.byte	0
 581 0245 05       		.uleb128 0x5
 582 0246 94020000 		.4byte	.LASF47
 583 024a 06       		.byte	0x6
 584 024b 4401     		.2byte	0x144
 585 024d B9010000 		.4byte	0x1b9
 586 0251 0B       		.uleb128 0xb
 587 0252 0A       		.byte	0xa
 588 0253 06       		.byte	0x6
 589 0254 4A01     		.2byte	0x14a
 590 0256 9C020000 		.4byte	0x29c
 591 025a 0C       		.uleb128 0xc
 592 025b 72617700 		.ascii	"raw\000"
 593 025f 06       		.byte	0x6
 594 0260 4F01     		.2byte	0x14f
 595 0262 9C020000 		.4byte	0x29c
 596 0266 00       		.byte	0
 597 0267 0A       		.uleb128 0xa
 598 0268 64000000 		.4byte	.LASF48
 599 026c 06       		.byte	0x6
 600 026d 5401     		.2byte	0x154
 601 026f 9C020000 		.4byte	0x29c
 602 0273 02       		.byte	0x2
 603 0274 0A       		.uleb128 0xa
 604 0275 70050000 		.4byte	.LASF49
 605 0279 06       		.byte	0x6
 606 027a 5A01     		.2byte	0x15a
 607 027c 1A010000 		.4byte	0x11a
 608 0280 04       		.byte	0x4
 609 0281 0A       		.uleb128 0xa
 610 0282 92000000 		.4byte	.LASF50
 611 0286 06       		.byte	0x6
 612 0287 5F01     		.2byte	0x15f
 613 0289 03010000 		.4byte	0x103
 614 028d 06       		.byte	0x6
 615 028e 0A       		.uleb128 0xa
 616 028f 04030000 		.4byte	.LASF51
 617 0293 06       		.byte	0x6
 618 0294 6401     		.2byte	0x164
 619 0296 AC020000 		.4byte	0x2ac
 620 029a 08       		.byte	0x8
 621 029b 00       		.byte	0
 622 029c 06       		.uleb128 0x6
ARM GAS  C:\Users\User\AppData\Local\Temp\ccGV8wQz.s 			page 16


 623 029d EB000000 		.4byte	0xeb
 624 02a1 AC020000 		.4byte	0x2ac
 625 02a5 07       		.uleb128 0x7
 626 02a6 C3000000 		.4byte	0xc3
 627 02aa 00       		.byte	0
 628 02ab 00       		.byte	0
 629 02ac 06       		.uleb128 0x6
 630 02ad 0E010000 		.4byte	0x10e
 631 02b1 BC020000 		.4byte	0x2bc
 632 02b5 07       		.uleb128 0x7
 633 02b6 C3000000 		.4byte	0xc3
 634 02ba 00       		.byte	0
 635 02bb 00       		.byte	0
 636 02bc 05       		.uleb128 0x5
 637 02bd EE030000 		.4byte	.LASF52
 638 02c1 06       		.byte	0x6
 639 02c2 6501     		.2byte	0x165
 640 02c4 51020000 		.4byte	0x251
 641 02c8 0B       		.uleb128 0xb
 642 02c9 64       		.byte	0x64
 643 02ca 06       		.byte	0x6
 644 02cb 6B01     		.2byte	0x16b
 645 02cd 54030000 		.4byte	0x354
 646 02d1 0A       		.uleb128 0xa
 647 02d2 0E060000 		.4byte	.LASF37
 648 02d6 06       		.byte	0x6
 649 02d7 7001     		.2byte	0x170
 650 02d9 54030000 		.4byte	0x354
 651 02dd 00       		.byte	0
 652 02de 0A       		.uleb128 0xa
 653 02df 16060000 		.4byte	.LASF38
 654 02e3 06       		.byte	0x6
 655 02e4 7501     		.2byte	0x175
 656 02e6 54030000 		.4byte	0x354
 657 02ea 0A       		.byte	0xa
 658 02eb 0A       		.uleb128 0xa
 659 02ec 1E060000 		.4byte	.LASF39
 660 02f0 06       		.byte	0x6
 661 02f1 7A01     		.2byte	0x17a
 662 02f3 54030000 		.4byte	0x354
 663 02f7 14       		.byte	0x14
 664 02f8 0A       		.uleb128 0xa
 665 02f9 26060000 		.4byte	.LASF40
 666 02fd 06       		.byte	0x6
 667 02fe 7F01     		.2byte	0x17f
 668 0300 54030000 		.4byte	0x354
 669 0304 1E       		.byte	0x1e
 670 0305 0A       		.uleb128 0xa
 671 0306 2E060000 		.4byte	.LASF41
 672 030a 06       		.byte	0x6
 673 030b 8401     		.2byte	0x184
 674 030d 54030000 		.4byte	0x354
 675 0311 28       		.byte	0x28
 676 0312 0A       		.uleb128 0xa
 677 0313 36060000 		.4byte	.LASF42
 678 0317 06       		.byte	0x6
 679 0318 8901     		.2byte	0x189
ARM GAS  C:\Users\User\AppData\Local\Temp\ccGV8wQz.s 			page 17


 680 031a 54030000 		.4byte	0x354
 681 031e 32       		.byte	0x32
 682 031f 0A       		.uleb128 0xa
 683 0320 3E060000 		.4byte	.LASF43
 684 0324 06       		.byte	0x6
 685 0325 8E01     		.2byte	0x18e
 686 0327 54030000 		.4byte	0x354
 687 032b 3C       		.byte	0x3c
 688 032c 0A       		.uleb128 0xa
 689 032d 46060000 		.4byte	.LASF44
 690 0331 06       		.byte	0x6
 691 0332 9301     		.2byte	0x193
 692 0334 54030000 		.4byte	0x354
 693 0338 46       		.byte	0x46
 694 0339 0A       		.uleb128 0xa
 695 033a 4E060000 		.4byte	.LASF45
 696 033e 06       		.byte	0x6
 697 033f 9801     		.2byte	0x198
 698 0341 54030000 		.4byte	0x354
 699 0345 50       		.byte	0x50
 700 0346 0A       		.uleb128 0xa
 701 0347 56060000 		.4byte	.LASF46
 702 034b 06       		.byte	0x6
 703 034c 9D01     		.2byte	0x19d
 704 034e 54030000 		.4byte	0x354
 705 0352 5A       		.byte	0x5a
 706 0353 00       		.byte	0
 707 0354 06       		.uleb128 0x6
 708 0355 BC020000 		.4byte	0x2bc
 709 0359 64030000 		.4byte	0x364
 710 035d 07       		.uleb128 0x7
 711 035e C3000000 		.4byte	0xc3
 712 0362 00       		.byte	0
 713 0363 00       		.byte	0
 714 0364 05       		.uleb128 0x5
 715 0365 BA030000 		.4byte	.LASF53
 716 0369 06       		.byte	0x6
 717 036a 9E01     		.2byte	0x19e
 718 036c C8020000 		.4byte	0x2c8
 719 0370 0D       		.uleb128 0xd
 720 0371 1C01     		.2byte	0x11c
 721 0373 06       		.byte	0x6
 722 0374 A401     		.2byte	0x1a4
 723 0376 5C040000 		.4byte	0x45c
 724 037a 0A       		.uleb128 0xa
 725 037b A0040000 		.4byte	.LASF54
 726 037f 06       		.byte	0x6
 727 0380 AC01     		.2byte	0x1ac
 728 0382 EB000000 		.4byte	0xeb
 729 0386 00       		.byte	0
 730 0387 0A       		.uleb128 0xa
 731 0388 47020000 		.4byte	.LASF55
 732 038c 06       		.byte	0x6
 733 038d B101     		.2byte	0x1b1
 734 038f EB000000 		.4byte	0xeb
 735 0393 02       		.byte	0x2
 736 0394 0A       		.uleb128 0xa
ARM GAS  C:\Users\User\AppData\Local\Temp\ccGV8wQz.s 			page 18


 737 0395 E3050000 		.4byte	.LASF56
 738 0399 06       		.byte	0x6
 739 039a B601     		.2byte	0x1b6
 740 039c EB000000 		.4byte	0xeb
 741 03a0 04       		.byte	0x4
 742 03a1 0A       		.uleb128 0xa
 743 03a2 65030000 		.4byte	.LASF57
 744 03a6 06       		.byte	0x6
 745 03a7 BC01     		.2byte	0x1bc
 746 03a9 EB000000 		.4byte	0xeb
 747 03ad 06       		.byte	0x6
 748 03ae 0A       		.uleb128 0xa
 749 03af 0A050000 		.4byte	.LASF58
 750 03b3 06       		.byte	0x6
 751 03b4 C101     		.2byte	0x1c1
 752 03b6 EB000000 		.4byte	0xeb
 753 03ba 08       		.byte	0x8
 754 03bb 0A       		.uleb128 0xa
 755 03bc 86040000 		.4byte	.LASF59
 756 03c0 06       		.byte	0x6
 757 03c1 C601     		.2byte	0x1c6
 758 03c3 5C040000 		.4byte	0x45c
 759 03c7 0C       		.byte	0xc
 760 03c8 0A       		.uleb128 0xa
 761 03c9 7B040000 		.4byte	.LASF60
 762 03cd 06       		.byte	0x6
 763 03ce CC01     		.2byte	0x1cc
 764 03d0 61040000 		.4byte	0x461
 765 03d4 10       		.byte	0x10
 766 03d5 0A       		.uleb128 0xa
 767 03d6 7A030000 		.4byte	.LASF61
 768 03da 06       		.byte	0x6
 769 03db D201     		.2byte	0x1d2
 770 03dd 61040000 		.4byte	0x461
 771 03e1 14       		.byte	0x14
 772 03e2 0A       		.uleb128 0xa
 773 03e3 B8060000 		.4byte	.LASF62
 774 03e7 06       		.byte	0x6
 775 03e8 E401     		.2byte	0x1e4
 776 03ea 71040000 		.4byte	0x471
 777 03ee 18       		.byte	0x18
 778 03ef 0A       		.uleb128 0xa
 779 03f0 FA010000 		.4byte	.LASF63
 780 03f4 06       		.byte	0x6
 781 03f5 E901     		.2byte	0x1e9
 782 03f7 EB000000 		.4byte	0xeb
 783 03fb 22       		.byte	0x22
 784 03fc 0A       		.uleb128 0xa
 785 03fd 00050000 		.4byte	.LASF64
 786 0401 06       		.byte	0x6
 787 0402 EE01     		.2byte	0x1ee
 788 0404 DF000000 		.4byte	0xdf
 789 0408 24       		.byte	0x24
 790 0409 0A       		.uleb128 0xa
 791 040a 35000000 		.4byte	.LASF65
 792 040e 06       		.byte	0x6
 793 040f F301     		.2byte	0x1f3
ARM GAS  C:\Users\User\AppData\Local\Temp\ccGV8wQz.s 			page 19


 794 0411 45020000 		.4byte	0x245
 795 0415 26       		.byte	0x26
 796 0416 0A       		.uleb128 0xa
 797 0417 F8040000 		.4byte	.LASF66
 798 041b 06       		.byte	0x6
 799 041c F801     		.2byte	0x1f8
 800 041e 64030000 		.4byte	0x364
 801 0422 B2       		.byte	0xb2
 802 0423 0E       		.uleb128 0xe
 803 0424 78060000 		.4byte	.LASF67
 804 0428 06       		.byte	0x6
 805 0429 FD01     		.2byte	0x1fd
 806 042b DF000000 		.4byte	0xdf
 807 042f 1601     		.2byte	0x116
 808 0431 0E       		.uleb128 0xe
 809 0432 B2040000 		.4byte	.LASF68
 810 0436 06       		.byte	0x6
 811 0437 0202     		.2byte	0x202
 812 0439 DF000000 		.4byte	0xdf
 813 043d 1701     		.2byte	0x117
 814 043f 0E       		.uleb128 0xe
 815 0440 C2040000 		.4byte	.LASF69
 816 0444 06       		.byte	0x6
 817 0445 0702     		.2byte	0x207
 818 0447 EB000000 		.4byte	0xeb
 819 044b 1801     		.2byte	0x118
 820 044d 0E       		.uleb128 0xe
 821 044e 3E000000 		.4byte	.LASF70
 822 0452 06       		.byte	0x6
 823 0453 0C02     		.2byte	0x20c
 824 0455 9C020000 		.4byte	0x29c
 825 0459 1A01     		.2byte	0x11a
 826 045b 00       		.byte	0
 827 045c 0F       		.uleb128 0xf
 828 045d F7000000 		.4byte	0xf7
 829 0461 06       		.uleb128 0x6
 830 0462 F7000000 		.4byte	0xf7
 831 0466 71040000 		.4byte	0x471
 832 046a 07       		.uleb128 0x7
 833 046b C3000000 		.4byte	0xc3
 834 046f 00       		.byte	0
 835 0470 00       		.byte	0
 836 0471 06       		.uleb128 0x6
 837 0472 DF000000 		.4byte	0xdf
 838 0476 81040000 		.4byte	0x481
 839 047a 07       		.uleb128 0x7
 840 047b C3000000 		.4byte	0xc3
 841 047f 09       		.byte	0x9
 842 0480 00       		.byte	0
 843 0481 05       		.uleb128 0x5
 844 0482 31050000 		.4byte	.LASF71
 845 0486 06       		.byte	0x6
 846 0487 0D02     		.2byte	0x20d
 847 0489 70030000 		.4byte	0x370
 848 048d 0B       		.uleb128 0xb
 849 048e 1C       		.byte	0x1c
 850 048f 06       		.byte	0x6
ARM GAS  C:\Users\User\AppData\Local\Temp\ccGV8wQz.s 			page 20


 851 0490 4B02     		.2byte	0x24b
 852 0492 0C050000 		.4byte	0x50c
 853 0496 0A       		.uleb128 0xa
 854 0497 AB060000 		.4byte	.LASF72
 855 049b 06       		.byte	0x6
 856 049c 5402     		.2byte	0x254
 857 049e 0C050000 		.4byte	0x50c
 858 04a2 00       		.byte	0
 859 04a3 0A       		.uleb128 0xa
 860 04a4 16050000 		.4byte	.LASF73
 861 04a8 06       		.byte	0x6
 862 04a9 5B02     		.2byte	0x25b
 863 04ab 13050000 		.4byte	0x513
 864 04af 04       		.byte	0x4
 865 04b0 0A       		.uleb128 0xa
 866 04b1 65050000 		.4byte	.LASF74
 867 04b5 06       		.byte	0x6
 868 04b6 6102     		.2byte	0x261
 869 04b8 15050000 		.4byte	0x515
 870 04bc 08       		.byte	0x8
 871 04bd 0A       		.uleb128 0xa
 872 04be E8040000 		.4byte	.LASF75
 873 04c2 06       		.byte	0x6
 874 04c3 6602     		.2byte	0x266
 875 04c5 13050000 		.4byte	0x513
 876 04c9 0C       		.byte	0xc
 877 04ca 0A       		.uleb128 0xa
 878 04cb 69020000 		.4byte	.LASF76
 879 04cf 06       		.byte	0x6
 880 04d0 6D02     		.2byte	0x26d
 881 04d2 1B050000 		.4byte	0x51b
 882 04d6 10       		.byte	0x10
 883 04d7 0A       		.uleb128 0xa
 884 04d8 0F040000 		.4byte	.LASF77
 885 04dc 06       		.byte	0x6
 886 04dd 7202     		.2byte	0x272
 887 04df F7000000 		.4byte	0xf7
 888 04e3 14       		.byte	0x14
 889 04e4 0A       		.uleb128 0xa
 890 04e5 97000000 		.4byte	.LASF78
 891 04e9 06       		.byte	0x6
 892 04ea 7902     		.2byte	0x279
 893 04ec EB000000 		.4byte	0xeb
 894 04f0 18       		.byte	0x18
 895 04f1 0A       		.uleb128 0xa
 896 04f2 E3020000 		.4byte	.LASF79
 897 04f6 06       		.byte	0x6
 898 04f7 8402     		.2byte	0x284
 899 04f9 DF000000 		.4byte	0xdf
 900 04fd 1A       		.byte	0x1a
 901 04fe 0A       		.uleb128 0xa
 902 04ff 34030000 		.4byte	.LASF80
 903 0503 06       		.byte	0x6
 904 0504 8C02     		.2byte	0x28c
 905 0506 DF000000 		.4byte	0xdf
 906 050a 1B       		.byte	0x1b
 907 050b 00       		.byte	0
ARM GAS  C:\Users\User\AppData\Local\Temp\ccGV8wQz.s 			page 21


 908 050c 10       		.uleb128 0x10
 909 050d 04       		.byte	0x4
 910 050e 12050000 		.4byte	0x512
 911 0512 11       		.uleb128 0x11
 912 0513 12       		.uleb128 0x12
 913 0514 04       		.byte	0x4
 914 0515 10       		.uleb128 0x10
 915 0516 04       		.byte	0x4
 916 0517 BC020000 		.4byte	0x2bc
 917 051b 10       		.uleb128 0x10
 918 051c 04       		.byte	0x4
 919 051d DF000000 		.4byte	0xdf
 920 0521 05       		.uleb128 0x5
 921 0522 25010000 		.4byte	.LASF81
 922 0526 06       		.byte	0x6
 923 0527 8D02     		.2byte	0x28d
 924 0529 8D040000 		.4byte	0x48d
 925 052d 0D       		.uleb128 0xd
 926 052e 1801     		.2byte	0x118
 927 0530 06       		.byte	0x6
 928 0531 9302     		.2byte	0x293
 929 0533 45050000 		.4byte	0x545
 930 0537 0A       		.uleb128 0xa
 931 0538 95060000 		.4byte	.LASF82
 932 053c 06       		.byte	0x6
 933 053d 9802     		.2byte	0x298
 934 053f 45050000 		.4byte	0x545
 935 0543 00       		.byte	0
 936 0544 00       		.byte	0
 937 0545 06       		.uleb128 0x6
 938 0546 21050000 		.4byte	0x521
 939 054a 55050000 		.4byte	0x555
 940 054e 07       		.uleb128 0x7
 941 054f C3000000 		.4byte	0xc3
 942 0553 09       		.byte	0x9
 943 0554 00       		.byte	0
 944 0555 05       		.uleb128 0x5
 945 0556 1F000000 		.4byte	.LASF83
 946 055a 06       		.byte	0x6
 947 055b 9902     		.2byte	0x299
 948 055d 2D050000 		.4byte	0x52d
 949 0561 13       		.uleb128 0x13
 950 0562 01       		.byte	0x1
 951 0563 37000000 		.4byte	0x37
 952 0567 07       		.byte	0x7
 953 0568 2E       		.byte	0x2e
 954 0569 98050000 		.4byte	0x598
 955 056d 14       		.uleb128 0x14
 956 056e 28020000 		.4byte	.LASF84
 957 0572 00       		.byte	0
 958 0573 14       		.uleb128 0x14
 959 0574 5E060000 		.4byte	.LASF85
 960 0578 01       		.byte	0x1
 961 0579 14       		.uleb128 0x14
 962 057a F5050000 		.4byte	.LASF86
 963 057e 02       		.byte	0x2
 964 057f 14       		.uleb128 0x14
ARM GAS  C:\Users\User\AppData\Local\Temp\ccGV8wQz.s 			page 22


 965 0580 0B010000 		.4byte	.LASF87
 966 0584 03       		.byte	0x3
 967 0585 14       		.uleb128 0x14
 968 0586 A0050000 		.4byte	.LASF88
 969 058a 04       		.byte	0x4
 970 058b 14       		.uleb128 0x14
 971 058c BE020000 		.4byte	.LASF89
 972 0590 05       		.byte	0x5
 973 0591 14       		.uleb128 0x14
 974 0592 A3000000 		.4byte	.LASF90
 975 0596 06       		.byte	0x6
 976 0597 00       		.byte	0
 977 0598 03       		.uleb128 0x3
 978 0599 72000000 		.4byte	.LASF91
 979 059d 07       		.byte	0x7
 980 059e 36       		.byte	0x36
 981 059f 61050000 		.4byte	0x561
 982 05a3 02       		.uleb128 0x2
 983 05a4 08       		.byte	0x8
 984 05a5 04       		.byte	0x4
 985 05a6 6E030000 		.4byte	.LASF92
 986 05aa 15       		.uleb128 0x15
 987 05ab 4E000000 		.4byte	.LASF111
 988 05af 01       		.byte	0x1
 989 05b0 44       		.byte	0x44
 990 05b1 00000000 		.4byte	.LFB158
 991 05b5 14000000 		.4byte	.LFE158-.LFB158
 992 05b9 01       		.uleb128 0x1
 993 05ba 9C       		.byte	0x9c
 994 05bb CB050000 		.4byte	0x5cb
 995 05bf 16       		.uleb128 0x16
 996 05c0 BF050000 		.4byte	.LASF99
 997 05c4 01       		.byte	0x1
 998 05c5 46       		.byte	0x46
 999 05c6 CB050000 		.4byte	0x5cb
 1000 05ca 00       		.byte	0
 1001 05cb 10       		.uleb128 0x10
 1002 05cc 04       		.byte	0x4
 1003 05cd D1050000 		.4byte	0x5d1
 1004 05d1 0F       		.uleb128 0xf
 1005 05d2 81040000 		.4byte	0x481
 1006 05d6 17       		.uleb128 0x17
 1007 05d7 57020000 		.4byte	.LASF112
 1008 05db 01       		.byte	0x1
 1009 05dc 73       		.byte	0x73
 1010 05dd F7000000 		.4byte	0xf7
 1011 05e1 00000000 		.4byte	.LFB159
 1012 05e5 10010000 		.4byte	.LFE159-.LFB159
 1013 05e9 01       		.uleb128 0x1
 1014 05ea 9C       		.byte	0x9c
 1015 05eb A3060000 		.4byte	0x6a3
 1016 05ef 18       		.uleb128 0x18
 1017 05f0 22050000 		.4byte	.LASF93
 1018 05f4 01       		.byte	0x1
 1019 05f5 75       		.byte	0x75
 1020 05f6 F7000000 		.4byte	0xf7
 1021 05fa 00000000 		.4byte	.LLST0
ARM GAS  C:\Users\User\AppData\Local\Temp\ccGV8wQz.s 			page 23


 1022 05fe 18       		.uleb128 0x18
 1023 05ff A9040000 		.4byte	.LASF94
 1024 0603 01       		.byte	0x1
 1025 0604 76       		.byte	0x76
 1026 0605 F7000000 		.4byte	0xf7
 1027 0609 29000000 		.4byte	.LLST1
 1028 060d 18       		.uleb128 0x18
 1029 060e 69000000 		.4byte	.LASF95
 1030 0612 01       		.byte	0x1
 1031 0613 77       		.byte	0x77
 1032 0614 F7000000 		.4byte	0xf7
 1033 0618 3C000000 		.4byte	.LLST2
 1034 061c 18       		.uleb128 0x18
 1035 061d 70040000 		.4byte	.LASF96
 1036 0621 01       		.byte	0x1
 1037 0622 78       		.byte	0x78
 1038 0623 F7000000 		.4byte	0xf7
 1039 0627 4F000000 		.4byte	.LLST3
 1040 062b 18       		.uleb128 0x18
 1041 062c C2060000 		.4byte	.LASF97
 1042 0630 01       		.byte	0x1
 1043 0631 79       		.byte	0x79
 1044 0632 98050000 		.4byte	0x598
 1045 0636 0F010000 		.4byte	.LLST4
 1046 063a 18       		.uleb128 0x18
 1047 063b 9F060000 		.4byte	.LASF98
 1048 063f 01       		.byte	0x1
 1049 0640 7A       		.byte	0x7a
 1050 0641 F7000000 		.4byte	0xf7
 1051 0645 22010000 		.4byte	.LLST5
 1052 0649 16       		.uleb128 0x16
 1053 064a BF050000 		.4byte	.LASF99
 1054 064e 01       		.byte	0x1
 1055 064f 7C       		.byte	0x7c
 1056 0650 CB050000 		.4byte	0x5cb
 1057 0654 18       		.uleb128 0x18
 1058 0655 85030000 		.4byte	.LASF100
 1059 0659 01       		.byte	0x1
 1060 065a 7D       		.byte	0x7d
 1061 065b A3060000 		.4byte	0x6a3
 1062 065f 63010000 		.4byte	.LLST6
 1063 0663 19       		.uleb128 0x19
 1064 0664 12000000 		.4byte	.LVL3
 1065 0668 ED060000 		.4byte	0x6ed
 1066 066c 19       		.uleb128 0x19
 1067 066d 1C000000 		.4byte	.LVL4
 1068 0671 F9060000 		.4byte	0x6f9
 1069 0675 19       		.uleb128 0x19
 1070 0676 48000000 		.4byte	.LVL11
 1071 067a 05070000 		.4byte	0x705
 1072 067e 19       		.uleb128 0x19
 1073 067f 76000000 		.4byte	.LVL20
 1074 0683 ED060000 		.4byte	0x6ed
 1075 0687 19       		.uleb128 0x19
 1076 0688 94000000 		.4byte	.LVL21
 1077 068c F9060000 		.4byte	0x6f9
 1078 0690 19       		.uleb128 0x19
ARM GAS  C:\Users\User\AppData\Local\Temp\ccGV8wQz.s 			page 24


 1079 0691 EA000000 		.4byte	.LVL29
 1080 0695 ED060000 		.4byte	0x6ed
 1081 0699 19       		.uleb128 0x19
 1082 069a 00010000 		.4byte	.LVL30
 1083 069e F9060000 		.4byte	0x6f9
 1084 06a2 00       		.byte	0
 1085 06a3 10       		.uleb128 0x10
 1086 06a4 04       		.byte	0x4
 1087 06a5 A9060000 		.4byte	0x6a9
 1088 06a9 0F       		.uleb128 0xf
 1089 06aa BC020000 		.4byte	0x2bc
 1090 06ae 1A       		.uleb128 0x1a
 1091 06af C6000000 		.4byte	.LASF101
 1092 06b3 01       		.byte	0x1
 1093 06b4 35       		.byte	0x35
 1094 06b5 F7000000 		.4byte	0xf7
 1095 06b9 05       		.uleb128 0x5
 1096 06ba 03       		.byte	0x3
 1097 06bb 00000000 		.4byte	tunerFsm
 1098 06bf 1B       		.uleb128 0x1b
 1099 06c0 88060000 		.4byte	.LASF102
 1100 06c4 08       		.byte	0x8
 1101 06c5 EA07     		.2byte	0x7ea
 1102 06c7 CB060000 		.4byte	0x6cb
 1103 06cb 0F       		.uleb128 0xf
 1104 06cc AD000000 		.4byte	0xad
 1105 06d0 1B       		.uleb128 0x1b
 1106 06d1 1C030000 		.4byte	.LASF103
 1107 06d5 06       		.byte	0x6
 1108 06d6 2604     		.2byte	0x426
 1109 06d8 81040000 		.4byte	0x481
 1110 06dc 1B       		.uleb128 0x1b
 1111 06dd 9D030000 		.4byte	.LASF104
 1112 06e1 06       		.byte	0x6
 1113 06e2 2704     		.2byte	0x427
 1114 06e4 E8060000 		.4byte	0x6e8
 1115 06e8 1C       		.uleb128 0x1c
 1116 06e9 55050000 		.4byte	0x555
 1117 06ed 1D       		.uleb128 0x1d
 1118 06ee 00000000 		.4byte	.LASF105
 1119 06f2 00000000 		.4byte	.LASF105
 1120 06f6 04       		.byte	0x4
 1121 06f7 4D03     		.2byte	0x34d
 1122 06f9 1D       		.uleb128 0x1d
 1123 06fa 47030000 		.4byte	.LASF106
 1124 06fe 47030000 		.4byte	.LASF106
 1125 0702 04       		.byte	0x4
 1126 0703 5C03     		.2byte	0x35c
 1127 0705 1E       		.uleb128 0x1e
 1128 0706 CA060000 		.4byte	.LASF107
 1129 070a CA060000 		.4byte	.LASF107
 1130 070e 09       		.byte	0x9
 1131 070f 3A       		.byte	0x3a
 1132 0710 00       		.byte	0
 1133              		.section	.debug_abbrev,"",%progbits
 1134              	.Ldebug_abbrev0:
 1135 0000 01       		.uleb128 0x1
ARM GAS  C:\Users\User\AppData\Local\Temp\ccGV8wQz.s 			page 25


 1136 0001 11       		.uleb128 0x11
 1137 0002 01       		.byte	0x1
 1138 0003 25       		.uleb128 0x25
 1139 0004 0E       		.uleb128 0xe
 1140 0005 13       		.uleb128 0x13
 1141 0006 0B       		.uleb128 0xb
 1142 0007 03       		.uleb128 0x3
 1143 0008 0E       		.uleb128 0xe
 1144 0009 1B       		.uleb128 0x1b
 1145 000a 0E       		.uleb128 0xe
 1146 000b 55       		.uleb128 0x55
 1147 000c 17       		.uleb128 0x17
 1148 000d 11       		.uleb128 0x11
 1149 000e 01       		.uleb128 0x1
 1150 000f 10       		.uleb128 0x10
 1151 0010 17       		.uleb128 0x17
 1152 0011 00       		.byte	0
 1153 0012 00       		.byte	0
 1154 0013 02       		.uleb128 0x2
 1155 0014 24       		.uleb128 0x24
 1156 0015 00       		.byte	0
 1157 0016 0B       		.uleb128 0xb
 1158 0017 0B       		.uleb128 0xb
 1159 0018 3E       		.uleb128 0x3e
 1160 0019 0B       		.uleb128 0xb
 1161 001a 03       		.uleb128 0x3
 1162 001b 0E       		.uleb128 0xe
 1163 001c 00       		.byte	0
 1164 001d 00       		.byte	0
 1165 001e 03       		.uleb128 0x3
 1166 001f 16       		.uleb128 0x16
 1167 0020 00       		.byte	0
 1168 0021 03       		.uleb128 0x3
 1169 0022 0E       		.uleb128 0xe
 1170 0023 3A       		.uleb128 0x3a
 1171 0024 0B       		.uleb128 0xb
 1172 0025 3B       		.uleb128 0x3b
 1173 0026 0B       		.uleb128 0xb
 1174 0027 49       		.uleb128 0x49
 1175 0028 13       		.uleb128 0x13
 1176 0029 00       		.byte	0
 1177 002a 00       		.byte	0
 1178 002b 04       		.uleb128 0x4
 1179 002c 24       		.uleb128 0x24
 1180 002d 00       		.byte	0
 1181 002e 0B       		.uleb128 0xb
 1182 002f 0B       		.uleb128 0xb
 1183 0030 3E       		.uleb128 0x3e
 1184 0031 0B       		.uleb128 0xb
 1185 0032 03       		.uleb128 0x3
 1186 0033 08       		.uleb128 0x8
 1187 0034 00       		.byte	0
 1188 0035 00       		.byte	0
 1189 0036 05       		.uleb128 0x5
 1190 0037 16       		.uleb128 0x16
 1191 0038 00       		.byte	0
 1192 0039 03       		.uleb128 0x3
ARM GAS  C:\Users\User\AppData\Local\Temp\ccGV8wQz.s 			page 26


 1193 003a 0E       		.uleb128 0xe
 1194 003b 3A       		.uleb128 0x3a
 1195 003c 0B       		.uleb128 0xb
 1196 003d 3B       		.uleb128 0x3b
 1197 003e 05       		.uleb128 0x5
 1198 003f 49       		.uleb128 0x49
 1199 0040 13       		.uleb128 0x13
 1200 0041 00       		.byte	0
 1201 0042 00       		.byte	0
 1202 0043 06       		.uleb128 0x6
 1203 0044 01       		.uleb128 0x1
 1204 0045 01       		.byte	0x1
 1205 0046 49       		.uleb128 0x49
 1206 0047 13       		.uleb128 0x13
 1207 0048 01       		.uleb128 0x1
 1208 0049 13       		.uleb128 0x13
 1209 004a 00       		.byte	0
 1210 004b 00       		.byte	0
 1211 004c 07       		.uleb128 0x7
 1212 004d 21       		.uleb128 0x21
 1213 004e 00       		.byte	0
 1214 004f 49       		.uleb128 0x49
 1215 0050 13       		.uleb128 0x13
 1216 0051 2F       		.uleb128 0x2f
 1217 0052 0B       		.uleb128 0xb
 1218 0053 00       		.byte	0
 1219 0054 00       		.byte	0
 1220 0055 08       		.uleb128 0x8
 1221 0056 13       		.uleb128 0x13
 1222 0057 01       		.byte	0x1
 1223 0058 0B       		.uleb128 0xb
 1224 0059 0B       		.uleb128 0xb
 1225 005a 3A       		.uleb128 0x3a
 1226 005b 0B       		.uleb128 0xb
 1227 005c 3B       		.uleb128 0x3b
 1228 005d 0B       		.uleb128 0xb
 1229 005e 01       		.uleb128 0x1
 1230 005f 13       		.uleb128 0x13
 1231 0060 00       		.byte	0
 1232 0061 00       		.byte	0
 1233 0062 09       		.uleb128 0x9
 1234 0063 0D       		.uleb128 0xd
 1235 0064 00       		.byte	0
 1236 0065 03       		.uleb128 0x3
 1237 0066 0E       		.uleb128 0xe
 1238 0067 3A       		.uleb128 0x3a
 1239 0068 0B       		.uleb128 0xb
 1240 0069 3B       		.uleb128 0x3b
 1241 006a 0B       		.uleb128 0xb
 1242 006b 49       		.uleb128 0x49
 1243 006c 13       		.uleb128 0x13
 1244 006d 38       		.uleb128 0x38
 1245 006e 0B       		.uleb128 0xb
 1246 006f 00       		.byte	0
 1247 0070 00       		.byte	0
 1248 0071 0A       		.uleb128 0xa
 1249 0072 0D       		.uleb128 0xd
ARM GAS  C:\Users\User\AppData\Local\Temp\ccGV8wQz.s 			page 27


 1250 0073 00       		.byte	0
 1251 0074 03       		.uleb128 0x3
 1252 0075 0E       		.uleb128 0xe
 1253 0076 3A       		.uleb128 0x3a
 1254 0077 0B       		.uleb128 0xb
 1255 0078 3B       		.uleb128 0x3b
 1256 0079 05       		.uleb128 0x5
 1257 007a 49       		.uleb128 0x49
 1258 007b 13       		.uleb128 0x13
 1259 007c 38       		.uleb128 0x38
 1260 007d 0B       		.uleb128 0xb
 1261 007e 00       		.byte	0
 1262 007f 00       		.byte	0
 1263 0080 0B       		.uleb128 0xb
 1264 0081 13       		.uleb128 0x13
 1265 0082 01       		.byte	0x1
 1266 0083 0B       		.uleb128 0xb
 1267 0084 0B       		.uleb128 0xb
 1268 0085 3A       		.uleb128 0x3a
 1269 0086 0B       		.uleb128 0xb
 1270 0087 3B       		.uleb128 0x3b
 1271 0088 05       		.uleb128 0x5
 1272 0089 01       		.uleb128 0x1
 1273 008a 13       		.uleb128 0x13
 1274 008b 00       		.byte	0
 1275 008c 00       		.byte	0
 1276 008d 0C       		.uleb128 0xc
 1277 008e 0D       		.uleb128 0xd
 1278 008f 00       		.byte	0
 1279 0090 03       		.uleb128 0x3
 1280 0091 08       		.uleb128 0x8
 1281 0092 3A       		.uleb128 0x3a
 1282 0093 0B       		.uleb128 0xb
 1283 0094 3B       		.uleb128 0x3b
 1284 0095 05       		.uleb128 0x5
 1285 0096 49       		.uleb128 0x49
 1286 0097 13       		.uleb128 0x13
 1287 0098 38       		.uleb128 0x38
 1288 0099 0B       		.uleb128 0xb
 1289 009a 00       		.byte	0
 1290 009b 00       		.byte	0
 1291 009c 0D       		.uleb128 0xd
 1292 009d 13       		.uleb128 0x13
 1293 009e 01       		.byte	0x1
 1294 009f 0B       		.uleb128 0xb
 1295 00a0 05       		.uleb128 0x5
 1296 00a1 3A       		.uleb128 0x3a
 1297 00a2 0B       		.uleb128 0xb
 1298 00a3 3B       		.uleb128 0x3b
 1299 00a4 05       		.uleb128 0x5
 1300 00a5 01       		.uleb128 0x1
 1301 00a6 13       		.uleb128 0x13
 1302 00a7 00       		.byte	0
 1303 00a8 00       		.byte	0
 1304 00a9 0E       		.uleb128 0xe
 1305 00aa 0D       		.uleb128 0xd
 1306 00ab 00       		.byte	0
ARM GAS  C:\Users\User\AppData\Local\Temp\ccGV8wQz.s 			page 28


 1307 00ac 03       		.uleb128 0x3
 1308 00ad 0E       		.uleb128 0xe
 1309 00ae 3A       		.uleb128 0x3a
 1310 00af 0B       		.uleb128 0xb
 1311 00b0 3B       		.uleb128 0x3b
 1312 00b1 05       		.uleb128 0x5
 1313 00b2 49       		.uleb128 0x49
 1314 00b3 13       		.uleb128 0x13
 1315 00b4 38       		.uleb128 0x38
 1316 00b5 05       		.uleb128 0x5
 1317 00b6 00       		.byte	0
 1318 00b7 00       		.byte	0
 1319 00b8 0F       		.uleb128 0xf
 1320 00b9 35       		.uleb128 0x35
 1321 00ba 00       		.byte	0
 1322 00bb 49       		.uleb128 0x49
 1323 00bc 13       		.uleb128 0x13
 1324 00bd 00       		.byte	0
 1325 00be 00       		.byte	0
 1326 00bf 10       		.uleb128 0x10
 1327 00c0 0F       		.uleb128 0xf
 1328 00c1 00       		.byte	0
 1329 00c2 0B       		.uleb128 0xb
 1330 00c3 0B       		.uleb128 0xb
 1331 00c4 49       		.uleb128 0x49
 1332 00c5 13       		.uleb128 0x13
 1333 00c6 00       		.byte	0
 1334 00c7 00       		.byte	0
 1335 00c8 11       		.uleb128 0x11
 1336 00c9 26       		.uleb128 0x26
 1337 00ca 00       		.byte	0
 1338 00cb 00       		.byte	0
 1339 00cc 00       		.byte	0
 1340 00cd 12       		.uleb128 0x12
 1341 00ce 0F       		.uleb128 0xf
 1342 00cf 00       		.byte	0
 1343 00d0 0B       		.uleb128 0xb
 1344 00d1 0B       		.uleb128 0xb
 1345 00d2 00       		.byte	0
 1346 00d3 00       		.byte	0
 1347 00d4 13       		.uleb128 0x13
 1348 00d5 04       		.uleb128 0x4
 1349 00d6 01       		.byte	0x1
 1350 00d7 0B       		.uleb128 0xb
 1351 00d8 0B       		.uleb128 0xb
 1352 00d9 49       		.uleb128 0x49
 1353 00da 13       		.uleb128 0x13
 1354 00db 3A       		.uleb128 0x3a
 1355 00dc 0B       		.uleb128 0xb
 1356 00dd 3B       		.uleb128 0x3b
 1357 00de 0B       		.uleb128 0xb
 1358 00df 01       		.uleb128 0x1
 1359 00e0 13       		.uleb128 0x13
 1360 00e1 00       		.byte	0
 1361 00e2 00       		.byte	0
 1362 00e3 14       		.uleb128 0x14
 1363 00e4 28       		.uleb128 0x28
ARM GAS  C:\Users\User\AppData\Local\Temp\ccGV8wQz.s 			page 29


 1364 00e5 00       		.byte	0
 1365 00e6 03       		.uleb128 0x3
 1366 00e7 0E       		.uleb128 0xe
 1367 00e8 1C       		.uleb128 0x1c
 1368 00e9 0B       		.uleb128 0xb
 1369 00ea 00       		.byte	0
 1370 00eb 00       		.byte	0
 1371 00ec 15       		.uleb128 0x15
 1372 00ed 2E       		.uleb128 0x2e
 1373 00ee 01       		.byte	0x1
 1374 00ef 3F       		.uleb128 0x3f
 1375 00f0 19       		.uleb128 0x19
 1376 00f1 03       		.uleb128 0x3
 1377 00f2 0E       		.uleb128 0xe
 1378 00f3 3A       		.uleb128 0x3a
 1379 00f4 0B       		.uleb128 0xb
 1380 00f5 3B       		.uleb128 0x3b
 1381 00f6 0B       		.uleb128 0xb
 1382 00f7 27       		.uleb128 0x27
 1383 00f8 19       		.uleb128 0x19
 1384 00f9 11       		.uleb128 0x11
 1385 00fa 01       		.uleb128 0x1
 1386 00fb 12       		.uleb128 0x12
 1387 00fc 06       		.uleb128 0x6
 1388 00fd 40       		.uleb128 0x40
 1389 00fe 18       		.uleb128 0x18
 1390 00ff 9742     		.uleb128 0x2117
 1391 0101 19       		.uleb128 0x19
 1392 0102 01       		.uleb128 0x1
 1393 0103 13       		.uleb128 0x13
 1394 0104 00       		.byte	0
 1395 0105 00       		.byte	0
 1396 0106 16       		.uleb128 0x16
 1397 0107 34       		.uleb128 0x34
 1398 0108 00       		.byte	0
 1399 0109 03       		.uleb128 0x3
 1400 010a 0E       		.uleb128 0xe
 1401 010b 3A       		.uleb128 0x3a
 1402 010c 0B       		.uleb128 0xb
 1403 010d 3B       		.uleb128 0x3b
 1404 010e 0B       		.uleb128 0xb
 1405 010f 49       		.uleb128 0x49
 1406 0110 13       		.uleb128 0x13
 1407 0111 00       		.byte	0
 1408 0112 00       		.byte	0
 1409 0113 17       		.uleb128 0x17
 1410 0114 2E       		.uleb128 0x2e
 1411 0115 01       		.byte	0x1
 1412 0116 3F       		.uleb128 0x3f
 1413 0117 19       		.uleb128 0x19
 1414 0118 03       		.uleb128 0x3
 1415 0119 0E       		.uleb128 0xe
 1416 011a 3A       		.uleb128 0x3a
 1417 011b 0B       		.uleb128 0xb
 1418 011c 3B       		.uleb128 0x3b
 1419 011d 0B       		.uleb128 0xb
 1420 011e 27       		.uleb128 0x27
ARM GAS  C:\Users\User\AppData\Local\Temp\ccGV8wQz.s 			page 30


 1421 011f 19       		.uleb128 0x19
 1422 0120 49       		.uleb128 0x49
 1423 0121 13       		.uleb128 0x13
 1424 0122 11       		.uleb128 0x11
 1425 0123 01       		.uleb128 0x1
 1426 0124 12       		.uleb128 0x12
 1427 0125 06       		.uleb128 0x6
 1428 0126 40       		.uleb128 0x40
 1429 0127 18       		.uleb128 0x18
 1430 0128 9742     		.uleb128 0x2117
 1431 012a 19       		.uleb128 0x19
 1432 012b 01       		.uleb128 0x1
 1433 012c 13       		.uleb128 0x13
 1434 012d 00       		.byte	0
 1435 012e 00       		.byte	0
 1436 012f 18       		.uleb128 0x18
 1437 0130 34       		.uleb128 0x34
 1438 0131 00       		.byte	0
 1439 0132 03       		.uleb128 0x3
 1440 0133 0E       		.uleb128 0xe
 1441 0134 3A       		.uleb128 0x3a
 1442 0135 0B       		.uleb128 0xb
 1443 0136 3B       		.uleb128 0x3b
 1444 0137 0B       		.uleb128 0xb
 1445 0138 49       		.uleb128 0x49
 1446 0139 13       		.uleb128 0x13
 1447 013a 02       		.uleb128 0x2
 1448 013b 17       		.uleb128 0x17
 1449 013c 00       		.byte	0
 1450 013d 00       		.byte	0
 1451 013e 19       		.uleb128 0x19
 1452 013f 898201   		.uleb128 0x4109
 1453 0142 00       		.byte	0
 1454 0143 11       		.uleb128 0x11
 1455 0144 01       		.uleb128 0x1
 1456 0145 31       		.uleb128 0x31
 1457 0146 13       		.uleb128 0x13
 1458 0147 00       		.byte	0
 1459 0148 00       		.byte	0
 1460 0149 1A       		.uleb128 0x1a
 1461 014a 34       		.uleb128 0x34
 1462 014b 00       		.byte	0
 1463 014c 03       		.uleb128 0x3
 1464 014d 0E       		.uleb128 0xe
 1465 014e 3A       		.uleb128 0x3a
 1466 014f 0B       		.uleb128 0xb
 1467 0150 3B       		.uleb128 0x3b
 1468 0151 0B       		.uleb128 0xb
 1469 0152 49       		.uleb128 0x49
 1470 0153 13       		.uleb128 0x13
 1471 0154 02       		.uleb128 0x2
 1472 0155 18       		.uleb128 0x18
 1473 0156 00       		.byte	0
 1474 0157 00       		.byte	0
 1475 0158 1B       		.uleb128 0x1b
 1476 0159 34       		.uleb128 0x34
 1477 015a 00       		.byte	0
ARM GAS  C:\Users\User\AppData\Local\Temp\ccGV8wQz.s 			page 31


 1478 015b 03       		.uleb128 0x3
 1479 015c 0E       		.uleb128 0xe
 1480 015d 3A       		.uleb128 0x3a
 1481 015e 0B       		.uleb128 0xb
 1482 015f 3B       		.uleb128 0x3b
 1483 0160 05       		.uleb128 0x5
 1484 0161 49       		.uleb128 0x49
 1485 0162 13       		.uleb128 0x13
 1486 0163 3F       		.uleb128 0x3f
 1487 0164 19       		.uleb128 0x19
 1488 0165 3C       		.uleb128 0x3c
 1489 0166 19       		.uleb128 0x19
 1490 0167 00       		.byte	0
 1491 0168 00       		.byte	0
 1492 0169 1C       		.uleb128 0x1c
 1493 016a 26       		.uleb128 0x26
 1494 016b 00       		.byte	0
 1495 016c 49       		.uleb128 0x49
 1496 016d 13       		.uleb128 0x13
 1497 016e 00       		.byte	0
 1498 016f 00       		.byte	0
 1499 0170 1D       		.uleb128 0x1d
 1500 0171 2E       		.uleb128 0x2e
 1501 0172 00       		.byte	0
 1502 0173 3F       		.uleb128 0x3f
 1503 0174 19       		.uleb128 0x19
 1504 0175 3C       		.uleb128 0x3c
 1505 0176 19       		.uleb128 0x19
 1506 0177 6E       		.uleb128 0x6e
 1507 0178 0E       		.uleb128 0xe
 1508 0179 03       		.uleb128 0x3
 1509 017a 0E       		.uleb128 0xe
 1510 017b 3A       		.uleb128 0x3a
 1511 017c 0B       		.uleb128 0xb
 1512 017d 3B       		.uleb128 0x3b
 1513 017e 05       		.uleb128 0x5
 1514 017f 00       		.byte	0
 1515 0180 00       		.byte	0
 1516 0181 1E       		.uleb128 0x1e
 1517 0182 2E       		.uleb128 0x2e
 1518 0183 00       		.byte	0
 1519 0184 3F       		.uleb128 0x3f
 1520 0185 19       		.uleb128 0x19
 1521 0186 3C       		.uleb128 0x3c
 1522 0187 19       		.uleb128 0x19
 1523 0188 6E       		.uleb128 0x6e
 1524 0189 0E       		.uleb128 0xe
 1525 018a 03       		.uleb128 0x3
 1526 018b 0E       		.uleb128 0xe
 1527 018c 3A       		.uleb128 0x3a
 1528 018d 0B       		.uleb128 0xb
 1529 018e 3B       		.uleb128 0x3b
 1530 018f 0B       		.uleb128 0xb
 1531 0190 00       		.byte	0
 1532 0191 00       		.byte	0
 1533 0192 00       		.byte	0
 1534              		.section	.debug_loc,"",%progbits
ARM GAS  C:\Users\User\AppData\Local\Temp\ccGV8wQz.s 			page 32


 1535              	.Ldebug_loc0:
 1536              	.LLST0:
 1537 0000 12000000 		.4byte	.LVL3
 1538 0004 1B000000 		.4byte	.LVL4-1
 1539 0008 0100     		.2byte	0x1
 1540 000a 50       		.byte	0x50
 1541 000b 76000000 		.4byte	.LVL20
 1542 000f 93000000 		.4byte	.LVL21-1
 1543 0013 0100     		.2byte	0x1
 1544 0015 50       		.byte	0x50
 1545 0016 EA000000 		.4byte	.LVL29
 1546 001a FF000000 		.4byte	.LVL30-1
 1547 001e 0100     		.2byte	0x1
 1548 0020 50       		.byte	0x50
 1549 0021 00000000 		.4byte	0
 1550 0025 00000000 		.4byte	0
 1551              	.LLST1:
 1552 0029 AA000000 		.4byte	.LVL23
 1553 002d D8000000 		.4byte	.LVL25
 1554 0031 0100     		.2byte	0x1
 1555 0033 53       		.byte	0x53
 1556 0034 00000000 		.4byte	0
 1557 0038 00000000 		.4byte	0
 1558              	.LLST2:
 1559 003c B0000000 		.4byte	.LVL24
 1560 0040 E4000000 		.4byte	.LVL27
 1561 0044 0100     		.2byte	0x1
 1562 0046 52       		.byte	0x52
 1563 0047 00000000 		.4byte	0
 1564 004b 00000000 		.4byte	0
 1565              	.LLST3:
 1566 004f 02000000 		.4byte	.LVL1
 1567 0053 06000000 		.4byte	.LVL2
 1568 0057 0200     		.2byte	0x2
 1569 0059 30       		.byte	0x30
 1570 005a 9F       		.byte	0x9f
 1571 005b 06000000 		.4byte	.LVL2
 1572 005f 34000000 		.4byte	.LVL6
 1573 0063 0100     		.2byte	0x1
 1574 0065 55       		.byte	0x55
 1575 0066 38000000 		.4byte	.LVL7
 1576 006a 3A000000 		.4byte	.LVL8
 1577 006e 0200     		.2byte	0x2
 1578 0070 31       		.byte	0x31
 1579 0071 9F       		.byte	0x9f
 1580 0072 3A000000 		.4byte	.LVL8
 1581 0076 40000000 		.4byte	.LVL9
 1582 007a 0100     		.2byte	0x1
 1583 007c 55       		.byte	0x55
 1584 007d 40000000 		.4byte	.LVL9
 1585 0081 44000000 		.4byte	.LVL10
 1586 0085 0200     		.2byte	0x2
 1587 0087 31       		.byte	0x31
 1588 0088 9F       		.byte	0x9f
 1589 0089 44000000 		.4byte	.LVL10
 1590 008d 4E000000 		.4byte	.LVL12
 1591 0091 0100     		.2byte	0x1
ARM GAS  C:\Users\User\AppData\Local\Temp\ccGV8wQz.s 			page 33


 1592 0093 55       		.byte	0x55
 1593 0094 4E000000 		.4byte	.LVL12
 1594 0098 54000000 		.4byte	.LVL13
 1595 009c 0200     		.2byte	0x2
 1596 009e 31       		.byte	0x31
 1597 009f 9F       		.byte	0x9f
 1598 00a0 54000000 		.4byte	.LVL13
 1599 00a4 5A000000 		.4byte	.LVL14
 1600 00a8 0100     		.2byte	0x1
 1601 00aa 55       		.byte	0x55
 1602 00ab 5A000000 		.4byte	.LVL14
 1603 00af 5E000000 		.4byte	.LVL15
 1604 00b3 0200     		.2byte	0x2
 1605 00b5 31       		.byte	0x31
 1606 00b6 9F       		.byte	0x9f
 1607 00b7 5E000000 		.4byte	.LVL15
 1608 00bb 64000000 		.4byte	.LVL16
 1609 00bf 0100     		.2byte	0x1
 1610 00c1 55       		.byte	0x55
 1611 00c2 64000000 		.4byte	.LVL16
 1612 00c6 68000000 		.4byte	.LVL17
 1613 00ca 0200     		.2byte	0x2
 1614 00cc 31       		.byte	0x31
 1615 00cd 9F       		.byte	0x9f
 1616 00ce 68000000 		.4byte	.LVL17
 1617 00d2 6E000000 		.4byte	.LVL18
 1618 00d6 0100     		.2byte	0x1
 1619 00d8 55       		.byte	0x55
 1620 00d9 6E000000 		.4byte	.LVL18
 1621 00dd 70000000 		.4byte	.LVL19
 1622 00e1 0200     		.2byte	0x2
 1623 00e3 30       		.byte	0x30
 1624 00e4 9F       		.byte	0x9f
 1625 00e5 70000000 		.4byte	.LVL19
 1626 00e9 94000000 		.4byte	.LVL21
 1627 00ed 0100     		.2byte	0x1
 1628 00ef 55       		.byte	0x55
 1629 00f0 94000000 		.4byte	.LVL21
 1630 00f4 96000000 		.4byte	.LVL22
 1631 00f8 0200     		.2byte	0x2
 1632 00fa 30       		.byte	0x30
 1633 00fb 9F       		.byte	0x9f
 1634 00fc 96000000 		.4byte	.LVL22
 1635 0100 E0000000 		.4byte	.LVL26
 1636 0104 0100     		.2byte	0x1
 1637 0106 55       		.byte	0x55
 1638 0107 00000000 		.4byte	0
 1639 010b 00000000 		.4byte	0
 1640              	.LLST4:
 1641 010f 22000000 		.4byte	.LVL5
 1642 0113 E6000000 		.4byte	.LVL28
 1643 0117 0100     		.2byte	0x1
 1644 0119 54       		.byte	0x54
 1645 011a 00000000 		.4byte	0
 1646 011e 00000000 		.4byte	0
 1647              	.LLST5:
 1648 0122 02000000 		.4byte	.LVL1
ARM GAS  C:\Users\User\AppData\Local\Temp\ccGV8wQz.s 			page 34


 1649 0126 06000000 		.4byte	.LVL2
 1650 012a 0200     		.2byte	0x2
 1651 012c 30       		.byte	0x30
 1652 012d 9F       		.byte	0x9f
 1653 012e 06000000 		.4byte	.LVL2
 1654 0132 48000000 		.4byte	.LVL11
 1655 0136 0100     		.2byte	0x1
 1656 0138 56       		.byte	0x56
 1657 0139 48000000 		.4byte	.LVL11
 1658 013d 54000000 		.4byte	.LVL13
 1659 0141 0200     		.2byte	0x2
 1660 0143 31       		.byte	0x31
 1661 0144 9F       		.byte	0x9f
 1662 0145 54000000 		.4byte	.LVL13
 1663 0149 04010000 		.4byte	.LVL31
 1664 014d 0100     		.2byte	0x1
 1665 014f 56       		.byte	0x56
 1666 0150 04010000 		.4byte	.LVL31
 1667 0154 10010000 		.4byte	.LFE159
 1668 0158 0100     		.2byte	0x1
 1669 015a 50       		.byte	0x50
 1670 015b 00000000 		.4byte	0
 1671 015f 00000000 		.4byte	0
 1672              	.LLST6:
 1673 0163 E0000000 		.4byte	.LVL26
 1674 0167 E6000000 		.4byte	.LVL28
 1675 016b 0100     		.2byte	0x1
 1676 016d 55       		.byte	0x55
 1677 016e E6000000 		.4byte	.LVL28
 1678 0172 00010000 		.4byte	.LVL30
 1679 0176 0600     		.2byte	0x6
 1680 0178 75       		.byte	0x75
 1681 0179 00       		.sleb128 0
 1682 017a 74       		.byte	0x74
 1683 017b 00       		.sleb128 0
 1684 017c 22       		.byte	0x22
 1685 017d 9F       		.byte	0x9f
 1686 017e 00000000 		.4byte	0
 1687 0182 00000000 		.4byte	0
 1688              		.section	.debug_aranges,"",%progbits
 1689 0000 24000000 		.4byte	0x24
 1690 0004 0200     		.2byte	0x2
 1691 0006 00000000 		.4byte	.Ldebug_info0
 1692 000a 04       		.byte	0x4
 1693 000b 00       		.byte	0
 1694 000c 0000     		.2byte	0
 1695 000e 0000     		.2byte	0
 1696 0010 00000000 		.4byte	.LFB158
 1697 0014 14000000 		.4byte	.LFE158-.LFB158
 1698 0018 00000000 		.4byte	.LFB159
 1699 001c 10010000 		.4byte	.LFE159-.LFB159
 1700 0020 00000000 		.4byte	0
 1701 0024 00000000 		.4byte	0
 1702              		.section	.debug_ranges,"",%progbits
 1703              	.Ldebug_ranges0:
 1704 0000 00000000 		.4byte	.LFB158
 1705 0004 14000000 		.4byte	.LFE158
ARM GAS  C:\Users\User\AppData\Local\Temp\ccGV8wQz.s 			page 35


 1706 0008 00000000 		.4byte	.LFB159
 1707 000c 10010000 		.4byte	.LFE159
 1708 0010 00000000 		.4byte	0
 1709 0014 00000000 		.4byte	0
 1710              		.section	.debug_line,"",%progbits
 1711              	.Ldebug_line0:
 1712 0000 5E020000 		.section	.debug_str,"MS",%progbits,1
 1712      0200FC01 
 1712      00000201 
 1712      FB0E0D00 
 1712      01010101 
 1713              	.LASF105:
 1714 0000 43795F53 		.ascii	"Cy_SysLib_EnterCriticalSection\000"
 1714      79734C69 
 1714      625F456E 
 1714      74657243 
 1714      72697469 
 1715              	.LASF83:
 1716 001f 43617053 		.ascii	"CapSense_FLASH_STRUCT\000"
 1716      656E7365 
 1716      5F464C41 
 1716      53485F53 
 1716      54525543 
 1717              	.LASF65:
 1718 0035 77646774 		.ascii	"wdgtList\000"
 1718      4C697374 
 1718      00
 1719              	.LASF70:
 1720 003e 736E7254 		.ascii	"snrTestRawCount\000"
 1720      65737452 
 1720      6177436F 
 1720      756E7400 
 1721              	.LASF111:
 1722 004e 43617053 		.ascii	"CapSense_TuInitialize\000"
 1722      656E7365 
 1722      5F547549 
 1722      6E697469 
 1722      616C697A 
 1723              	.LASF48:
 1724 0064 62736C6E 		.ascii	"bsln\000"
 1724      00
 1725              	.LASF95:
 1726 0069 73656E73 		.ascii	"sensorId\000"
 1726      6F724964 
 1726      00
 1727              	.LASF91:
 1728 0072 43617053 		.ascii	"CapSense_TU_CMD_ENUM\000"
 1728      656E7365 
 1728      5F54555F 
 1728      434D445F 
 1728      454E554D 
 1729              	.LASF32:
 1730 0087 6C6F7742 		.ascii	"lowBslnRst\000"
 1730      736C6E52 
 1730      737400
 1731              	.LASF50:
 1732 0092 64696666 		.ascii	"diff\000"
ARM GAS  C:\Users\User\AppData\Local\Temp\ccGV8wQz.s 			page 36


 1732      00
 1733              	.LASF78:
 1734 0097 746F7461 		.ascii	"totalNumSns\000"
 1734      6C4E756D 
 1734      536E7300 
 1735              	.LASF90:
 1736 00a3 43617053 		.ascii	"CapSense_TU_CMD_ONE_SCAN_E\000"
 1736      656E7365 
 1736      5F54555F 
 1736      434D445F 
 1736      4F4E455F 
 1737              	.LASF33:
 1738 00be 69646163 		.ascii	"idacMod\000"
 1738      4D6F6400 
 1739              	.LASF101:
 1740 00c6 74756E65 		.ascii	"tunerFsm\000"
 1740      7246736D 
 1740      00
 1741              	.LASF2:
 1742 00cf 73686F72 		.ascii	"short int\000"
 1742      7420696E 
 1742      7400
 1743              	.LASF36:
 1744 00d9 43617053 		.ascii	"CapSense_RAM_WD_BUTTON_STRUCT\000"
 1744      656E7365 
 1744      5F52414D 
 1744      5F57445F 
 1744      42555454 
 1745              	.LASF31:
 1746 00f7 6F6E4465 		.ascii	"onDebounce\000"
 1746      626F756E 
 1746      636500
 1747              	.LASF17:
 1748 0102 73697A65 		.ascii	"sizetype\000"
 1748      74797065 
 1748      00
 1749              	.LASF87:
 1750 010b 43617053 		.ascii	"CapSense_TU_CMD_RESTART_E\000"
 1750      656E7365 
 1750      5F54555F 
 1750      434D445F 
 1750      52455354 
 1751              	.LASF81:
 1752 0125 43617053 		.ascii	"CapSense_FLASH_WD_STRUCT\000"
 1752      656E7365 
 1752      5F464C41 
 1752      53485F57 
 1752      445F5354 
 1753              	.LASF29:
 1754 013e 6E4E6F69 		.ascii	"nNoiseTh\000"
 1754      73655468 
 1754      00
 1755              	.LASF108:
 1756 0147 474E5520 		.ascii	"GNU C11 5.4.1 20160609 (release) [ARM/embedded-5-br"
 1756      43313120 
 1756      352E342E 
 1756      31203230 
ARM GAS  C:\Users\User\AppData\Local\Temp\ccGV8wQz.s 			page 37


 1756      31363036 
 1757 017a 616E6368 		.ascii	"anch revision 237715] -mcpu=cortex-m4 -mfloat-abi=s"
 1757      20726576 
 1757      6973696F 
 1757      6E203233 
 1757      37373135 
 1758 01ad 6F667466 		.ascii	"oftfp -mfpu=fpv4-sp-d16 -mthumb -g -Og -ffunction-s"
 1758      70202D6D 
 1758      6670753D 
 1758      66707634 
 1758      2D73702D 
 1759 01e0 65637469 		.ascii	"ections -ffat-lto-objects\000"
 1759      6F6E7320 
 1759      2D666661 
 1759      742D6C74 
 1759      6F2D6F62 
 1760              	.LASF63:
 1761 01fa 63736430 		.ascii	"csd0Config\000"
 1761      436F6E66 
 1761      696700
 1762              	.LASF8:
 1763 0205 5F5F7569 		.ascii	"__uint32_t\000"
 1763      6E743332 
 1763      5F7400
 1764              	.LASF35:
 1765 0210 736E7343 		.ascii	"snsClkSource\000"
 1765      6C6B536F 
 1765      75726365 
 1765      00
 1766              	.LASF4:
 1767 021d 5F5F7569 		.ascii	"__uint16_t\000"
 1767      6E743136 
 1767      5F7400
 1768              	.LASF84:
 1769 0228 43617053 		.ascii	"CapSense_TU_CMD_NONE_E\000"
 1769      656E7365 
 1769      5F54555F 
 1769      434D445F 
 1769      4E4F4E45 
 1770              	.LASF28:
 1771 023f 6E6F6973 		.ascii	"noiseTh\000"
 1771      65546800 
 1772              	.LASF55:
 1773 0247 64657669 		.ascii	"deviceId\000"
 1773      63654964 
 1773      00
 1774              	.LASF22:
 1775 0250 75696E74 		.ascii	"uint16\000"
 1775      313600
 1776              	.LASF112:
 1777 0257 43617053 		.ascii	"CapSense_RunTuner\000"
 1777      656E7365 
 1777      5F52756E 
 1777      54756E65 
 1777      7200
 1778              	.LASF76:
 1779 0269 70747232 		.ascii	"ptr2DebounceArr\000"
ARM GAS  C:\Users\User\AppData\Local\Temp\ccGV8wQz.s 			page 38


 1779      4465626F 
 1779      756E6365 
 1779      41727200 
 1780              	.LASF13:
 1781 0279 75696E74 		.ascii	"uint8_t\000"
 1781      385F7400 
 1782              	.LASF21:
 1783 0281 75696E74 		.ascii	"uint8\000"
 1783      3800
 1784              	.LASF34:
 1785 0287 736E7343 		.ascii	"snsClk\000"
 1785      6C6B00
 1786              	.LASF19:
 1787 028e 666C6F61 		.ascii	"float\000"
 1787      7400
 1788              	.LASF47:
 1789 0294 43617053 		.ascii	"CapSense_RAM_WD_LIST_STRUCT\000"
 1789      656E7365 
 1789      5F52414D 
 1789      5F57445F 
 1789      4C495354 
 1790              	.LASF10:
 1791 02b0 6C6F6E67 		.ascii	"long long int\000"
 1791      206C6F6E 
 1791      6720696E 
 1791      7400
 1792              	.LASF89:
 1793 02be 43617053 		.ascii	"CapSense_TU_CMD_PING_E\000"
 1793      656E7365 
 1793      5F54555F 
 1793      434D445F 
 1793      50494E47 
 1794              	.LASF18:
 1795 02d5 63686172 		.ascii	"char\000"
 1795      00
 1796              	.LASF7:
 1797 02da 6C6F6E67 		.ascii	"long int\000"
 1797      20696E74 
 1797      00
 1798              	.LASF79:
 1799 02e3 77646774 		.ascii	"wdgtType\000"
 1799      54797065 
 1799      00
 1800              	.LASF24:
 1801 02ec 43617053 		.ascii	"CapSense_THRESHOLD_TYPE\000"
 1801      656E7365 
 1801      5F544852 
 1801      4553484F 
 1801      4C445F54 
 1802              	.LASF51:
 1803 0304 6E656742 		.ascii	"negBslnRstCnt\000"
 1803      736C6E52 
 1803      7374436E 
 1803      7400
 1804              	.LASF3:
 1805 0312 5F5F7569 		.ascii	"__uint8_t\000"
 1805      6E74385F 
ARM GAS  C:\Users\User\AppData\Local\Temp\ccGV8wQz.s 			page 39


 1805      7400
 1806              	.LASF103:
 1807 031c 43617053 		.ascii	"CapSense_dsRam\000"
 1807      656E7365 
 1807      5F647352 
 1807      616D00
 1808              	.LASF27:
 1809 032b 66696E67 		.ascii	"fingerTh\000"
 1809      65725468 
 1809      00
 1810              	.LASF80:
 1811 0334 6E756D43 		.ascii	"numCols\000"
 1811      6F6C7300 
 1812              	.LASF30:
 1813 033c 68797374 		.ascii	"hysteresis\000"
 1813      65726573 
 1813      697300
 1814              	.LASF106:
 1815 0347 43795F53 		.ascii	"Cy_SysLib_ExitCriticalSection\000"
 1815      79734C69 
 1815      625F4578 
 1815      69744372 
 1815      69746963 
 1816              	.LASF57:
 1817 0365 74756E65 		.ascii	"tunerCmd\000"
 1817      72436D64 
 1817      00
 1818              	.LASF92:
 1819 036e 6C6F6E67 		.ascii	"long double\000"
 1819      20646F75 
 1819      626C6500 
 1820              	.LASF61:
 1821 037a 77646774 		.ascii	"wdgtStatus\000"
 1821      53746174 
 1821      757300
 1822              	.LASF100:
 1823 0385 70747253 		.ascii	"ptrSnsTmp\000"
 1823      6E73546D 
 1823      7000
 1824              	.LASF1:
 1825 038f 756E7369 		.ascii	"unsigned char\000"
 1825      676E6564 
 1825      20636861 
 1825      7200
 1826              	.LASF104:
 1827 039d 43617053 		.ascii	"CapSense_dsFlash\000"
 1827      656E7365 
 1827      5F647346 
 1827      6C617368 
 1827      00
 1828              	.LASF0:
 1829 03ae 7369676E 		.ascii	"signed char\000"
 1829      65642063 
 1829      68617200 
 1830              	.LASF53:
 1831 03ba 43617053 		.ascii	"CapSense_RAM_SNS_LIST_STRUCT\000"
 1831      656E7365 
ARM GAS  C:\Users\User\AppData\Local\Temp\ccGV8wQz.s 			page 40


 1831      5F52414D 
 1831      5F534E53 
 1831      5F4C4953 
 1832              	.LASF11:
 1833 03d7 6C6F6E67 		.ascii	"long long unsigned int\000"
 1833      206C6F6E 
 1833      6720756E 
 1833      7369676E 
 1833      65642069 
 1834              	.LASF52:
 1835 03ee 43617053 		.ascii	"CapSense_RAM_SNS_STRUCT\000"
 1835      656E7365 
 1835      5F52414D 
 1835      5F534E53 
 1835      5F535452 
 1836              	.LASF16:
 1837 0406 75696E74 		.ascii	"uint32_t\000"
 1837      33325F74 
 1837      00
 1838              	.LASF77:
 1839 040f 73746174 		.ascii	"staticConfig\000"
 1839      6963436F 
 1839      6E666967 
 1839      00
 1840              	.LASF110:
 1841 041c 433A5C55 		.ascii	"C:\\Users\\User\\Desktop\\SmartBottle_v0p1\\SmartBo"
 1841      73657273 
 1841      5C557365 
 1841      725C4465 
 1841      736B746F 
 1842 044a 74746C65 		.ascii	"ttle_v0p1.cydsn\000"
 1842      5F763070 
 1842      312E6379 
 1842      64736E00 
 1843              	.LASF12:
 1844 045a 756E7369 		.ascii	"unsigned int\000"
 1844      676E6564 
 1844      20696E74 
 1844      00
 1845              	.LASF14:
 1846 0467 75696E74 		.ascii	"uint16_t\000"
 1846      31365F74 
 1846      00
 1847              	.LASF96:
 1848 0470 75706461 		.ascii	"updateFlag\000"
 1848      7465466C 
 1848      616700
 1849              	.LASF60:
 1850 047b 77646774 		.ascii	"wdgtEnable\000"
 1850      456E6162 
 1850      6C6500
 1851              	.LASF59:
 1852 0486 73746174 		.ascii	"status\000"
 1852      757300
 1853              	.LASF5:
 1854 048d 73686F72 		.ascii	"short unsigned int\000"
 1854      7420756E 
ARM GAS  C:\Users\User\AppData\Local\Temp\ccGV8wQz.s 			page 41


 1854      7369676E 
 1854      65642069 
 1854      6E7400
 1855              	.LASF54:
 1856 04a0 636F6E66 		.ascii	"configId\000"
 1856      69674964 
 1856      00
 1857              	.LASF94:
 1858 04a9 77696467 		.ascii	"widgetId\000"
 1858      65744964 
 1858      00
 1859              	.LASF68:
 1860 04b2 736E7254 		.ascii	"snrTestSensorId\000"
 1860      65737453 
 1860      656E736F 
 1860      72496400 
 1861              	.LASF69:
 1862 04c2 736E7254 		.ascii	"snrTestScanCounter\000"
 1862      65737453 
 1862      63616E43 
 1862      6F756E74 
 1862      657200
 1863              	.LASF15:
 1864 04d5 696E7433 		.ascii	"int32_t\000"
 1864      325F7400 
 1865              	.LASF26:
 1866 04dd 7265736F 		.ascii	"resolution\000"
 1866      6C757469 
 1866      6F6E00
 1867              	.LASF75:
 1868 04e8 70747232 		.ascii	"ptr2FltrHistory\000"
 1868      466C7472 
 1868      48697374 
 1868      6F727900 
 1869              	.LASF66:
 1870 04f8 736E734C 		.ascii	"snsList\000"
 1870      69737400 
 1871              	.LASF64:
 1872 0500 6D6F6443 		.ascii	"modCsdClk\000"
 1872      7364436C 
 1872      6B00
 1873              	.LASF58:
 1874 050a 7363616E 		.ascii	"scanCounter\000"
 1874      436F756E 
 1874      74657200 
 1875              	.LASF73:
 1876 0516 70747232 		.ascii	"ptr2WdgtRam\000"
 1876      57646774 
 1876      52616D00 
 1877              	.LASF93:
 1878 0522 696E7465 		.ascii	"interruptState\000"
 1878      72727570 
 1878      74537461 
 1878      746500
 1879              	.LASF71:
 1880 0531 43617053 		.ascii	"CapSense_RAM_STRUCT\000"
 1880      656E7365 
ARM GAS  C:\Users\User\AppData\Local\Temp\ccGV8wQz.s 			page 42


 1880      5F52414D 
 1880      5F535452 
 1880      55435400 
 1881              	.LASF23:
 1882 0545 75696E74 		.ascii	"uint32\000"
 1882      333200
 1883              	.LASF9:
 1884 054c 6C6F6E67 		.ascii	"long unsigned int\000"
 1884      20756E73 
 1884      69676E65 
 1884      6420696E 
 1884      7400
 1885              	.LASF20:
 1886 055e 646F7562 		.ascii	"double\000"
 1886      6C6500
 1887              	.LASF74:
 1888 0565 70747232 		.ascii	"ptr2SnsRam\000"
 1888      536E7352 
 1888      616D00
 1889              	.LASF49:
 1890 0570 62736C6E 		.ascii	"bslnExt\000"
 1890      45787400 
 1891              	.LASF109:
 1892 0578 47656E65 		.ascii	"Generated_Source\\PSoC6\\CapSense_Tuner.c\000"
 1892      72617465 
 1892      645F536F 
 1892      75726365 
 1892      5C50536F 
 1893              	.LASF88:
 1894 05a0 43617053 		.ascii	"CapSense_TU_CMD_RUN_SNR_TEST_E\000"
 1894      656E7365 
 1894      5F54555F 
 1894      434D445F 
 1894      52554E5F 
 1895              	.LASF99:
 1896 05bf 70747244 		.ascii	"ptrDsRam\000"
 1896      7352616D 
 1896      00
 1897              	.LASF25:
 1898 05c8 43617053 		.ascii	"CapSense_LOW_BSLN_RST_TYPE\000"
 1898      656E7365 
 1898      5F4C4F57 
 1898      5F42534C 
 1898      4E5F5253 
 1899              	.LASF56:
 1900 05e3 6877436C 		.ascii	"hwClock\000"
 1900      6F636B00 
 1901              	.LASF6:
 1902 05eb 5F5F696E 		.ascii	"__int32_t\000"
 1902      7433325F 
 1902      7400
 1903              	.LASF86:
 1904 05f5 43617053 		.ascii	"CapSense_TU_CMD_RESUME_E\000"
 1904      656E7365 
 1904      5F54555F 
 1904      434D445F 
 1904      52455355 
ARM GAS  C:\Users\User\AppData\Local\Temp\ccGV8wQz.s 			page 43


 1905              	.LASF37:
 1906 060e 62757474 		.ascii	"button0\000"
 1906      6F6E3000 
 1907              	.LASF38:
 1908 0616 62757474 		.ascii	"button1\000"
 1908      6F6E3100 
 1909              	.LASF39:
 1910 061e 62757474 		.ascii	"button2\000"
 1910      6F6E3200 
 1911              	.LASF40:
 1912 0626 62757474 		.ascii	"button3\000"
 1912      6F6E3300 
 1913              	.LASF41:
 1914 062e 62757474 		.ascii	"button4\000"
 1914      6F6E3400 
 1915              	.LASF42:
 1916 0636 62757474 		.ascii	"button5\000"
 1916      6F6E3500 
 1917              	.LASF43:
 1918 063e 62757474 		.ascii	"button6\000"
 1918      6F6E3600 
 1919              	.LASF44:
 1920 0646 62757474 		.ascii	"button7\000"
 1920      6F6E3700 
 1921              	.LASF45:
 1922 064e 62757474 		.ascii	"button8\000"
 1922      6F6E3800 
 1923              	.LASF46:
 1924 0656 62757474 		.ascii	"button9\000"
 1924      6F6E3900 
 1925              	.LASF85:
 1926 065e 43617053 		.ascii	"CapSense_TU_CMD_SUSPEND_E\000"
 1926      656E7365 
 1926      5F54555F 
 1926      434D445F 
 1926      53555350 
 1927              	.LASF67:
 1928 0678 736E7254 		.ascii	"snrTestWidgetId\000"
 1928      65737457 
 1928      69646765 
 1928      74496400 
 1929              	.LASF102:
 1930 0688 49544D5F 		.ascii	"ITM_RxBuffer\000"
 1930      52784275 
 1930      66666572 
 1930      00
 1931              	.LASF82:
 1932 0695 77646774 		.ascii	"wdgtArray\000"
 1932      41727261 
 1932      7900
 1933              	.LASF98:
 1934 069f 74756E65 		.ascii	"tunerStatus\000"
 1934      72537461 
 1934      74757300 
 1935              	.LASF72:
 1936 06ab 70747232 		.ascii	"ptr2SnsFlash\000"
 1936      536E7346 
ARM GAS  C:\Users\User\AppData\Local\Temp\ccGV8wQz.s 			page 44


 1936      6C617368 
 1936      00
 1937              	.LASF62:
 1938 06b8 736E7353 		.ascii	"snsStatus\000"
 1938      74617475 
 1938      7300
 1939              	.LASF97:
 1940 06c2 636F6D6D 		.ascii	"command\000"
 1940      616E6400 
 1941              	.LASF107:
 1942 06ca 43617053 		.ascii	"CapSense_Start\000"
 1942      656E7365 
 1942      5F537461 
 1942      727400
 1943              		.ident	"GCC: (GNU Tools for ARM Embedded Processors) 5.4.1 20160609 (release) [ARM/embedded-5-bran
