ARM GAS  C:\Users\User\AppData\Local\Temp\cc7zoqeh.s 			page 1


   1              		.syntax unified
   2              		.cpu cortex-m4
   3              		.eabi_attribute 27, 1
   4              		.fpu fpv4-sp-d16
   5              		.eabi_attribute 20, 1
   6              		.eabi_attribute 21, 1
   7              		.eabi_attribute 23, 3
   8              		.eabi_attribute 24, 1
   9              		.eabi_attribute 25, 1
  10              		.eabi_attribute 26, 1
  11              		.eabi_attribute 30, 1
  12              		.eabi_attribute 34, 1
  13              		.eabi_attribute 18, 4
  14              		.thumb
  15              		.syntax unified
  16              		.file	"cyfitter_sysint_cfg.c"
  17              		.text
  18              	.Ltext0:
  19              		.cfi_sections	.debug_frame
  20              		.global	CapSense_ISR_cfg
  21              		.global	CY_EINK_SPIM_SCB_IRQ_cfg
  22              		.global	Uart_Printf_SCB_IRQ_cfg
  23              		.global	I2C_SCB_IRQ_cfg
  24              		.global	isr_MCWDT_cfg
  25              		.global	isr_gpio_cfg
  26              		.section	.rodata
  27              		.align	2
  28              		.type	CapSense_ISR_cfg, %object
  29              		.size	CapSense_ISR_cfg, 8
  30              	CapSense_ISR_cfg:
  31 0000 3100     		.short	49
  32 0002 0000     		.space	2
  33 0004 07000000 		.word	7
  34              		.type	CY_EINK_SPIM_SCB_IRQ_cfg, %object
  35              		.size	CY_EINK_SPIM_SCB_IRQ_cfg, 8
  36              	CY_EINK_SPIM_SCB_IRQ_cfg:
  37 0008 2F00     		.short	47
  38 000a 0000     		.space	2
  39 000c 07000000 		.word	7
  40              		.type	Uart_Printf_SCB_IRQ_cfg, %object
  41              		.size	Uart_Printf_SCB_IRQ_cfg, 8
  42              	Uart_Printf_SCB_IRQ_cfg:
  43 0010 2E00     		.short	46
  44 0012 0000     		.space	2
  45 0014 07000000 		.word	7
  46              		.type	I2C_SCB_IRQ_cfg, %object
  47              		.size	I2C_SCB_IRQ_cfg, 8
  48              	I2C_SCB_IRQ_cfg:
  49 0018 2C00     		.short	44
  50 001a 0000     		.space	2
  51 001c 07000000 		.word	7
  52              		.type	isr_MCWDT_cfg, %object
  53              		.size	isr_MCWDT_cfg, 8
  54              	isr_MCWDT_cfg:
  55 0020 1300     		.short	19
  56 0022 0000     		.space	2
  57 0024 05000000 		.word	5
ARM GAS  C:\Users\User\AppData\Local\Temp\cc7zoqeh.s 			page 2


  58              		.type	isr_gpio_cfg, %object
  59              		.size	isr_gpio_cfg, 8
  60              	isr_gpio_cfg:
  61 0028 0000     		.short	0
  62 002a 0000     		.space	2
  63 002c 04000000 		.word	4
  64              		.text
  65              	.Letext0:
  66              		.file 1 "Generated_Source\\PSoC6\\pdl\\devices/psoc6/psoc63/include/cy8c6347bzi_bld53.h"
  67              		.file 2 "d:\\cypress creator\\psoc creator\\4.2\\psoc creator\\import\\gnu\\arm\\5.4.1\\arm-none-e
  68              		.file 3 "d:\\cypress creator\\psoc creator\\4.2\\psoc creator\\import\\gnu\\arm\\5.4.1\\arm-none-e
  69              		.file 4 "Generated_Source\\PSoC6\\pdl\\drivers/peripheral/sysint/cy_sysint.h"
  70              		.file 5 "Generated_Source\\PSoC6\\pdl\\cmsis/include/core_cm4.h"
  71              		.file 6 "Generated_Source\\PSoC6\\cyfitter_sysint_cfg.c"
  72              		.section	.debug_info,"",%progbits
  73              	.Ldebug_info0:
  74 0000 23050000 		.4byte	0x523
  75 0004 0400     		.2byte	0x4
  76 0006 00000000 		.4byte	.Ldebug_abbrev0
  77 000a 04       		.byte	0x4
  78 000b 01       		.uleb128 0x1
  79 000c 9A090000 		.4byte	.LASF187
  80 0010 0C       		.byte	0xc
  81 0011 E70D0000 		.4byte	.LASF188
  82 0015 9C0E0000 		.4byte	.LASF189
  83 0019 00000000 		.4byte	.Ldebug_line0
  84 001d 02       		.uleb128 0x2
  85 001e 02       		.byte	0x2
  86 001f DE030000 		.4byte	0x3de
  87 0023 01       		.byte	0x1
  88 0024 24       		.byte	0x24
  89 0025 DE030000 		.4byte	0x3de
  90 0029 03       		.uleb128 0x3
  91 002a 54020000 		.4byte	.LASF0
  92 002e 71       		.sleb128 -15
  93 002f 03       		.uleb128 0x3
  94 0030 C60C0000 		.4byte	.LASF1
  95 0034 72       		.sleb128 -14
  96 0035 03       		.uleb128 0x3
  97 0036 300F0000 		.4byte	.LASF2
  98 003a 73       		.sleb128 -13
  99 003b 03       		.uleb128 0x3
 100 003c BF0A0000 		.4byte	.LASF3
 101 0040 74       		.sleb128 -12
 102 0041 03       		.uleb128 0x3
 103 0042 1A050000 		.4byte	.LASF4
 104 0046 75       		.sleb128 -11
 105 0047 03       		.uleb128 0x3
 106 0048 560D0000 		.4byte	.LASF5
 107 004c 76       		.sleb128 -10
 108 004d 03       		.uleb128 0x3
 109 004e BF060000 		.4byte	.LASF6
 110 0052 7B       		.sleb128 -5
 111 0053 03       		.uleb128 0x3
 112 0054 5B0F0000 		.4byte	.LASF7
 113 0058 7C       		.sleb128 -4
 114 0059 03       		.uleb128 0x3
ARM GAS  C:\Users\User\AppData\Local\Temp\cc7zoqeh.s 			page 3


 115 005a 650E0000 		.4byte	.LASF8
 116 005e 7E       		.sleb128 -2
 117 005f 03       		.uleb128 0x3
 118 0060 C8070000 		.4byte	.LASF9
 119 0064 7F       		.sleb128 -1
 120 0065 04       		.uleb128 0x4
 121 0066 CD010000 		.4byte	.LASF10
 122 006a 00       		.byte	0
 123 006b 04       		.uleb128 0x4
 124 006c 140F0000 		.4byte	.LASF11
 125 0070 01       		.byte	0x1
 126 0071 04       		.uleb128 0x4
 127 0072 28000000 		.4byte	.LASF12
 128 0076 02       		.byte	0x2
 129 0077 04       		.uleb128 0x4
 130 0078 310E0000 		.4byte	.LASF13
 131 007c 03       		.byte	0x3
 132 007d 04       		.uleb128 0x4
 133 007e 57100000 		.4byte	.LASF14
 134 0082 04       		.byte	0x4
 135 0083 04       		.uleb128 0x4
 136 0084 9F050000 		.4byte	.LASF15
 137 0088 05       		.byte	0x5
 138 0089 04       		.uleb128 0x4
 139 008a 65070000 		.4byte	.LASF16
 140 008e 06       		.byte	0x6
 141 008f 04       		.uleb128 0x4
 142 0090 61090000 		.4byte	.LASF17
 143 0094 07       		.byte	0x7
 144 0095 04       		.uleb128 0x4
 145 0096 F7110000 		.4byte	.LASF18
 146 009a 08       		.byte	0x8
 147 009b 04       		.uleb128 0x4
 148 009c 09020000 		.4byte	.LASF19
 149 00a0 09       		.byte	0x9
 150 00a1 04       		.uleb128 0x4
 151 00a2 070C0000 		.4byte	.LASF20
 152 00a6 0A       		.byte	0xa
 153 00a7 04       		.uleb128 0x4
 154 00a8 A20A0000 		.4byte	.LASF21
 155 00ac 0B       		.byte	0xb
 156 00ad 04       		.uleb128 0x4
 157 00ae 84100000 		.4byte	.LASF22
 158 00b2 0C       		.byte	0xc
 159 00b3 04       		.uleb128 0x4
 160 00b4 ED050000 		.4byte	.LASF23
 161 00b8 0D       		.byte	0xd
 162 00b9 04       		.uleb128 0x4
 163 00ba AB070000 		.4byte	.LASF24
 164 00be 0E       		.byte	0xe
 165 00bf 04       		.uleb128 0x4
 166 00c0 4D040000 		.4byte	.LASF25
 167 00c4 0F       		.byte	0xf
 168 00c5 04       		.uleb128 0x4
 169 00c6 F1100000 		.4byte	.LASF26
 170 00ca 10       		.byte	0x10
 171 00cb 04       		.uleb128 0x4
ARM GAS  C:\Users\User\AppData\Local\Temp\cc7zoqeh.s 			page 4


 172 00cc 32030000 		.4byte	.LASF27
 173 00d0 11       		.byte	0x11
 174 00d1 04       		.uleb128 0x4
 175 00d2 87000000 		.4byte	.LASF28
 176 00d6 12       		.byte	0x12
 177 00d7 04       		.uleb128 0x4
 178 00d8 66040000 		.4byte	.LASF29
 179 00dc 13       		.byte	0x13
 180 00dd 04       		.uleb128 0x4
 181 00de 54060000 		.4byte	.LASF30
 182 00e2 14       		.byte	0x14
 183 00e3 04       		.uleb128 0x4
 184 00e4 40110000 		.4byte	.LASF31
 185 00e8 15       		.byte	0x15
 186 00e9 04       		.uleb128 0x4
 187 00ea 73000000 		.4byte	.LASF32
 188 00ee 16       		.byte	0x16
 189 00ef 04       		.uleb128 0x4
 190 00f0 54050000 		.4byte	.LASF33
 191 00f4 17       		.byte	0x17
 192 00f5 04       		.uleb128 0x4
 193 00f6 CF000000 		.4byte	.LASF34
 194 00fa 18       		.byte	0x18
 195 00fb 04       		.uleb128 0x4
 196 00fc 800F0000 		.4byte	.LASF35
 197 0100 19       		.byte	0x19
 198 0101 04       		.uleb128 0x4
 199 0102 F8060000 		.4byte	.LASF36
 200 0106 1A       		.byte	0x1a
 201 0107 04       		.uleb128 0x4
 202 0108 E3080000 		.4byte	.LASF37
 203 010c 1B       		.byte	0x1b
 204 010d 04       		.uleb128 0x4
 205 010e C00B0000 		.4byte	.LASF38
 206 0112 1C       		.byte	0x1c
 207 0113 04       		.uleb128 0x4
 208 0114 29010000 		.4byte	.LASF39
 209 0118 1D       		.byte	0x1d
 210 0119 04       		.uleb128 0x4
 211 011a 9D030000 		.4byte	.LASF40
 212 011e 1E       		.byte	0x1e
 213 011f 04       		.uleb128 0x4
 214 0120 BB050000 		.4byte	.LASF41
 215 0124 1F       		.byte	0x1f
 216 0125 04       		.uleb128 0x4
 217 0126 660D0000 		.4byte	.LASF42
 218 012a 20       		.byte	0x20
 219 012b 04       		.uleb128 0x4
 220 012c D10F0000 		.4byte	.LASF43
 221 0130 21       		.byte	0x21
 222 0131 04       		.uleb128 0x4
 223 0132 13120000 		.4byte	.LASF44
 224 0136 22       		.byte	0x22
 225 0137 04       		.uleb128 0x4
 226 0138 5B110000 		.4byte	.LASF45
 227 013c 23       		.byte	0x23
 228 013d 04       		.uleb128 0x4
ARM GAS  C:\Users\User\AppData\Local\Temp\cc7zoqeh.s 			page 5


 229 013e 45010000 		.4byte	.LASF46
 230 0142 24       		.byte	0x24
 231 0143 04       		.uleb128 0x4
 232 0144 D5030000 		.4byte	.LASF47
 233 0148 25       		.byte	0x25
 234 0149 04       		.uleb128 0x4
 235 014a 45120000 		.4byte	.LASF48
 236 014e 26       		.byte	0x26
 237 014f 04       		.uleb128 0x4
 238 0150 9E0D0000 		.4byte	.LASF49
 239 0154 27       		.byte	0x27
 240 0155 04       		.uleb128 0x4
 241 0156 09100000 		.4byte	.LASF50
 242 015a 28       		.byte	0x28
 243 015b 04       		.uleb128 0x4
 244 015c FA000000 		.4byte	.LASF51
 245 0160 29       		.byte	0x29
 246 0161 04       		.uleb128 0x4
 247 0162 28050000 		.4byte	.LASF52
 248 0166 2A       		.byte	0x2a
 249 0167 04       		.uleb128 0x4
 250 0168 6D050000 		.4byte	.LASF53
 251 016c 2B       		.byte	0x2b
 252 016d 04       		.uleb128 0x4
 253 016e 710E0000 		.4byte	.LASF54
 254 0172 2C       		.byte	0x2c
 255 0173 04       		.uleb128 0x4
 256 0174 4C090000 		.4byte	.LASF55
 257 0178 2D       		.byte	0x2d
 258 0179 04       		.uleb128 0x4
 259 017a 44000000 		.4byte	.LASF56
 260 017e 2E       		.byte	0x2e
 261 017f 04       		.uleb128 0x4
 262 0180 FF0E0000 		.4byte	.LASF57
 263 0184 2F       		.byte	0x2f
 264 0185 04       		.uleb128 0x4
 265 0186 E0040000 		.4byte	.LASF58
 266 018a 30       		.byte	0x30
 267 018b 04       		.uleb128 0x4
 268 018c 6D0F0000 		.4byte	.LASF59
 269 0190 31       		.byte	0x31
 270 0191 04       		.uleb128 0x4
 271 0192 D5100000 		.4byte	.LASF60
 272 0196 32       		.byte	0x32
 273 0197 04       		.uleb128 0x4
 274 0198 9C000000 		.4byte	.LASF61
 275 019c 33       		.byte	0x33
 276 019d 04       		.uleb128 0x4
 277 019e FF020000 		.4byte	.LASF62
 278 01a2 34       		.byte	0x34
 279 01a3 04       		.uleb128 0x4
 280 01a4 860A0000 		.4byte	.LASF63
 281 01a8 35       		.byte	0x35
 282 01a9 04       		.uleb128 0x4
 283 01aa 31040000 		.4byte	.LASF64
 284 01ae 36       		.byte	0x36
 285 01af 04       		.uleb128 0x4
ARM GAS  C:\Users\User\AppData\Local\Temp\cc7zoqeh.s 			page 6


 286 01b0 3F0F0000 		.4byte	.LASF65
 287 01b4 37       		.byte	0x37
 288 01b5 04       		.uleb128 0x4
 289 01b6 A4040000 		.4byte	.LASF66
 290 01ba 38       		.byte	0x38
 291 01bb 04       		.uleb128 0x4
 292 01bc 94110000 		.4byte	.LASF67
 293 01c0 39       		.byte	0x39
 294 01c1 04       		.uleb128 0x4
 295 01c2 80080000 		.4byte	.LASF68
 296 01c6 3A       		.byte	0x3a
 297 01c7 04       		.uleb128 0x4
 298 01c8 570B0000 		.4byte	.LASF69
 299 01cc 3B       		.byte	0x3b
 300 01cd 04       		.uleb128 0x4
 301 01ce AC080000 		.4byte	.LASF70
 302 01d2 3C       		.byte	0x3c
 303 01d3 04       		.uleb128 0x4
 304 01d4 890B0000 		.4byte	.LASF71
 305 01d8 3D       		.byte	0x3d
 306 01d9 04       		.uleb128 0x4
 307 01da 140E0000 		.4byte	.LASF72
 308 01de 3E       		.byte	0x3e
 309 01df 04       		.uleb128 0x4
 310 01e0 7D090000 		.4byte	.LASF73
 311 01e4 3F       		.byte	0x3f
 312 01e5 04       		.uleb128 0x4
 313 01e6 82050000 		.4byte	.LASF74
 314 01ea 40       		.byte	0x40
 315 01eb 04       		.uleb128 0x4
 316 01ec 48070000 		.4byte	.LASF75
 317 01f0 41       		.byte	0x41
 318 01f1 04       		.uleb128 0x4
 319 01f2 240B0000 		.4byte	.LASF76
 320 01f6 42       		.byte	0x42
 321 01f7 04       		.uleb128 0x4
 322 01f8 820D0000 		.4byte	.LASF77
 323 01fc 43       		.byte	0x43
 324 01fd 04       		.uleb128 0x4
 325 01fe ED0F0000 		.4byte	.LASF78
 326 0202 44       		.byte	0x44
 327 0203 04       		.uleb128 0x4
 328 0204 900C0000 		.4byte	.LASF79
 329 0208 45       		.byte	0x45
 330 0209 04       		.uleb128 0x4
 331 020a 14070000 		.4byte	.LASF80
 332 020e 46       		.byte	0x46
 333 020f 04       		.uleb128 0x4
 334 0210 FF080000 		.4byte	.LASF81
 335 0214 47       		.byte	0x47
 336 0215 04       		.uleb128 0x4
 337 0216 78110000 		.4byte	.LASF82
 338 021a 48       		.byte	0x48
 339 021b 04       		.uleb128 0x4
 340 021c B9030000 		.4byte	.LASF83
 341 0220 49       		.byte	0x49
 342 0221 04       		.uleb128 0x4
ARM GAS  C:\Users\User\AppData\Local\Temp\cc7zoqeh.s 			page 7


 343 0222 F2030000 		.4byte	.LASF84
 344 0226 4A       		.byte	0x4a
 345 0227 04       		.uleb128 0x4
 346 0228 E3020000 		.4byte	.LASF85
 347 022c 4B       		.byte	0x4b
 348 022d 04       		.uleb128 0x4
 349 022e 23110000 		.4byte	.LASF86
 350 0232 4C       		.byte	0x4c
 351 0233 04       		.uleb128 0x4
 352 0234 DA0C0000 		.4byte	.LASF87
 353 0238 4D       		.byte	0x4d
 354 0239 04       		.uleb128 0x4
 355 023a B8100000 		.4byte	.LASF88
 356 023e 4E       		.byte	0x4e
 357 023f 04       		.uleb128 0x4
 358 0240 25060000 		.4byte	.LASF89
 359 0244 4F       		.byte	0x4f
 360 0245 04       		.uleb128 0x4
 361 0246 D5070000 		.4byte	.LASF90
 362 024a 50       		.byte	0x50
 363 024b 04       		.uleb128 0x4
 364 024c 4D0A0000 		.4byte	.LASF91
 365 0250 51       		.byte	0x51
 366 0251 04       		.uleb128 0x4
 367 0252 A1060000 		.4byte	.LASF92
 368 0256 52       		.byte	0x52
 369 0257 04       		.uleb128 0x4
 370 0258 42080000 		.4byte	.LASF93
 371 025c 53       		.byte	0x53
 372 025d 04       		.uleb128 0x4
 373 025e 93020000 		.4byte	.LASF94
 374 0262 54       		.byte	0x54
 375 0263 04       		.uleb128 0x4
 376 0264 30070000 		.4byte	.LASF95
 377 0268 55       		.byte	0x55
 378 0269 04       		.uleb128 0x4
 379 026a D7110000 		.4byte	.LASF96
 380 026e 56       		.byte	0x56
 381 026f 04       		.uleb128 0x4
 382 0270 E9010000 		.4byte	.LASF97
 383 0274 57       		.byte	0x57
 384 0275 04       		.uleb128 0x4
 385 0276 550C0000 		.4byte	.LASF98
 386 027a 58       		.byte	0x58
 387 027b 04       		.uleb128 0x4
 388 027c C0040000 		.4byte	.LASF99
 389 0280 59       		.byte	0x59
 390 0281 04       		.uleb128 0x4
 391 0282 09110000 		.4byte	.LASF100
 392 0286 5A       		.byte	0x5a
 393 0287 04       		.uleb128 0x4
 394 0288 70060000 		.4byte	.LASF101
 395 028c 5B       		.byte	0x5b
 396 028d 04       		.uleb128 0x4
 397 028e 0D080000 		.4byte	.LASF102
 398 0292 5C       		.byte	0x5c
 399 0293 04       		.uleb128 0x4
ARM GAS  C:\Users\User\AppData\Local\Temp\cc7zoqeh.s 			page 8


 400 0294 D50A0000 		.4byte	.LASF103
 401 0298 5D       		.byte	0x5d
 402 0299 04       		.uleb128 0x4
 403 029a 59000000 		.4byte	.LASF104
 404 029e 5E       		.byte	0x5e
 405 029f 04       		.uleb128 0x4
 406 02a0 C9020000 		.4byte	.LASF105
 407 02a4 5F       		.byte	0x5f
 408 02a5 04       		.uleb128 0x4
 409 02a6 F5040000 		.4byte	.LASF106
 410 02aa 60       		.byte	0x60
 411 02ab 04       		.uleb128 0x4
 412 02ac AC0C0000 		.4byte	.LASF107
 413 02b0 61       		.byte	0x61
 414 02b1 04       		.uleb128 0x4
 415 02b2 60030000 		.4byte	.LASF108
 416 02b6 62       		.byte	0x62
 417 02b7 04       		.uleb128 0x4
 418 02b8 0A0B0000 		.4byte	.LASF109
 419 02bc 63       		.byte	0x63
 420 02bd 04       		.uleb128 0x4
 421 02be 3C0D0000 		.4byte	.LASF110
 422 02c2 64       		.byte	0x64
 423 02c3 04       		.uleb128 0x4
 424 02c4 B70F0000 		.4byte	.LASF111
 425 02c8 65       		.byte	0x65
 426 02c9 04       		.uleb128 0x4
 427 02ca BD110000 		.4byte	.LASF112
 428 02ce 66       		.byte	0x66
 429 02cf 04       		.uleb128 0x4
 430 02d0 DE060000 		.4byte	.LASF113
 431 02d4 67       		.byte	0x67
 432 02d5 04       		.uleb128 0x4
 433 02d6 C9080000 		.4byte	.LASF114
 434 02da 68       		.byte	0x68
 435 02db 04       		.uleb128 0x4
 436 02dc A60B0000 		.4byte	.LASF115
 437 02e0 69       		.byte	0x69
 438 02e1 04       		.uleb128 0x4
 439 02e2 0F010000 		.4byte	.LASF116
 440 02e6 6A       		.byte	0x6a
 441 02e7 04       		.uleb128 0x4
 442 02e8 83030000 		.4byte	.LASF117
 443 02ec 6B       		.byte	0x6b
 444 02ed 04       		.uleb128 0x4
 445 02ee A5010000 		.4byte	.LASF118
 446 02f2 6C       		.byte	0x6c
 447 02f3 04       		.uleb128 0x4
 448 02f4 16040000 		.4byte	.LASF119
 449 02f8 6D       		.byte	0x6d
 450 02f9 04       		.uleb128 0x4
 451 02fa 0A060000 		.4byte	.LASF120
 452 02fe 6E       		.byte	0x6e
 453 02ff 04       		.uleb128 0x4
 454 0300 27080000 		.4byte	.LASF121
 455 0304 6F       		.byte	0x6f
 456 0305 04       		.uleb128 0x4
ARM GAS  C:\Users\User\AppData\Local\Temp\cc7zoqeh.s 			page 9


 457 0306 3C100000 		.4byte	.LASF122
 458 030a 70       		.byte	0x70
 459 030b 04       		.uleb128 0x4
 460 030c 0D000000 		.4byte	.LASF123
 461 0310 71       		.byte	0x71
 462 0311 04       		.uleb128 0x4
 463 0312 5F020000 		.4byte	.LASF124
 464 0316 72       		.byte	0x72
 465 0317 04       		.uleb128 0x4
 466 0318 31090000 		.4byte	.LASF125
 467 031c 73       		.byte	0x73
 468 031d 04       		.uleb128 0x4
 469 031e 750C0000 		.4byte	.LASF126
 470 0322 74       		.byte	0x74
 471 0323 04       		.uleb128 0x4
 472 0324 E40E0000 		.4byte	.LASF127
 473 0328 75       		.byte	0x75
 474 0329 04       		.uleb128 0x4
 475 032a EF0A0000 		.4byte	.LASF128
 476 032e 76       		.byte	0x76
 477 032f 04       		.uleb128 0x4
 478 0330 180D0000 		.4byte	.LASF129
 479 0334 77       		.byte	0x77
 480 0335 04       		.uleb128 0x4
 481 0336 9C0F0000 		.4byte	.LASF130
 482 033a 78       		.byte	0x78
 483 033b 04       		.uleb128 0x4
 484 033c F2070000 		.4byte	.LASF131
 485 0340 79       		.byte	0x79
 486 0341 04       		.uleb128 0x4
 487 0342 62010000 		.4byte	.LASF132
 488 0346 7A       		.byte	0x7a
 489 0347 04       		.uleb128 0x4
 490 0348 E4000000 		.4byte	.LASF133
 491 034c 7B       		.byte	0x7b
 492 034d 04       		.uleb128 0x4
 493 034e D7050000 		.4byte	.LASF134
 494 0352 7C       		.byte	0x7c
 495 0353 04       		.uleb128 0x4
 496 0354 95070000 		.4byte	.LASF135
 497 0358 7D       		.byte	0x7d
 498 0359 04       		.uleb128 0x4
 499 035a 26100000 		.4byte	.LASF136
 500 035e 7E       		.byte	0x7e
 501 035f 04       		.uleb128 0x4
 502 0360 2F120000 		.4byte	.LASF137
 503 0364 7F       		.byte	0x7f
 504 0365 04       		.uleb128 0x4
 505 0366 3E020000 		.4byte	.LASF138
 506 036a 80       		.byte	0x80
 507 036b 04       		.uleb128 0x4
 508 036c 1B090000 		.4byte	.LASF139
 509 0370 81       		.byte	0x81
 510 0371 04       		.uleb128 0x4
 511 0372 240C0000 		.4byte	.LASF140
 512 0376 82       		.byte	0x82
 513 0377 04       		.uleb128 0x4
ARM GAS  C:\Users\User\AppData\Local\Temp\cc7zoqeh.s 			page 10


 514 0378 860E0000 		.4byte	.LASF141
 515 037c 83       		.byte	0x83
 516 037d 04       		.uleb128 0x4
 517 037e 69080000 		.4byte	.LASF142
 518 0382 84       		.byte	0x84
 519 0383 04       		.uleb128 0x4
 520 0384 400B0000 		.4byte	.LASF143
 521 0388 85       		.byte	0x85
 522 0389 04       		.uleb128 0x4
 523 038a B8000000 		.4byte	.LASF144
 524 038e 86       		.byte	0x86
 525 038f 04       		.uleb128 0x4
 526 0390 1B030000 		.4byte	.LASF145
 527 0394 87       		.byte	0x87
 528 0395 04       		.uleb128 0x4
 529 0396 3D050000 		.4byte	.LASF146
 530 039a 88       		.byte	0x88
 531 039b 04       		.uleb128 0x4
 532 039c F70C0000 		.4byte	.LASF147
 533 03a0 89       		.byte	0x89
 534 03a1 04       		.uleb128 0x4
 535 03a2 4D0E0000 		.4byte	.LASF148
 536 03a6 8A       		.byte	0x8a
 537 03a7 04       		.uleb128 0x4
 538 03a8 89040000 		.4byte	.LASF149
 539 03ac 8B       		.byte	0x8b
 540 03ad 04       		.uleb128 0x4
 541 03ae BB0D0000 		.4byte	.LASF150
 542 03b2 8C       		.byte	0x8c
 543 03b3 04       		.uleb128 0x4
 544 03b4 A1100000 		.4byte	.LASF151
 545 03b8 8D       		.byte	0x8d
 546 03b9 04       		.uleb128 0x4
 547 03ba 81070000 		.4byte	.LASF152
 548 03be 8E       		.byte	0x8e
 549 03bf 04       		.uleb128 0x4
 550 03c0 6A0A0000 		.4byte	.LASF153
 551 03c4 8F       		.byte	0x8f
 552 03c5 04       		.uleb128 0x4
 553 03c6 8A060000 		.4byte	.LASF154
 554 03ca 90       		.byte	0x90
 555 03cb 04       		.uleb128 0x4
 556 03cc 8F010000 		.4byte	.LASF155
 557 03d0 91       		.byte	0x91
 558 03d1 04       		.uleb128 0x4
 559 03d2 25020000 		.4byte	.LASF156
 560 03d6 92       		.byte	0x92
 561 03d7 04       		.uleb128 0x4
 562 03d8 3A0C0000 		.4byte	.LASF157
 563 03dc F0       		.byte	0xf0
 564 03dd 00       		.byte	0
 565 03de 05       		.uleb128 0x5
 566 03df 02       		.byte	0x2
 567 03e0 05       		.byte	0x5
 568 03e1 4B0C0000 		.4byte	.LASF158
 569 03e5 06       		.uleb128 0x6
 570 03e6 0E0D0000 		.4byte	.LASF162
ARM GAS  C:\Users\User\AppData\Local\Temp\cc7zoqeh.s 			page 11


 571 03ea 01       		.byte	0x1
 572 03eb F4       		.byte	0xf4
 573 03ec 1D000000 		.4byte	0x1d
 574 03f0 05       		.uleb128 0x5
 575 03f1 01       		.byte	0x1
 576 03f2 06       		.byte	0x6
 577 03f3 BD020000 		.4byte	.LASF159
 578 03f7 05       		.uleb128 0x5
 579 03f8 01       		.byte	0x1
 580 03f9 08       		.byte	0x8
 581 03fa 7B0B0000 		.4byte	.LASF160
 582 03fe 05       		.uleb128 0x5
 583 03ff 02       		.byte	0x2
 584 0400 07       		.byte	0x7
 585 0401 CB060000 		.4byte	.LASF161
 586 0405 06       		.uleb128 0x6
 587 0406 DA0E0000 		.4byte	.LASF163
 588 040a 02       		.byte	0x2
 589 040b 3F       		.byte	0x3f
 590 040c 10040000 		.4byte	0x410
 591 0410 05       		.uleb128 0x5
 592 0411 04       		.byte	0x4
 593 0412 05       		.byte	0x5
 594 0413 7A030000 		.4byte	.LASF164
 595 0417 06       		.uleb128 0x6
 596 0418 0F050000 		.4byte	.LASF165
 597 041c 02       		.byte	0x2
 598 041d 41       		.byte	0x41
 599 041e 22040000 		.4byte	0x422
 600 0422 05       		.uleb128 0x5
 601 0423 04       		.byte	0x4
 602 0424 07       		.byte	0x7
 603 0425 42060000 		.4byte	.LASF166
 604 0429 05       		.uleb128 0x5
 605 042a 08       		.byte	0x8
 606 042b 05       		.byte	0x5
 607 042c AF020000 		.4byte	.LASF167
 608 0430 05       		.uleb128 0x5
 609 0431 08       		.byte	0x8
 610 0432 07       		.byte	0x7
 611 0433 78010000 		.4byte	.LASF168
 612 0437 07       		.uleb128 0x7
 613 0438 04       		.byte	0x4
 614 0439 05       		.byte	0x5
 615 043a 696E7400 		.ascii	"int\000"
 616 043e 05       		.uleb128 0x5
 617 043f 04       		.byte	0x4
 618 0440 07       		.byte	0x7
 619 0441 C0010000 		.4byte	.LASF169
 620 0445 06       		.uleb128 0x6
 621 0446 730B0000 		.4byte	.LASF170
 622 044a 03       		.byte	0x3
 623 044b 2C       		.byte	0x2c
 624 044c 05040000 		.4byte	0x405
 625 0450 06       		.uleb128 0x6
 626 0451 330D0000 		.4byte	.LASF171
 627 0455 03       		.byte	0x3
ARM GAS  C:\Users\User\AppData\Local\Temp\cc7zoqeh.s 			page 12


 628 0456 30       		.byte	0x30
 629 0457 17040000 		.4byte	0x417
 630 045b 05       		.uleb128 0x5
 631 045c 04       		.byte	0x4
 632 045d 07       		.byte	0x7
 633 045e 60080000 		.4byte	.LASF172
 634 0462 05       		.uleb128 0x5
 635 0463 08       		.byte	0x8
 636 0464 04       		.byte	0x4
 637 0465 D60D0000 		.4byte	.LASF173
 638 0469 05       		.uleb128 0x5
 639 046a 01       		.byte	0x1
 640 046b 08       		.byte	0x8
 641 046c E20D0000 		.4byte	.LASF174
 642 0470 05       		.uleb128 0x5
 643 0471 04       		.byte	0x4
 644 0472 04       		.byte	0x4
 645 0473 800A0000 		.4byte	.LASF175
 646 0477 05       		.uleb128 0x5
 647 0478 08       		.byte	0x8
 648 0479 04       		.byte	0x4
 649 047a 82040000 		.4byte	.LASF176
 650 047e 08       		.uleb128 0x8
 651 047f 08       		.byte	0x8
 652 0480 04       		.byte	0x4
 653 0481 EB       		.byte	0xeb
 654 0482 9F040000 		.4byte	0x49f
 655 0486 09       		.uleb128 0x9
 656 0487 0E040000 		.4byte	.LASF177
 657 048b 04       		.byte	0x4
 658 048c EC       		.byte	0xec
 659 048d E5030000 		.4byte	0x3e5
 660 0491 00       		.byte	0
 661 0492 09       		.uleb128 0x9
 662 0493 B0110000 		.4byte	.LASF178
 663 0497 04       		.byte	0x4
 664 0498 F0       		.byte	0xf0
 665 0499 50040000 		.4byte	0x450
 666 049d 04       		.byte	0x4
 667 049e 00       		.byte	0
 668 049f 06       		.uleb128 0x6
 669 04a0 9C080000 		.4byte	.LASF179
 670 04a4 04       		.byte	0x4
 671 04a5 F1       		.byte	0xf1
 672 04a6 7E040000 		.4byte	0x47e
 673 04aa 0A       		.uleb128 0xa
 674 04ab EC0B0000 		.4byte	.LASF180
 675 04af 05       		.byte	0x5
 676 04b0 EA07     		.2byte	0x7ea
 677 04b2 B6040000 		.4byte	0x4b6
 678 04b6 0B       		.uleb128 0xb
 679 04b7 45040000 		.4byte	0x445
 680 04bb 0C       		.uleb128 0xc
 681 04bc 00000000 		.4byte	.LASF181
 682 04c0 06       		.byte	0x6
 683 04c1 18       		.byte	0x18
 684 04c2 CC040000 		.4byte	0x4cc
ARM GAS  C:\Users\User\AppData\Local\Temp\cc7zoqeh.s 			page 13


 685 04c6 05       		.uleb128 0x5
 686 04c7 03       		.byte	0x3
 687 04c8 00000000 		.4byte	isr_gpio_cfg
 688 04cc 0D       		.uleb128 0xd
 689 04cd 9F040000 		.4byte	0x49f
 690 04d1 0C       		.uleb128 0xc
 691 04d2 F90B0000 		.4byte	.LASF182
 692 04d6 06       		.byte	0x6
 693 04d7 1E       		.byte	0x1e
 694 04d8 CC040000 		.4byte	0x4cc
 695 04dc 05       		.uleb128 0x5
 696 04dd 03       		.byte	0x3
 697 04de 00000000 		.4byte	isr_MCWDT_cfg
 698 04e2 0C       		.uleb128 0xc
 699 04e3 DC0B0000 		.4byte	.LASF183
 700 04e7 06       		.byte	0x6
 701 04e8 24       		.byte	0x24
 702 04e9 CC040000 		.4byte	0x4cc
 703 04ed 05       		.uleb128 0x5
 704 04ee 03       		.byte	0x3
 705 04ef 00000000 		.4byte	I2C_SCB_IRQ_cfg
 706 04f3 0C       		.uleb128 0xc
 707 04f4 48030000 		.4byte	.LASF184
 708 04f8 06       		.byte	0x6
 709 04f9 2A       		.byte	0x2a
 710 04fa CC040000 		.4byte	0x4cc
 711 04fe 05       		.uleb128 0x5
 712 04ff 03       		.byte	0x3
 713 0500 00000000 		.4byte	Uart_Printf_SCB_IRQ_cfg
 714 0504 0C       		.uleb128 0xc
 715 0505 7A020000 		.4byte	.LASF185
 716 0509 06       		.byte	0x6
 717 050a 30       		.byte	0x30
 718 050b CC040000 		.4byte	0x4cc
 719 050f 05       		.uleb128 0x5
 720 0510 03       		.byte	0x3
 721 0511 00000000 		.4byte	CY_EINK_SPIM_SCB_IRQ_cfg
 722 0515 0C       		.uleb128 0xc
 723 0516 73100000 		.4byte	.LASF186
 724 051a 06       		.byte	0x6
 725 051b 36       		.byte	0x36
 726 051c CC040000 		.4byte	0x4cc
 727 0520 05       		.uleb128 0x5
 728 0521 03       		.byte	0x3
 729 0522 00000000 		.4byte	CapSense_ISR_cfg
 730 0526 00       		.byte	0
 731              		.section	.debug_abbrev,"",%progbits
 732              	.Ldebug_abbrev0:
 733 0000 01       		.uleb128 0x1
 734 0001 11       		.uleb128 0x11
 735 0002 01       		.byte	0x1
 736 0003 25       		.uleb128 0x25
 737 0004 0E       		.uleb128 0xe
 738 0005 13       		.uleb128 0x13
 739 0006 0B       		.uleb128 0xb
 740 0007 03       		.uleb128 0x3
 741 0008 0E       		.uleb128 0xe
ARM GAS  C:\Users\User\AppData\Local\Temp\cc7zoqeh.s 			page 14


 742 0009 1B       		.uleb128 0x1b
 743 000a 0E       		.uleb128 0xe
 744 000b 10       		.uleb128 0x10
 745 000c 17       		.uleb128 0x17
 746 000d 00       		.byte	0
 747 000e 00       		.byte	0
 748 000f 02       		.uleb128 0x2
 749 0010 04       		.uleb128 0x4
 750 0011 01       		.byte	0x1
 751 0012 0B       		.uleb128 0xb
 752 0013 0B       		.uleb128 0xb
 753 0014 49       		.uleb128 0x49
 754 0015 13       		.uleb128 0x13
 755 0016 3A       		.uleb128 0x3a
 756 0017 0B       		.uleb128 0xb
 757 0018 3B       		.uleb128 0x3b
 758 0019 0B       		.uleb128 0xb
 759 001a 01       		.uleb128 0x1
 760 001b 13       		.uleb128 0x13
 761 001c 00       		.byte	0
 762 001d 00       		.byte	0
 763 001e 03       		.uleb128 0x3
 764 001f 28       		.uleb128 0x28
 765 0020 00       		.byte	0
 766 0021 03       		.uleb128 0x3
 767 0022 0E       		.uleb128 0xe
 768 0023 1C       		.uleb128 0x1c
 769 0024 0D       		.uleb128 0xd
 770 0025 00       		.byte	0
 771 0026 00       		.byte	0
 772 0027 04       		.uleb128 0x4
 773 0028 28       		.uleb128 0x28
 774 0029 00       		.byte	0
 775 002a 03       		.uleb128 0x3
 776 002b 0E       		.uleb128 0xe
 777 002c 1C       		.uleb128 0x1c
 778 002d 0B       		.uleb128 0xb
 779 002e 00       		.byte	0
 780 002f 00       		.byte	0
 781 0030 05       		.uleb128 0x5
 782 0031 24       		.uleb128 0x24
 783 0032 00       		.byte	0
 784 0033 0B       		.uleb128 0xb
 785 0034 0B       		.uleb128 0xb
 786 0035 3E       		.uleb128 0x3e
 787 0036 0B       		.uleb128 0xb
 788 0037 03       		.uleb128 0x3
 789 0038 0E       		.uleb128 0xe
 790 0039 00       		.byte	0
 791 003a 00       		.byte	0
 792 003b 06       		.uleb128 0x6
 793 003c 16       		.uleb128 0x16
 794 003d 00       		.byte	0
 795 003e 03       		.uleb128 0x3
 796 003f 0E       		.uleb128 0xe
 797 0040 3A       		.uleb128 0x3a
 798 0041 0B       		.uleb128 0xb
ARM GAS  C:\Users\User\AppData\Local\Temp\cc7zoqeh.s 			page 15


 799 0042 3B       		.uleb128 0x3b
 800 0043 0B       		.uleb128 0xb
 801 0044 49       		.uleb128 0x49
 802 0045 13       		.uleb128 0x13
 803 0046 00       		.byte	0
 804 0047 00       		.byte	0
 805 0048 07       		.uleb128 0x7
 806 0049 24       		.uleb128 0x24
 807 004a 00       		.byte	0
 808 004b 0B       		.uleb128 0xb
 809 004c 0B       		.uleb128 0xb
 810 004d 3E       		.uleb128 0x3e
 811 004e 0B       		.uleb128 0xb
 812 004f 03       		.uleb128 0x3
 813 0050 08       		.uleb128 0x8
 814 0051 00       		.byte	0
 815 0052 00       		.byte	0
 816 0053 08       		.uleb128 0x8
 817 0054 13       		.uleb128 0x13
 818 0055 01       		.byte	0x1
 819 0056 0B       		.uleb128 0xb
 820 0057 0B       		.uleb128 0xb
 821 0058 3A       		.uleb128 0x3a
 822 0059 0B       		.uleb128 0xb
 823 005a 3B       		.uleb128 0x3b
 824 005b 0B       		.uleb128 0xb
 825 005c 01       		.uleb128 0x1
 826 005d 13       		.uleb128 0x13
 827 005e 00       		.byte	0
 828 005f 00       		.byte	0
 829 0060 09       		.uleb128 0x9
 830 0061 0D       		.uleb128 0xd
 831 0062 00       		.byte	0
 832 0063 03       		.uleb128 0x3
 833 0064 0E       		.uleb128 0xe
 834 0065 3A       		.uleb128 0x3a
 835 0066 0B       		.uleb128 0xb
 836 0067 3B       		.uleb128 0x3b
 837 0068 0B       		.uleb128 0xb
 838 0069 49       		.uleb128 0x49
 839 006a 13       		.uleb128 0x13
 840 006b 38       		.uleb128 0x38
 841 006c 0B       		.uleb128 0xb
 842 006d 00       		.byte	0
 843 006e 00       		.byte	0
 844 006f 0A       		.uleb128 0xa
 845 0070 34       		.uleb128 0x34
 846 0071 00       		.byte	0
 847 0072 03       		.uleb128 0x3
 848 0073 0E       		.uleb128 0xe
 849 0074 3A       		.uleb128 0x3a
 850 0075 0B       		.uleb128 0xb
 851 0076 3B       		.uleb128 0x3b
 852 0077 05       		.uleb128 0x5
 853 0078 49       		.uleb128 0x49
 854 0079 13       		.uleb128 0x13
 855 007a 3F       		.uleb128 0x3f
ARM GAS  C:\Users\User\AppData\Local\Temp\cc7zoqeh.s 			page 16


 856 007b 19       		.uleb128 0x19
 857 007c 3C       		.uleb128 0x3c
 858 007d 19       		.uleb128 0x19
 859 007e 00       		.byte	0
 860 007f 00       		.byte	0
 861 0080 0B       		.uleb128 0xb
 862 0081 35       		.uleb128 0x35
 863 0082 00       		.byte	0
 864 0083 49       		.uleb128 0x49
 865 0084 13       		.uleb128 0x13
 866 0085 00       		.byte	0
 867 0086 00       		.byte	0
 868 0087 0C       		.uleb128 0xc
 869 0088 34       		.uleb128 0x34
 870 0089 00       		.byte	0
 871 008a 03       		.uleb128 0x3
 872 008b 0E       		.uleb128 0xe
 873 008c 3A       		.uleb128 0x3a
 874 008d 0B       		.uleb128 0xb
 875 008e 3B       		.uleb128 0x3b
 876 008f 0B       		.uleb128 0xb
 877 0090 49       		.uleb128 0x49
 878 0091 13       		.uleb128 0x13
 879 0092 3F       		.uleb128 0x3f
 880 0093 19       		.uleb128 0x19
 881 0094 02       		.uleb128 0x2
 882 0095 18       		.uleb128 0x18
 883 0096 00       		.byte	0
 884 0097 00       		.byte	0
 885 0098 0D       		.uleb128 0xd
 886 0099 26       		.uleb128 0x26
 887 009a 00       		.byte	0
 888 009b 49       		.uleb128 0x49
 889 009c 13       		.uleb128 0x13
 890 009d 00       		.byte	0
 891 009e 00       		.byte	0
 892 009f 00       		.byte	0
 893              		.section	.debug_aranges,"",%progbits
 894 0000 14000000 		.4byte	0x14
 895 0004 0200     		.2byte	0x2
 896 0006 00000000 		.4byte	.Ldebug_info0
 897 000a 04       		.byte	0x4
 898 000b 00       		.byte	0
 899 000c 0000     		.2byte	0
 900 000e 0000     		.2byte	0
 901 0010 00000000 		.4byte	0
 902 0014 00000000 		.4byte	0
 903              		.section	.debug_line,"",%progbits
 904              	.Ldebug_line0:
 905 0000 F8010000 		.section	.debug_str,"MS",%progbits,1
 905      0200F201 
 905      00000201 
 905      FB0E0D00 
 905      01010101 
 906              	.LASF181:
 907 0000 6973725F 		.ascii	"isr_gpio_cfg\000"
 907      6770696F 
ARM GAS  C:\Users\User\AppData\Local\Temp\cc7zoqeh.s 			page 17


 907      5F636667 
 907      00
 908              	.LASF123:
 909 000d 74637077 		.ascii	"tcpwm_1_interrupts_15_IRQn\000"
 909      6D5F315F 
 909      696E7465 
 909      72727570 
 909      74735F31 
 910              	.LASF12:
 911 0028 696F7373 		.ascii	"ioss_interrupts_gpio_2_IRQn\000"
 911      5F696E74 
 911      65727275 
 911      7074735F 
 911      6770696F 
 912              	.LASF56:
 913 0044 7363625F 		.ascii	"scb_5_interrupt_IRQn\000"
 913      355F696E 
 913      74657272 
 913      7570745F 
 913      4952516E 
 914              	.LASF104:
 915 0059 74637077 		.ascii	"tcpwm_0_interrupts_4_IRQn\000"
 915      6D5F305F 
 915      696E7465 
 915      72727570 
 915      74735F34 
 916              	.LASF32:
 917 0073 73727373 		.ascii	"srss_interrupt_IRQn\000"
 917      5F696E74 
 917      65727275 
 917      70745F49 
 917      52516E00 
 918              	.LASF28:
 919 0087 7363625F 		.ascii	"scb_8_interrupt_IRQn\000"
 919      385F696E 
 919      74657272 
 919      7570745F 
 919      4952516E 
 920              	.LASF61:
 921 009c 63707573 		.ascii	"cpuss_interrupts_dw0_1_IRQn\000"
 921      735F696E 
 921      74657272 
 921      75707473 
 921      5F647730 
 922              	.LASF144:
 923 00b8 7564625F 		.ascii	"udb_interrupts_12_IRQn\000"
 923      696E7465 
 923      72727570 
 923      74735F31 
 923      325F4952 
 924              	.LASF34:
 925 00cf 626C6573 		.ascii	"bless_interrupt_IRQn\000"
 925      735F696E 
 925      74657272 
 925      7570745F 
 925      4952516E 
 926              	.LASF133:
ARM GAS  C:\Users\User\AppData\Local\Temp\cc7zoqeh.s 			page 18


 927 00e4 7564625F 		.ascii	"udb_interrupts_1_IRQn\000"
 927      696E7465 
 927      72727570 
 927      74735F31 
 927      5F495251 
 928              	.LASF51:
 929 00fa 7363625F 		.ascii	"scb_0_interrupt_IRQn\000"
 929      305F696E 
 929      74657272 
 929      7570745F 
 929      4952516E 
 930              	.LASF116:
 931 010f 74637077 		.ascii	"tcpwm_1_interrupts_8_IRQn\000"
 931      6D5F315F 
 931      696E7465 
 931      72727570 
 931      74735F38 
 932              	.LASF39:
 933 0129 63707573 		.ascii	"cpuss_interrupts_ipc_4_IRQn\000"
 933      735F696E 
 933      74657272 
 933      75707473 
 933      5F697063 
 934              	.LASF46:
 935 0145 63707573 		.ascii	"cpuss_interrupts_ipc_11_IRQn\000"
 935      735F696E 
 935      74657272 
 935      75707473 
 935      5F697063 
 936              	.LASF132:
 937 0162 7564625F 		.ascii	"udb_interrupts_0_IRQn\000"
 937      696E7465 
 937      72727570 
 937      74735F30 
 937      5F495251 
 938              	.LASF168:
 939 0178 6C6F6E67 		.ascii	"long long unsigned int\000"
 939      206C6F6E 
 939      6720756E 
 939      7369676E 
 939      65642069 
 940              	.LASF155:
 941 018f 7573625F 		.ascii	"usb_interrupt_lo_IRQn\000"
 941      696E7465 
 941      72727570 
 941      745F6C6F 
 941      5F495251 
 942              	.LASF118:
 943 01a5 74637077 		.ascii	"tcpwm_1_interrupts_10_IRQn\000"
 943      6D5F315F 
 943      696E7465 
 943      72727570 
 943      74735F31 
 944              	.LASF169:
 945 01c0 756E7369 		.ascii	"unsigned int\000"
 945      676E6564 
 945      20696E74 
ARM GAS  C:\Users\User\AppData\Local\Temp\cc7zoqeh.s 			page 19


 945      00
 946              	.LASF10:
 947 01cd 696F7373 		.ascii	"ioss_interrupts_gpio_0_IRQn\000"
 947      5F696E74 
 947      65727275 
 947      7074735F 
 947      6770696F 
 948              	.LASF97:
 949 01e9 63707573 		.ascii	"cpuss_interrupts_cm0_cti_1_IRQn\000"
 949      735F696E 
 949      74657272 
 949      75707473 
 949      5F636D30 
 950              	.LASF19:
 951 0209 696F7373 		.ascii	"ioss_interrupts_gpio_9_IRQn\000"
 951      5F696E74 
 951      65727275 
 951      7074735F 
 951      6770696F 
 952              	.LASF156:
 953 0225 70617373 		.ascii	"pass_interrupt_dacs_IRQn\000"
 953      5F696E74 
 953      65727275 
 953      70745F64 
 953      6163735F 
 954              	.LASF138:
 955 023e 7564625F 		.ascii	"udb_interrupts_6_IRQn\000"
 955      696E7465 
 955      72727570 
 955      74735F36 
 955      5F495251 
 956              	.LASF0:
 957 0254 52657365 		.ascii	"Reset_IRQn\000"
 957      745F4952 
 957      516E00
 958              	.LASF124:
 959 025f 74637077 		.ascii	"tcpwm_1_interrupts_16_IRQn\000"
 959      6D5F315F 
 959      696E7465 
 959      72727570 
 959      74735F31 
 960              	.LASF185:
 961 027a 43595F45 		.ascii	"CY_EINK_SPIM_SCB_IRQ_cfg\000"
 961      494E4B5F 
 961      5350494D 
 961      5F534342 
 961      5F495251 
 962              	.LASF94:
 963 0293 63707573 		.ascii	"cpuss_interrupt_crypto_IRQn\000"
 963      735F696E 
 963      74657272 
 963      7570745F 
 963      63727970 
 964              	.LASF167:
 965 02af 6C6F6E67 		.ascii	"long long int\000"
 965      206C6F6E 
 965      6720696E 
ARM GAS  C:\Users\User\AppData\Local\Temp\cc7zoqeh.s 			page 20


 965      7400
 966              	.LASF159:
 967 02bd 7369676E 		.ascii	"signed char\000"
 967      65642063 
 967      68617200 
 968              	.LASF105:
 969 02c9 74637077 		.ascii	"tcpwm_0_interrupts_5_IRQn\000"
 969      6D5F305F 
 969      696E7465 
 969      72727570 
 969      74735F35 
 970              	.LASF85:
 971 02e3 63707573 		.ascii	"cpuss_interrupts_dw1_9_IRQn\000"
 971      735F696E 
 971      74657272 
 971      75707473 
 971      5F647731 
 972              	.LASF62:
 973 02ff 63707573 		.ascii	"cpuss_interrupts_dw0_2_IRQn\000"
 973      735F696E 
 973      74657272 
 973      75707473 
 973      5F647730 
 974              	.LASF145:
 975 031b 7564625F 		.ascii	"udb_interrupts_13_IRQn\000"
 975      696E7465 
 975      72727570 
 975      74735F31 
 975      335F4952 
 976              	.LASF27:
 977 0332 6C70636F 		.ascii	"lpcomp_interrupt_IRQn\000"
 977      6D705F69 
 977      6E746572 
 977      72757074 
 977      5F495251 
 978              	.LASF184:
 979 0348 55617274 		.ascii	"Uart_Printf_SCB_IRQ_cfg\000"
 979      5F507269 
 979      6E74665F 
 979      5343425F 
 979      4952515F 
 980              	.LASF108:
 981 0360 74637077 		.ascii	"tcpwm_1_interrupts_0_IRQn\000"
 981      6D5F315F 
 981      696E7465 
 981      72727570 
 981      74735F30 
 982              	.LASF164:
 983 037a 6C6F6E67 		.ascii	"long int\000"
 983      20696E74 
 983      00
 984              	.LASF117:
 985 0383 74637077 		.ascii	"tcpwm_1_interrupts_9_IRQn\000"
 985      6D5F315F 
 985      696E7465 
 985      72727570 
 985      74735F39 
ARM GAS  C:\Users\User\AppData\Local\Temp\cc7zoqeh.s 			page 21


 986              	.LASF40:
 987 039d 63707573 		.ascii	"cpuss_interrupts_ipc_5_IRQn\000"
 987      735F696E 
 987      74657272 
 987      75707473 
 987      5F697063 
 988              	.LASF83:
 989 03b9 63707573 		.ascii	"cpuss_interrupts_dw1_7_IRQn\000"
 989      735F696E 
 989      74657272 
 989      75707473 
 989      5F647731 
 990              	.LASF47:
 991 03d5 63707573 		.ascii	"cpuss_interrupts_ipc_12_IRQn\000"
 991      735F696E 
 991      74657272 
 991      75707473 
 991      5F697063 
 992              	.LASF84:
 993 03f2 63707573 		.ascii	"cpuss_interrupts_dw1_8_IRQn\000"
 993      735F696E 
 993      74657272 
 993      75707473 
 993      5F647731 
 994              	.LASF177:
 995 040e 696E7472 		.ascii	"intrSrc\000"
 995      53726300 
 996              	.LASF119:
 997 0416 74637077 		.ascii	"tcpwm_1_interrupts_11_IRQn\000"
 997      6D5F315F 
 997      696E7465 
 997      72727570 
 997      74735F31 
 998              	.LASF64:
 999 0431 63707573 		.ascii	"cpuss_interrupts_dw0_4_IRQn\000"
 999      735F696E 
 999      74657272 
 999      75707473 
 999      5F647730 
 1000              	.LASF25:
 1001 044d 696F7373 		.ascii	"ioss_interrupt_gpio_IRQn\000"
 1001      5F696E74 
 1001      65727275 
 1001      70745F67 
 1001      70696F5F 
 1002              	.LASF29:
 1003 0466 73727373 		.ascii	"srss_interrupt_mcwdt_0_IRQn\000"
 1003      5F696E74 
 1003      65727275 
 1003      70745F6D 
 1003      63776474 
 1004              	.LASF176:
 1005 0482 646F7562 		.ascii	"double\000"
 1005      6C6500
 1006              	.LASF149:
 1007 0489 61756469 		.ascii	"audioss_interrupt_i2s_IRQn\000"
 1007      6F73735F 
ARM GAS  C:\Users\User\AppData\Local\Temp\cc7zoqeh.s 			page 22


 1007      696E7465 
 1007      72727570 
 1007      745F6932 
 1008              	.LASF66:
 1009 04a4 63707573 		.ascii	"cpuss_interrupts_dw0_6_IRQn\000"
 1009      735F696E 
 1009      74657272 
 1009      75707473 
 1009      5F647730 
 1010              	.LASF99:
 1011 04c0 63707573 		.ascii	"cpuss_interrupts_cm4_cti_1_IRQn\000"
 1011      735F696E 
 1011      74657272 
 1011      75707473 
 1011      5F636D34 
 1012              	.LASF58:
 1013 04e0 7363625F 		.ascii	"scb_7_interrupt_IRQn\000"
 1013      375F696E 
 1013      74657272 
 1013      7570745F 
 1013      4952516E 
 1014              	.LASF106:
 1015 04f5 74637077 		.ascii	"tcpwm_0_interrupts_6_IRQn\000"
 1015      6D5F305F 
 1015      696E7465 
 1015      72727570 
 1015      74735F36 
 1016              	.LASF165:
 1017 050f 5F5F7569 		.ascii	"__uint32_t\000"
 1017      6E743332 
 1017      5F7400
 1018              	.LASF4:
 1019 051a 42757346 		.ascii	"BusFault_IRQn\000"
 1019      61756C74 
 1019      5F495251 
 1019      6E00
 1020              	.LASF52:
 1021 0528 7363625F 		.ascii	"scb_1_interrupt_IRQn\000"
 1021      315F696E 
 1021      74657272 
 1021      7570745F 
 1021      4952516E 
 1022              	.LASF146:
 1023 053d 7564625F 		.ascii	"udb_interrupts_14_IRQn\000"
 1023      696E7465 
 1023      72727570 
 1023      74735F31 
 1023      345F4952 
 1024              	.LASF33:
 1025 0554 70617373 		.ascii	"pass_interrupt_ctbs_IRQn\000"
 1025      5F696E74 
 1025      65727275 
 1025      70745F63 
 1025      7462735F 
 1026              	.LASF53:
 1027 056d 7363625F 		.ascii	"scb_2_interrupt_IRQn\000"
 1027      325F696E 
ARM GAS  C:\Users\User\AppData\Local\Temp\cc7zoqeh.s 			page 23


 1027      74657272 
 1027      7570745F 
 1027      4952516E 
 1028              	.LASF74:
 1029 0582 63707573 		.ascii	"cpuss_interrupts_dw0_14_IRQn\000"
 1029      735F696E 
 1029      74657272 
 1029      75707473 
 1029      5F647730 
 1030              	.LASF15:
 1031 059f 696F7373 		.ascii	"ioss_interrupts_gpio_5_IRQn\000"
 1031      5F696E74 
 1031      65727275 
 1031      7074735F 
 1031      6770696F 
 1032              	.LASF41:
 1033 05bb 63707573 		.ascii	"cpuss_interrupts_ipc_6_IRQn\000"
 1033      735F696E 
 1033      74657272 
 1033      75707473 
 1033      5F697063 
 1034              	.LASF134:
 1035 05d7 7564625F 		.ascii	"udb_interrupts_2_IRQn\000"
 1035      696E7465 
 1035      72727570 
 1035      74735F32 
 1035      5F495251 
 1036              	.LASF23:
 1037 05ed 696F7373 		.ascii	"ioss_interrupts_gpio_13_IRQn\000"
 1037      5F696E74 
 1037      65727275 
 1037      7074735F 
 1037      6770696F 
 1038              	.LASF120:
 1039 060a 74637077 		.ascii	"tcpwm_1_interrupts_12_IRQn\000"
 1039      6D5F315F 
 1039      696E7465 
 1039      72727570 
 1039      74735F31 
 1040              	.LASF89:
 1041 0625 63707573 		.ascii	"cpuss_interrupts_dw1_13_IRQn\000"
 1041      735F696E 
 1041      74657272 
 1041      75707473 
 1041      5F647731 
 1042              	.LASF166:
 1043 0642 6C6F6E67 		.ascii	"long unsigned int\000"
 1043      20756E73 
 1043      69676E65 
 1043      6420696E 
 1043      7400
 1044              	.LASF30:
 1045 0654 73727373 		.ascii	"srss_interrupt_mcwdt_1_IRQn\000"
 1045      5F696E74 
 1045      65727275 
 1045      70745F6D 
 1045      63776474 
ARM GAS  C:\Users\User\AppData\Local\Temp\cc7zoqeh.s 			page 24


 1046              	.LASF101:
 1047 0670 74637077 		.ascii	"tcpwm_0_interrupts_1_IRQn\000"
 1047      6D5F305F 
 1047      696E7465 
 1047      72727570 
 1047      74735F31 
 1048              	.LASF154:
 1049 068a 7573625F 		.ascii	"usb_interrupt_med_IRQn\000"
 1049      696E7465 
 1049      72727570 
 1049      745F6D65 
 1049      645F4952 
 1050              	.LASF92:
 1051 06a1 63707573 		.ascii	"cpuss_interrupts_fault_0_IRQn\000"
 1051      735F696E 
 1051      74657272 
 1051      75707473 
 1051      5F666175 
 1052              	.LASF6:
 1053 06bf 53564361 		.ascii	"SVCall_IRQn\000"
 1053      6C6C5F49 
 1053      52516E00 
 1054              	.LASF161:
 1055 06cb 73686F72 		.ascii	"short unsigned int\000"
 1055      7420756E 
 1055      7369676E 
 1055      65642069 
 1055      6E7400
 1056              	.LASF113:
 1057 06de 74637077 		.ascii	"tcpwm_1_interrupts_5_IRQn\000"
 1057      6D5F315F 
 1057      696E7465 
 1057      72727570 
 1057      74735F35 
 1058              	.LASF36:
 1059 06f8 63707573 		.ascii	"cpuss_interrupts_ipc_1_IRQn\000"
 1059      735F696E 
 1059      74657272 
 1059      75707473 
 1059      5F697063 
 1060              	.LASF80:
 1061 0714 63707573 		.ascii	"cpuss_interrupts_dw1_4_IRQn\000"
 1061      735F696E 
 1061      74657272 
 1061      75707473 
 1061      5F647731 
 1062              	.LASF95:
 1063 0730 63707573 		.ascii	"cpuss_interrupt_fm_IRQn\000"
 1063      735F696E 
 1063      74657272 
 1063      7570745F 
 1063      666D5F49 
 1064              	.LASF75:
 1065 0748 63707573 		.ascii	"cpuss_interrupts_dw0_15_IRQn\000"
 1065      735F696E 
 1065      74657272 
 1065      75707473 
ARM GAS  C:\Users\User\AppData\Local\Temp\cc7zoqeh.s 			page 25


 1065      5F647730 
 1066              	.LASF16:
 1067 0765 696F7373 		.ascii	"ioss_interrupts_gpio_6_IRQn\000"
 1067      5F696E74 
 1067      65727275 
 1067      7074735F 
 1067      6770696F 
 1068              	.LASF152:
 1069 0781 736D6966 		.ascii	"smif_interrupt_IRQn\000"
 1069      5F696E74 
 1069      65727275 
 1069      70745F49 
 1069      52516E00 
 1070              	.LASF135:
 1071 0795 7564625F 		.ascii	"udb_interrupts_3_IRQn\000"
 1071      696E7465 
 1071      72727570 
 1071      74735F33 
 1071      5F495251 
 1072              	.LASF24:
 1073 07ab 696F7373 		.ascii	"ioss_interrupts_gpio_14_IRQn\000"
 1073      5F696E74 
 1073      65727275 
 1073      7074735F 
 1073      6770696F 
 1074              	.LASF9:
 1075 07c8 53797354 		.ascii	"SysTick_IRQn\000"
 1075      69636B5F 
 1075      4952516E 
 1075      00
 1076              	.LASF90:
 1077 07d5 63707573 		.ascii	"cpuss_interrupts_dw1_14_IRQn\000"
 1077      735F696E 
 1077      74657272 
 1077      75707473 
 1077      5F647731 
 1078              	.LASF131:
 1079 07f2 74637077 		.ascii	"tcpwm_1_interrupts_23_IRQn\000"
 1079      6D5F315F 
 1079      696E7465 
 1079      72727570 
 1079      74735F32 
 1080              	.LASF102:
 1081 080d 74637077 		.ascii	"tcpwm_0_interrupts_2_IRQn\000"
 1081      6D5F305F 
 1081      696E7465 
 1081      72727570 
 1081      74735F32 
 1082              	.LASF121:
 1083 0827 74637077 		.ascii	"tcpwm_1_interrupts_13_IRQn\000"
 1083      6D5F315F 
 1083      696E7465 
 1083      72727570 
 1083      74735F31 
 1084              	.LASF93:
 1085 0842 63707573 		.ascii	"cpuss_interrupts_fault_1_IRQn\000"
 1085      735F696E 
ARM GAS  C:\Users\User\AppData\Local\Temp\cc7zoqeh.s 			page 26


 1085      74657272 
 1085      75707473 
 1085      5F666175 
 1086              	.LASF172:
 1087 0860 73697A65 		.ascii	"sizetype\000"
 1087      74797065 
 1087      00
 1088              	.LASF142:
 1089 0869 7564625F 		.ascii	"udb_interrupts_10_IRQn\000"
 1089      696E7465 
 1089      72727570 
 1089      74735F31 
 1089      305F4952 
 1090              	.LASF68:
 1091 0880 63707573 		.ascii	"cpuss_interrupts_dw0_8_IRQn\000"
 1091      735F696E 
 1091      74657272 
 1091      75707473 
 1091      5F647730 
 1092              	.LASF179:
 1093 089c 63795F73 		.ascii	"cy_stc_sysint_t\000"
 1093      74635F73 
 1093      7973696E 
 1093      745F7400 
 1094              	.LASF70:
 1095 08ac 63707573 		.ascii	"cpuss_interrupts_dw0_10_IRQn\000"
 1095      735F696E 
 1095      74657272 
 1095      75707473 
 1095      5F647730 
 1096              	.LASF114:
 1097 08c9 74637077 		.ascii	"tcpwm_1_interrupts_6_IRQn\000"
 1097      6D5F315F 
 1097      696E7465 
 1097      72727570 
 1097      74735F36 
 1098              	.LASF37:
 1099 08e3 63707573 		.ascii	"cpuss_interrupts_ipc_2_IRQn\000"
 1099      735F696E 
 1099      74657272 
 1099      75707473 
 1099      5F697063 
 1100              	.LASF81:
 1101 08ff 63707573 		.ascii	"cpuss_interrupts_dw1_5_IRQn\000"
 1101      735F696E 
 1101      74657272 
 1101      75707473 
 1101      5F647731 
 1102              	.LASF139:
 1103 091b 7564625F 		.ascii	"udb_interrupts_7_IRQn\000"
 1103      696E7465 
 1103      72727570 
 1103      74735F37 
 1103      5F495251 
 1104              	.LASF125:
 1105 0931 74637077 		.ascii	"tcpwm_1_interrupts_17_IRQn\000"
 1105      6D5F315F 
ARM GAS  C:\Users\User\AppData\Local\Temp\cc7zoqeh.s 			page 27


 1105      696E7465 
 1105      72727570 
 1105      74735F31 
 1106              	.LASF55:
 1107 094c 7363625F 		.ascii	"scb_4_interrupt_IRQn\000"
 1107      345F696E 
 1107      74657272 
 1107      7570745F 
 1107      4952516E 
 1108              	.LASF17:
 1109 0961 696F7373 		.ascii	"ioss_interrupts_gpio_7_IRQn\000"
 1109      5F696E74 
 1109      65727275 
 1109      7074735F 
 1109      6770696F 
 1110              	.LASF73:
 1111 097d 63707573 		.ascii	"cpuss_interrupts_dw0_13_IRQn\000"
 1111      735F696E 
 1111      74657272 
 1111      75707473 
 1111      5F647730 
 1112              	.LASF187:
 1113 099a 474E5520 		.ascii	"GNU C11 5.4.1 20160609 (release) [ARM/embedded-5-br"
 1113      43313120 
 1113      352E342E 
 1113      31203230 
 1113      31363036 
 1114 09cd 616E6368 		.ascii	"anch revision 237715] -mcpu=cortex-m4 -mfloat-abi=s"
 1114      20726576 
 1114      6973696F 
 1114      6E203233 
 1114      37373135 
 1115 0a00 6F667466 		.ascii	"oftfp -mfpu=fpv4-sp-d16 -mthumb -g -Og -ffunction-s"
 1115      70202D6D 
 1115      6670753D 
 1115      66707634 
 1115      2D73702D 
 1116 0a33 65637469 		.ascii	"ections -ffat-lto-objects\000"
 1116      6F6E7320 
 1116      2D666661 
 1116      742D6C74 
 1116      6F2D6F62 
 1117              	.LASF91:
 1118 0a4d 63707573 		.ascii	"cpuss_interrupts_dw1_15_IRQn\000"
 1118      735F696E 
 1118      74657272 
 1118      75707473 
 1118      5F647731 
 1119              	.LASF153:
 1120 0a6a 7573625F 		.ascii	"usb_interrupt_hi_IRQn\000"
 1120      696E7465 
 1120      72727570 
 1120      745F6869 
 1120      5F495251 
 1121              	.LASF175:
 1122 0a80 666C6F61 		.ascii	"float\000"
 1122      7400
ARM GAS  C:\Users\User\AppData\Local\Temp\cc7zoqeh.s 			page 28


 1123              	.LASF63:
 1124 0a86 63707573 		.ascii	"cpuss_interrupts_dw0_3_IRQn\000"
 1124      735F696E 
 1124      74657272 
 1124      75707473 
 1124      5F647730 
 1125              	.LASF21:
 1126 0aa2 696F7373 		.ascii	"ioss_interrupts_gpio_11_IRQn\000"
 1126      5F696E74 
 1126      65727275 
 1126      7074735F 
 1126      6770696F 
 1127              	.LASF3:
 1128 0abf 4D656D6F 		.ascii	"MemoryManagement_IRQn\000"
 1128      72794D61 
 1128      6E616765 
 1128      6D656E74 
 1128      5F495251 
 1129              	.LASF103:
 1130 0ad5 74637077 		.ascii	"tcpwm_0_interrupts_3_IRQn\000"
 1130      6D5F305F 
 1130      696E7465 
 1130      72727570 
 1130      74735F33 
 1131              	.LASF128:
 1132 0aef 74637077 		.ascii	"tcpwm_1_interrupts_20_IRQn\000"
 1132      6D5F315F 
 1132      696E7465 
 1132      72727570 
 1132      74735F32 
 1133              	.LASF109:
 1134 0b0a 74637077 		.ascii	"tcpwm_1_interrupts_1_IRQn\000"
 1134      6D5F315F 
 1134      696E7465 
 1134      72727570 
 1134      74735F31 
 1135              	.LASF76:
 1136 0b24 63707573 		.ascii	"cpuss_interrupts_dw1_0_IRQn\000"
 1136      735F696E 
 1136      74657272 
 1136      75707473 
 1136      5F647731 
 1137              	.LASF143:
 1138 0b40 7564625F 		.ascii	"udb_interrupts_11_IRQn\000"
 1138      696E7465 
 1138      72727570 
 1138      74735F31 
 1138      315F4952 
 1139              	.LASF69:
 1140 0b57 63707573 		.ascii	"cpuss_interrupts_dw0_9_IRQn\000"
 1140      735F696E 
 1140      74657272 
 1140      75707473 
 1140      5F647730 
 1141              	.LASF170:
 1142 0b73 696E7433 		.ascii	"int32_t\000"
 1142      325F7400 
ARM GAS  C:\Users\User\AppData\Local\Temp\cc7zoqeh.s 			page 29


 1143              	.LASF160:
 1144 0b7b 756E7369 		.ascii	"unsigned char\000"
 1144      676E6564 
 1144      20636861 
 1144      7200
 1145              	.LASF71:
 1146 0b89 63707573 		.ascii	"cpuss_interrupts_dw0_11_IRQn\000"
 1146      735F696E 
 1146      74657272 
 1146      75707473 
 1146      5F647730 
 1147              	.LASF115:
 1148 0ba6 74637077 		.ascii	"tcpwm_1_interrupts_7_IRQn\000"
 1148      6D5F315F 
 1148      696E7465 
 1148      72727570 
 1148      74735F37 
 1149              	.LASF38:
 1150 0bc0 63707573 		.ascii	"cpuss_interrupts_ipc_3_IRQn\000"
 1150      735F696E 
 1150      74657272 
 1150      75707473 
 1150      5F697063 
 1151              	.LASF183:
 1152 0bdc 4932435F 		.ascii	"I2C_SCB_IRQ_cfg\000"
 1152      5343425F 
 1152      4952515F 
 1152      63666700 
 1153              	.LASF180:
 1154 0bec 49544D5F 		.ascii	"ITM_RxBuffer\000"
 1154      52784275 
 1154      66666572 
 1154      00
 1155              	.LASF182:
 1156 0bf9 6973725F 		.ascii	"isr_MCWDT_cfg\000"
 1156      4D435744 
 1156      545F6366 
 1156      6700
 1157              	.LASF20:
 1158 0c07 696F7373 		.ascii	"ioss_interrupts_gpio_10_IRQn\000"
 1158      5F696E74 
 1158      65727275 
 1158      7074735F 
 1158      6770696F 
 1159              	.LASF140:
 1160 0c24 7564625F 		.ascii	"udb_interrupts_8_IRQn\000"
 1160      696E7465 
 1160      72727570 
 1160      74735F38 
 1160      5F495251 
 1161              	.LASF157:
 1162 0c3a 756E636F 		.ascii	"unconnected_IRQn\000"
 1162      6E6E6563 
 1162      7465645F 
 1162      4952516E 
 1162      00
 1163              	.LASF158:
ARM GAS  C:\Users\User\AppData\Local\Temp\cc7zoqeh.s 			page 30


 1164 0c4b 73686F72 		.ascii	"short int\000"
 1164      7420696E 
 1164      7400
 1165              	.LASF98:
 1166 0c55 63707573 		.ascii	"cpuss_interrupts_cm4_cti_0_IRQn\000"
 1166      735F696E 
 1166      74657272 
 1166      75707473 
 1166      5F636D34 
 1167              	.LASF126:
 1168 0c75 74637077 		.ascii	"tcpwm_1_interrupts_18_IRQn\000"
 1168      6D5F315F 
 1168      696E7465 
 1168      72727570 
 1168      74735F31 
 1169              	.LASF79:
 1170 0c90 63707573 		.ascii	"cpuss_interrupts_dw1_3_IRQn\000"
 1170      735F696E 
 1170      74657272 
 1170      75707473 
 1170      5F647731 
 1171              	.LASF107:
 1172 0cac 74637077 		.ascii	"tcpwm_0_interrupts_7_IRQn\000"
 1172      6D5F305F 
 1172      696E7465 
 1172      72727570 
 1172      74735F37 
 1173              	.LASF1:
 1174 0cc6 4E6F6E4D 		.ascii	"NonMaskableInt_IRQn\000"
 1174      61736B61 
 1174      626C6549 
 1174      6E745F49 
 1174      52516E00 
 1175              	.LASF87:
 1176 0cda 63707573 		.ascii	"cpuss_interrupts_dw1_11_IRQn\000"
 1176      735F696E 
 1176      74657272 
 1176      75707473 
 1176      5F647731 
 1177              	.LASF147:
 1178 0cf7 7564625F 		.ascii	"udb_interrupts_15_IRQn\000"
 1178      696E7465 
 1178      72727570 
 1178      74735F31 
 1178      355F4952 
 1179              	.LASF162:
 1180 0d0e 4952516E 		.ascii	"IRQn_Type\000"
 1180      5F547970 
 1180      6500
 1181              	.LASF129:
 1182 0d18 74637077 		.ascii	"tcpwm_1_interrupts_21_IRQn\000"
 1182      6D5F315F 
 1182      696E7465 
 1182      72727570 
 1182      74735F32 
 1183              	.LASF171:
 1184 0d33 75696E74 		.ascii	"uint32_t\000"
ARM GAS  C:\Users\User\AppData\Local\Temp\cc7zoqeh.s 			page 31


 1184      33325F74 
 1184      00
 1185              	.LASF110:
 1186 0d3c 74637077 		.ascii	"tcpwm_1_interrupts_2_IRQn\000"
 1186      6D5F315F 
 1186      696E7465 
 1186      72727570 
 1186      74735F32 
 1187              	.LASF5:
 1188 0d56 55736167 		.ascii	"UsageFault_IRQn\000"
 1188      65466175 
 1188      6C745F49 
 1188      52516E00 
 1189              	.LASF42:
 1190 0d66 63707573 		.ascii	"cpuss_interrupts_ipc_7_IRQn\000"
 1190      735F696E 
 1190      74657272 
 1190      75707473 
 1190      5F697063 
 1191              	.LASF77:
 1192 0d82 63707573 		.ascii	"cpuss_interrupts_dw1_1_IRQn\000"
 1192      735F696E 
 1192      74657272 
 1192      75707473 
 1192      5F647731 
 1193              	.LASF49:
 1194 0d9e 63707573 		.ascii	"cpuss_interrupts_ipc_14_IRQn\000"
 1194      735F696E 
 1194      74657272 
 1194      75707473 
 1194      5F697063 
 1195              	.LASF150:
 1196 0dbb 61756469 		.ascii	"audioss_interrupt_pdm_IRQn\000"
 1196      6F73735F 
 1196      696E7465 
 1196      72727570 
 1196      745F7064 
 1197              	.LASF173:
 1198 0dd6 6C6F6E67 		.ascii	"long double\000"
 1198      20646F75 
 1198      626C6500 
 1199              	.LASF174:
 1200 0de2 63686172 		.ascii	"char\000"
 1200      00
 1201              	.LASF188:
 1202 0de7 47656E65 		.ascii	"Generated_Source\\PSoC6\\cyfitter_sysint_cfg.c\000"
 1202      72617465 
 1202      645F536F 
 1202      75726365 
 1202      5C50536F 
 1203              	.LASF72:
 1204 0e14 63707573 		.ascii	"cpuss_interrupts_dw0_12_IRQn\000"
 1204      735F696E 
 1204      74657272 
 1204      75707473 
 1204      5F647730 
 1205              	.LASF13:
ARM GAS  C:\Users\User\AppData\Local\Temp\cc7zoqeh.s 			page 32


 1206 0e31 696F7373 		.ascii	"ioss_interrupts_gpio_3_IRQn\000"
 1206      5F696E74 
 1206      65727275 
 1206      7074735F 
 1206      6770696F 
 1207              	.LASF148:
 1208 0e4d 70617373 		.ascii	"pass_interrupt_sar_IRQn\000"
 1208      5F696E74 
 1208      65727275 
 1208      70745F73 
 1208      61725F49 
 1209              	.LASF8:
 1210 0e65 50656E64 		.ascii	"PendSV_IRQn\000"
 1210      53565F49 
 1210      52516E00 
 1211              	.LASF54:
 1212 0e71 7363625F 		.ascii	"scb_3_interrupt_IRQn\000"
 1212      335F696E 
 1212      74657272 
 1212      7570745F 
 1212      4952516E 
 1213              	.LASF141:
 1214 0e86 7564625F 		.ascii	"udb_interrupts_9_IRQn\000"
 1214      696E7465 
 1214      72727570 
 1214      74735F39 
 1214      5F495251 
 1215              	.LASF189:
 1216 0e9c 433A5C55 		.ascii	"C:\\Users\\User\\Desktop\\SmartBottle_v0p1\\SmartBo"
 1216      73657273 
 1216      5C557365 
 1216      725C4465 
 1216      736B746F 
 1217 0eca 74746C65 		.ascii	"ttle_v0p1.cydsn\000"
 1217      5F763070 
 1217      312E6379 
 1217      64736E00 
 1218              	.LASF163:
 1219 0eda 5F5F696E 		.ascii	"__int32_t\000"
 1219      7433325F 
 1219      7400
 1220              	.LASF127:
 1221 0ee4 74637077 		.ascii	"tcpwm_1_interrupts_19_IRQn\000"
 1221      6D5F315F 
 1221      696E7465 
 1221      72727570 
 1221      74735F31 
 1222              	.LASF57:
 1223 0eff 7363625F 		.ascii	"scb_6_interrupt_IRQn\000"
 1223      365F696E 
 1223      74657272 
 1223      7570745F 
 1223      4952516E 
 1224              	.LASF11:
 1225 0f14 696F7373 		.ascii	"ioss_interrupts_gpio_1_IRQn\000"
 1225      5F696E74 
 1225      65727275 
ARM GAS  C:\Users\User\AppData\Local\Temp\cc7zoqeh.s 			page 33


 1225      7074735F 
 1225      6770696F 
 1226              	.LASF2:
 1227 0f30 48617264 		.ascii	"HardFault_IRQn\000"
 1227      4661756C 
 1227      745F4952 
 1227      516E00
 1228              	.LASF65:
 1229 0f3f 63707573 		.ascii	"cpuss_interrupts_dw0_5_IRQn\000"
 1229      735F696E 
 1229      74657272 
 1229      75707473 
 1229      5F647730 
 1230              	.LASF7:
 1231 0f5b 44656275 		.ascii	"DebugMonitor_IRQn\000"
 1231      674D6F6E 
 1231      69746F72 
 1231      5F495251 
 1231      6E00
 1232              	.LASF59:
 1233 0f6d 6373645F 		.ascii	"csd_interrupt_IRQn\000"
 1233      696E7465 
 1233      72727570 
 1233      745F4952 
 1233      516E00
 1234              	.LASF35:
 1235 0f80 63707573 		.ascii	"cpuss_interrupts_ipc_0_IRQn\000"
 1235      735F696E 
 1235      74657272 
 1235      75707473 
 1235      5F697063 
 1236              	.LASF130:
 1237 0f9c 74637077 		.ascii	"tcpwm_1_interrupts_22_IRQn\000"
 1237      6D5F315F 
 1237      696E7465 
 1237      72727570 
 1237      74735F32 
 1238              	.LASF111:
 1239 0fb7 74637077 		.ascii	"tcpwm_1_interrupts_3_IRQn\000"
 1239      6D5F315F 
 1239      696E7465 
 1239      72727570 
 1239      74735F33 
 1240              	.LASF43:
 1241 0fd1 63707573 		.ascii	"cpuss_interrupts_ipc_8_IRQn\000"
 1241      735F696E 
 1241      74657272 
 1241      75707473 
 1241      5F697063 
 1242              	.LASF78:
 1243 0fed 63707573 		.ascii	"cpuss_interrupts_dw1_2_IRQn\000"
 1243      735F696E 
 1243      74657272 
 1243      75707473 
 1243      5F647731 
 1244              	.LASF50:
 1245 1009 63707573 		.ascii	"cpuss_interrupts_ipc_15_IRQn\000"
ARM GAS  C:\Users\User\AppData\Local\Temp\cc7zoqeh.s 			page 34


 1245      735F696E 
 1245      74657272 
 1245      75707473 
 1245      5F697063 
 1246              	.LASF136:
 1247 1026 7564625F 		.ascii	"udb_interrupts_4_IRQn\000"
 1247      696E7465 
 1247      72727570 
 1247      74735F34 
 1247      5F495251 
 1248              	.LASF122:
 1249 103c 74637077 		.ascii	"tcpwm_1_interrupts_14_IRQn\000"
 1249      6D5F315F 
 1249      696E7465 
 1249      72727570 
 1249      74735F31 
 1250              	.LASF14:
 1251 1057 696F7373 		.ascii	"ioss_interrupts_gpio_4_IRQn\000"
 1251      5F696E74 
 1251      65727275 
 1251      7074735F 
 1251      6770696F 
 1252              	.LASF186:
 1253 1073 43617053 		.ascii	"CapSense_ISR_cfg\000"
 1253      656E7365 
 1253      5F495352 
 1253      5F636667 
 1253      00
 1254              	.LASF22:
 1255 1084 696F7373 		.ascii	"ioss_interrupts_gpio_12_IRQn\000"
 1255      5F696E74 
 1255      65727275 
 1255      7074735F 
 1255      6770696F 
 1256              	.LASF151:
 1257 10a1 70726F66 		.ascii	"profile_interrupt_IRQn\000"
 1257      696C655F 
 1257      696E7465 
 1257      72727570 
 1257      745F4952 
 1258              	.LASF88:
 1259 10b8 63707573 		.ascii	"cpuss_interrupts_dw1_12_IRQn\000"
 1259      735F696E 
 1259      74657272 
 1259      75707473 
 1259      5F647731 
 1260              	.LASF60:
 1261 10d5 63707573 		.ascii	"cpuss_interrupts_dw0_0_IRQn\000"
 1261      735F696E 
 1261      74657272 
 1261      75707473 
 1261      5F647730 
 1262              	.LASF26:
 1263 10f1 696F7373 		.ascii	"ioss_interrupt_vdd_IRQn\000"
 1263      5F696E74 
 1263      65727275 
 1263      70745F76 
ARM GAS  C:\Users\User\AppData\Local\Temp\cc7zoqeh.s 			page 35


 1263      64645F49 
 1264              	.LASF100:
 1265 1109 74637077 		.ascii	"tcpwm_0_interrupts_0_IRQn\000"
 1265      6D5F305F 
 1265      696E7465 
 1265      72727570 
 1265      74735F30 
 1266              	.LASF86:
 1267 1123 63707573 		.ascii	"cpuss_interrupts_dw1_10_IRQn\000"
 1267      735F696E 
 1267      74657272 
 1267      75707473 
 1267      5F647731 
 1268              	.LASF31:
 1269 1140 73727373 		.ascii	"srss_interrupt_backup_IRQn\000"
 1269      5F696E74 
 1269      65727275 
 1269      70745F62 
 1269      61636B75 
 1270              	.LASF45:
 1271 115b 63707573 		.ascii	"cpuss_interrupts_ipc_10_IRQn\000"
 1271      735F696E 
 1271      74657272 
 1271      75707473 
 1271      5F697063 
 1272              	.LASF82:
 1273 1178 63707573 		.ascii	"cpuss_interrupts_dw1_6_IRQn\000"
 1273      735F696E 
 1273      74657272 
 1273      75707473 
 1273      5F647731 
 1274              	.LASF67:
 1275 1194 63707573 		.ascii	"cpuss_interrupts_dw0_7_IRQn\000"
 1275      735F696E 
 1275      74657272 
 1275      75707473 
 1275      5F647730 
 1276              	.LASF178:
 1277 11b0 696E7472 		.ascii	"intrPriority\000"
 1277      5072696F 
 1277      72697479 
 1277      00
 1278              	.LASF112:
 1279 11bd 74637077 		.ascii	"tcpwm_1_interrupts_4_IRQn\000"
 1279      6D5F315F 
 1279      696E7465 
 1279      72727570 
 1279      74735F34 
 1280              	.LASF96:
 1281 11d7 63707573 		.ascii	"cpuss_interrupts_cm0_cti_0_IRQn\000"
 1281      735F696E 
 1281      74657272 
 1281      75707473 
 1281      5F636D30 
 1282              	.LASF18:
 1283 11f7 696F7373 		.ascii	"ioss_interrupts_gpio_8_IRQn\000"
 1283      5F696E74 
ARM GAS  C:\Users\User\AppData\Local\Temp\cc7zoqeh.s 			page 36


 1283      65727275 
 1283      7074735F 
 1283      6770696F 
 1284              	.LASF44:
 1285 1213 63707573 		.ascii	"cpuss_interrupts_ipc_9_IRQn\000"
 1285      735F696E 
 1285      74657272 
 1285      75707473 
 1285      5F697063 
 1286              	.LASF137:
 1287 122f 7564625F 		.ascii	"udb_interrupts_5_IRQn\000"
 1287      696E7465 
 1287      72727570 
 1287      74735F35 
 1287      5F495251 
 1288              	.LASF48:
 1289 1245 63707573 		.ascii	"cpuss_interrupts_ipc_13_IRQn\000"
 1289      735F696E 
 1289      74657272 
 1289      75707473 
 1289      5F697063 
 1290              		.ident	"GCC: (GNU Tools for ARM Embedded Processors) 5.4.1 20160609 (release) [ARM/embedded-5-bran
