ARM GAS  C:\Users\User\AppData\Local\Temp\ccbX2USA.s 			page 1


   1              		.syntax unified
   2              		.cpu cortex-m4
   3              		.eabi_attribute 27, 1
   4              		.fpu fpv4-sp-d16
   5              		.eabi_attribute 20, 1
   6              		.eabi_attribute 21, 1
   7              		.eabi_attribute 23, 3
   8              		.eabi_attribute 24, 1
   9              		.eabi_attribute 25, 1
  10              		.eabi_attribute 26, 1
  11              		.eabi_attribute 30, 1
  12              		.eabi_attribute 34, 1
  13              		.eabi_attribute 18, 4
  14              		.thumb
  15              		.syntax unified
  16              		.file	"proximity.c"
  17              		.text
  18              	.Ltext0:
  19              		.cfi_sections	.debug_frame
  20              		.section	.text.GetProximityData,"ax",%progbits
  21              		.align	2
  22              		.global	GetProximityData
  23              		.thumb
  24              		.thumb_func
  25              		.type	GetProximityData, %function
  26              	GetProximityData:
  27              	.LFB647:
  28              		.file 1 "proximity.c"
   1:proximity.c   **** /******************************************************************************
   2:proximity.c   **** * File Name: proximity.c
   3:proximity.c   **** *
   4:proximity.c   **** * Version: 1.00
   5:proximity.c   **** *
   6:proximity.c   **** * Description: This file contains functions that handle the initialization and
   7:proximity.c   **** *              the scanning of the CapSense Proximity and the Buttons
   8:proximity.c   **** *
   9:proximity.c   **** * Related Document: CE218135_BLE_Proximity.pdf
  10:proximity.c   **** *
  11:proximity.c   **** * Hardware Dependency: CY8CKIT-062-BLE PSoC 6 BLE Pioneer Kit
  12:proximity.c   **** *                      CY8CKIT-028-EPD E-INK Display Shield
  13:proximity.c   **** *
  14:proximity.c   **** ******************************************************************************
  15:proximity.c   **** * Copyright (2017), Cypress Semiconductor Corporation.
  16:proximity.c   **** ******************************************************************************
  17:proximity.c   **** * This software, including source code, documentation and related materials
  18:proximity.c   **** * ("Software") is owned by Cypress Semiconductor Corporation (Cypress) and is
  19:proximity.c   **** * protected by and subject to worldwide patent protection (United States and 
  20:proximity.c   **** * foreign), United States copyright laws and international treaty provisions. 
  21:proximity.c   **** * Cypress hereby grants to licensee a personal, non-exclusive, non-transferable
  22:proximity.c   **** * license to copy, use, modify, create derivative works of, and compile the 
  23:proximity.c   **** * Cypress source code and derivative works for the sole purpose of creating 
  24:proximity.c   **** * custom software in support of licensee product, such licensee product to be
  25:proximity.c   **** * used only in conjunction with Cypress's integrated circuit as specified in the
  26:proximity.c   **** * applicable agreement. Any reproduction, modification, translation, compilation,
  27:proximity.c   **** * or representation of this Software except as specified above is prohibited 
  28:proximity.c   **** * without the express written permission of Cypress.
  29:proximity.c   **** * 
ARM GAS  C:\Users\User\AppData\Local\Temp\ccbX2USA.s 			page 2


  30:proximity.c   **** * Disclaimer: THIS SOFTWARE IS PROVIDED AS-IS, WITH NO WARRANTY OF ANY KIND, 
  31:proximity.c   **** * EXPRESS OR IMPLIED, INCLUDING, BUT NOT LIMITED TO, NONINFRINGEMENT, IMPLIED 
  32:proximity.c   **** * WARRANTIES OF MERCHANTABILITY AND FITNESS FOR A PARTICULAR PURPOSE.
  33:proximity.c   **** * Cypress reserves the right to make changes to the Software without notice. 
  34:proximity.c   **** * Cypress does not assume any liability arising out of the application or use
  35:proximity.c   **** * of Software or any product or circuit described in the Software. Cypress does
  36:proximity.c   **** * not authorize its products for use as critical components in any products 
  37:proximity.c   **** * where a malfunction or failure may reasonably be expected to result in 
  38:proximity.c   **** * significant injury or death ("ACTIVE Risk Product"). By including Cypress's 
  39:proximity.c   **** * product in a ACTIVE Risk Product, the manufacturer of such system or application
  40:proximity.c   **** * assumes all risk of such use and in doing so indemnifies Cypress against all
  41:proximity.c   **** * liability. Use of this Software may be limited by and subject to the applicable
  42:proximity.c   **** * Cypress software license agreement.
  43:proximity.c   **** *****************************************************************************/
  44:proximity.c   **** /*******************************************************************************
  45:proximity.c   **** * This file contains functions that handle the initialization and the scanning of 
  46:proximity.c   **** * the CapSense Proximity and the Buttons
  47:proximity.c   **** *******************************************************************************/
  48:proximity.c   **** 
  49:proximity.c   **** /* Header file includes */
  50:proximity.c   **** #include <project.h>
  51:proximity.c   **** #include "proximity.h"
  52:proximity.c   **** 
  53:proximity.c   **** /* Maximum value of CapSense proximity sensor data accepted by the CySmart app */
  54:proximity.c   **** #define PROX_MAX_VALUE  (uint16_t)(0x00FFu)
  55:proximity.c   **** extern uint32_t diffData[10];
  56:proximity.c   **** /*******************************************************************************
  57:proximity.c   **** * Function Name: proximity_data_t* proximity_data_t* GetProximityData(void)
  58:proximity.c   **** ********************************************************************************
  59:proximity.c   **** * Summary:
  60:proximity.c   **** *  Function that scans CapSense proximity sensor, processes information and then
  61:proximity.c   **** *  returns the data
  62:proximity.c   **** *
  63:proximity.c   **** * Parameters:
  64:proximity.c   **** *  None
  65:proximity.c   **** *
  66:proximity.c   **** * Return:
  67:proximity.c   **** *  proximity_data_t*  : address of the data-structure that stores proximity 
  68:proximity.c   **** *                       information
  69:proximity.c   **** *
  70:proximity.c   **** *******************************************************************************/
  71:proximity.c   **** proximity_data_t* GetProximityData(void)
  72:proximity.c   **** {
  29              		.loc 1 72 0
  30              		.cfi_startproc
  31              		@ args = 0, pretend = 0, frame = 0
  32              		@ frame_needed = 0, uses_anonymous_args = 0
  33 0000 08B5     		push	{r3, lr}
  34              		.cfi_def_cfa_offset 8
  35              		.cfi_offset 3, -8
  36              		.cfi_offset 14, -4
  73:proximity.c   ****     /* Structure that stores the current CapSense proximity information */
  74:proximity.c   ****     proximity_data_t  static currentProximityData = 
  75:proximity.c   ****     {    
  76:proximity.c   ****         /* Initialize the flag that track updates to proximity information */
  77:proximity.c   ****         .proximityDataUpdated = false,
  78:proximity.c   ****         /* Initialize the proximity information */
ARM GAS  C:\Users\User\AppData\Local\Temp\ccbX2USA.s 			page 3


  79:proximity.c   ****         .proximityData = 0u,
  80:proximity.c   ****     };
  81:proximity.c   ****         
  82:proximity.c   ****     /* Variables used to store the instantaneous proximity information */
  83:proximity.c   ****     uint8_t  static proximity  = 0u;
  84:proximity.c   **** 
  85:proximity.c   ****     /* Do this only when the CapSense isn't busy with a previous operation */
  86:proximity.c   ****     if (CapSense_IsBusy() == CapSense_NOT_BUSY)
  37              		.loc 1 86 0
  38 0002 FFF7FEFF 		bl	CapSense_IsBusy
  39              	.LVL0:
  40 0006 08BB     		cbnz	r0, .L2
  87:proximity.c   ****     {
  88:proximity.c   ****         /* Process data from the proximity widget */
  89:proximity.c   **** 		CapSense_ProcessAllWidgets();
  41              		.loc 1 89 0
  42 0008 FFF7FEFF 		bl	CapSense_ProcessAllWidgets
  43              	.LVL1:
  44              	.LBB2:
  90:proximity.c   ****         
  91:proximity.c   **** //        /* Check if the signal is greater than the finger threshold */
  92:proximity.c   **** //        if(CapSense_PROXIMITY0_SNS0_DIFF_VALUE > 
  93:proximity.c   **** //           CapSense_PROXIMITY0_FINGER_TH_VALUE)
  94:proximity.c   **** //        {
  95:proximity.c   **** //            /*If proximity value is not within the range, cap the value */
  96:proximity.c   **** //    		if((CapSense_PROXIMITY0_SNS0_DIFF_VALUE -
  97:proximity.c   **** //                CapSense_PROXIMITY0_FINGER_TH_VALUE) 
  98:proximity.c   **** //                <= PROX_MAX_VALUE)
  99:proximity.c   **** //    		{
 100:proximity.c   **** //                /* Store the proximity data */
 101:proximity.c   **** //    	         proximity =  (uint8_t)(CapSense_PROXIMITY0_SNS0_DIFF_VALUE - 
 102:proximity.c   **** //                                        CapSense_PROXIMITY0_FINGER_TH_VALUE);
 103:proximity.c   **** //    		}
 104:proximity.c   **** //            /* Store the maximum value otherwise */
 105:proximity.c   **** //            else
 106:proximity.c   **** //            {
 107:proximity.c   **** //                proximity = (uint8_t)PROX_MAX_VALUE;
 108:proximity.c   **** //            }
 109:proximity.c   **** //        }
 110:proximity.c   **** //        /* Clear the value if the signal is less than the finger threshold */
 111:proximity.c   **** //        else
 112:proximity.c   **** //        {
 113:proximity.c   **** //           proximity = 0u; 
 114:proximity.c   **** //        }
 115:proximity.c   ****         
 116:proximity.c   ****        for (int i = 0; i < 10; i++)
  45              		.loc 1 116 0
  46 000c 0023     		movs	r3, #0
  47 000e 19E0     		b	.L3
  48              	.LVL2:
  49              	.L7:
 117:proximity.c   ****         {
 118:proximity.c   ****          if (i == 9 && (diffData[i] > 4000)) proximity = (uint8_t)PROX_MAX_VALUE;
  50              		.loc 1 118 0
  51 0010 092B     		cmp	r3, #9
  52 0012 08D1     		bne	.L4
  53              		.loc 1 118 0 is_stmt 0 discriminator 1
ARM GAS  C:\Users\User\AppData\Local\Temp\ccbX2USA.s 			page 4


  54 0014 154A     		ldr	r2, .L11
  55 0016 52F82320 		ldr	r2, [r2, r3, lsl #2]
  56 001a B2F57A6F 		cmp	r2, #4000
  57 001e 02D9     		bls	.L4
  58              		.loc 1 118 0 discriminator 2
  59 0020 FF21     		movs	r1, #255
  60 0022 134A     		ldr	r2, .L11+4
  61 0024 1170     		strb	r1, [r2]
  62              	.L4:
 119:proximity.c   ****          if (diffData[i] > 4000)
  63              		.loc 1 119 0 is_stmt 1
  64 0026 114A     		ldr	r2, .L11
  65 0028 52F82320 		ldr	r2, [r2, r3, lsl #2]
  66 002c B2F57A6F 		cmp	r2, #4000
  67 0030 01D9     		bls	.L5
 116:proximity.c   ****         {
  68              		.loc 1 116 0
  69 0032 0133     		adds	r3, r3, #1
  70              	.LVL3:
  71 0034 06E0     		b	.L3
  72              	.L5:
 120:proximity.c   ****         continue;
 121:proximity.c   ****         else
 122:proximity.c   ****         {
 123:proximity.c   ****          proximity = i*25u; break;   
  73              		.loc 1 123 0
  74 0036 03EB8303 		add	r3, r3, r3, lsl #2
  75              	.LVL4:
  76 003a 03EB8303 		add	r3, r3, r3, lsl #2
  77 003e 0C4A     		ldr	r2, .L11+4
  78 0040 1370     		strb	r3, [r2]
  79 0042 01E0     		b	.L6
  80              	.L3:
  81              	.LVL5:
 116:proximity.c   ****         {
  82              		.loc 1 116 0 discriminator 1
  83 0044 092B     		cmp	r3, #9
  84 0046 E3DD     		ble	.L7
  85              	.LVL6:
  86              	.L6:
  87              	.LBE2:
 124:proximity.c   ****         }
 125:proximity.c   ****         } 
 126:proximity.c   ****         
 127:proximity.c   ****         
 128:proximity.c   ****         /*
 129:proximity.c   ****         for (int i = 0; i < 10; i++)
 130:proximity.c   ****         {
 131:proximity.c   ****             if (i == 9 && diffData[i] > 6000)
 132:proximity.c   ****           proximity = (uint8_t)PROX_MAX_VALUE; 
 133:proximity.c   ****          if (diffData[i] > 6000)
 134:proximity.c   ****         continue;
 135:proximity.c   ****         else
 136:proximity.c   ****         {
 137:proximity.c   ****            if (i == 0)
 138:proximity.c   ****            proximity = 0u; 
 139:proximity.c   ****            if (i == 1)
ARM GAS  C:\Users\User\AppData\Local\Temp\ccbX2USA.s 			page 5


 140:proximity.c   ****            proximity = 26u; 
 141:proximity.c   ****            if (i== 2)
 142:proximity.c   ****            proximity = 51u; 
 143:proximity.c   ****            if (i == 3)
 144:proximity.c   ****            proximity = 77u; 
 145:proximity.c   ****            if ( i == 4)
 146:proximity.c   ****            proximity = 102u; 
 147:proximity.c   ****            if (i == 5)
 148:proximity.c   ****            proximity = 128u; 
 149:proximity.c   ****            if ( i == 6)
 150:proximity.c   ****            proximity = 153u; 
 151:proximity.c   ****            if (i == 7)
 152:proximity.c   ****            proximity = 179u;
 153:proximity.c   ****            if ( i == 8)
 154:proximity.c   ****            proximity = 204u; 
 155:proximity.c   ****            if ( i == 9)
 156:proximity.c   ****            proximity = 230u; 
 157:proximity.c   ****         break;
 158:proximity.c   ****         }
 159:proximity.c   ****         }
 160:proximity.c   ****         */
 161:proximity.c   ****         
 162:proximity.c   ****         /* Start the next CapSense scan */
 163:proximity.c   ****         CapSense_ScanAllWidgets();
  88              		.loc 1 163 0
  89 0048 FFF7FEFF 		bl	CapSense_ScanAllWidgets
  90              	.LVL7:
  91              	.L2:
 164:proximity.c   ****     }
 165:proximity.c   ****                       
 166:proximity.c   ****     /* Check if the proximity data has changed */
 167:proximity.c   ****     if (proximity != currentProximityData.proximityData)
  92              		.loc 1 167 0
  93 004c 084B     		ldr	r3, .L11+4
  94 004e 5A79     		ldrb	r2, [r3, #5]	@ zero_extendqisi2
  95 0050 1B78     		ldrb	r3, [r3]	@ zero_extendqisi2
  96 0052 9A42     		cmp	r2, r3
  97 0054 04D0     		beq	.L8
 168:proximity.c   ****     {
 169:proximity.c   ****         /* Proximity proximity position */
 170:proximity.c   ****         currentProximityData.proximityData = proximity;
  98              		.loc 1 170 0
  99 0056 064A     		ldr	r2, .L11+4
 100 0058 5371     		strb	r3, [r2, #5]
 171:proximity.c   ****         /* Proximity data updated */
 172:proximity.c   ****         currentProximityData.proximityDataUpdated = true;
 101              		.loc 1 172 0
 102 005a 0123     		movs	r3, #1
 103 005c 1371     		strb	r3, [r2, #4]
 104 005e 02E0     		b	.L9
 105              	.L8:
 173:proximity.c   ****     }
 174:proximity.c   ****     else
 175:proximity.c   ****     {  
 176:proximity.c   ****        /* Proximity data not updated */
 177:proximity.c   ****        currentProximityData.proximityDataUpdated = false; 
 106              		.loc 1 177 0
ARM GAS  C:\Users\User\AppData\Local\Temp\ccbX2USA.s 			page 6


 107 0060 0022     		movs	r2, #0
 108 0062 034B     		ldr	r3, .L11+4
 109 0064 1A71     		strb	r2, [r3, #4]
 110              	.L9:
 178:proximity.c   ****     }
 179:proximity.c   ****         
 180:proximity.c   ****     /* return the proximity information */
 181:proximity.c   ****     return &currentProximityData;
 182:proximity.c   **** }
 111              		.loc 1 182 0
 112 0066 0348     		ldr	r0, .L11+8
 113 0068 08BD     		pop	{r3, pc}
 114              	.L12:
 115 006a 00BF     		.align	2
 116              	.L11:
 117 006c 00000000 		.word	diffData
 118 0070 00000000 		.word	.LANCHOR0
 119 0074 04000000 		.word	.LANCHOR0+4
 120              		.cfi_endproc
 121              	.LFE647:
 122              		.size	GetProximityData, .-GetProximityData
 123              		.section	.text.IsCapSenseReadyForLowPowerMode,"ax",%progbits
 124              		.align	2
 125              		.global	IsCapSenseReadyForLowPowerMode
 126              		.thumb
 127              		.thumb_func
 128              		.type	IsCapSenseReadyForLowPowerMode, %function
 129              	IsCapSenseReadyForLowPowerMode:
 130              	.LFB648:
 183:proximity.c   **** 
 184:proximity.c   **** /*******************************************************************************
 185:proximity.c   **** * Function Name: bool IsCapSenseReadyForLowPowerMode(void)
 186:proximity.c   **** ********************************************************************************
 187:proximity.c   **** *
 188:proximity.c   **** * Summary:
 189:proximity.c   **** *  Function to check if CapSense is ready to enter low power mode
 190:proximity.c   **** *
 191:proximity.c   **** * Parameters:
 192:proximity.c   **** *  None
 193:proximity.c   **** *
 194:proximity.c   **** * Return:
 195:proximity.c   **** *  bool     : true if ready to enter low power mode, false otherwise
 196:proximity.c   **** *
 197:proximity.c   **** * Side Effects:
 198:proximity.c   **** *  None
 199:proximity.c   **** *
 200:proximity.c   **** *******************************************************************************/
 201:proximity.c   **** bool  IsCapSenseReadyForLowPowerMode(void)
 202:proximity.c   **** {
 131              		.loc 1 202 0
 132              		.cfi_startproc
 133              		@ args = 0, pretend = 0, frame = 0
 134              		@ frame_needed = 0, uses_anonymous_args = 0
 135 0000 08B5     		push	{r3, lr}
 136              		.cfi_def_cfa_offset 8
 137              		.cfi_offset 3, -8
 138              		.cfi_offset 14, -4
ARM GAS  C:\Users\User\AppData\Local\Temp\ccbX2USA.s 			page 7


 203:proximity.c   ****     /* Variable that stores the return flag */
 204:proximity.c   ****     bool lowPowerModeReady;
 205:proximity.c   ****     
 206:proximity.c   ****     /* Don't enter low power mode if CapSense is busy with a scan */
 207:proximity.c   ****     if(CapSense_IsBusy() != CapSense_NOT_BUSY)
 139              		.loc 1 207 0
 140 0002 FFF7FEFF 		bl	CapSense_IsBusy
 141              	.LVL8:
 142 0006 08B1     		cbz	r0, .L15
 208:proximity.c   ****     {
 209:proximity.c   ****         lowPowerModeReady=false;
 143              		.loc 1 209 0
 144 0008 0020     		movs	r0, #0
 145 000a 08BD     		pop	{r3, pc}
 146              	.L15:
 210:proximity.c   ****     }
 211:proximity.c   ****     else
 212:proximity.c   ****     {
 213:proximity.c   ****         lowPowerModeReady=true;
 147              		.loc 1 213 0
 148 000c 0120     		movs	r0, #1
 149              	.LVL9:
 214:proximity.c   ****     }
 215:proximity.c   ****     
 216:proximity.c   ****     /* Return  the low power mode entry readiness */
 217:proximity.c   ****     return lowPowerModeReady;
 218:proximity.c   **** }
 150              		.loc 1 218 0
 151 000e 08BD     		pop	{r3, pc}
 152              		.cfi_endproc
 153              	.LFE648:
 154              		.size	IsCapSenseReadyForLowPowerMode, .-IsCapSenseReadyForLowPowerMode
 155              		.section	.text.InitCapSense,"ax",%progbits
 156              		.align	2
 157              		.global	InitCapSense
 158              		.thumb
 159              		.thumb_func
 160              		.type	InitCapSense, %function
 161              	InitCapSense:
 162              	.LFB649:
 219:proximity.c   **** 
 220:proximity.c   **** /*******************************************************************************
 221:proximity.c   **** * Function Name: void InitCapSense(void)
 222:proximity.c   **** ********************************************************************************
 223:proximity.c   **** * Summary:
 224:proximity.c   **** *  Initializes CapSense proximity sensing
 225:proximity.c   **** *
 226:proximity.c   **** * Parameters:
 227:proximity.c   **** *  void
 228:proximity.c   **** *
 229:proximity.c   **** * Return:
 230:proximity.c   **** *  void
 231:proximity.c   **** *
 232:proximity.c   **** *******************************************************************************/
 233:proximity.c   **** void InitCapSense(void)
 234:proximity.c   **** {
 163              		.loc 1 234 0
ARM GAS  C:\Users\User\AppData\Local\Temp\ccbX2USA.s 			page 8


 164              		.cfi_startproc
 165              		@ args = 0, pretend = 0, frame = 0
 166              		@ frame_needed = 0, uses_anonymous_args = 0
 167 0000 08B5     		push	{r3, lr}
 168              		.cfi_def_cfa_offset 8
 169              		.cfi_offset 3, -8
 170              		.cfi_offset 14, -4
 235:proximity.c   ****     /* Start the CapSense component and initialize the baselines */
 236:proximity.c   ****     CapSense_Start();
 171              		.loc 1 236 0
 172 0002 FFF7FEFF 		bl	CapSense_Start
 173              	.LVL10:
 174 0006 08BD     		pop	{r3, pc}
 175              		.cfi_endproc
 176              	.LFE649:
 177              		.size	InitCapSense, .-InitCapSense
 178              		.bss
 179              		.align	2
 180              		.set	.LANCHOR0,. + 0
 181              		.type	proximity.17893, %object
 182              		.size	proximity.17893, 1
 183              	proximity.17893:
 184 0000 00       		.space	1
 185 0001 000000   		.space	3
 186              		.type	currentProximityData.17892, %object
 187              		.size	currentProximityData.17892, 2
 188              	currentProximityData.17892:
 189 0004 0000     		.space	2
 190              		.text
 191              	.Letext0:
 192              		.file 2 "d:\\cypress creator\\psoc creator\\4.2\\psoc creator\\import\\gnu\\arm\\5.4.1\\arm-none-e
 193              		.file 3 "d:\\cypress creator\\psoc creator\\4.2\\psoc creator\\import\\gnu\\arm\\5.4.1\\arm-none-e
 194              		.file 4 "Generated_Source\\PSoC6\\pdl\\drivers/peripheral/tcpwm/cy_tcpwm_counter.h"
 195              		.file 5 "Generated_Source\\PSoC6\\pdl\\drivers/peripheral/scb/cy_scb_ezi2c.h"
 196              		.file 6 "Generated_Source\\PSoC6\\pdl\\drivers/peripheral/scb/cy_scb_spi.h"
 197              		.file 7 "Generated_Source\\PSoC6\\pdl\\drivers/peripheral/scb/cy_scb_uart.h"
 198              		.file 8 "Generated_Source\\PSoC6\\pdl\\middleware/ble/cy_ble_stack_host_main.h"
 199              		.file 9 "Generated_Source\\PSoC6\\pdl\\middleware/ble/cy_ble_gap.h"
 200              		.file 10 "proximity.h"
 201              		.file 11 "Generated_Source\\PSoC6\\pdl\\cmsis/include/core_cm4.h"
 202              		.file 12 "Generated_Source\\PSoC6/CY_EINK_SPIM.h"
 203              		.file 13 "Generated_Source\\PSoC6/CY_EINK_Timer.h"
 204              		.file 14 "Generated_Source\\PSoC6/Uart_Printf.h"
 205              		.file 15 "Generated_Source\\PSoC6/I2C.h"
 206              		.file 16 "Generated_Source\\PSoC6/CapSense_Sensing.h"
 207              		.file 17 "Generated_Source\\PSoC6/CapSense_Control.h"
 208              		.section	.debug_info,"",%progbits
 209              	.Ldebug_info0:
 210 0000 49070000 		.4byte	0x749
 211 0004 0400     		.2byte	0x4
 212 0006 00000000 		.4byte	.Ldebug_abbrev0
 213 000a 04       		.byte	0x4
 214 000b 01       		.uleb128 0x1
 215 000c CB040000 		.4byte	.LASF132
 216 0010 0C       		.byte	0xc
 217 0011 B8020000 		.4byte	.LASF133
 218 0015 2A070000 		.4byte	.LASF134
ARM GAS  C:\Users\User\AppData\Local\Temp\ccbX2USA.s 			page 9


 219 0019 00000000 		.4byte	.Ldebug_ranges0+0
 220 001d 00000000 		.4byte	0
 221 0021 00000000 		.4byte	.Ldebug_line0
 222 0025 02       		.uleb128 0x2
 223 0026 02       		.byte	0x2
 224 0027 05       		.byte	0x5
 225 0028 38020000 		.4byte	.LASF0
 226 002c 02       		.uleb128 0x2
 227 002d 01       		.byte	0x1
 228 002e 06       		.byte	0x6
 229 002f 53090000 		.4byte	.LASF1
 230 0033 03       		.uleb128 0x3
 231 0034 6B000000 		.4byte	.LASF3
 232 0038 02       		.byte	0x2
 233 0039 1D       		.byte	0x1d
 234 003a 3E000000 		.4byte	0x3e
 235 003e 02       		.uleb128 0x2
 236 003f 01       		.byte	0x1
 237 0040 08       		.byte	0x8
 238 0041 35060000 		.4byte	.LASF2
 239 0045 03       		.uleb128 0x3
 240 0046 1F070000 		.4byte	.LASF4
 241 004a 02       		.byte	0x2
 242 004b 2B       		.byte	0x2b
 243 004c 50000000 		.4byte	0x50
 244 0050 02       		.uleb128 0x2
 245 0051 02       		.byte	0x2
 246 0052 07       		.byte	0x7
 247 0053 57030000 		.4byte	.LASF5
 248 0057 03       		.uleb128 0x3
 249 0058 68070000 		.4byte	.LASF6
 250 005c 02       		.byte	0x2
 251 005d 3F       		.byte	0x3f
 252 005e 62000000 		.4byte	0x62
 253 0062 02       		.uleb128 0x2
 254 0063 04       		.byte	0x4
 255 0064 05       		.byte	0x5
 256 0065 19020000 		.4byte	.LASF7
 257 0069 03       		.uleb128 0x3
 258 006a C4020000 		.4byte	.LASF8
 259 006e 02       		.byte	0x2
 260 006f 41       		.byte	0x41
 261 0070 74000000 		.4byte	0x74
 262 0074 02       		.uleb128 0x2
 263 0075 04       		.byte	0x4
 264 0076 07       		.byte	0x7
 265 0077 33030000 		.4byte	.LASF9
 266 007b 02       		.uleb128 0x2
 267 007c 08       		.byte	0x8
 268 007d 05       		.byte	0x5
 269 007e E1020000 		.4byte	.LASF10
 270 0082 02       		.uleb128 0x2
 271 0083 08       		.byte	0x8
 272 0084 07       		.byte	0x7
 273 0085 BF000000 		.4byte	.LASF11
 274 0089 04       		.uleb128 0x4
 275 008a 04       		.byte	0x4
ARM GAS  C:\Users\User\AppData\Local\Temp\ccbX2USA.s 			page 10


 276 008b 05       		.byte	0x5
 277 008c 696E7400 		.ascii	"int\000"
 278 0090 02       		.uleb128 0x2
 279 0091 04       		.byte	0x4
 280 0092 07       		.byte	0x7
 281 0093 F9020000 		.4byte	.LASF12
 282 0097 03       		.uleb128 0x3
 283 0098 DD080000 		.4byte	.LASF13
 284 009c 03       		.byte	0x3
 285 009d 18       		.byte	0x18
 286 009e 33000000 		.4byte	0x33
 287 00a2 03       		.uleb128 0x3
 288 00a3 42020000 		.4byte	.LASF14
 289 00a7 03       		.byte	0x3
 290 00a8 24       		.byte	0x24
 291 00a9 45000000 		.4byte	0x45
 292 00ad 03       		.uleb128 0x3
 293 00ae 2D060000 		.4byte	.LASF15
 294 00b2 03       		.byte	0x3
 295 00b3 2C       		.byte	0x2c
 296 00b4 57000000 		.4byte	0x57
 297 00b8 03       		.uleb128 0x3
 298 00b9 AE060000 		.4byte	.LASF16
 299 00bd 03       		.byte	0x3
 300 00be 30       		.byte	0x30
 301 00bf 69000000 		.4byte	0x69
 302 00c3 02       		.uleb128 0x2
 303 00c4 04       		.byte	0x4
 304 00c5 07       		.byte	0x7
 305 00c6 1B040000 		.4byte	.LASF17
 306 00ca 05       		.uleb128 0x5
 307 00cb B8000000 		.4byte	0xb8
 308 00cf 02       		.uleb128 0x2
 309 00d0 08       		.byte	0x8
 310 00d1 04       		.byte	0x4
 311 00d2 24040000 		.4byte	.LASF18
 312 00d6 02       		.uleb128 0x2
 313 00d7 01       		.byte	0x1
 314 00d8 08       		.byte	0x8
 315 00d9 FF060000 		.4byte	.LASF19
 316 00dd 02       		.uleb128 0x2
 317 00de 04       		.byte	0x4
 318 00df 04       		.byte	0x4
 319 00e0 B7050000 		.4byte	.LASF20
 320 00e4 02       		.uleb128 0x2
 321 00e5 08       		.byte	0x8
 322 00e6 04       		.byte	0x4
 323 00e7 4B020000 		.4byte	.LASF21
 324 00eb 06       		.uleb128 0x6
 325 00ec 04       		.byte	0x4
 326 00ed 02       		.uleb128 0x2
 327 00ee 01       		.byte	0x1
 328 00ef 02       		.byte	0x2
 329 00f0 56080000 		.4byte	.LASF22
 330 00f4 07       		.uleb128 0x7
 331 00f5 FF030000 		.4byte	.LASF54
 332 00f9 4C       		.byte	0x4c
ARM GAS  C:\Users\User\AppData\Local\Temp\ccbX2USA.s 			page 11


 333 00fa 04       		.byte	0x4
 334 00fb 2B       		.byte	0x2b
 335 00fc E5010000 		.4byte	0x1e5
 336 0100 08       		.uleb128 0x8
 337 0101 AB000000 		.4byte	.LASF23
 338 0105 04       		.byte	0x4
 339 0106 2D       		.byte	0x2d
 340 0107 B8000000 		.4byte	0xb8
 341 010b 00       		.byte	0
 342 010c 08       		.uleb128 0x8
 343 010d D6000000 		.4byte	.LASF24
 344 0111 04       		.byte	0x4
 345 0112 2F       		.byte	0x2f
 346 0113 B8000000 		.4byte	0xb8
 347 0117 04       		.byte	0x4
 348 0118 08       		.uleb128 0x8
 349 0119 00000000 		.4byte	.LASF25
 350 011d 04       		.byte	0x4
 351 011e 30       		.byte	0x30
 352 011f B8000000 		.4byte	0xb8
 353 0123 08       		.byte	0x8
 354 0124 08       		.uleb128 0x8
 355 0125 8E000000 		.4byte	.LASF26
 356 0129 04       		.byte	0x4
 357 012a 31       		.byte	0x31
 358 012b B8000000 		.4byte	0xb8
 359 012f 0C       		.byte	0xc
 360 0130 08       		.uleb128 0x8
 361 0131 72060000 		.4byte	.LASF27
 362 0135 04       		.byte	0x4
 363 0136 33       		.byte	0x33
 364 0137 B8000000 		.4byte	0xb8
 365 013b 10       		.byte	0x10
 366 013c 08       		.uleb128 0x8
 367 013d E5060000 		.4byte	.LASF28
 368 0141 04       		.byte	0x4
 369 0142 34       		.byte	0x34
 370 0143 B8000000 		.4byte	0xb8
 371 0147 14       		.byte	0x14
 372 0148 08       		.uleb128 0x8
 373 0149 EE060000 		.4byte	.LASF29
 374 014d 04       		.byte	0x4
 375 014e 35       		.byte	0x35
 376 014f B8000000 		.4byte	0xb8
 377 0153 18       		.byte	0x18
 378 0154 08       		.uleb128 0x8
 379 0155 50060000 		.4byte	.LASF30
 380 0159 04       		.byte	0x4
 381 015a 36       		.byte	0x36
 382 015b ED000000 		.4byte	0xed
 383 015f 1C       		.byte	0x1c
 384 0160 08       		.uleb128 0x8
 385 0161 91070000 		.4byte	.LASF31
 386 0165 04       		.byte	0x4
 387 0166 38       		.byte	0x38
 388 0167 B8000000 		.4byte	0xb8
 389 016b 20       		.byte	0x20
ARM GAS  C:\Users\User\AppData\Local\Temp\ccbX2USA.s 			page 12


 390 016c 08       		.uleb128 0x8
 391 016d 5C020000 		.4byte	.LASF32
 392 0171 04       		.byte	0x4
 393 0172 39       		.byte	0x39
 394 0173 B8000000 		.4byte	0xb8
 395 0177 24       		.byte	0x24
 396 0178 08       		.uleb128 0x8
 397 0179 B2000000 		.4byte	.LASF33
 398 017d 04       		.byte	0x4
 399 017e 3B       		.byte	0x3b
 400 017f B8000000 		.4byte	0xb8
 401 0183 28       		.byte	0x28
 402 0184 08       		.uleb128 0x8
 403 0185 15090000 		.4byte	.LASF34
 404 0189 04       		.byte	0x4
 405 018a 3C       		.byte	0x3c
 406 018b B8000000 		.4byte	0xb8
 407 018f 2C       		.byte	0x2c
 408 0190 08       		.uleb128 0x8
 409 0191 A2070000 		.4byte	.LASF35
 410 0195 04       		.byte	0x4
 411 0196 3E       		.byte	0x3e
 412 0197 B8000000 		.4byte	0xb8
 413 019b 30       		.byte	0x30
 414 019c 08       		.uleb128 0x8
 415 019d 1E060000 		.4byte	.LASF36
 416 01a1 04       		.byte	0x4
 417 01a2 3F       		.byte	0x3f
 418 01a3 B8000000 		.4byte	0xb8
 419 01a7 34       		.byte	0x34
 420 01a8 08       		.uleb128 0x8
 421 01a9 EE030000 		.4byte	.LASF37
 422 01ad 04       		.byte	0x4
 423 01ae 41       		.byte	0x41
 424 01af B8000000 		.4byte	0xb8
 425 01b3 38       		.byte	0x38
 426 01b4 08       		.uleb128 0x8
 427 01b5 9D000000 		.4byte	.LASF38
 428 01b9 04       		.byte	0x4
 429 01ba 42       		.byte	0x42
 430 01bb B8000000 		.4byte	0xb8
 431 01bf 3C       		.byte	0x3c
 432 01c0 08       		.uleb128 0x8
 433 01c1 14080000 		.4byte	.LASF39
 434 01c5 04       		.byte	0x4
 435 01c6 44       		.byte	0x44
 436 01c7 B8000000 		.4byte	0xb8
 437 01cb 40       		.byte	0x40
 438 01cc 08       		.uleb128 0x8
 439 01cd DF030000 		.4byte	.LASF40
 440 01d1 04       		.byte	0x4
 441 01d2 45       		.byte	0x45
 442 01d3 B8000000 		.4byte	0xb8
 443 01d7 44       		.byte	0x44
 444 01d8 08       		.uleb128 0x8
 445 01d9 8B090000 		.4byte	.LASF41
 446 01dd 04       		.byte	0x4
ARM GAS  C:\Users\User\AppData\Local\Temp\ccbX2USA.s 			page 13


 447 01de 47       		.byte	0x47
 448 01df B8000000 		.4byte	0xb8
 449 01e3 48       		.byte	0x48
 450 01e4 00       		.byte	0
 451 01e5 03       		.uleb128 0x3
 452 01e6 60010000 		.4byte	.LASF42
 453 01ea 04       		.byte	0x4
 454 01eb 48       		.byte	0x48
 455 01ec F4000000 		.4byte	0xf4
 456 01f0 09       		.uleb128 0x9
 457 01f1 04       		.byte	0x4
 458 01f2 F6010000 		.4byte	0x1f6
 459 01f6 0A       		.uleb128 0xa
 460 01f7 01020000 		.4byte	0x201
 461 01fb 0B       		.uleb128 0xb
 462 01fc B8000000 		.4byte	0xb8
 463 0200 00       		.byte	0
 464 0201 09       		.uleb128 0x9
 465 0202 04       		.byte	0x4
 466 0203 97000000 		.4byte	0x97
 467 0207 0C       		.uleb128 0xc
 468 0208 01       		.byte	0x1
 469 0209 3E000000 		.4byte	0x3e
 470 020d 05       		.byte	0x5
 471 020e 2A01     		.2byte	0x12a
 472 0210 21020000 		.4byte	0x221
 473 0214 0D       		.uleb128 0xd
 474 0215 3A080000 		.4byte	.LASF43
 475 0219 00       		.byte	0
 476 021a 0D       		.uleb128 0xd
 477 021b F7070000 		.4byte	.LASF44
 478 021f 01       		.byte	0x1
 479 0220 00       		.byte	0
 480 0221 0E       		.uleb128 0xe
 481 0222 2B000000 		.4byte	.LASF45
 482 0226 05       		.byte	0x5
 483 0227 2D01     		.2byte	0x12d
 484 0229 07020000 		.4byte	0x207
 485 022d 0C       		.uleb128 0xc
 486 022e 01       		.byte	0x1
 487 022f 3E000000 		.4byte	0x3e
 488 0233 05       		.byte	0x5
 489 0234 3201     		.2byte	0x132
 490 0236 65020000 		.4byte	0x265
 491 023a 0D       		.uleb128 0xd
 492 023b 72040000 		.4byte	.LASF46
 493 023f 00       		.byte	0
 494 0240 0D       		.uleb128 0xd
 495 0241 6A030000 		.4byte	.LASF47
 496 0245 01       		.byte	0x1
 497 0246 0D       		.uleb128 0xd
 498 0247 97020000 		.4byte	.LASF48
 499 024b 02       		.byte	0x2
 500 024c 0D       		.uleb128 0xd
 501 024d B0030000 		.4byte	.LASF49
 502 0251 03       		.byte	0x3
 503 0252 0D       		.uleb128 0xd
ARM GAS  C:\Users\User\AppData\Local\Temp\ccbX2USA.s 			page 14


 504 0253 93040000 		.4byte	.LASF50
 505 0257 04       		.byte	0x4
 506 0258 0D       		.uleb128 0xd
 507 0259 AF040000 		.4byte	.LASF51
 508 025d 05       		.byte	0x5
 509 025e 0D       		.uleb128 0xd
 510 025f 04070000 		.4byte	.LASF52
 511 0263 06       		.byte	0x6
 512 0264 00       		.byte	0
 513 0265 0E       		.uleb128 0xe
 514 0266 CE050000 		.4byte	.LASF53
 515 026a 05       		.byte	0x5
 516 026b 3A01     		.2byte	0x13a
 517 026d 2D020000 		.4byte	0x22d
 518 0271 0F       		.uleb128 0xf
 519 0272 08000000 		.4byte	.LASF55
 520 0276 3C       		.byte	0x3c
 521 0277 05       		.byte	0x5
 522 0278 6601     		.2byte	0x166
 523 027a 5C030000 		.4byte	0x35c
 524 027e 10       		.uleb128 0x10
 525 027f 13020000 		.4byte	.LASF56
 526 0283 05       		.byte	0x5
 527 0284 6901     		.2byte	0x169
 528 0286 5C030000 		.4byte	0x35c
 529 028a 00       		.byte	0
 530 028b 10       		.uleb128 0x10
 531 028c 62060000 		.4byte	.LASF57
 532 0290 05       		.byte	0x5
 533 0291 6A01     		.2byte	0x16a
 534 0293 CA000000 		.4byte	0xca
 535 0297 04       		.byte	0x4
 536 0298 10       		.uleb128 0x10
 537 0299 FA010000 		.4byte	.LASF58
 538 029d 05       		.byte	0x5
 539 029e 6C01     		.2byte	0x16c
 540 02a0 97000000 		.4byte	0x97
 541 02a4 08       		.byte	0x8
 542 02a5 10       		.uleb128 0x10
 543 02a6 03020000 		.4byte	.LASF59
 544 02aa 05       		.byte	0x5
 545 02ab 6D01     		.2byte	0x16d
 546 02ad 97000000 		.4byte	0x97
 547 02b1 09       		.byte	0x9
 548 02b2 10       		.uleb128 0x10
 549 02b3 46010000 		.4byte	.LASF60
 550 02b7 05       		.byte	0x5
 551 02b8 6E01     		.2byte	0x16e
 552 02ba 21020000 		.4byte	0x221
 553 02be 0A       		.byte	0xa
 554 02bf 11       		.uleb128 0x11
 555 02c0 69647800 		.ascii	"idx\000"
 556 02c4 05       		.byte	0x5
 557 02c5 7001     		.2byte	0x170
 558 02c7 B8000000 		.4byte	0xb8
 559 02cb 0C       		.byte	0xc
 560 02cc 10       		.uleb128 0x10
ARM GAS  C:\Users\User\AppData\Local\Temp\ccbX2USA.s 			page 15


 561 02cd 5F090000 		.4byte	.LASF61
 562 02d1 05       		.byte	0x5
 563 02d2 7101     		.2byte	0x171
 564 02d4 B8000000 		.4byte	0xb8
 565 02d8 10       		.byte	0x10
 566 02d9 10       		.uleb128 0x10
 567 02da 69090000 		.4byte	.LASF62
 568 02de 05       		.byte	0x5
 569 02df 7201     		.2byte	0x172
 570 02e1 B8000000 		.4byte	0xb8
 571 02e5 14       		.byte	0x14
 572 02e6 10       		.uleb128 0x10
 573 02e7 B7060000 		.4byte	.LASF63
 574 02eb 05       		.byte	0x5
 575 02ec 7401     		.2byte	0x174
 576 02ee ED000000 		.4byte	0xed
 577 02f2 18       		.byte	0x18
 578 02f3 10       		.uleb128 0x10
 579 02f4 0C020000 		.4byte	.LASF64
 580 02f8 05       		.byte	0x5
 581 02f9 7501     		.2byte	0x175
 582 02fb 01020000 		.4byte	0x201
 583 02ff 1C       		.byte	0x1c
 584 0300 10       		.uleb128 0x10
 585 0301 F7060000 		.4byte	.LASF65
 586 0305 05       		.byte	0x5
 587 0306 7601     		.2byte	0x176
 588 0308 B8000000 		.4byte	0xb8
 589 030c 20       		.byte	0x20
 590 030d 10       		.uleb128 0x10
 591 030e 66000000 		.4byte	.LASF66
 592 0312 05       		.byte	0x5
 593 0313 7801     		.2byte	0x178
 594 0315 01020000 		.4byte	0x201
 595 0319 24       		.byte	0x24
 596 031a 10       		.uleb128 0x10
 597 031b 18010000 		.4byte	.LASF67
 598 031f 05       		.byte	0x5
 599 0320 7901     		.2byte	0x179
 600 0322 B8000000 		.4byte	0xb8
 601 0326 28       		.byte	0x28
 602 0327 10       		.uleb128 0x10
 603 0328 33090000 		.4byte	.LASF68
 604 032c 05       		.byte	0x5
 605 032d 7A01     		.2byte	0x17a
 606 032f B8000000 		.4byte	0xb8
 607 0333 2C       		.byte	0x2c
 608 0334 10       		.uleb128 0x10
 609 0335 A2080000 		.4byte	.LASF69
 610 0339 05       		.byte	0x5
 611 033a 7C01     		.2byte	0x17c
 612 033c 01020000 		.4byte	0x201
 613 0340 30       		.byte	0x30
 614 0341 10       		.uleb128 0x10
 615 0342 C3060000 		.4byte	.LASF70
 616 0346 05       		.byte	0x5
 617 0347 7D01     		.2byte	0x17d
ARM GAS  C:\Users\User\AppData\Local\Temp\ccbX2USA.s 			page 16


 618 0349 B8000000 		.4byte	0xb8
 619 034d 34       		.byte	0x34
 620 034e 10       		.uleb128 0x10
 621 034f E6050000 		.4byte	.LASF71
 622 0353 05       		.byte	0x5
 623 0354 7E01     		.2byte	0x17e
 624 0356 B8000000 		.4byte	0xb8
 625 035a 38       		.byte	0x38
 626 035b 00       		.byte	0
 627 035c 05       		.uleb128 0x5
 628 035d 65020000 		.4byte	0x265
 629 0361 0E       		.uleb128 0xe
 630 0362 FA080000 		.4byte	.LASF72
 631 0366 05       		.byte	0x5
 632 0367 8001     		.2byte	0x180
 633 0369 71020000 		.4byte	0x271
 634 036d 0E       		.uleb128 0xe
 635 036e DC010000 		.4byte	.LASF73
 636 0372 06       		.byte	0x6
 637 0373 BF01     		.2byte	0x1bf
 638 0375 F0010000 		.4byte	0x1f0
 639 0379 0F       		.uleb128 0xf
 640 037a 7E010000 		.4byte	.LASF74
 641 037e 24       		.byte	0x24
 642 037f 06       		.byte	0x6
 643 0380 4102     		.2byte	0x241
 644 0382 FC030000 		.4byte	0x3fc
 645 0386 10       		.uleb128 0x10
 646 0387 62060000 		.4byte	.LASF57
 647 038b 06       		.byte	0x6
 648 038c 4402     		.2byte	0x244
 649 038e CA000000 		.4byte	0xca
 650 0392 00       		.byte	0
 651 0393 10       		.uleb128 0x10
 652 0394 34080000 		.4byte	.LASF75
 653 0398 06       		.byte	0x6
 654 0399 4602     		.2byte	0x246
 655 039b EB000000 		.4byte	0xeb
 656 039f 04       		.byte	0x4
 657 03a0 10       		.uleb128 0x10
 658 03a1 21000000 		.4byte	.LASF76
 659 03a5 06       		.byte	0x6
 660 03a6 4702     		.2byte	0x247
 661 03a8 B8000000 		.4byte	0xb8
 662 03ac 08       		.byte	0x8
 663 03ad 10       		.uleb128 0x10
 664 03ae D8020000 		.4byte	.LASF77
 665 03b2 06       		.byte	0x6
 666 03b3 4802     		.2byte	0x248
 667 03b5 CA000000 		.4byte	0xca
 668 03b9 0C       		.byte	0xc
 669 03ba 10       		.uleb128 0x10
 670 03bb 21010000 		.4byte	.LASF78
 671 03bf 06       		.byte	0x6
 672 03c0 4A02     		.2byte	0x24a
 673 03c2 EB000000 		.4byte	0xeb
 674 03c6 10       		.byte	0x10
ARM GAS  C:\Users\User\AppData\Local\Temp\ccbX2USA.s 			page 17


 675 03c7 10       		.uleb128 0x10
 676 03c8 EF020000 		.4byte	.LASF79
 677 03cc 06       		.byte	0x6
 678 03cd 4B02     		.2byte	0x24b
 679 03cf B8000000 		.4byte	0xb8
 680 03d3 14       		.byte	0x14
 681 03d4 10       		.uleb128 0x10
 682 03d5 69060000 		.4byte	.LASF80
 683 03d9 06       		.byte	0x6
 684 03da 4C02     		.2byte	0x24c
 685 03dc CA000000 		.4byte	0xca
 686 03e0 18       		.byte	0x18
 687 03e1 10       		.uleb128 0x10
 688 03e2 A7030000 		.4byte	.LASF81
 689 03e6 06       		.byte	0x6
 690 03e7 5202     		.2byte	0x252
 691 03e9 6D030000 		.4byte	0x36d
 692 03ed 1C       		.byte	0x1c
 693 03ee 10       		.uleb128 0x10
 694 03ef 2C080000 		.4byte	.LASF82
 695 03f3 06       		.byte	0x6
 696 03f4 5502     		.2byte	0x255
 697 03f6 B8000000 		.4byte	0xb8
 698 03fa 20       		.byte	0x20
 699 03fb 00       		.byte	0
 700 03fc 0E       		.uleb128 0xe
 701 03fd CC060000 		.4byte	.LASF83
 702 0401 06       		.byte	0x6
 703 0402 5802     		.2byte	0x258
 704 0404 79030000 		.4byte	0x379
 705 0408 0E       		.uleb128 0xe
 706 0409 D8070000 		.4byte	.LASF84
 707 040d 07       		.byte	0x7
 708 040e AB01     		.2byte	0x1ab
 709 0410 F0010000 		.4byte	0x1f0
 710 0414 0F       		.uleb128 0xf
 711 0415 73090000 		.4byte	.LASF85
 712 0419 38       		.byte	0x38
 713 041a 07       		.byte	0x7
 714 041b 4702     		.2byte	0x247
 715 041d D8040000 		.4byte	0x4d8
 716 0421 10       		.uleb128 0x10
 717 0422 4A090000 		.4byte	.LASF86
 718 0426 07       		.byte	0x7
 719 0427 4A02     		.2byte	0x24a
 720 0429 CA000000 		.4byte	0xca
 721 042d 00       		.byte	0
 722 042e 10       		.uleb128 0x10
 723 042f 8A040000 		.4byte	.LASF87
 724 0433 07       		.byte	0x7
 725 0434 4B02     		.2byte	0x24b
 726 0436 CA000000 		.4byte	0xca
 727 043a 04       		.byte	0x4
 728 043b 10       		.uleb128 0x10
 729 043c F6000000 		.4byte	.LASF88
 730 0440 07       		.byte	0x7
 731 0441 4D02     		.2byte	0x24d
ARM GAS  C:\Users\User\AppData\Local\Temp\ccbX2USA.s 			page 18


 732 0443 EB000000 		.4byte	0xeb
 733 0447 08       		.byte	0x8
 734 0448 10       		.uleb128 0x10
 735 0449 1E080000 		.4byte	.LASF89
 736 044d 07       		.byte	0x7
 737 044e 4E02     		.2byte	0x24e
 738 0450 B8000000 		.4byte	0xb8
 739 0454 0C       		.byte	0xc
 740 0455 10       		.uleb128 0x10
 741 0456 D1030000 		.4byte	.LASF90
 742 045a 07       		.byte	0x7
 743 045b 4F02     		.2byte	0x24f
 744 045d CA000000 		.4byte	0xca
 745 0461 10       		.byte	0x10
 746 0462 10       		.uleb128 0x10
 747 0463 25090000 		.4byte	.LASF91
 748 0467 07       		.byte	0x7
 749 0468 5002     		.2byte	0x250
 750 046a CA000000 		.4byte	0xca
 751 046e 14       		.byte	0x14
 752 046f 10       		.uleb128 0x10
 753 0470 34080000 		.4byte	.LASF75
 754 0474 07       		.byte	0x7
 755 0475 5202     		.2byte	0x252
 756 0477 EB000000 		.4byte	0xeb
 757 047b 18       		.byte	0x18
 758 047c 10       		.uleb128 0x10
 759 047d 21000000 		.4byte	.LASF76
 760 0481 07       		.byte	0x7
 761 0482 5302     		.2byte	0x253
 762 0484 B8000000 		.4byte	0xb8
 763 0488 1C       		.byte	0x1c
 764 0489 10       		.uleb128 0x10
 765 048a D8020000 		.4byte	.LASF77
 766 048e 07       		.byte	0x7
 767 048f 5402     		.2byte	0x254
 768 0491 CA000000 		.4byte	0xca
 769 0495 20       		.byte	0x20
 770 0496 10       		.uleb128 0x10
 771 0497 21010000 		.4byte	.LASF78
 772 049b 07       		.byte	0x7
 773 049c 5602     		.2byte	0x256
 774 049e EB000000 		.4byte	0xeb
 775 04a2 24       		.byte	0x24
 776 04a3 10       		.uleb128 0x10
 777 04a4 EF020000 		.4byte	.LASF79
 778 04a8 07       		.byte	0x7
 779 04a9 5702     		.2byte	0x257
 780 04ab B8000000 		.4byte	0xb8
 781 04af 28       		.byte	0x28
 782 04b0 10       		.uleb128 0x10
 783 04b1 BD050000 		.4byte	.LASF92
 784 04b5 07       		.byte	0x7
 785 04b6 5802     		.2byte	0x258
 786 04b8 CA000000 		.4byte	0xca
 787 04bc 2C       		.byte	0x2c
 788 04bd 10       		.uleb128 0x10
ARM GAS  C:\Users\User\AppData\Local\Temp\ccbX2USA.s 			page 19


 789 04be A7030000 		.4byte	.LASF81
 790 04c2 07       		.byte	0x7
 791 04c3 5D02     		.2byte	0x25d
 792 04c5 08040000 		.4byte	0x408
 793 04c9 30       		.byte	0x30
 794 04ca 10       		.uleb128 0x10
 795 04cb 2C080000 		.4byte	.LASF82
 796 04cf 07       		.byte	0x7
 797 04d0 6002     		.2byte	0x260
 798 04d2 B8000000 		.4byte	0xb8
 799 04d6 34       		.byte	0x34
 800 04d7 00       		.byte	0
 801 04d8 0E       		.uleb128 0xe
 802 04d9 95010000 		.4byte	.LASF93
 803 04dd 07       		.byte	0x7
 804 04de 6302     		.2byte	0x263
 805 04e0 14040000 		.4byte	0x414
 806 04e4 12       		.uleb128 0x12
 807 04e5 02       		.byte	0x2
 808 04e6 08       		.byte	0x8
 809 04e7 5B01     		.2byte	0x15b
 810 04e9 08050000 		.4byte	0x508
 811 04ed 10       		.uleb128 0x10
 812 04ee CF020000 		.4byte	.LASF94
 813 04f2 08       		.byte	0x8
 814 04f3 6501     		.2byte	0x165
 815 04f5 97000000 		.4byte	0x97
 816 04f9 00       		.byte	0
 817 04fa 10       		.uleb128 0x10
 818 04fb F9030000 		.4byte	.LASF95
 819 04ff 08       		.byte	0x8
 820 0500 6901     		.2byte	0x169
 821 0502 97000000 		.4byte	0x97
 822 0506 01       		.byte	0x1
 823 0507 00       		.byte	0
 824 0508 0E       		.uleb128 0xe
 825 0509 75000000 		.4byte	.LASF96
 826 050d 08       		.byte	0x8
 827 050e 6B01     		.2byte	0x16b
 828 0510 E4040000 		.4byte	0x4e4
 829 0514 13       		.uleb128 0x13
 830 0515 01       		.byte	0x1
 831 0516 3E000000 		.4byte	0x3e
 832 051a 09       		.byte	0x9
 833 051b 7E       		.byte	0x7e
 834 051c 39050000 		.4byte	0x539
 835 0520 0D       		.uleb128 0xd
 836 0521 C4080000 		.4byte	.LASF97
 837 0525 00       		.byte	0
 838 0526 0D       		.uleb128 0xd
 839 0527 53040000 		.4byte	.LASF98
 840 052b 01       		.byte	0x1
 841 052c 0D       		.uleb128 0xd
 842 052d A7080000 		.4byte	.LASF99
 843 0531 02       		.byte	0x2
 844 0532 0D       		.uleb128 0xd
 845 0533 BC010000 		.4byte	.LASF100
ARM GAS  C:\Users\User\AppData\Local\Temp\ccbX2USA.s 			page 20


 846 0537 03       		.byte	0x3
 847 0538 00       		.byte	0
 848 0539 03       		.uleb128 0x3
 849 053a 22020000 		.4byte	.LASF101
 850 053e 09       		.byte	0x9
 851 053f 83       		.byte	0x83
 852 0540 14050000 		.4byte	0x514
 853 0544 13       		.uleb128 0x13
 854 0545 01       		.byte	0x1
 855 0546 3E000000 		.4byte	0x3e
 856 054a 09       		.byte	0x9
 857 054b 87       		.byte	0x87
 858 054c 81050000 		.4byte	0x581
 859 0550 0D       		.uleb128 0xd
 860 0551 5C080000 		.4byte	.LASF102
 861 0555 00       		.byte	0
 862 0556 0D       		.uleb128 0xd
 863 0557 96090000 		.4byte	.LASF103
 864 055b 01       		.byte	0x1
 865 055c 0D       		.uleb128 0xd
 866 055d 06030000 		.4byte	.LASF104
 867 0561 02       		.byte	0x2
 868 0562 0D       		.uleb128 0xd
 869 0563 AE070000 		.4byte	.LASF105
 870 0567 03       		.byte	0x3
 871 0568 0D       		.uleb128 0xd
 872 0569 6D020000 		.4byte	.LASF106
 873 056d 04       		.byte	0x4
 874 056e 0D       		.uleb128 0xd
 875 056f F4050000 		.4byte	.LASF107
 876 0573 05       		.byte	0x5
 877 0574 0D       		.uleb128 0xd
 878 0575 83060000 		.4byte	.LASF108
 879 0579 06       		.byte	0x6
 880 057a 0D       		.uleb128 0xd
 881 057b 93050000 		.4byte	.LASF109
 882 057f 07       		.byte	0x7
 883 0580 00       		.byte	0
 884 0581 03       		.uleb128 0x3
 885 0582 3C040000 		.4byte	.LASF110
 886 0586 09       		.byte	0x9
 887 0587 90       		.byte	0x90
 888 0588 44050000 		.4byte	0x544
 889 058c 14       		.uleb128 0x14
 890 058d 02       		.byte	0x2
 891 058e 0A       		.byte	0xa
 892 058f 3E       		.byte	0x3e
 893 0590 AD050000 		.4byte	0x5ad
 894 0594 08       		.uleb128 0x8
 895 0595 7E050000 		.4byte	.LASF111
 896 0599 0A       		.byte	0xa
 897 059a 41       		.byte	0x41
 898 059b ED000000 		.4byte	0xed
 899 059f 00       		.byte	0
 900 05a0 08       		.uleb128 0x8
 901 05a1 52010000 		.4byte	.LASF112
 902 05a5 0A       		.byte	0xa
ARM GAS  C:\Users\User\AppData\Local\Temp\ccbX2USA.s 			page 21


 903 05a6 43       		.byte	0x43
 904 05a7 97000000 		.4byte	0x97
 905 05ab 01       		.byte	0x1
 906 05ac 00       		.byte	0
 907 05ad 03       		.uleb128 0x3
 908 05ae 22030000 		.4byte	.LASF113
 909 05b2 0A       		.byte	0xa
 910 05b3 44       		.byte	0x44
 911 05b4 8C050000 		.4byte	0x58c
 912 05b8 15       		.uleb128 0x15
 913 05b9 E5000000 		.4byte	.LASF116
 914 05bd 01       		.byte	0x1
 915 05be 47       		.byte	0x47
 916 05bf 2A060000 		.4byte	0x62a
 917 05c3 00000000 		.4byte	.LFB647
 918 05c7 78000000 		.4byte	.LFE647-.LFB647
 919 05cb 01       		.uleb128 0x1
 920 05cc 9C       		.byte	0x9c
 921 05cd 2A060000 		.4byte	0x62a
 922 05d1 16       		.uleb128 0x16
 923 05d2 D7090000 		.4byte	.LASF114
 924 05d6 01       		.byte	0x1
 925 05d7 4A       		.byte	0x4a
 926 05d8 AD050000 		.4byte	0x5ad
 927 05dc 05       		.uleb128 0x5
 928 05dd 03       		.byte	0x3
 929 05de 04000000 		.4byte	currentProximityData.17892
 930 05e2 16       		.uleb128 0x16
 931 05e3 52020000 		.4byte	.LASF115
 932 05e7 01       		.byte	0x1
 933 05e8 53       		.byte	0x53
 934 05e9 97000000 		.4byte	0x97
 935 05ed 05       		.uleb128 0x5
 936 05ee 03       		.byte	0x3
 937 05ef 00000000 		.4byte	proximity.17893
 938 05f3 17       		.uleb128 0x17
 939 05f4 0C000000 		.4byte	.LBB2
 940 05f8 3C000000 		.4byte	.LBE2-.LBB2
 941 05fc 0E060000 		.4byte	0x60e
 942 0600 18       		.uleb128 0x18
 943 0601 6900     		.ascii	"i\000"
 944 0603 01       		.byte	0x1
 945 0604 74       		.byte	0x74
 946 0605 89000000 		.4byte	0x89
 947 0609 00000000 		.4byte	.LLST0
 948 060d 00       		.byte	0
 949 060e 19       		.uleb128 0x19
 950 060f 06000000 		.4byte	.LVL0
 951 0613 20070000 		.4byte	0x720
 952 0617 19       		.uleb128 0x19
 953 0618 0C000000 		.4byte	.LVL1
 954 061c 2B070000 		.4byte	0x72b
 955 0620 19       		.uleb128 0x19
 956 0621 4C000000 		.4byte	.LVL7
 957 0625 36070000 		.4byte	0x736
 958 0629 00       		.byte	0
 959 062a 09       		.uleb128 0x9
ARM GAS  C:\Users\User\AppData\Local\Temp\ccbX2USA.s 			page 22


 960 062b 04       		.byte	0x4
 961 062c AD050000 		.4byte	0x5ad
 962 0630 15       		.uleb128 0x15
 963 0631 27010000 		.4byte	.LASF117
 964 0635 01       		.byte	0x1
 965 0636 C9       		.byte	0xc9
 966 0637 ED000000 		.4byte	0xed
 967 063b 00000000 		.4byte	.LFB648
 968 063f 10000000 		.4byte	.LFE648-.LFB648
 969 0643 01       		.uleb128 0x1
 970 0644 9C       		.byte	0x9c
 971 0645 60060000 		.4byte	0x660
 972 0649 16       		.uleb128 0x16
 973 064a 45030000 		.4byte	.LASF118
 974 064e 01       		.byte	0x1
 975 064f CC       		.byte	0xcc
 976 0650 ED000000 		.4byte	0xed
 977 0654 01       		.uleb128 0x1
 978 0655 50       		.byte	0x50
 979 0656 19       		.uleb128 0x19
 980 0657 06000000 		.4byte	.LVL8
 981 065b 20070000 		.4byte	0x720
 982 065f 00       		.byte	0
 983 0660 1A       		.uleb128 0x1a
 984 0661 AF010000 		.4byte	.LASF135
 985 0665 01       		.byte	0x1
 986 0666 E9       		.byte	0xe9
 987 0667 00000000 		.4byte	.LFB649
 988 066b 08000000 		.4byte	.LFE649-.LFB649
 989 066f 01       		.uleb128 0x1
 990 0670 9C       		.byte	0x9c
 991 0671 7F060000 		.4byte	0x67f
 992 0675 19       		.uleb128 0x19
 993 0676 06000000 		.4byte	.LVL10
 994 067a 41070000 		.4byte	0x741
 995 067e 00       		.byte	0
 996 067f 1B       		.uleb128 0x1b
 997 0680 43060000 		.4byte	.LASF119
 998 0684 0B       		.byte	0xb
 999 0685 EA07     		.2byte	0x7ea
 1000 0687 8B060000 		.4byte	0x68b
 1001 068b 05       		.uleb128 0x5
 1002 068c AD000000 		.4byte	0xad
 1003 0690 1B       		.uleb128 0x1b
 1004 0691 72070000 		.4byte	.LASF120
 1005 0695 09       		.byte	0x9
 1006 0696 2202     		.2byte	0x222
 1007 0698 39050000 		.4byte	0x539
 1008 069c 1C       		.uleb128 0x1c
 1009 069d 08050000 		.4byte	0x508
 1010 06a1 AC060000 		.4byte	0x6ac
 1011 06a5 1D       		.uleb128 0x1d
 1012 06a6 C3000000 		.4byte	0xc3
 1013 06aa 00       		.byte	0
 1014 06ab 00       		.byte	0
 1015 06ac 1B       		.uleb128 0x1b
 1016 06ad 7B080000 		.4byte	.LASF121
ARM GAS  C:\Users\User\AppData\Local\Temp\ccbX2USA.s 			page 23


 1017 06b1 09       		.byte	0x9
 1018 06b2 2C02     		.2byte	0x22c
 1019 06b4 9C060000 		.4byte	0x69c
 1020 06b8 1C       		.uleb128 0x1c
 1021 06b9 81050000 		.4byte	0x581
 1022 06bd C8060000 		.4byte	0x6c8
 1023 06c1 1D       		.uleb128 0x1d
 1024 06c2 C3000000 		.4byte	0xc3
 1025 06c6 00       		.byte	0
 1026 06c7 00       		.byte	0
 1027 06c8 1B       		.uleb128 0x1b
 1028 06c9 82030000 		.4byte	.LASF122
 1029 06cd 09       		.byte	0x9
 1030 06ce 2D02     		.2byte	0x22d
 1031 06d0 B8060000 		.4byte	0x6b8
 1032 06d4 1E       		.uleb128 0x1e
 1033 06d5 8D080000 		.4byte	.LASF123
 1034 06d9 0C       		.byte	0xc
 1035 06da 5E       		.byte	0x5e
 1036 06db FC030000 		.4byte	0x3fc
 1037 06df 1E       		.uleb128 0x1e
 1038 06e0 E5080000 		.4byte	.LASF124
 1039 06e4 0D       		.byte	0xd
 1040 06e5 1F       		.byte	0x1f
 1041 06e6 EA060000 		.4byte	0x6ea
 1042 06ea 1F       		.uleb128 0x1f
 1043 06eb E5010000 		.4byte	0x1e5
 1044 06ef 1E       		.uleb128 0x1e
 1045 06f0 93030000 		.4byte	.LASF125
 1046 06f4 0E       		.byte	0xe
 1047 06f5 87       		.byte	0x87
 1048 06f6 D8040000 		.4byte	0x4d8
 1049 06fa 1E       		.uleb128 0x1e
 1050 06fb 30040000 		.4byte	.LASF126
 1051 06ff 0F       		.byte	0xf
 1052 0700 4B       		.byte	0x4b
 1053 0701 61030000 		.4byte	0x361
 1054 0705 1C       		.uleb128 0x1c
 1055 0706 B8000000 		.4byte	0xb8
 1056 070a 15070000 		.4byte	0x715
 1057 070e 1D       		.uleb128 0x1d
 1058 070f C3000000 		.4byte	0xc3
 1059 0713 09       		.byte	0x9
 1060 0714 00       		.byte	0
 1061 0715 1E       		.uleb128 0x1e
 1062 0716 41090000 		.4byte	.LASF127
 1063 071a 01       		.byte	0x1
 1064 071b 37       		.byte	0x37
 1065 071c 05070000 		.4byte	0x705
 1066 0720 20       		.uleb128 0x20
 1067 0721 C7090000 		.4byte	.LASF128
 1068 0725 C7090000 		.4byte	.LASF128
 1069 0729 10       		.byte	0x10
 1070 072a 56       		.byte	0x56
 1071 072b 20       		.uleb128 0x20
 1072 072c 4B000000 		.4byte	.LASF129
 1073 0730 4B000000 		.4byte	.LASF129
ARM GAS  C:\Users\User\AppData\Local\Temp\ccbX2USA.s 			page 24


 1074 0734 11       		.byte	0x11
 1075 0735 3E       		.byte	0x3e
 1076 0736 20       		.uleb128 0x20
 1077 0737 00010000 		.4byte	.LASF130
 1078 073b 00010000 		.4byte	.LASF130
 1079 073f 10       		.byte	0x10
 1080 0740 55       		.byte	0x55
 1081 0741 20       		.uleb128 0x20
 1082 0742 82070000 		.4byte	.LASF131
 1083 0746 82070000 		.4byte	.LASF131
 1084 074a 11       		.byte	0x11
 1085 074b 3A       		.byte	0x3a
 1086 074c 00       		.byte	0
 1087              		.section	.debug_abbrev,"",%progbits
 1088              	.Ldebug_abbrev0:
 1089 0000 01       		.uleb128 0x1
 1090 0001 11       		.uleb128 0x11
 1091 0002 01       		.byte	0x1
 1092 0003 25       		.uleb128 0x25
 1093 0004 0E       		.uleb128 0xe
 1094 0005 13       		.uleb128 0x13
 1095 0006 0B       		.uleb128 0xb
 1096 0007 03       		.uleb128 0x3
 1097 0008 0E       		.uleb128 0xe
 1098 0009 1B       		.uleb128 0x1b
 1099 000a 0E       		.uleb128 0xe
 1100 000b 55       		.uleb128 0x55
 1101 000c 17       		.uleb128 0x17
 1102 000d 11       		.uleb128 0x11
 1103 000e 01       		.uleb128 0x1
 1104 000f 10       		.uleb128 0x10
 1105 0010 17       		.uleb128 0x17
 1106 0011 00       		.byte	0
 1107 0012 00       		.byte	0
 1108 0013 02       		.uleb128 0x2
 1109 0014 24       		.uleb128 0x24
 1110 0015 00       		.byte	0
 1111 0016 0B       		.uleb128 0xb
 1112 0017 0B       		.uleb128 0xb
 1113 0018 3E       		.uleb128 0x3e
 1114 0019 0B       		.uleb128 0xb
 1115 001a 03       		.uleb128 0x3
 1116 001b 0E       		.uleb128 0xe
 1117 001c 00       		.byte	0
 1118 001d 00       		.byte	0
 1119 001e 03       		.uleb128 0x3
 1120 001f 16       		.uleb128 0x16
 1121 0020 00       		.byte	0
 1122 0021 03       		.uleb128 0x3
 1123 0022 0E       		.uleb128 0xe
 1124 0023 3A       		.uleb128 0x3a
 1125 0024 0B       		.uleb128 0xb
 1126 0025 3B       		.uleb128 0x3b
 1127 0026 0B       		.uleb128 0xb
 1128 0027 49       		.uleb128 0x49
 1129 0028 13       		.uleb128 0x13
 1130 0029 00       		.byte	0
ARM GAS  C:\Users\User\AppData\Local\Temp\ccbX2USA.s 			page 25


 1131 002a 00       		.byte	0
 1132 002b 04       		.uleb128 0x4
 1133 002c 24       		.uleb128 0x24
 1134 002d 00       		.byte	0
 1135 002e 0B       		.uleb128 0xb
 1136 002f 0B       		.uleb128 0xb
 1137 0030 3E       		.uleb128 0x3e
 1138 0031 0B       		.uleb128 0xb
 1139 0032 03       		.uleb128 0x3
 1140 0033 08       		.uleb128 0x8
 1141 0034 00       		.byte	0
 1142 0035 00       		.byte	0
 1143 0036 05       		.uleb128 0x5
 1144 0037 35       		.uleb128 0x35
 1145 0038 00       		.byte	0
 1146 0039 49       		.uleb128 0x49
 1147 003a 13       		.uleb128 0x13
 1148 003b 00       		.byte	0
 1149 003c 00       		.byte	0
 1150 003d 06       		.uleb128 0x6
 1151 003e 0F       		.uleb128 0xf
 1152 003f 00       		.byte	0
 1153 0040 0B       		.uleb128 0xb
 1154 0041 0B       		.uleb128 0xb
 1155 0042 00       		.byte	0
 1156 0043 00       		.byte	0
 1157 0044 07       		.uleb128 0x7
 1158 0045 13       		.uleb128 0x13
 1159 0046 01       		.byte	0x1
 1160 0047 03       		.uleb128 0x3
 1161 0048 0E       		.uleb128 0xe
 1162 0049 0B       		.uleb128 0xb
 1163 004a 0B       		.uleb128 0xb
 1164 004b 3A       		.uleb128 0x3a
 1165 004c 0B       		.uleb128 0xb
 1166 004d 3B       		.uleb128 0x3b
 1167 004e 0B       		.uleb128 0xb
 1168 004f 01       		.uleb128 0x1
 1169 0050 13       		.uleb128 0x13
 1170 0051 00       		.byte	0
 1171 0052 00       		.byte	0
 1172 0053 08       		.uleb128 0x8
 1173 0054 0D       		.uleb128 0xd
 1174 0055 00       		.byte	0
 1175 0056 03       		.uleb128 0x3
 1176 0057 0E       		.uleb128 0xe
 1177 0058 3A       		.uleb128 0x3a
 1178 0059 0B       		.uleb128 0xb
 1179 005a 3B       		.uleb128 0x3b
 1180 005b 0B       		.uleb128 0xb
 1181 005c 49       		.uleb128 0x49
 1182 005d 13       		.uleb128 0x13
 1183 005e 38       		.uleb128 0x38
 1184 005f 0B       		.uleb128 0xb
 1185 0060 00       		.byte	0
 1186 0061 00       		.byte	0
 1187 0062 09       		.uleb128 0x9
ARM GAS  C:\Users\User\AppData\Local\Temp\ccbX2USA.s 			page 26


 1188 0063 0F       		.uleb128 0xf
 1189 0064 00       		.byte	0
 1190 0065 0B       		.uleb128 0xb
 1191 0066 0B       		.uleb128 0xb
 1192 0067 49       		.uleb128 0x49
 1193 0068 13       		.uleb128 0x13
 1194 0069 00       		.byte	0
 1195 006a 00       		.byte	0
 1196 006b 0A       		.uleb128 0xa
 1197 006c 15       		.uleb128 0x15
 1198 006d 01       		.byte	0x1
 1199 006e 27       		.uleb128 0x27
 1200 006f 19       		.uleb128 0x19
 1201 0070 01       		.uleb128 0x1
 1202 0071 13       		.uleb128 0x13
 1203 0072 00       		.byte	0
 1204 0073 00       		.byte	0
 1205 0074 0B       		.uleb128 0xb
 1206 0075 05       		.uleb128 0x5
 1207 0076 00       		.byte	0
 1208 0077 49       		.uleb128 0x49
 1209 0078 13       		.uleb128 0x13
 1210 0079 00       		.byte	0
 1211 007a 00       		.byte	0
 1212 007b 0C       		.uleb128 0xc
 1213 007c 04       		.uleb128 0x4
 1214 007d 01       		.byte	0x1
 1215 007e 0B       		.uleb128 0xb
 1216 007f 0B       		.uleb128 0xb
 1217 0080 49       		.uleb128 0x49
 1218 0081 13       		.uleb128 0x13
 1219 0082 3A       		.uleb128 0x3a
 1220 0083 0B       		.uleb128 0xb
 1221 0084 3B       		.uleb128 0x3b
 1222 0085 05       		.uleb128 0x5
 1223 0086 01       		.uleb128 0x1
 1224 0087 13       		.uleb128 0x13
 1225 0088 00       		.byte	0
 1226 0089 00       		.byte	0
 1227 008a 0D       		.uleb128 0xd
 1228 008b 28       		.uleb128 0x28
 1229 008c 00       		.byte	0
 1230 008d 03       		.uleb128 0x3
 1231 008e 0E       		.uleb128 0xe
 1232 008f 1C       		.uleb128 0x1c
 1233 0090 0B       		.uleb128 0xb
 1234 0091 00       		.byte	0
 1235 0092 00       		.byte	0
 1236 0093 0E       		.uleb128 0xe
 1237 0094 16       		.uleb128 0x16
 1238 0095 00       		.byte	0
 1239 0096 03       		.uleb128 0x3
 1240 0097 0E       		.uleb128 0xe
 1241 0098 3A       		.uleb128 0x3a
 1242 0099 0B       		.uleb128 0xb
 1243 009a 3B       		.uleb128 0x3b
 1244 009b 05       		.uleb128 0x5
ARM GAS  C:\Users\User\AppData\Local\Temp\ccbX2USA.s 			page 27


 1245 009c 49       		.uleb128 0x49
 1246 009d 13       		.uleb128 0x13
 1247 009e 00       		.byte	0
 1248 009f 00       		.byte	0
 1249 00a0 0F       		.uleb128 0xf
 1250 00a1 13       		.uleb128 0x13
 1251 00a2 01       		.byte	0x1
 1252 00a3 03       		.uleb128 0x3
 1253 00a4 0E       		.uleb128 0xe
 1254 00a5 0B       		.uleb128 0xb
 1255 00a6 0B       		.uleb128 0xb
 1256 00a7 3A       		.uleb128 0x3a
 1257 00a8 0B       		.uleb128 0xb
 1258 00a9 3B       		.uleb128 0x3b
 1259 00aa 05       		.uleb128 0x5
 1260 00ab 01       		.uleb128 0x1
 1261 00ac 13       		.uleb128 0x13
 1262 00ad 00       		.byte	0
 1263 00ae 00       		.byte	0
 1264 00af 10       		.uleb128 0x10
 1265 00b0 0D       		.uleb128 0xd
 1266 00b1 00       		.byte	0
 1267 00b2 03       		.uleb128 0x3
 1268 00b3 0E       		.uleb128 0xe
 1269 00b4 3A       		.uleb128 0x3a
 1270 00b5 0B       		.uleb128 0xb
 1271 00b6 3B       		.uleb128 0x3b
 1272 00b7 05       		.uleb128 0x5
 1273 00b8 49       		.uleb128 0x49
 1274 00b9 13       		.uleb128 0x13
 1275 00ba 38       		.uleb128 0x38
 1276 00bb 0B       		.uleb128 0xb
 1277 00bc 00       		.byte	0
 1278 00bd 00       		.byte	0
 1279 00be 11       		.uleb128 0x11
 1280 00bf 0D       		.uleb128 0xd
 1281 00c0 00       		.byte	0
 1282 00c1 03       		.uleb128 0x3
 1283 00c2 08       		.uleb128 0x8
 1284 00c3 3A       		.uleb128 0x3a
 1285 00c4 0B       		.uleb128 0xb
 1286 00c5 3B       		.uleb128 0x3b
 1287 00c6 05       		.uleb128 0x5
 1288 00c7 49       		.uleb128 0x49
 1289 00c8 13       		.uleb128 0x13
 1290 00c9 38       		.uleb128 0x38
 1291 00ca 0B       		.uleb128 0xb
 1292 00cb 00       		.byte	0
 1293 00cc 00       		.byte	0
 1294 00cd 12       		.uleb128 0x12
 1295 00ce 13       		.uleb128 0x13
 1296 00cf 01       		.byte	0x1
 1297 00d0 0B       		.uleb128 0xb
 1298 00d1 0B       		.uleb128 0xb
 1299 00d2 3A       		.uleb128 0x3a
 1300 00d3 0B       		.uleb128 0xb
 1301 00d4 3B       		.uleb128 0x3b
ARM GAS  C:\Users\User\AppData\Local\Temp\ccbX2USA.s 			page 28


 1302 00d5 05       		.uleb128 0x5
 1303 00d6 01       		.uleb128 0x1
 1304 00d7 13       		.uleb128 0x13
 1305 00d8 00       		.byte	0
 1306 00d9 00       		.byte	0
 1307 00da 13       		.uleb128 0x13
 1308 00db 04       		.uleb128 0x4
 1309 00dc 01       		.byte	0x1
 1310 00dd 0B       		.uleb128 0xb
 1311 00de 0B       		.uleb128 0xb
 1312 00df 49       		.uleb128 0x49
 1313 00e0 13       		.uleb128 0x13
 1314 00e1 3A       		.uleb128 0x3a
 1315 00e2 0B       		.uleb128 0xb
 1316 00e3 3B       		.uleb128 0x3b
 1317 00e4 0B       		.uleb128 0xb
 1318 00e5 01       		.uleb128 0x1
 1319 00e6 13       		.uleb128 0x13
 1320 00e7 00       		.byte	0
 1321 00e8 00       		.byte	0
 1322 00e9 14       		.uleb128 0x14
 1323 00ea 13       		.uleb128 0x13
 1324 00eb 01       		.byte	0x1
 1325 00ec 0B       		.uleb128 0xb
 1326 00ed 0B       		.uleb128 0xb
 1327 00ee 3A       		.uleb128 0x3a
 1328 00ef 0B       		.uleb128 0xb
 1329 00f0 3B       		.uleb128 0x3b
 1330 00f1 0B       		.uleb128 0xb
 1331 00f2 01       		.uleb128 0x1
 1332 00f3 13       		.uleb128 0x13
 1333 00f4 00       		.byte	0
 1334 00f5 00       		.byte	0
 1335 00f6 15       		.uleb128 0x15
 1336 00f7 2E       		.uleb128 0x2e
 1337 00f8 01       		.byte	0x1
 1338 00f9 3F       		.uleb128 0x3f
 1339 00fa 19       		.uleb128 0x19
 1340 00fb 03       		.uleb128 0x3
 1341 00fc 0E       		.uleb128 0xe
 1342 00fd 3A       		.uleb128 0x3a
 1343 00fe 0B       		.uleb128 0xb
 1344 00ff 3B       		.uleb128 0x3b
 1345 0100 0B       		.uleb128 0xb
 1346 0101 27       		.uleb128 0x27
 1347 0102 19       		.uleb128 0x19
 1348 0103 49       		.uleb128 0x49
 1349 0104 13       		.uleb128 0x13
 1350 0105 11       		.uleb128 0x11
 1351 0106 01       		.uleb128 0x1
 1352 0107 12       		.uleb128 0x12
 1353 0108 06       		.uleb128 0x6
 1354 0109 40       		.uleb128 0x40
 1355 010a 18       		.uleb128 0x18
 1356 010b 9742     		.uleb128 0x2117
 1357 010d 19       		.uleb128 0x19
 1358 010e 01       		.uleb128 0x1
ARM GAS  C:\Users\User\AppData\Local\Temp\ccbX2USA.s 			page 29


 1359 010f 13       		.uleb128 0x13
 1360 0110 00       		.byte	0
 1361 0111 00       		.byte	0
 1362 0112 16       		.uleb128 0x16
 1363 0113 34       		.uleb128 0x34
 1364 0114 00       		.byte	0
 1365 0115 03       		.uleb128 0x3
 1366 0116 0E       		.uleb128 0xe
 1367 0117 3A       		.uleb128 0x3a
 1368 0118 0B       		.uleb128 0xb
 1369 0119 3B       		.uleb128 0x3b
 1370 011a 0B       		.uleb128 0xb
 1371 011b 49       		.uleb128 0x49
 1372 011c 13       		.uleb128 0x13
 1373 011d 02       		.uleb128 0x2
 1374 011e 18       		.uleb128 0x18
 1375 011f 00       		.byte	0
 1376 0120 00       		.byte	0
 1377 0121 17       		.uleb128 0x17
 1378 0122 0B       		.uleb128 0xb
 1379 0123 01       		.byte	0x1
 1380 0124 11       		.uleb128 0x11
 1381 0125 01       		.uleb128 0x1
 1382 0126 12       		.uleb128 0x12
 1383 0127 06       		.uleb128 0x6
 1384 0128 01       		.uleb128 0x1
 1385 0129 13       		.uleb128 0x13
 1386 012a 00       		.byte	0
 1387 012b 00       		.byte	0
 1388 012c 18       		.uleb128 0x18
 1389 012d 34       		.uleb128 0x34
 1390 012e 00       		.byte	0
 1391 012f 03       		.uleb128 0x3
 1392 0130 08       		.uleb128 0x8
 1393 0131 3A       		.uleb128 0x3a
 1394 0132 0B       		.uleb128 0xb
 1395 0133 3B       		.uleb128 0x3b
 1396 0134 0B       		.uleb128 0xb
 1397 0135 49       		.uleb128 0x49
 1398 0136 13       		.uleb128 0x13
 1399 0137 02       		.uleb128 0x2
 1400 0138 17       		.uleb128 0x17
 1401 0139 00       		.byte	0
 1402 013a 00       		.byte	0
 1403 013b 19       		.uleb128 0x19
 1404 013c 898201   		.uleb128 0x4109
 1405 013f 00       		.byte	0
 1406 0140 11       		.uleb128 0x11
 1407 0141 01       		.uleb128 0x1
 1408 0142 31       		.uleb128 0x31
 1409 0143 13       		.uleb128 0x13
 1410 0144 00       		.byte	0
 1411 0145 00       		.byte	0
 1412 0146 1A       		.uleb128 0x1a
 1413 0147 2E       		.uleb128 0x2e
 1414 0148 01       		.byte	0x1
 1415 0149 3F       		.uleb128 0x3f
ARM GAS  C:\Users\User\AppData\Local\Temp\ccbX2USA.s 			page 30


 1416 014a 19       		.uleb128 0x19
 1417 014b 03       		.uleb128 0x3
 1418 014c 0E       		.uleb128 0xe
 1419 014d 3A       		.uleb128 0x3a
 1420 014e 0B       		.uleb128 0xb
 1421 014f 3B       		.uleb128 0x3b
 1422 0150 0B       		.uleb128 0xb
 1423 0151 27       		.uleb128 0x27
 1424 0152 19       		.uleb128 0x19
 1425 0153 11       		.uleb128 0x11
 1426 0154 01       		.uleb128 0x1
 1427 0155 12       		.uleb128 0x12
 1428 0156 06       		.uleb128 0x6
 1429 0157 40       		.uleb128 0x40
 1430 0158 18       		.uleb128 0x18
 1431 0159 9742     		.uleb128 0x2117
 1432 015b 19       		.uleb128 0x19
 1433 015c 01       		.uleb128 0x1
 1434 015d 13       		.uleb128 0x13
 1435 015e 00       		.byte	0
 1436 015f 00       		.byte	0
 1437 0160 1B       		.uleb128 0x1b
 1438 0161 34       		.uleb128 0x34
 1439 0162 00       		.byte	0
 1440 0163 03       		.uleb128 0x3
 1441 0164 0E       		.uleb128 0xe
 1442 0165 3A       		.uleb128 0x3a
 1443 0166 0B       		.uleb128 0xb
 1444 0167 3B       		.uleb128 0x3b
 1445 0168 05       		.uleb128 0x5
 1446 0169 49       		.uleb128 0x49
 1447 016a 13       		.uleb128 0x13
 1448 016b 3F       		.uleb128 0x3f
 1449 016c 19       		.uleb128 0x19
 1450 016d 3C       		.uleb128 0x3c
 1451 016e 19       		.uleb128 0x19
 1452 016f 00       		.byte	0
 1453 0170 00       		.byte	0
 1454 0171 1C       		.uleb128 0x1c
 1455 0172 01       		.uleb128 0x1
 1456 0173 01       		.byte	0x1
 1457 0174 49       		.uleb128 0x49
 1458 0175 13       		.uleb128 0x13
 1459 0176 01       		.uleb128 0x1
 1460 0177 13       		.uleb128 0x13
 1461 0178 00       		.byte	0
 1462 0179 00       		.byte	0
 1463 017a 1D       		.uleb128 0x1d
 1464 017b 21       		.uleb128 0x21
 1465 017c 00       		.byte	0
 1466 017d 49       		.uleb128 0x49
 1467 017e 13       		.uleb128 0x13
 1468 017f 2F       		.uleb128 0x2f
 1469 0180 0B       		.uleb128 0xb
 1470 0181 00       		.byte	0
 1471 0182 00       		.byte	0
 1472 0183 1E       		.uleb128 0x1e
ARM GAS  C:\Users\User\AppData\Local\Temp\ccbX2USA.s 			page 31


 1473 0184 34       		.uleb128 0x34
 1474 0185 00       		.byte	0
 1475 0186 03       		.uleb128 0x3
 1476 0187 0E       		.uleb128 0xe
 1477 0188 3A       		.uleb128 0x3a
 1478 0189 0B       		.uleb128 0xb
 1479 018a 3B       		.uleb128 0x3b
 1480 018b 0B       		.uleb128 0xb
 1481 018c 49       		.uleb128 0x49
 1482 018d 13       		.uleb128 0x13
 1483 018e 3F       		.uleb128 0x3f
 1484 018f 19       		.uleb128 0x19
 1485 0190 3C       		.uleb128 0x3c
 1486 0191 19       		.uleb128 0x19
 1487 0192 00       		.byte	0
 1488 0193 00       		.byte	0
 1489 0194 1F       		.uleb128 0x1f
 1490 0195 26       		.uleb128 0x26
 1491 0196 00       		.byte	0
 1492 0197 49       		.uleb128 0x49
 1493 0198 13       		.uleb128 0x13
 1494 0199 00       		.byte	0
 1495 019a 00       		.byte	0
 1496 019b 20       		.uleb128 0x20
 1497 019c 2E       		.uleb128 0x2e
 1498 019d 00       		.byte	0
 1499 019e 3F       		.uleb128 0x3f
 1500 019f 19       		.uleb128 0x19
 1501 01a0 3C       		.uleb128 0x3c
 1502 01a1 19       		.uleb128 0x19
 1503 01a2 6E       		.uleb128 0x6e
 1504 01a3 0E       		.uleb128 0xe
 1505 01a4 03       		.uleb128 0x3
 1506 01a5 0E       		.uleb128 0xe
 1507 01a6 3A       		.uleb128 0x3a
 1508 01a7 0B       		.uleb128 0xb
 1509 01a8 3B       		.uleb128 0x3b
 1510 01a9 0B       		.uleb128 0xb
 1511 01aa 00       		.byte	0
 1512 01ab 00       		.byte	0
 1513 01ac 00       		.byte	0
 1514              		.section	.debug_loc,"",%progbits
 1515              	.Ldebug_loc0:
 1516              	.LLST0:
 1517 0000 0C000000 		.4byte	.LVL1
 1518 0004 10000000 		.4byte	.LVL2
 1519 0008 0200     		.2byte	0x2
 1520 000a 30       		.byte	0x30
 1521 000b 9F       		.byte	0x9f
 1522 000c 10000000 		.4byte	.LVL2
 1523 0010 3A000000 		.4byte	.LVL4
 1524 0014 0100     		.2byte	0x1
 1525 0016 53       		.byte	0x53
 1526 0017 44000000 		.4byte	.LVL5
 1527 001b 48000000 		.4byte	.LVL6
 1528 001f 0100     		.2byte	0x1
 1529 0021 53       		.byte	0x53
ARM GAS  C:\Users\User\AppData\Local\Temp\ccbX2USA.s 			page 32


 1530 0022 00000000 		.4byte	0
 1531 0026 00000000 		.4byte	0
 1532              		.section	.debug_aranges,"",%progbits
 1533 0000 2C000000 		.4byte	0x2c
 1534 0004 0200     		.2byte	0x2
 1535 0006 00000000 		.4byte	.Ldebug_info0
 1536 000a 04       		.byte	0x4
 1537 000b 00       		.byte	0
 1538 000c 0000     		.2byte	0
 1539 000e 0000     		.2byte	0
 1540 0010 00000000 		.4byte	.LFB647
 1541 0014 78000000 		.4byte	.LFE647-.LFB647
 1542 0018 00000000 		.4byte	.LFB648
 1543 001c 10000000 		.4byte	.LFE648-.LFB648
 1544 0020 00000000 		.4byte	.LFB649
 1545 0024 08000000 		.4byte	.LFE649-.LFB649
 1546 0028 00000000 		.4byte	0
 1547 002c 00000000 		.4byte	0
 1548              		.section	.debug_ranges,"",%progbits
 1549              	.Ldebug_ranges0:
 1550 0000 00000000 		.4byte	.LFB647
 1551 0004 78000000 		.4byte	.LFE647
 1552 0008 00000000 		.4byte	.LFB648
 1553 000c 10000000 		.4byte	.LFE648
 1554 0010 00000000 		.4byte	.LFB649
 1555 0014 08000000 		.4byte	.LFE649
 1556 0018 00000000 		.4byte	0
 1557 001c 00000000 		.4byte	0
 1558              		.section	.debug_line,"",%progbits
 1559              	.Ldebug_line0:
 1560 0000 35030000 		.section	.debug_str,"MS",%progbits,1
 1560      0200D402 
 1560      00000201 
 1560      FB0E0D00 
 1560      01010101 
 1561              	.LASF25:
 1562 0000 72756E4D 		.ascii	"runMode\000"
 1562      6F646500 
 1563              	.LASF55:
 1564 0008 63795F73 		.ascii	"cy_stc_scb_ezi2c_context\000"
 1564      74635F73 
 1564      63625F65 
 1564      7A693263 
 1564      5F636F6E 
 1565              	.LASF76:
 1566 0021 72784275 		.ascii	"rxBufSize\000"
 1566      6653697A 
 1566      6500
 1567              	.LASF45:
 1568 002b 63795F65 		.ascii	"cy_en_scb_ezi2c_sub_addr_size_t\000"
 1568      6E5F7363 
 1568      625F657A 
 1568      6932635F 
 1568      7375625F 
 1569              	.LASF129:
 1570 004b 43617053 		.ascii	"CapSense_ProcessAllWidgets\000"
 1570      656E7365 
ARM GAS  C:\Users\User\AppData\Local\Temp\ccbX2USA.s 			page 33


 1570      5F50726F 
 1570      63657373 
 1570      416C6C57 
 1571              	.LASF66:
 1572 0066 62756631 		.ascii	"buf1\000"
 1572      00
 1573              	.LASF3:
 1574 006b 5F5F7569 		.ascii	"__uint8_t\000"
 1574      6E74385F 
 1574      7400
 1575              	.LASF96:
 1576 0075 63795F73 		.ascii	"cy_stc_ble_conn_handle_t\000"
 1576      74635F62 
 1576      6C655F63 
 1576      6F6E6E5F 
 1576      68616E64 
 1577              	.LASF26:
 1578 008e 636F756E 		.ascii	"countDirection\000"
 1578      74446972 
 1578      65637469 
 1578      6F6E00
 1579              	.LASF38:
 1580 009d 73746F70 		.ascii	"stopInputMode\000"
 1580      496E7075 
 1580      744D6F64 
 1580      6500
 1581              	.LASF23:
 1582 00ab 70657269 		.ascii	"period\000"
 1582      6F6400
 1583              	.LASF33:
 1584 00b2 63617074 		.ascii	"captureInput\000"
 1584      75726549 
 1584      6E707574 
 1584      00
 1585              	.LASF11:
 1586 00bf 6C6F6E67 		.ascii	"long long unsigned int\000"
 1586      206C6F6E 
 1586      6720756E 
 1586      7369676E 
 1586      65642069 
 1587              	.LASF24:
 1588 00d6 636C6F63 		.ascii	"clockPrescaler\000"
 1588      6B507265 
 1588      7363616C 
 1588      657200
 1589              	.LASF116:
 1590 00e5 47657450 		.ascii	"GetProximityData\000"
 1590      726F7869 
 1590      6D697479 
 1590      44617461 
 1590      00
 1591              	.LASF88:
 1592 00f6 72785269 		.ascii	"rxRingBuf\000"
 1592      6E674275 
 1592      6600
 1593              	.LASF130:
 1594 0100 43617053 		.ascii	"CapSense_ScanAllWidgets\000"
ARM GAS  C:\Users\User\AppData\Local\Temp\ccbX2USA.s 			page 34


 1594      656E7365 
 1594      5F536361 
 1594      6E416C6C 
 1594      57696467 
 1595              	.LASF67:
 1596 0118 62756631 		.ascii	"buf1Size\000"
 1596      53697A65 
 1596      00
 1597              	.LASF78:
 1598 0121 74784275 		.ascii	"txBuf\000"
 1598      6600
 1599              	.LASF117:
 1600 0127 49734361 		.ascii	"IsCapSenseReadyForLowPowerMode\000"
 1600      7053656E 
 1600      73655265 
 1600      61647946 
 1600      6F724C6F 
 1601              	.LASF60:
 1602 0146 73756241 		.ascii	"subAddrSize\000"
 1602      64647253 
 1602      697A6500 
 1603              	.LASF112:
 1604 0152 70726F78 		.ascii	"proximityData\000"
 1604      696D6974 
 1604      79446174 
 1604      6100
 1605              	.LASF42:
 1606 0160 63795F73 		.ascii	"cy_stc_tcpwm_counter_config_t\000"
 1606      74635F74 
 1606      6370776D 
 1606      5F636F75 
 1606      6E746572 
 1607              	.LASF74:
 1608 017e 63795F73 		.ascii	"cy_stc_scb_spi_context\000"
 1608      74635F73 
 1608      63625F73 
 1608      70695F63 
 1608      6F6E7465 
 1609              	.LASF93:
 1610 0195 63795F73 		.ascii	"cy_stc_scb_uart_context_t\000"
 1610      74635F73 
 1610      63625F75 
 1610      6172745F 
 1610      636F6E74 
 1611              	.LASF135:
 1612 01af 496E6974 		.ascii	"InitCapSense\000"
 1612      43617053 
 1612      656E7365 
 1612      00
 1613              	.LASF100:
 1614 01bc 43595F42 		.ascii	"CY_BLE_ADV_STATE_STOP_INITIATED\000"
 1614      4C455F41 
 1614      44565F53 
 1614      54415445 
 1614      5F53544F 
 1615              	.LASF73:
 1616 01dc 63795F63 		.ascii	"cy_cb_scb_spi_handle_events_t\000"
ARM GAS  C:\Users\User\AppData\Local\Temp\ccbX2USA.s 			page 35


 1616      625F7363 
 1616      625F7370 
 1616      695F6861 
 1616      6E646C65 
 1617              	.LASF58:
 1618 01fa 61646472 		.ascii	"address1\000"
 1618      65737331 
 1618      00
 1619              	.LASF59:
 1620 0203 61646472 		.ascii	"address2\000"
 1620      65737332 
 1620      00
 1621              	.LASF64:
 1622 020c 63757242 		.ascii	"curBuf\000"
 1622      756600
 1623              	.LASF56:
 1624 0213 73746174 		.ascii	"state\000"
 1624      6500
 1625              	.LASF7:
 1626 0219 6C6F6E67 		.ascii	"long int\000"
 1626      20696E74 
 1626      00
 1627              	.LASF101:
 1628 0222 63795F65 		.ascii	"cy_en_ble_adv_state_t\000"
 1628      6E5F626C 
 1628      655F6164 
 1628      765F7374 
 1628      6174655F 
 1629              	.LASF0:
 1630 0238 73686F72 		.ascii	"short int\000"
 1630      7420696E 
 1630      7400
 1631              	.LASF14:
 1632 0242 75696E74 		.ascii	"uint16_t\000"
 1632      31365F74 
 1632      00
 1633              	.LASF21:
 1634 024b 646F7562 		.ascii	"double\000"
 1634      6C6500
 1635              	.LASF115:
 1636 0252 70726F78 		.ascii	"proximity\000"
 1636      696D6974 
 1636      7900
 1637              	.LASF32:
 1638 025c 63617074 		.ascii	"captureInputMode\000"
 1638      75726549 
 1638      6E707574 
 1638      4D6F6465 
 1638      00
 1639              	.LASF106:
 1640 026d 43595F42 		.ascii	"CY_BLE_CONN_STATE_CLIENT_INCL_DISCOVERING\000"
 1640      4C455F43 
 1640      4F4E4E5F 
 1640      53544154 
 1640      455F434C 
 1641              	.LASF48:
 1642 0297 43595F53 		.ascii	"CY_SCB_EZI2C_STATE_RX_OFFSET_MSB\000"
ARM GAS  C:\Users\User\AppData\Local\Temp\ccbX2USA.s 			page 36


 1642      43425F45 
 1642      5A493243 
 1642      5F535441 
 1642      54455F52 
 1643              	.LASF133:
 1644 02b8 70726F78 		.ascii	"proximity.c\000"
 1644      696D6974 
 1644      792E6300 
 1645              	.LASF8:
 1646 02c4 5F5F7569 		.ascii	"__uint32_t\000"
 1646      6E743332 
 1646      5F7400
 1647              	.LASF94:
 1648 02cf 62644861 		.ascii	"bdHandle\000"
 1648      6E646C65 
 1648      00
 1649              	.LASF77:
 1650 02d8 72784275 		.ascii	"rxBufIdx\000"
 1650      66496478 
 1650      00
 1651              	.LASF10:
 1652 02e1 6C6F6E67 		.ascii	"long long int\000"
 1652      206C6F6E 
 1652      6720696E 
 1652      7400
 1653              	.LASF79:
 1654 02ef 74784275 		.ascii	"txBufSize\000"
 1654      6653697A 
 1654      6500
 1655              	.LASF12:
 1656 02f9 756E7369 		.ascii	"unsigned int\000"
 1656      676E6564 
 1656      20696E74 
 1656      00
 1657              	.LASF104:
 1658 0306 43595F42 		.ascii	"CY_BLE_CONN_STATE_CONNECTED\000"
 1658      4C455F43 
 1658      4F4E4E5F 
 1658      53544154 
 1658      455F434F 
 1659              	.LASF113:
 1660 0322 70726F78 		.ascii	"proximity_data_t\000"
 1660      696D6974 
 1660      795F6461 
 1660      74615F74 
 1660      00
 1661              	.LASF9:
 1662 0333 6C6F6E67 		.ascii	"long unsigned int\000"
 1662      20756E73 
 1662      69676E65 
 1662      6420696E 
 1662      7400
 1663              	.LASF118:
 1664 0345 6C6F7750 		.ascii	"lowPowerModeReady\000"
 1664      6F776572 
 1664      4D6F6465 
 1664      52656164 
ARM GAS  C:\Users\User\AppData\Local\Temp\ccbX2USA.s 			page 37


 1664      7900
 1665              	.LASF5:
 1666 0357 73686F72 		.ascii	"short unsigned int\000"
 1666      7420756E 
 1666      7369676E 
 1666      65642069 
 1666      6E7400
 1667              	.LASF47:
 1668 036a 43595F53 		.ascii	"CY_SCB_EZI2C_STATE_ADDR\000"
 1668      43425F45 
 1668      5A493243 
 1668      5F535441 
 1668      54455F41 
 1669              	.LASF122:
 1670 0382 63795F62 		.ascii	"cy_ble_connState\000"
 1670      6C655F63 
 1670      6F6E6E53 
 1670      74617465 
 1670      00
 1671              	.LASF125:
 1672 0393 55617274 		.ascii	"Uart_Printf_context\000"
 1672      5F507269 
 1672      6E74665F 
 1672      636F6E74 
 1672      65787400 
 1673              	.LASF81:
 1674 03a7 63624576 		.ascii	"cbEvents\000"
 1674      656E7473 
 1674      00
 1675              	.LASF49:
 1676 03b0 43595F53 		.ascii	"CY_SCB_EZI2C_STATE_RX_OFFSET_LSB\000"
 1676      43425F45 
 1676      5A493243 
 1676      5F535441 
 1676      54455F52 
 1677              	.LASF90:
 1678 03d1 72785269 		.ascii	"rxRingBufHead\000"
 1678      6E674275 
 1678      66486561 
 1678      6400
 1679              	.LASF40:
 1680 03df 636F756E 		.ascii	"countInputMode\000"
 1680      74496E70 
 1680      75744D6F 
 1680      646500
 1681              	.LASF37:
 1682 03ee 73746172 		.ascii	"startInput\000"
 1682      74496E70 
 1682      757400
 1683              	.LASF95:
 1684 03f9 61747449 		.ascii	"attId\000"
 1684      6400
 1685              	.LASF54:
 1686 03ff 63795F73 		.ascii	"cy_stc_tcpwm_counter_config\000"
 1686      74635F74 
 1686      6370776D 
 1686      5F636F75 
ARM GAS  C:\Users\User\AppData\Local\Temp\ccbX2USA.s 			page 38


 1686      6E746572 
 1687              	.LASF17:
 1688 041b 73697A65 		.ascii	"sizetype\000"
 1688      74797065 
 1688      00
 1689              	.LASF18:
 1690 0424 6C6F6E67 		.ascii	"long double\000"
 1690      20646F75 
 1690      626C6500 
 1691              	.LASF126:
 1692 0430 4932435F 		.ascii	"I2C_context\000"
 1692      636F6E74 
 1692      65787400 
 1693              	.LASF110:
 1694 043c 63795F65 		.ascii	"cy_en_ble_conn_state_t\000"
 1694      6E5F626C 
 1694      655F636F 
 1694      6E6E5F73 
 1694      74617465 
 1695              	.LASF98:
 1696 0453 43595F42 		.ascii	"CY_BLE_ADV_STATE_ADV_INITIATED\000"
 1696      4C455F41 
 1696      44565F53 
 1696      54415445 
 1696      5F414456 
 1697              	.LASF46:
 1698 0472 43595F53 		.ascii	"CY_SCB_EZI2C_STATE_IDLE\000"
 1698      43425F45 
 1698      5A493243 
 1698      5F535441 
 1698      54455F49 
 1699              	.LASF87:
 1700 048a 72785374 		.ascii	"rxStatus\000"
 1700      61747573 
 1700      00
 1701              	.LASF50:
 1702 0493 43595F53 		.ascii	"CY_SCB_EZI2C_STATE_RX_DATA0\000"
 1702      43425F45 
 1702      5A493243 
 1702      5F535441 
 1702      54455F52 
 1703              	.LASF51:
 1704 04af 43595F53 		.ascii	"CY_SCB_EZI2C_STATE_RX_DATA1\000"
 1704      43425F45 
 1704      5A493243 
 1704      5F535441 
 1704      54455F52 
 1705              	.LASF132:
 1706 04cb 474E5520 		.ascii	"GNU C11 5.4.1 20160609 (release) [ARM/embedded-5-br"
 1706      43313120 
 1706      352E342E 
 1706      31203230 
 1706      31363036 
 1707 04fe 616E6368 		.ascii	"anch revision 237715] -mcpu=cortex-m4 -mfloat-abi=s"
 1707      20726576 
 1707      6973696F 
 1707      6E203233 
ARM GAS  C:\Users\User\AppData\Local\Temp\ccbX2USA.s 			page 39


 1707      37373135 
 1708 0531 6F667466 		.ascii	"oftfp -mfpu=fpv4-sp-d16 -mthumb -g -Og -ffunction-s"
 1708      70202D6D 
 1708      6670753D 
 1708      66707634 
 1708      2D73702D 
 1709 0564 65637469 		.ascii	"ections -ffat-lto-objects\000"
 1709      6F6E7320 
 1709      2D666661 
 1709      742D6C74 
 1709      6F2D6F62 
 1710              	.LASF111:
 1711 057e 70726F78 		.ascii	"proximityDataUpdated\000"
 1711      696D6974 
 1711      79446174 
 1711      61557064 
 1711      61746564 
 1712              	.LASF109:
 1713 0593 43595F42 		.ascii	"CY_BLE_CONN_STATE_CLIENT_DISCOVERED\000"
 1713      4C455F43 
 1713      4F4E4E5F 
 1713      53544154 
 1713      455F434C 
 1714              	.LASF20:
 1715 05b7 666C6F61 		.ascii	"float\000"
 1715      7400
 1716              	.LASF92:
 1717 05bd 74784C65 		.ascii	"txLeftToTransmit\000"
 1717      6674546F 
 1717      5472616E 
 1717      736D6974 
 1717      00
 1718              	.LASF53:
 1719 05ce 63795F65 		.ascii	"cy_en_scb_ezi2c_state_t\000"
 1719      6E5F7363 
 1719      625F657A 
 1719      6932635F 
 1719      73746174 
 1720              	.LASF71:
 1721 05e6 62756632 		.ascii	"buf2rwBondary\000"
 1721      7277426F 
 1721      6E646172 
 1721      7900
 1722              	.LASF107:
 1723 05f4 43595F42 		.ascii	"CY_BLE_CONN_STATE_CLIENT_CHAR_DISCOVERING\000"
 1723      4C455F43 
 1723      4F4E4E5F 
 1723      53544154 
 1723      455F434C 
 1724              	.LASF36:
 1725 061e 73746172 		.ascii	"startInputMode\000"
 1725      74496E70 
 1725      75744D6F 
 1725      646500
 1726              	.LASF15:
 1727 062d 696E7433 		.ascii	"int32_t\000"
 1727      325F7400 
ARM GAS  C:\Users\User\AppData\Local\Temp\ccbX2USA.s 			page 40


 1728              	.LASF2:
 1729 0635 756E7369 		.ascii	"unsigned char\000"
 1729      676E6564 
 1729      20636861 
 1729      7200
 1730              	.LASF119:
 1731 0643 49544D5F 		.ascii	"ITM_RxBuffer\000"
 1731      52784275 
 1731      66666572 
 1731      00
 1732              	.LASF30:
 1733 0650 656E6162 		.ascii	"enableCompareSwap\000"
 1733      6C65436F 
 1733      6D706172 
 1733      65537761 
 1733      7000
 1734              	.LASF57:
 1735 0662 73746174 		.ascii	"status\000"
 1735      757300
 1736              	.LASF80:
 1737 0669 74784275 		.ascii	"txBufIdx\000"
 1737      66496478 
 1737      00
 1738              	.LASF27:
 1739 0672 636F6D70 		.ascii	"compareOrCapture\000"
 1739      6172654F 
 1739      72436170 
 1739      74757265 
 1739      00
 1740              	.LASF108:
 1741 0683 43595F42 		.ascii	"CY_BLE_CONN_STATE_CLIENT_DESCR_DISCOVERING\000"
 1741      4C455F43 
 1741      4F4E4E5F 
 1741      53544154 
 1741      455F434C 
 1742              	.LASF16:
 1743 06ae 75696E74 		.ascii	"uint32_t\000"
 1743      33325F74 
 1743      00
 1744              	.LASF63:
 1745 06b7 61646472 		.ascii	"addr1Active\000"
 1745      31416374 
 1745      69766500 
 1746              	.LASF70:
 1747 06c3 62756632 		.ascii	"buf2Size\000"
 1747      53697A65 
 1747      00
 1748              	.LASF83:
 1749 06cc 63795F73 		.ascii	"cy_stc_scb_spi_context_t\000"
 1749      74635F73 
 1749      63625F73 
 1749      70695F63 
 1749      6F6E7465 
 1750              	.LASF28:
 1751 06e5 636F6D70 		.ascii	"compare0\000"
 1751      61726530 
 1751      00
ARM GAS  C:\Users\User\AppData\Local\Temp\ccbX2USA.s 			page 41


 1752              	.LASF29:
 1753 06ee 636F6D70 		.ascii	"compare1\000"
 1753      61726531 
 1753      00
 1754              	.LASF65:
 1755 06f7 62756653 		.ascii	"bufSize\000"
 1755      697A6500 
 1756              	.LASF19:
 1757 06ff 63686172 		.ascii	"char\000"
 1757      00
 1758              	.LASF52:
 1759 0704 43595F53 		.ascii	"CY_SCB_EZI2C_STATE_TX_DATA\000"
 1759      43425F45 
 1759      5A493243 
 1759      5F535441 
 1759      54455F54 
 1760              	.LASF4:
 1761 071f 5F5F7569 		.ascii	"__uint16_t\000"
 1761      6E743136 
 1761      5F7400
 1762              	.LASF134:
 1763 072a 433A5C55 		.ascii	"C:\\Users\\User\\Desktop\\SmartBottle_v0p1\\SmartBo"
 1763      73657273 
 1763      5C557365 
 1763      725C4465 
 1763      736B746F 
 1764 0758 74746C65 		.ascii	"ttle_v0p1.cydsn\000"
 1764      5F763070 
 1764      312E6379 
 1764      64736E00 
 1765              	.LASF6:
 1766 0768 5F5F696E 		.ascii	"__int32_t\000"
 1766      7433325F 
 1766      7400
 1767              	.LASF120:
 1768 0772 63795F62 		.ascii	"cy_ble_advState\000"
 1768      6C655F61 
 1768      64765374 
 1768      61746500 
 1769              	.LASF131:
 1770 0782 43617053 		.ascii	"CapSense_Start\000"
 1770      656E7365 
 1770      5F537461 
 1770      727400
 1771              	.LASF31:
 1772 0791 696E7465 		.ascii	"interruptSources\000"
 1772      72727570 
 1772      74536F75 
 1772      72636573 
 1772      00
 1773              	.LASF35:
 1774 07a2 72656C6F 		.ascii	"reloadInput\000"
 1774      6164496E 
 1774      70757400 
 1775              	.LASF105:
 1776 07ae 43595F42 		.ascii	"CY_BLE_CONN_STATE_CLIENT_SRVC_DISCOVERING\000"
 1776      4C455F43 
ARM GAS  C:\Users\User\AppData\Local\Temp\ccbX2USA.s 			page 42


 1776      4F4E4E5F 
 1776      53544154 
 1776      455F434C 
 1777              	.LASF84:
 1778 07d8 63795F63 		.ascii	"cy_cb_scb_uart_handle_events_t\000"
 1778      625F7363 
 1778      625F7561 
 1778      72745F68 
 1778      616E646C 
 1779              	.LASF44:
 1780 07f7 43595F53 		.ascii	"CY_SCB_EZI2C_SUB_ADDR16_BITS\000"
 1780      43425F45 
 1780      5A493243 
 1780      5F535542 
 1780      5F414444 
 1781              	.LASF39:
 1782 0814 73746F70 		.ascii	"stopInput\000"
 1782      496E7075 
 1782      7400
 1783              	.LASF89:
 1784 081e 72785269 		.ascii	"rxRingBufSize\000"
 1784      6E674275 
 1784      6653697A 
 1784      6500
 1785              	.LASF82:
 1786 082c 696E6974 		.ascii	"initKey\000"
 1786      4B657900 
 1787              	.LASF75:
 1788 0834 72784275 		.ascii	"rxBuf\000"
 1788      6600
 1789              	.LASF43:
 1790 083a 43595F53 		.ascii	"CY_SCB_EZI2C_SUB_ADDR8_BITS\000"
 1790      43425F45 
 1790      5A493243 
 1790      5F535542 
 1790      5F414444 
 1791              	.LASF22:
 1792 0856 5F426F6F 		.ascii	"_Bool\000"
 1792      6C00
 1793              	.LASF102:
 1794 085c 43595F42 		.ascii	"CY_BLE_CONN_STATE_DISCONNECTED\000"
 1794      4C455F43 
 1794      4F4E4E5F 
 1794      53544154 
 1794      455F4449 
 1795              	.LASF121:
 1796 087b 63795F62 		.ascii	"cy_ble_connHandle\000"
 1796      6C655F63 
 1796      6F6E6E48 
 1796      616E646C 
 1796      6500
 1797              	.LASF123:
 1798 088d 43595F45 		.ascii	"CY_EINK_SPIM_context\000"
 1798      494E4B5F 
 1798      5350494D 
 1798      5F636F6E 
 1798      74657874 
ARM GAS  C:\Users\User\AppData\Local\Temp\ccbX2USA.s 			page 43


 1799              	.LASF69:
 1800 08a2 62756632 		.ascii	"buf2\000"
 1800      00
 1801              	.LASF99:
 1802 08a7 43595F42 		.ascii	"CY_BLE_ADV_STATE_ADVERTISING\000"
 1802      4C455F41 
 1802      44565F53 
 1802      54415445 
 1802      5F414456 
 1803              	.LASF97:
 1804 08c4 43595F42 		.ascii	"CY_BLE_ADV_STATE_STOPPED\000"
 1804      4C455F41 
 1804      44565F53 
 1804      54415445 
 1804      5F53544F 
 1805              	.LASF13:
 1806 08dd 75696E74 		.ascii	"uint8_t\000"
 1806      385F7400 
 1807              	.LASF124:
 1808 08e5 43595F45 		.ascii	"CY_EINK_Timer_config\000"
 1808      494E4B5F 
 1808      54696D65 
 1808      725F636F 
 1808      6E666967 
 1809              	.LASF72:
 1810 08fa 63795F73 		.ascii	"cy_stc_scb_ezi2c_context_t\000"
 1810      74635F73 
 1810      63625F65 
 1810      7A693263 
 1810      5F636F6E 
 1811              	.LASF34:
 1812 0915 72656C6F 		.ascii	"reloadInputMode\000"
 1812      6164496E 
 1812      7075744D 
 1812      6F646500 
 1813              	.LASF91:
 1814 0925 72785269 		.ascii	"rxRingBufTail\000"
 1814      6E674275 
 1814      66546169 
 1814      6C00
 1815              	.LASF68:
 1816 0933 62756631 		.ascii	"buf1rwBondary\000"
 1816      7277426F 
 1816      6E646172 
 1816      7900
 1817              	.LASF127:
 1818 0941 64696666 		.ascii	"diffData\000"
 1818      44617461 
 1818      00
 1819              	.LASF86:
 1820 094a 74785374 		.ascii	"txStatus\000"
 1820      61747573 
 1820      00
 1821              	.LASF1:
 1822 0953 7369676E 		.ascii	"signed char\000"
 1822      65642063 
 1822      68617200 
ARM GAS  C:\Users\User\AppData\Local\Temp\ccbX2USA.s 			page 44


 1823              	.LASF61:
 1824 095f 62617365 		.ascii	"baseAddr1\000"
 1824      41646472 
 1824      3100
 1825              	.LASF62:
 1826 0969 62617365 		.ascii	"baseAddr2\000"
 1826      41646472 
 1826      3200
 1827              	.LASF85:
 1828 0973 63795F73 		.ascii	"cy_stc_scb_uart_context\000"
 1828      74635F73 
 1828      63625F75 
 1828      6172745F 
 1828      636F6E74 
 1829              	.LASF41:
 1830 098b 636F756E 		.ascii	"countInput\000"
 1830      74496E70 
 1830      757400
 1831              	.LASF103:
 1832 0996 43595F42 		.ascii	"CY_BLE_CONN_STATE_CLIENT_DISCONNECTED_DISCOVERED\000"
 1832      4C455F43 
 1832      4F4E4E5F 
 1832      53544154 
 1832      455F434C 
 1833              	.LASF128:
 1834 09c7 43617053 		.ascii	"CapSense_IsBusy\000"
 1834      656E7365 
 1834      5F497342 
 1834      75737900 
 1835              	.LASF114:
 1836 09d7 63757272 		.ascii	"currentProximityData\000"
 1836      656E7450 
 1836      726F7869 
 1836      6D697479 
 1836      44617461 
 1837              		.ident	"GCC: (GNU Tools for ARM Embedded Processors) 5.4.1 20160609 (release) [ARM/embedded-5-bran
