ARM GAS  C:\Users\User\AppData\Local\Temp\ccPE7WAL.s 			page 1


   1              		.syntax unified
   2              		.cpu cortex-m0plus
   3              		.fpu softvfp
   4              		.eabi_attribute 20, 1
   5              		.eabi_attribute 21, 1
   6              		.eabi_attribute 23, 3
   7              		.eabi_attribute 24, 1
   8              		.eabi_attribute 25, 1
   9              		.eabi_attribute 26, 1
  10              		.eabi_attribute 30, 1
  11              		.eabi_attribute 34, 0
  12              		.eabi_attribute 18, 4
  13              		.thumb
  14              		.syntax unified
  15              		.file	"main_cm0p.c"
  16              		.text
  17              	.Ltext0:
  18              		.cfi_sections	.debug_frame
  19              		.section	.text.main,"ax",%progbits
  20              		.align	2
  21              		.global	main
  22              		.code	16
  23              		.thumb_func
  24              		.type	main, %function
  25              	main:
  26              	.LFB547:
  27              		.file 1 "main_cm0p.c"
   1:main_cm0p.c   **** /******************************************************************************
   2:main_cm0p.c   **** * File Name: main_cm0p.c
   3:main_cm0p.c   **** *
   4:main_cm0p.c   **** * Version: 1.00
   5:main_cm0p.c   **** *
   6:main_cm0p.c   **** * Description: This file contains the Cortex-M0+ BLE controller code
   7:main_cm0p.c   **** *
   8:main_cm0p.c   **** * Related Document: CE218135_BLE_Proximity.pdf
   9:main_cm0p.c   **** *
  10:main_cm0p.c   **** * Hardware Dependency: CY8CKIT-062-BLE PSoC 6 BLE Pioneer Kit
  11:main_cm0p.c   **** *
  12:main_cm0p.c   **** ******************************************************************************
  13:main_cm0p.c   **** * Copyright (2017), Cypress Semiconductor Corporation.
  14:main_cm0p.c   **** ******************************************************************************
  15:main_cm0p.c   **** * This software, including source code, documentation and related materials
  16:main_cm0p.c   **** * ("Software") is owned by Cypress Semiconductor Corporation (Cypress) and is
  17:main_cm0p.c   **** * protected by and subject to worldwide patent protection (United States and 
  18:main_cm0p.c   **** * foreign), United States copyright laws and international treaty provisions. 
  19:main_cm0p.c   **** * Cypress hereby grants to licensee a personal, non-exclusive, non-transferable
  20:main_cm0p.c   **** * license to copy, use, modify, create derivative works of, and compile the 
  21:main_cm0p.c   **** * Cypress source code and derivative works for the sole purpose of creating 
  22:main_cm0p.c   **** * custom software in support of licensee product, such licensee product to be
  23:main_cm0p.c   **** * used only in conjunction with Cypress's integrated circuit as specified in the
  24:main_cm0p.c   **** * applicable agreement. Any reproduction, modification, translation, compilation,
  25:main_cm0p.c   **** * or representation of this Software except as specified above is prohibited 
  26:main_cm0p.c   **** * without the express written permission of Cypress.
  27:main_cm0p.c   **** * 
  28:main_cm0p.c   **** * Disclaimer: THIS SOFTWARE IS PROVIDED AS-IS, WITH NO WARRANTY OF ANY KIND, 
  29:main_cm0p.c   **** * EXPRESS OR IMPLIED, INCLUDING, BUT NOT LIMITED TO, NONINFRINGEMENT, IMPLIED 
  30:main_cm0p.c   **** * WARRANTIES OF MERCHANTABILITY AND FITNESS FOR A PARTICULAR PURPOSE.
ARM GAS  C:\Users\User\AppData\Local\Temp\ccPE7WAL.s 			page 2


  31:main_cm0p.c   **** * Cypress reserves the right to make changes to the Software without notice. 
  32:main_cm0p.c   **** * Cypress does not assume any liability arising out of the application or use
  33:main_cm0p.c   **** * of Software or any product or circuit described in the Software. Cypress does
  34:main_cm0p.c   **** * not authorize its products for use as critical components in any products 
  35:main_cm0p.c   **** * where a malfunction or failure may reasonably be expected to result in 
  36:main_cm0p.c   **** * significant injury or death ("ACTIVE Risk Product"). By including Cypress's 
  37:main_cm0p.c   **** * product in a ACTIVE Risk Product, the manufacturer of such system or application
  38:main_cm0p.c   **** * assumes all risk of such use and in doing so indemnifies Cypress against all
  39:main_cm0p.c   **** * liability. Use of this Software may be limited by and subject to the applicable
  40:main_cm0p.c   **** * Cypress software license agreement.
  41:main_cm0p.c   **** *****************************************************************************/
  42:main_cm0p.c   **** /******************************************************************************
  43:main_cm0p.c   **** * Cortex-M0+ handles the controller portion of BLE. For the host functions, 
  44:main_cm0p.c   **** * see main_cm4.c
  45:main_cm0p.c   **** *******************************************************************************/
  46:main_cm0p.c   **** 
  47:main_cm0p.c   **** /* Header file includes */
  48:main_cm0p.c   **** #include <project.h>
  49:main_cm0p.c   **** 
  50:main_cm0p.c   **** /*******************************************************************************
  51:main_cm0p.c   **** * Function Name: main
  52:main_cm0p.c   **** ********************************************************************************
  53:main_cm0p.c   **** * Summary:
  54:main_cm0p.c   **** *  System entrance point. This function enables the Cortex-M4 and continuously 
  55:main_cm0p.c   **** *  processes BLE controller events
  56:main_cm0p.c   **** *
  57:main_cm0p.c   **** * Parameters:
  58:main_cm0p.c   **** *  void
  59:main_cm0p.c   **** *
  60:main_cm0p.c   **** * Return:
  61:main_cm0p.c   **** *  int
  62:main_cm0p.c   **** *
  63:main_cm0p.c   **** *******************************************************************************/
  64:main_cm0p.c   **** int main(void)
  65:main_cm0p.c   **** {
  28              		.loc 1 65 0
  29              		.cfi_startproc
  30              		@ Volatile: function does not return.
  31              		@ args = 0, pretend = 0, frame = 0
  32              		@ frame_needed = 0, uses_anonymous_args = 0
  33 0000 10B5     		push	{r4, lr}
  34              		.cfi_def_cfa_offset 8
  35              		.cfi_offset 4, -8
  36              		.cfi_offset 14, -4
  37              	.LBB4:
  38              	.LBB5:
  39              		.file 2 "Generated_Source\\PSoC6\\pdl\\cmsis/include/cmsis_gcc.h"
   1:Generated_Source\PSoC6\pdl\cmsis/include/cmsis_gcc.h **** /**************************************************************************//**
   2:Generated_Source\PSoC6\pdl\cmsis/include/cmsis_gcc.h ****  * @file     cmsis_gcc.h
   3:Generated_Source\PSoC6\pdl\cmsis/include/cmsis_gcc.h ****  * @brief    CMSIS compiler GCC header file
   4:Generated_Source\PSoC6\pdl\cmsis/include/cmsis_gcc.h ****  * @version  V5.0.1
   5:Generated_Source\PSoC6\pdl\cmsis/include/cmsis_gcc.h ****  * @date     02. February 2017
   6:Generated_Source\PSoC6\pdl\cmsis/include/cmsis_gcc.h ****  ******************************************************************************/
   7:Generated_Source\PSoC6\pdl\cmsis/include/cmsis_gcc.h **** /*
   8:Generated_Source\PSoC6\pdl\cmsis/include/cmsis_gcc.h ****  * Copyright (c) 2009-2017 ARM Limited. All rights reserved.
   9:Generated_Source\PSoC6\pdl\cmsis/include/cmsis_gcc.h ****  *
  10:Generated_Source\PSoC6\pdl\cmsis/include/cmsis_gcc.h ****  * SPDX-License-Identifier: Apache-2.0
ARM GAS  C:\Users\User\AppData\Local\Temp\ccPE7WAL.s 			page 3


  11:Generated_Source\PSoC6\pdl\cmsis/include/cmsis_gcc.h ****  *
  12:Generated_Source\PSoC6\pdl\cmsis/include/cmsis_gcc.h ****  * Licensed under the Apache License, Version 2.0 (the License); you may
  13:Generated_Source\PSoC6\pdl\cmsis/include/cmsis_gcc.h ****  * not use this file except in compliance with the License.
  14:Generated_Source\PSoC6\pdl\cmsis/include/cmsis_gcc.h ****  * You may obtain a copy of the License at
  15:Generated_Source\PSoC6\pdl\cmsis/include/cmsis_gcc.h ****  *
  16:Generated_Source\PSoC6\pdl\cmsis/include/cmsis_gcc.h ****  * www.apache.org/licenses/LICENSE-2.0
  17:Generated_Source\PSoC6\pdl\cmsis/include/cmsis_gcc.h ****  *
  18:Generated_Source\PSoC6\pdl\cmsis/include/cmsis_gcc.h ****  * Unless required by applicable law or agreed to in writing, software
  19:Generated_Source\PSoC6\pdl\cmsis/include/cmsis_gcc.h ****  * distributed under the License is distributed on an AS IS BASIS, WITHOUT
  20:Generated_Source\PSoC6\pdl\cmsis/include/cmsis_gcc.h ****  * WARRANTIES OR CONDITIONS OF ANY KIND, either express or implied.
  21:Generated_Source\PSoC6\pdl\cmsis/include/cmsis_gcc.h ****  * See the License for the specific language governing permissions and
  22:Generated_Source\PSoC6\pdl\cmsis/include/cmsis_gcc.h ****  * limitations under the License.
  23:Generated_Source\PSoC6\pdl\cmsis/include/cmsis_gcc.h ****  */
  24:Generated_Source\PSoC6\pdl\cmsis/include/cmsis_gcc.h **** 
  25:Generated_Source\PSoC6\pdl\cmsis/include/cmsis_gcc.h **** #ifndef __CMSIS_GCC_H
  26:Generated_Source\PSoC6\pdl\cmsis/include/cmsis_gcc.h **** #define __CMSIS_GCC_H
  27:Generated_Source\PSoC6\pdl\cmsis/include/cmsis_gcc.h **** 
  28:Generated_Source\PSoC6\pdl\cmsis/include/cmsis_gcc.h **** /* ignore some GCC warnings */
  29:Generated_Source\PSoC6\pdl\cmsis/include/cmsis_gcc.h **** #pragma GCC diagnostic push
  30:Generated_Source\PSoC6\pdl\cmsis/include/cmsis_gcc.h **** #pragma GCC diagnostic ignored "-Wsign-conversion"
  31:Generated_Source\PSoC6\pdl\cmsis/include/cmsis_gcc.h **** #pragma GCC diagnostic ignored "-Wconversion"
  32:Generated_Source\PSoC6\pdl\cmsis/include/cmsis_gcc.h **** #pragma GCC diagnostic ignored "-Wunused-parameter"
  33:Generated_Source\PSoC6\pdl\cmsis/include/cmsis_gcc.h **** 
  34:Generated_Source\PSoC6\pdl\cmsis/include/cmsis_gcc.h **** /* CMSIS compiler specific defines */
  35:Generated_Source\PSoC6\pdl\cmsis/include/cmsis_gcc.h **** #ifndef   __ASM
  36:Generated_Source\PSoC6\pdl\cmsis/include/cmsis_gcc.h ****   #define __ASM                     __asm
  37:Generated_Source\PSoC6\pdl\cmsis/include/cmsis_gcc.h **** #endif
  38:Generated_Source\PSoC6\pdl\cmsis/include/cmsis_gcc.h **** #ifndef   __INLINE
  39:Generated_Source\PSoC6\pdl\cmsis/include/cmsis_gcc.h ****   #define __INLINE                  inline
  40:Generated_Source\PSoC6\pdl\cmsis/include/cmsis_gcc.h **** #endif
  41:Generated_Source\PSoC6\pdl\cmsis/include/cmsis_gcc.h **** #ifndef   __STATIC_INLINE
  42:Generated_Source\PSoC6\pdl\cmsis/include/cmsis_gcc.h ****   #define __STATIC_INLINE           static inline
  43:Generated_Source\PSoC6\pdl\cmsis/include/cmsis_gcc.h **** #endif
  44:Generated_Source\PSoC6\pdl\cmsis/include/cmsis_gcc.h **** #ifndef   __NO_RETURN
  45:Generated_Source\PSoC6\pdl\cmsis/include/cmsis_gcc.h ****   #define __NO_RETURN               __attribute__((noreturn))
  46:Generated_Source\PSoC6\pdl\cmsis/include/cmsis_gcc.h **** #endif
  47:Generated_Source\PSoC6\pdl\cmsis/include/cmsis_gcc.h **** #ifndef   __USED
  48:Generated_Source\PSoC6\pdl\cmsis/include/cmsis_gcc.h ****   #define __USED                    __attribute__((used))
  49:Generated_Source\PSoC6\pdl\cmsis/include/cmsis_gcc.h **** #endif
  50:Generated_Source\PSoC6\pdl\cmsis/include/cmsis_gcc.h **** #ifndef   __WEAK
  51:Generated_Source\PSoC6\pdl\cmsis/include/cmsis_gcc.h ****   #define __WEAK                    __attribute__((weak))
  52:Generated_Source\PSoC6\pdl\cmsis/include/cmsis_gcc.h **** #endif
  53:Generated_Source\PSoC6\pdl\cmsis/include/cmsis_gcc.h **** #ifndef   __UNALIGNED_UINT32
  54:Generated_Source\PSoC6\pdl\cmsis/include/cmsis_gcc.h **** #pragma GCC diagnostic push
  55:Generated_Source\PSoC6\pdl\cmsis/include/cmsis_gcc.h **** #pragma GCC diagnostic ignored "-Wpacked"
  56:Generated_Source\PSoC6\pdl\cmsis/include/cmsis_gcc.h **** #pragma GCC diagnostic ignored "-Wattributes"
  57:Generated_Source\PSoC6\pdl\cmsis/include/cmsis_gcc.h ****   struct __attribute__((packed)) T_UINT32 { uint32_t v; };
  58:Generated_Source\PSoC6\pdl\cmsis/include/cmsis_gcc.h **** #pragma GCC diagnostic pop
  59:Generated_Source\PSoC6\pdl\cmsis/include/cmsis_gcc.h ****   #define __UNALIGNED_UINT32(x)     (((struct T_UINT32 *)(x))->v)
  60:Generated_Source\PSoC6\pdl\cmsis/include/cmsis_gcc.h **** #endif
  61:Generated_Source\PSoC6\pdl\cmsis/include/cmsis_gcc.h **** #ifndef   __ALIGNED
  62:Generated_Source\PSoC6\pdl\cmsis/include/cmsis_gcc.h ****   #define __ALIGNED(x)              __attribute__((aligned(x)))
  63:Generated_Source\PSoC6\pdl\cmsis/include/cmsis_gcc.h **** #endif
  64:Generated_Source\PSoC6\pdl\cmsis/include/cmsis_gcc.h **** #ifndef   __PACKED
  65:Generated_Source\PSoC6\pdl\cmsis/include/cmsis_gcc.h ****   #define __PACKED                  __attribute__((packed, aligned(1)))
  66:Generated_Source\PSoC6\pdl\cmsis/include/cmsis_gcc.h **** #endif
  67:Generated_Source\PSoC6\pdl\cmsis/include/cmsis_gcc.h **** #ifndef   __PACKED_STRUCT
ARM GAS  C:\Users\User\AppData\Local\Temp\ccPE7WAL.s 			page 4


  68:Generated_Source\PSoC6\pdl\cmsis/include/cmsis_gcc.h ****   #define __PACKED_STRUCT           struct __attribute__((packed, aligned(1)))
  69:Generated_Source\PSoC6\pdl\cmsis/include/cmsis_gcc.h **** #endif
  70:Generated_Source\PSoC6\pdl\cmsis/include/cmsis_gcc.h **** 
  71:Generated_Source\PSoC6\pdl\cmsis/include/cmsis_gcc.h **** 
  72:Generated_Source\PSoC6\pdl\cmsis/include/cmsis_gcc.h **** /* ###########################  Core Function Access  ########################### */
  73:Generated_Source\PSoC6\pdl\cmsis/include/cmsis_gcc.h **** /** \ingroup  CMSIS_Core_FunctionInterface
  74:Generated_Source\PSoC6\pdl\cmsis/include/cmsis_gcc.h ****     \defgroup CMSIS_Core_RegAccFunctions CMSIS Core Register Access Functions
  75:Generated_Source\PSoC6\pdl\cmsis/include/cmsis_gcc.h ****   @{
  76:Generated_Source\PSoC6\pdl\cmsis/include/cmsis_gcc.h ****  */
  77:Generated_Source\PSoC6\pdl\cmsis/include/cmsis_gcc.h **** 
  78:Generated_Source\PSoC6\pdl\cmsis/include/cmsis_gcc.h **** /**
  79:Generated_Source\PSoC6\pdl\cmsis/include/cmsis_gcc.h ****   \brief   Enable IRQ Interrupts
  80:Generated_Source\PSoC6\pdl\cmsis/include/cmsis_gcc.h ****   \details Enables IRQ interrupts by clearing the I-bit in the CPSR.
  81:Generated_Source\PSoC6\pdl\cmsis/include/cmsis_gcc.h ****            Can only be executed in Privileged modes.
  82:Generated_Source\PSoC6\pdl\cmsis/include/cmsis_gcc.h ****  */
  83:Generated_Source\PSoC6\pdl\cmsis/include/cmsis_gcc.h **** __attribute__((always_inline)) __STATIC_INLINE void __enable_irq(void)
  84:Generated_Source\PSoC6\pdl\cmsis/include/cmsis_gcc.h **** {
  85:Generated_Source\PSoC6\pdl\cmsis/include/cmsis_gcc.h ****   __ASM volatile ("cpsie i" : : : "memory");
  40              		.loc 2 85 0
  41              		.syntax divided
  42              	@ 85 "Generated_Source\PSoC6\pdl\cmsis/include/cmsis_gcc.h" 1
  43 0002 62B6     		cpsie i
  44              	@ 0 "" 2
  45              		.thumb
  46              		.syntax unified
  47              	.LBE5:
  48              	.LBE4:
  66:main_cm0p.c   ****     /* Enable global interrupts */
  67:main_cm0p.c   ****     __enable_irq();
  68:main_cm0p.c   ****     
  69:main_cm0p.c   ****     /* Start the Controller portion of BLE. Host runs on the CM4 */
  70:main_cm0p.c   ****     if(Cy_BLE_Start(NULL) == CY_BLE_SUCCESS)
  49              		.loc 1 70 0
  50 0004 0020     		movs	r0, #0
  51 0006 FFF7FEFF 		bl	Cy_BLE_Start
  52              	.LVL0:
  53 000a 0028     		cmp	r0, #0
  54 000c 03D1     		bne	.L2
  71:main_cm0p.c   ****     {
  72:main_cm0p.c   ****         /* Enable CM4 only if BLE Controller started successfully. 
  73:main_cm0p.c   ****            CY_CORTEX_M4_APPL_ADDR must be updated if CM4 memory layout 
  74:main_cm0p.c   ****            is changed. */
  75:main_cm0p.c   ****         Cy_SysEnableCM4(CY_CORTEX_M4_APPL_ADDR); 
  55              		.loc 1 75 0
  56 000e 0748     		ldr	r0, .L5
  57 0010 FFF7FEFF 		bl	Cy_SysEnableCM4
  58              	.LVL1:
  59 0014 03E0     		b	.L4
  60              	.L2:
  76:main_cm0p.c   ****     }
  77:main_cm0p.c   ****     else
  78:main_cm0p.c   ****     {
  79:main_cm0p.c   ****         /* Halt the CPU if the BLE initialization failed */
  80:main_cm0p.c   ****         CY_ASSERT(0u != 0u);
  61              		.loc 1 80 0 discriminator 1
  62 0016 5021     		movs	r1, #80
  63 0018 0548     		ldr	r0, .L5+4
ARM GAS  C:\Users\User\AppData\Local\Temp\ccPE7WAL.s 			page 5


  64 001a FFF7FEFF 		bl	Cy_SysLib_AssertFailed
  65              	.LVL2:
  66              	.L4:
  81:main_cm0p.c   ****     }
  82:main_cm0p.c   ****     
  83:main_cm0p.c   ****     for (;;)
  84:main_cm0p.c   ****     {
  85:main_cm0p.c   ****         /* Cy_Ble_ProcessEvents() allows the BLE stack to process pending events */
  86:main_cm0p.c   ****         Cy_BLE_ProcessEvents();
  67              		.loc 1 86 0 discriminator 1
  68 001e FFF7FEFF 		bl	Cy_BLE_ProcessEvents
  69              	.LVL3:
  87:main_cm0p.c   ****         
  88:main_cm0p.c   ****         /* Put CM0p to Deep-Sleep mode. The BLE Controller automatically wakes up 
  89:main_cm0p.c   ****            the CPU if processing is required */
  90:main_cm0p.c   ****         Cy_SysPm_DeepSleep(CY_SYSPM_WAIT_FOR_INTERRUPT);
  70              		.loc 1 90 0 discriminator 1
  71 0022 0020     		movs	r0, #0
  72 0024 FFF7FEFF 		bl	Cy_SysPm_DeepSleep
  73              	.LVL4:
  74 0028 F9E7     		b	.L4
  75              	.L6:
  76 002a C046     		.align	2
  77              	.L5:
  78 002c 00000810 		.word	268959744
  79 0030 00000000 		.word	.LC0
  80              		.cfi_endproc
  81              	.LFE547:
  82              		.size	main, .-main
  83              		.section	.rodata.str1.4,"aMS",%progbits,1
  84              		.align	2
  85              	.LC0:
  86 0000 6D61696E 		.ascii	"main_cm0p.c\000"
  86      5F636D30 
  86      702E6300 
  87              		.text
  88              	.Letext0:
  89              		.file 3 "d:\\cypress creator\\psoc creator\\4.2\\psoc creator\\import\\gnu\\arm\\5.4.1\\arm-none-e
  90              		.file 4 "d:\\cypress creator\\psoc creator\\4.2\\psoc creator\\import\\gnu\\arm\\5.4.1\\arm-none-e
  91              		.file 5 "Generated_Source\\PSoC6\\pdl\\drivers/peripheral/syslib/cy_syslib.h"
  92              		.file 6 "Generated_Source\\PSoC6\\pdl\\drivers/peripheral/tcpwm/cy_tcpwm_counter.h"
  93              		.file 7 "Generated_Source\\PSoC6\\pdl\\drivers/peripheral/syspm/cy_syspm.h"
  94              		.file 8 "Generated_Source\\PSoC6\\pdl\\drivers/peripheral/scb/cy_scb_ezi2c.h"
  95              		.file 9 "Generated_Source\\PSoC6\\pdl\\drivers/peripheral/scb/cy_scb_spi.h"
  96              		.file 10 "Generated_Source\\PSoC6\\pdl\\drivers/peripheral/scb/cy_scb_uart.h"
  97              		.file 11 "Generated_Source\\PSoC6\\pdl\\middleware/ble/cy_ble_stack.h"
  98              		.file 12 "Generated_Source\\PSoC6/CY_EINK_SPIM.h"
  99              		.file 13 "Generated_Source\\PSoC6/CY_EINK_Timer.h"
 100              		.file 14 "Generated_Source\\PSoC6/Uart_Printf.h"
 101              		.file 15 "Generated_Source\\PSoC6/I2C.h"
 102              		.file 16 "Generated_Source\\PSoC6/BLE.h"
 103              		.file 17 "./system_psoc63.h"
 104              		.section	.debug_info,"",%progbits
 105              	.Ldebug_info0:
 106 0000 F0060000 		.4byte	0x6f0
 107 0004 0400     		.2byte	0x4
 108 0006 00000000 		.4byte	.Ldebug_abbrev0
ARM GAS  C:\Users\User\AppData\Local\Temp\ccPE7WAL.s 			page 6


 109 000a 04       		.byte	0x4
 110 000b 01       		.uleb128 0x1
 111 000c 7E070000 		.4byte	.LASF132
 112 0010 0C       		.byte	0xc
 113 0011 60000000 		.4byte	.LASF133
 114 0015 69080000 		.4byte	.LASF134
 115 0019 00000000 		.4byte	.Ldebug_ranges0+0
 116 001d 00000000 		.4byte	0
 117 0021 00000000 		.4byte	.Ldebug_line0
 118 0025 02       		.uleb128 0x2
 119 0026 02       		.byte	0x2
 120 0027 05       		.byte	0x5
 121 0028 F9020000 		.4byte	.LASF0
 122 002c 02       		.uleb128 0x2
 123 002d 01       		.byte	0x1
 124 002e 08       		.byte	0x8
 125 002f 78060000 		.4byte	.LASF1
 126 0033 02       		.uleb128 0x2
 127 0034 01       		.byte	0x1
 128 0035 06       		.byte	0x6
 129 0036 370A0000 		.4byte	.LASF2
 130 003a 03       		.uleb128 0x3
 131 003b 71000000 		.4byte	.LASF5
 132 003f 03       		.byte	0x3
 133 0040 1D       		.byte	0x1d
 134 0041 2C000000 		.4byte	0x2c
 135 0045 02       		.uleb128 0x2
 136 0046 02       		.byte	0x2
 137 0047 07       		.byte	0x7
 138 0048 09040000 		.4byte	.LASF3
 139 004c 02       		.uleb128 0x2
 140 004d 04       		.byte	0x4
 141 004e 05       		.byte	0x5
 142 004f 8F020000 		.4byte	.LASF4
 143 0053 03       		.uleb128 0x3
 144 0054 3C030000 		.4byte	.LASF6
 145 0058 03       		.byte	0x3
 146 0059 41       		.byte	0x41
 147 005a 5E000000 		.4byte	0x5e
 148 005e 02       		.uleb128 0x2
 149 005f 04       		.byte	0x4
 150 0060 07       		.byte	0x7
 151 0061 DF030000 		.4byte	.LASF7
 152 0065 02       		.uleb128 0x2
 153 0066 08       		.byte	0x8
 154 0067 05       		.byte	0x5
 155 0068 C1010000 		.4byte	.LASF8
 156 006c 02       		.uleb128 0x2
 157 006d 08       		.byte	0x8
 158 006e 07       		.byte	0x7
 159 006f 26010000 		.4byte	.LASF9
 160 0073 04       		.uleb128 0x4
 161 0074 04       		.byte	0x4
 162 0075 05       		.byte	0x5
 163 0076 696E7400 		.ascii	"int\000"
 164 007a 02       		.uleb128 0x2
 165 007b 04       		.byte	0x4
ARM GAS  C:\Users\User\AppData\Local\Temp\ccPE7WAL.s 			page 7


 166 007c 07       		.byte	0x7
 167 007d BD030000 		.4byte	.LASF10
 168 0081 03       		.uleb128 0x3
 169 0082 B6090000 		.4byte	.LASF11
 170 0086 04       		.byte	0x4
 171 0087 18       		.byte	0x18
 172 0088 3A000000 		.4byte	0x3a
 173 008c 03       		.uleb128 0x3
 174 008d 18070000 		.4byte	.LASF12
 175 0091 04       		.byte	0x4
 176 0092 30       		.byte	0x30
 177 0093 53000000 		.4byte	0x53
 178 0097 02       		.uleb128 0x2
 179 0098 04       		.byte	0x4
 180 0099 07       		.byte	0x7
 181 009a 42050000 		.4byte	.LASF13
 182 009e 05       		.uleb128 0x5
 183 009f 8C000000 		.4byte	0x8c
 184 00a3 02       		.uleb128 0x2
 185 00a4 08       		.byte	0x8
 186 00a5 04       		.byte	0x4
 187 00a6 4B050000 		.4byte	.LASF14
 188 00aa 06       		.uleb128 0x6
 189 00ab D8030000 		.4byte	.LASF15
 190 00af 05       		.byte	0x5
 191 00b0 C401     		.2byte	0x1c4
 192 00b2 B6000000 		.4byte	0xb6
 193 00b6 02       		.uleb128 0x2
 194 00b7 01       		.byte	0x1
 195 00b8 08       		.byte	0x8
 196 00b9 2A080000 		.4byte	.LASF16
 197 00bd 02       		.uleb128 0x2
 198 00be 04       		.byte	0x4
 199 00bf 04       		.byte	0x4
 200 00c0 F8050000 		.4byte	.LASF17
 201 00c4 02       		.uleb128 0x2
 202 00c5 08       		.byte	0x8
 203 00c6 04       		.byte	0x4
 204 00c7 03030000 		.4byte	.LASF18
 205 00cb 07       		.uleb128 0x7
 206 00cc 01       		.byte	0x1
 207 00cd 2C000000 		.4byte	0x2c
 208 00d1 07       		.byte	0x7
 209 00d2 CE03     		.2byte	0x3ce
 210 00d4 E5000000 		.4byte	0xe5
 211 00d8 08       		.uleb128 0x8
 212 00d9 3F090000 		.4byte	.LASF19
 213 00dd 00       		.byte	0
 214 00de 08       		.uleb128 0x8
 215 00df F1030000 		.4byte	.LASF20
 216 00e3 01       		.byte	0x1
 217 00e4 00       		.byte	0
 218 00e5 09       		.uleb128 0x9
 219 00e6 04       		.byte	0x4
 220 00e7 02       		.uleb128 0x2
 221 00e8 01       		.byte	0x1
 222 00e9 02       		.byte	0x2
ARM GAS  C:\Users\User\AppData\Local\Temp\ccPE7WAL.s 			page 8


 223 00ea 85090000 		.4byte	.LASF21
 224 00ee 0A       		.uleb128 0xa
 225 00ef 26050000 		.4byte	.LASF53
 226 00f3 4C       		.byte	0x4c
 227 00f4 06       		.byte	0x6
 228 00f5 2B       		.byte	0x2b
 229 00f6 DF010000 		.4byte	0x1df
 230 00fa 0B       		.uleb128 0xb
 231 00fb BD080000 		.4byte	.LASF22
 232 00ff 06       		.byte	0x6
 233 0100 2D       		.byte	0x2d
 234 0101 8C000000 		.4byte	0x8c
 235 0105 00       		.byte	0
 236 0106 0B       		.uleb128 0xb
 237 0107 3D010000 		.4byte	.LASF23
 238 010b 06       		.byte	0x6
 239 010c 2F       		.byte	0x2f
 240 010d 8C000000 		.4byte	0x8c
 241 0111 04       		.byte	0x4
 242 0112 0B       		.uleb128 0xb
 243 0113 00000000 		.4byte	.LASF24
 244 0117 06       		.byte	0x6
 245 0118 30       		.byte	0x30
 246 0119 8C000000 		.4byte	0x8c
 247 011d 08       		.byte	0x8
 248 011e 0B       		.uleb128 0xb
 249 011f 9A000000 		.4byte	.LASF25
 250 0123 06       		.byte	0x6
 251 0124 31       		.byte	0x31
 252 0125 8C000000 		.4byte	0x8c
 253 0129 0C       		.byte	0xc
 254 012a 0B       		.uleb128 0xb
 255 012b 07070000 		.4byte	.LASF26
 256 012f 06       		.byte	0x6
 257 0130 33       		.byte	0x33
 258 0131 8C000000 		.4byte	0x8c
 259 0135 10       		.byte	0x10
 260 0136 0B       		.uleb128 0xb
 261 0137 10080000 		.4byte	.LASF27
 262 013b 06       		.byte	0x6
 263 013c 34       		.byte	0x34
 264 013d 8C000000 		.4byte	0x8c
 265 0141 14       		.byte	0x14
 266 0142 0B       		.uleb128 0xb
 267 0143 19080000 		.4byte	.LASF28
 268 0147 06       		.byte	0x6
 269 0148 35       		.byte	0x35
 270 0149 8C000000 		.4byte	0x8c
 271 014d 18       		.byte	0x18
 272 014e 0B       		.uleb128 0xb
 273 014f C2060000 		.4byte	.LASF29
 274 0153 06       		.byte	0x6
 275 0154 36       		.byte	0x36
 276 0155 E7000000 		.4byte	0xe7
 277 0159 1C       		.byte	0x1c
 278 015a 0B       		.uleb128 0xb
 279 015b C4080000 		.4byte	.LASF30
ARM GAS  C:\Users\User\AppData\Local\Temp\ccPE7WAL.s 			page 9


 280 015f 06       		.byte	0x6
 281 0160 38       		.byte	0x38
 282 0161 8C000000 		.4byte	0x8c
 283 0165 20       		.byte	0x20
 284 0166 0B       		.uleb128 0xb
 285 0167 0A030000 		.4byte	.LASF31
 286 016b 06       		.byte	0x6
 287 016c 39       		.byte	0x39
 288 016d 8C000000 		.4byte	0x8c
 289 0171 24       		.byte	0x24
 290 0172 0B       		.uleb128 0xb
 291 0173 19010000 		.4byte	.LASF32
 292 0177 06       		.byte	0x6
 293 0178 3B       		.byte	0x3b
 294 0179 8C000000 		.4byte	0x8c
 295 017d 28       		.byte	0x28
 296 017e 0B       		.uleb128 0xb
 297 017f 020A0000 		.4byte	.LASF33
 298 0183 06       		.byte	0x6
 299 0184 3C       		.byte	0x3c
 300 0185 8C000000 		.4byte	0x8c
 301 0189 2C       		.byte	0x2c
 302 018a 0B       		.uleb128 0xb
 303 018b D5080000 		.4byte	.LASF34
 304 018f 06       		.byte	0x6
 305 0190 3E       		.byte	0x3e
 306 0191 8C000000 		.4byte	0x8c
 307 0195 30       		.byte	0x30
 308 0196 0B       		.uleb128 0xb
 309 0197 69060000 		.4byte	.LASF35
 310 019b 06       		.byte	0x6
 311 019c 3F       		.byte	0x3f
 312 019d 8C000000 		.4byte	0x8c
 313 01a1 34       		.byte	0x34
 314 01a2 0B       		.uleb128 0xb
 315 01a3 1B050000 		.4byte	.LASF36
 316 01a7 06       		.byte	0x6
 317 01a8 41       		.byte	0x41
 318 01a9 8C000000 		.4byte	0x8c
 319 01ad 38       		.byte	0x38
 320 01ae 0B       		.uleb128 0xb
 321 01af 970A0000 		.4byte	.LASF37
 322 01b3 06       		.byte	0x6
 323 01b4 42       		.byte	0x42
 324 01b5 8C000000 		.4byte	0x8c
 325 01b9 3C       		.byte	0x3c
 326 01ba 0B       		.uleb128 0xb
 327 01bb 35090000 		.4byte	.LASF38
 328 01bf 06       		.byte	0x6
 329 01c0 44       		.byte	0x44
 330 01c1 8C000000 		.4byte	0x8c
 331 01c5 40       		.byte	0x40
 332 01c6 0B       		.uleb128 0xb
 333 01c7 0C050000 		.4byte	.LASF39
 334 01cb 06       		.byte	0x6
 335 01cc 45       		.byte	0x45
 336 01cd 8C000000 		.4byte	0x8c
ARM GAS  C:\Users\User\AppData\Local\Temp\ccPE7WAL.s 			page 10


 337 01d1 44       		.byte	0x44
 338 01d2 0B       		.uleb128 0xb
 339 01d3 740A0000 		.4byte	.LASF40
 340 01d7 06       		.byte	0x6
 341 01d8 47       		.byte	0x47
 342 01d9 8C000000 		.4byte	0x8c
 343 01dd 48       		.byte	0x48
 344 01de 00       		.byte	0
 345 01df 03       		.uleb128 0x3
 346 01e0 CF010000 		.4byte	.LASF41
 347 01e4 06       		.byte	0x6
 348 01e5 48       		.byte	0x48
 349 01e6 EE000000 		.4byte	0xee
 350 01ea 0C       		.uleb128 0xc
 351 01eb 04       		.byte	0x4
 352 01ec F0010000 		.4byte	0x1f0
 353 01f0 0D       		.uleb128 0xd
 354 01f1 FB010000 		.4byte	0x1fb
 355 01f5 0E       		.uleb128 0xe
 356 01f6 8C000000 		.4byte	0x8c
 357 01fa 00       		.byte	0
 358 01fb 0C       		.uleb128 0xc
 359 01fc 04       		.byte	0x4
 360 01fd 81000000 		.4byte	0x81
 361 0201 07       		.uleb128 0x7
 362 0202 01       		.byte	0x1
 363 0203 2C000000 		.4byte	0x2c
 364 0207 08       		.byte	0x8
 365 0208 2A01     		.2byte	0x12a
 366 020a 1B020000 		.4byte	0x21b
 367 020e 08       		.uleb128 0x8
 368 020f 69090000 		.4byte	.LASF42
 369 0213 00       		.byte	0
 370 0214 08       		.uleb128 0x8
 371 0215 7A040000 		.4byte	.LASF43
 372 0219 01       		.byte	0x1
 373 021a 00       		.byte	0
 374 021b 06       		.uleb128 0x6
 375 021c 40000000 		.4byte	.LASF44
 376 0220 08       		.byte	0x8
 377 0221 2D01     		.2byte	0x12d
 378 0223 01020000 		.4byte	0x201
 379 0227 07       		.uleb128 0x7
 380 0228 01       		.byte	0x1
 381 0229 2C000000 		.4byte	0x2c
 382 022d 08       		.byte	0x8
 383 022e 3201     		.2byte	0x132
 384 0230 5F020000 		.4byte	0x25f
 385 0234 08       		.uleb128 0x8
 386 0235 78050000 		.4byte	.LASF45
 387 0239 00       		.byte	0
 388 023a 08       		.uleb128 0x8
 389 023b 2B040000 		.4byte	.LASF46
 390 023f 01       		.byte	0x1
 391 0240 08       		.uleb128 0x8
 392 0241 1B030000 		.4byte	.LASF47
 393 0245 02       		.byte	0x2
ARM GAS  C:\Users\User\AppData\Local\Temp\ccPE7WAL.s 			page 11


 394 0246 08       		.uleb128 0x8
 395 0247 DD040000 		.4byte	.LASF48
 396 024b 03       		.byte	0x3
 397 024c 08       		.uleb128 0x8
 398 024d A6050000 		.4byte	.LASF49
 399 0251 04       		.byte	0x4
 400 0252 08       		.uleb128 0x8
 401 0253 C2050000 		.4byte	.LASF50
 402 0257 05       		.byte	0x5
 403 0258 08       		.uleb128 0x8
 404 0259 2F080000 		.4byte	.LASF51
 405 025d 06       		.byte	0x6
 406 025e 00       		.byte	0
 407 025f 06       		.uleb128 0x6
 408 0260 43060000 		.4byte	.LASF52
 409 0264 08       		.byte	0x8
 410 0265 3A01     		.2byte	0x13a
 411 0267 27020000 		.4byte	0x227
 412 026b 0F       		.uleb128 0xf
 413 026c 08000000 		.4byte	.LASF54
 414 0270 3C       		.byte	0x3c
 415 0271 08       		.byte	0x8
 416 0272 6601     		.2byte	0x166
 417 0274 56030000 		.4byte	0x356
 418 0278 10       		.uleb128 0x10
 419 0279 89020000 		.4byte	.LASF55
 420 027d 08       		.byte	0x8
 421 027e 6901     		.2byte	0x169
 422 0280 56030000 		.4byte	0x356
 423 0284 00       		.byte	0
 424 0285 10       		.uleb128 0x10
 425 0286 E7060000 		.4byte	.LASF56
 426 028a 08       		.byte	0x8
 427 028b 6A01     		.2byte	0x16a
 428 028d 9E000000 		.4byte	0x9e
 429 0291 04       		.byte	0x4
 430 0292 10       		.uleb128 0x10
 431 0293 58020000 		.4byte	.LASF57
 432 0297 08       		.byte	0x8
 433 0298 6C01     		.2byte	0x16c
 434 029a 81000000 		.4byte	0x81
 435 029e 08       		.byte	0x8
 436 029f 10       		.uleb128 0x10
 437 02a0 61020000 		.4byte	.LASF58
 438 02a4 08       		.byte	0x8
 439 02a5 6D01     		.2byte	0x16d
 440 02a7 81000000 		.4byte	0x81
 441 02ab 09       		.byte	0x9
 442 02ac 10       		.uleb128 0x10
 443 02ad 8F010000 		.4byte	.LASF59
 444 02b1 08       		.byte	0x8
 445 02b2 6E01     		.2byte	0x16e
 446 02b4 1B020000 		.4byte	0x21b
 447 02b8 0A       		.byte	0xa
 448 02b9 11       		.uleb128 0x11
 449 02ba 69647800 		.ascii	"idx\000"
 450 02be 08       		.byte	0x8
ARM GAS  C:\Users\User\AppData\Local\Temp\ccPE7WAL.s 			page 12


 451 02bf 7001     		.2byte	0x170
 452 02c1 8C000000 		.4byte	0x8c
 453 02c5 0C       		.byte	0xc
 454 02c6 10       		.uleb128 0x10
 455 02c7 430A0000 		.4byte	.LASF60
 456 02cb 08       		.byte	0x8
 457 02cc 7101     		.2byte	0x171
 458 02ce 8C000000 		.4byte	0x8c
 459 02d2 10       		.byte	0x10
 460 02d3 10       		.uleb128 0x10
 461 02d4 4D0A0000 		.4byte	.LASF61
 462 02d8 08       		.byte	0x8
 463 02d9 7201     		.2byte	0x172
 464 02db 8C000000 		.4byte	0x8c
 465 02df 14       		.byte	0x14
 466 02e0 10       		.uleb128 0x10
 467 02e1 21070000 		.4byte	.LASF62
 468 02e5 08       		.byte	0x8
 469 02e6 7401     		.2byte	0x174
 470 02e8 E7000000 		.4byte	0xe7
 471 02ec 18       		.byte	0x18
 472 02ed 10       		.uleb128 0x10
 473 02ee 47030000 		.4byte	.LASF63
 474 02f2 08       		.byte	0x8
 475 02f3 7501     		.2byte	0x175
 476 02f5 FB010000 		.4byte	0x1fb
 477 02f9 1C       		.byte	0x1c
 478 02fa 10       		.uleb128 0x10
 479 02fb 22080000 		.4byte	.LASF64
 480 02ff 08       		.byte	0x8
 481 0300 7601     		.2byte	0x176
 482 0302 8C000000 		.4byte	0x8c
 483 0306 20       		.byte	0x20
 484 0307 10       		.uleb128 0x10
 485 0308 6C000000 		.4byte	.LASF65
 486 030c 08       		.byte	0x8
 487 030d 7801     		.2byte	0x178
 488 030f FB010000 		.4byte	0x1fb
 489 0313 24       		.byte	0x24
 490 0314 10       		.uleb128 0x10
 491 0315 56010000 		.4byte	.LASF66
 492 0319 08       		.byte	0x8
 493 031a 7901     		.2byte	0x179
 494 031c 8C000000 		.4byte	0x8c
 495 0320 28       		.byte	0x28
 496 0321 10       		.uleb128 0x10
 497 0322 200A0000 		.4byte	.LASF67
 498 0326 08       		.byte	0x8
 499 0327 7A01     		.2byte	0x17a
 500 0329 8C000000 		.4byte	0x8c
 501 032d 2C       		.byte	0x2c
 502 032e 10       		.uleb128 0x10
 503 032f B1090000 		.4byte	.LASF68
 504 0333 08       		.byte	0x8
 505 0334 7C01     		.2byte	0x17c
 506 0336 FB010000 		.4byte	0x1fb
 507 033a 30       		.byte	0x30
ARM GAS  C:\Users\User\AppData\Local\Temp\ccPE7WAL.s 			page 13


 508 033b 10       		.uleb128 0x10
 509 033c 2D070000 		.4byte	.LASF69
 510 0340 08       		.byte	0x8
 511 0341 7D01     		.2byte	0x17d
 512 0343 8C000000 		.4byte	0x8c
 513 0347 34       		.byte	0x34
 514 0348 10       		.uleb128 0x10
 515 0349 5B060000 		.4byte	.LASF70
 516 034d 08       		.byte	0x8
 517 034e 7E01     		.2byte	0x17e
 518 0350 8C000000 		.4byte	0x8c
 519 0354 38       		.byte	0x38
 520 0355 00       		.byte	0
 521 0356 05       		.uleb128 0x5
 522 0357 5F020000 		.4byte	0x25f
 523 035b 06       		.uleb128 0x6
 524 035c C2040000 		.4byte	.LASF71
 525 0360 08       		.byte	0x8
 526 0361 8001     		.2byte	0x180
 527 0363 6B020000 		.4byte	0x26b
 528 0367 06       		.uleb128 0x6
 529 0368 3A020000 		.4byte	.LASF72
 530 036c 09       		.byte	0x9
 531 036d BF01     		.2byte	0x1bf
 532 036f EA010000 		.4byte	0x1ea
 533 0373 0F       		.uleb128 0xf
 534 0374 E2020000 		.4byte	.LASF73
 535 0378 24       		.byte	0x24
 536 0379 09       		.byte	0x9
 537 037a 4102     		.2byte	0x241
 538 037c F6030000 		.4byte	0x3f6
 539 0380 10       		.uleb128 0x10
 540 0381 E7060000 		.4byte	.LASF56
 541 0385 09       		.byte	0x9
 542 0386 4402     		.2byte	0x244
 543 0388 9E000000 		.4byte	0x9e
 544 038c 00       		.byte	0
 545 038d 10       		.uleb128 0x10
 546 038e 63090000 		.4byte	.LASF74
 547 0392 09       		.byte	0x9
 548 0393 4602     		.2byte	0x246
 549 0395 E5000000 		.4byte	0xe5
 550 0399 04       		.byte	0x4
 551 039a 10       		.uleb128 0x10
 552 039b 36000000 		.4byte	.LASF75
 553 039f 09       		.byte	0x9
 554 03a0 4702     		.2byte	0x247
 555 03a2 8C000000 		.4byte	0x8c
 556 03a6 08       		.byte	0x8
 557 03a7 10       		.uleb128 0x10
 558 03a8 4E030000 		.4byte	.LASF76
 559 03ac 09       		.byte	0x9
 560 03ad 4802     		.2byte	0x248
 561 03af 9E000000 		.4byte	0x9e
 562 03b3 0C       		.byte	0xc
 563 03b4 10       		.uleb128 0x10
 564 03b5 5F010000 		.4byte	.LASF77
ARM GAS  C:\Users\User\AppData\Local\Temp\ccPE7WAL.s 			page 14


 565 03b9 09       		.byte	0x9
 566 03ba 4A02     		.2byte	0x24a
 567 03bc E5000000 		.4byte	0xe5
 568 03c0 10       		.byte	0x10
 569 03c1 10       		.uleb128 0x10
 570 03c2 8F030000 		.4byte	.LASF78
 571 03c6 09       		.byte	0x9
 572 03c7 4B02     		.2byte	0x24b
 573 03c9 8C000000 		.4byte	0x8c
 574 03cd 14       		.byte	0x14
 575 03ce 10       		.uleb128 0x10
 576 03cf A50A0000 		.4byte	.LASF79
 577 03d3 09       		.byte	0x9
 578 03d4 4C02     		.2byte	0x24c
 579 03d6 9E000000 		.4byte	0x9e
 580 03da 18       		.byte	0x18
 581 03db 10       		.uleb128 0x10
 582 03dc 71040000 		.4byte	.LASF80
 583 03e0 09       		.byte	0x9
 584 03e1 5202     		.2byte	0x252
 585 03e3 67030000 		.4byte	0x367
 586 03e7 1C       		.byte	0x1c
 587 03e8 10       		.uleb128 0x10
 588 03e9 5B090000 		.4byte	.LASF81
 589 03ed 09       		.byte	0x9
 590 03ee 5502     		.2byte	0x255
 591 03f0 8C000000 		.4byte	0x8c
 592 03f4 20       		.byte	0x20
 593 03f5 00       		.byte	0
 594 03f6 06       		.uleb128 0x6
 595 03f7 65070000 		.4byte	.LASF82
 596 03fb 09       		.byte	0x9
 597 03fc 5802     		.2byte	0x258
 598 03fe 73030000 		.4byte	0x373
 599 0402 06       		.uleb128 0x6
 600 0403 F8080000 		.4byte	.LASF83
 601 0407 0A       		.byte	0xa
 602 0408 AB01     		.2byte	0x1ab
 603 040a EA010000 		.4byte	0x1ea
 604 040e 0F       		.uleb128 0xf
 605 040f 5C0A0000 		.4byte	.LASF84
 606 0413 38       		.byte	0x38
 607 0414 0A       		.byte	0xa
 608 0415 4702     		.2byte	0x247
 609 0417 D2040000 		.4byte	0x4d2
 610 041b 10       		.uleb128 0x10
 611 041c 2E0A0000 		.4byte	.LASF85
 612 0420 0A       		.byte	0xa
 613 0421 4A02     		.2byte	0x24a
 614 0423 9E000000 		.4byte	0x9e
 615 0427 00       		.byte	0
 616 0428 10       		.uleb128 0x10
 617 0429 90050000 		.4byte	.LASF86
 618 042d 0A       		.byte	0xa
 619 042e 4B02     		.2byte	0x24b
 620 0430 9E000000 		.4byte	0x9e
 621 0434 04       		.byte	0x4
ARM GAS  C:\Users\User\AppData\Local\Temp\ccPE7WAL.s 			page 15


 622 0435 10       		.uleb128 0x10
 623 0436 4C010000 		.4byte	.LASF87
 624 043a 0A       		.byte	0xa
 625 043b 4D02     		.2byte	0x24d
 626 043d E5000000 		.4byte	0xe5
 627 0441 08       		.byte	0x8
 628 0442 10       		.uleb128 0x10
 629 0443 CA030000 		.4byte	.LASF88
 630 0447 0A       		.byte	0xa
 631 0448 4E02     		.2byte	0x24e
 632 044a 8C000000 		.4byte	0x8c
 633 044e 0C       		.byte	0xc
 634 044f 10       		.uleb128 0x10
 635 0450 FE040000 		.4byte	.LASF89
 636 0454 0A       		.byte	0xa
 637 0455 4F02     		.2byte	0x24f
 638 0457 9E000000 		.4byte	0x9e
 639 045b 10       		.byte	0x10
 640 045c 10       		.uleb128 0x10
 641 045d 120A0000 		.4byte	.LASF90
 642 0461 0A       		.byte	0xa
 643 0462 5002     		.2byte	0x250
 644 0464 9E000000 		.4byte	0x9e
 645 0468 14       		.byte	0x14
 646 0469 10       		.uleb128 0x10
 647 046a 63090000 		.4byte	.LASF74
 648 046e 0A       		.byte	0xa
 649 046f 5202     		.2byte	0x252
 650 0471 E5000000 		.4byte	0xe5
 651 0475 18       		.byte	0x18
 652 0476 10       		.uleb128 0x10
 653 0477 36000000 		.4byte	.LASF75
 654 047b 0A       		.byte	0xa
 655 047c 5302     		.2byte	0x253
 656 047e 8C000000 		.4byte	0x8c
 657 0482 1C       		.byte	0x1c
 658 0483 10       		.uleb128 0x10
 659 0484 4E030000 		.4byte	.LASF76
 660 0488 0A       		.byte	0xa
 661 0489 5402     		.2byte	0x254
 662 048b 9E000000 		.4byte	0x9e
 663 048f 20       		.byte	0x20
 664 0490 10       		.uleb128 0x10
 665 0491 5F010000 		.4byte	.LASF77
 666 0495 0A       		.byte	0xa
 667 0496 5602     		.2byte	0x256
 668 0498 E5000000 		.4byte	0xe5
 669 049c 24       		.byte	0x24
 670 049d 10       		.uleb128 0x10
 671 049e 8F030000 		.4byte	.LASF78
 672 04a2 0A       		.byte	0xa
 673 04a3 5702     		.2byte	0x257
 674 04a5 8C000000 		.4byte	0x8c
 675 04a9 28       		.byte	0x28
 676 04aa 10       		.uleb128 0x10
 677 04ab 32060000 		.4byte	.LASF91
 678 04af 0A       		.byte	0xa
ARM GAS  C:\Users\User\AppData\Local\Temp\ccPE7WAL.s 			page 16


 679 04b0 5802     		.2byte	0x258
 680 04b2 9E000000 		.4byte	0x9e
 681 04b6 2C       		.byte	0x2c
 682 04b7 10       		.uleb128 0x10
 683 04b8 71040000 		.4byte	.LASF80
 684 04bc 0A       		.byte	0xa
 685 04bd 5D02     		.2byte	0x25d
 686 04bf 02040000 		.4byte	0x402
 687 04c3 30       		.byte	0x30
 688 04c4 10       		.uleb128 0x10
 689 04c5 5B090000 		.4byte	.LASF81
 690 04c9 0A       		.byte	0xa
 691 04ca 6002     		.2byte	0x260
 692 04cc 8C000000 		.4byte	0x8c
 693 04d0 34       		.byte	0x34
 694 04d1 00       		.byte	0
 695 04d2 06       		.uleb128 0x6
 696 04d3 13020000 		.4byte	.LASF92
 697 04d7 0A       		.byte	0xa
 698 04d8 6302     		.2byte	0x263
 699 04da 0E040000 		.4byte	0x40e
 700 04de 07       		.uleb128 0x7
 701 04df 04       		.byte	0x4
 702 04e0 7A000000 		.4byte	0x7a
 703 04e4 0B       		.byte	0xb
 704 04e5 BF04     		.2byte	0x4bf
 705 04e7 F7050000 		.4byte	0x5f7
 706 04eb 08       		.uleb128 0x8
 707 04ec 1C040000 		.4byte	.LASF93
 708 04f0 00       		.byte	0
 709 04f1 12       		.uleb128 0x12
 710 04f2 A9000000 		.4byte	.LASF94
 711 04f6 01001400 		.4byte	0x140001
 712 04fa 12       		.uleb128 0x12
 713 04fb 4A080000 		.4byte	.LASF95
 714 04ff 01001600 		.4byte	0x160001
 715 0503 12       		.uleb128 0x12
 716 0504 6A020000 		.4byte	.LASF96
 717 0508 02001600 		.4byte	0x160002
 718 050c 12       		.uleb128 0x12
 719 050d 9B010000 		.4byte	.LASF97
 720 0511 03001600 		.4byte	0x160003
 721 0515 12       		.uleb128 0x12
 722 0516 BE020000 		.4byte	.LASF98
 723 051a 04001600 		.4byte	0x160004
 724 051e 12       		.uleb128 0x12
 725 051f A3060000 		.4byte	.LASF99
 726 0523 05001600 		.4byte	0x160005
 727 0527 12       		.uleb128 0x12
 728 0528 74030000 		.4byte	.LASF100
 729 052c 06001600 		.4byte	0x160006
 730 0530 12       		.uleb128 0x12
 731 0531 E4090000 		.4byte	.LASF101
 732 0535 07001600 		.4byte	0x160007
 733 0539 12       		.uleb128 0x12
 734 053a F6000000 		.4byte	.LASF102
 735 053e 08001600 		.4byte	0x160008
ARM GAS  C:\Users\User\AppData\Local\Temp\ccPE7WAL.s 			page 17


 736 0542 12       		.uleb128 0x12
 737 0543 7B000000 		.4byte	.LASF103
 738 0547 09001600 		.4byte	0x160009
 739 054b 12       		.uleb128 0x12
 740 054c A7080000 		.4byte	.LASF104
 741 0550 0A001600 		.4byte	0x16000a
 742 0554 12       		.uleb128 0x12
 743 0555 7F0A0000 		.4byte	.LASF105
 744 0559 0B001600 		.4byte	0x16000b
 745 055d 12       		.uleb128 0x12
 746 055e 98020000 		.4byte	.LASF106
 747 0562 0C001600 		.4byte	0x16000c
 748 0566 12       		.uleb128 0x12
 749 0567 65010000 		.4byte	.LASF107
 750 056b 0D001600 		.4byte	0x16000d
 751 056f 12       		.uleb128 0x12
 752 0570 ED010000 		.4byte	.LASF108
 753 0574 0E001600 		.4byte	0x16000e
 754 0578 12       		.uleb128 0x12
 755 0579 36070000 		.4byte	.LASF109
 756 057d 0F001600 		.4byte	0x16000f
 757 0581 12       		.uleb128 0x12
 758 0582 99030000 		.4byte	.LASF110
 759 0586 10001600 		.4byte	0x160010
 760 058a 12       		.uleb128 0x12
 761 058b FE050000 		.4byte	.LASF111
 762 058f 11001600 		.4byte	0x160011
 763 0593 12       		.uleb128 0x12
 764 0594 BE090000 		.4byte	.LASF112
 765 0598 12001600 		.4byte	0x160012
 766 059c 12       		.uleb128 0x12
 767 059d EE060000 		.4byte	.LASF113
 768 05a1 13001600 		.4byte	0x160013
 769 05a5 12       		.uleb128 0x12
 770 05a6 57030000 		.4byte	.LASF114
 771 05aa 14001600 		.4byte	0x160014
 772 05ae 12       		.uleb128 0x12
 773 05af 17090000 		.4byte	.LASF115
 774 05b3 15001600 		.4byte	0x160015
 775 05b7 12       		.uleb128 0x12
 776 05b8 CD000000 		.4byte	.LASF116
 777 05bc 16001600 		.4byte	0x160016
 778 05c0 12       		.uleb128 0x12
 779 05c1 43040000 		.4byte	.LASF117
 780 05c5 17001600 		.4byte	0x160017
 781 05c9 12       		.uleb128 0x12
 782 05ca DE050000 		.4byte	.LASF118
 783 05ce 18001600 		.4byte	0x160018
 784 05d2 12       		.uleb128 0x12
 785 05d3 AE0A0000 		.4byte	.LASF119
 786 05d7 19001600 		.4byte	0x160019
 787 05db 12       		.uleb128 0x12
 788 05dc 86060000 		.4byte	.LASF120
 789 05e0 FE001600 		.4byte	0x1600fe
 790 05e4 12       		.uleb128 0x12
 791 05e5 A7040000 		.4byte	.LASF121
 792 05e9 FF001600 		.4byte	0x1600ff
ARM GAS  C:\Users\User\AppData\Local\Temp\ccPE7WAL.s 			page 18


 793 05ed 12       		.uleb128 0x12
 794 05ee A0090000 		.4byte	.LASF122
 795 05f2 FFFF1600 		.4byte	0x16ffff
 796 05f6 00       		.byte	0
 797 05f7 13       		.uleb128 0x13
 798 05f8 99050000 		.4byte	.LASF135
 799 05fc 02       		.byte	0x2
 800 05fd 53       		.byte	0x53
 801 05fe 03       		.byte	0x3
 802 05ff 14       		.uleb128 0x14
 803 0600 570A0000 		.4byte	.LASF136
 804 0604 01       		.byte	0x1
 805 0605 40       		.byte	0x40
 806 0606 73000000 		.4byte	0x73
 807 060a 00000000 		.4byte	.LFB547
 808 060e 34000000 		.4byte	.LFE547-.LFB547
 809 0612 01       		.uleb128 0x1
 810 0613 9C       		.byte	0x9c
 811 0614 87060000 		.4byte	0x687
 812 0618 15       		.uleb128 0x15
 813 0619 F7050000 		.4byte	0x5f7
 814 061d 02000000 		.4byte	.LBB4
 815 0621 02000000 		.4byte	.LBE4-.LBB4
 816 0625 01       		.byte	0x1
 817 0626 43       		.byte	0x43
 818 0627 16       		.uleb128 0x16
 819 0628 0A000000 		.4byte	.LVL0
 820 062c B8060000 		.4byte	0x6b8
 821 0630 3A060000 		.4byte	0x63a
 822 0634 17       		.uleb128 0x17
 823 0635 01       		.uleb128 0x1
 824 0636 50       		.byte	0x50
 825 0637 01       		.uleb128 0x1
 826 0638 30       		.byte	0x30
 827 0639 00       		.byte	0
 828 063a 16       		.uleb128 0x16
 829 063b 14000000 		.4byte	.LVL1
 830 063f C3060000 		.4byte	0x6c3
 831 0643 51060000 		.4byte	0x651
 832 0647 17       		.uleb128 0x17
 833 0648 01       		.uleb128 0x1
 834 0649 50       		.byte	0x50
 835 064a 05       		.uleb128 0x5
 836 064b 0C       		.byte	0xc
 837 064c 00000810 		.4byte	0x10080000
 838 0650 00       		.byte	0
 839 0651 16       		.uleb128 0x16
 840 0652 1E000000 		.4byte	.LVL2
 841 0656 CF060000 		.4byte	0x6cf
 842 065a 6E060000 		.4byte	0x66e
 843 065e 17       		.uleb128 0x17
 844 065f 01       		.uleb128 0x1
 845 0660 50       		.byte	0x50
 846 0661 05       		.uleb128 0x5
 847 0662 03       		.byte	0x3
 848 0663 00000000 		.4byte	.LC0
 849 0667 17       		.uleb128 0x17
ARM GAS  C:\Users\User\AppData\Local\Temp\ccPE7WAL.s 			page 19


 850 0668 01       		.uleb128 0x1
 851 0669 51       		.byte	0x51
 852 066a 02       		.uleb128 0x2
 853 066b 08       		.byte	0x8
 854 066c 50       		.byte	0x50
 855 066d 00       		.byte	0
 856 066e 18       		.uleb128 0x18
 857 066f 22000000 		.4byte	.LVL3
 858 0673 DB060000 		.4byte	0x6db
 859 0677 19       		.uleb128 0x19
 860 0678 28000000 		.4byte	.LVL4
 861 067c E7060000 		.4byte	0x6e7
 862 0680 17       		.uleb128 0x17
 863 0681 01       		.uleb128 0x1
 864 0682 50       		.byte	0x50
 865 0683 01       		.uleb128 0x1
 866 0684 30       		.byte	0x30
 867 0685 00       		.byte	0
 868 0686 00       		.byte	0
 869 0687 1A       		.uleb128 0x1a
 870 0688 8B090000 		.4byte	.LASF123
 871 068c 0C       		.byte	0xc
 872 068d 5E       		.byte	0x5e
 873 068e F6030000 		.4byte	0x3f6
 874 0692 1A       		.uleb128 0x1a
 875 0693 63050000 		.4byte	.LASF124
 876 0697 0D       		.byte	0xd
 877 0698 1F       		.byte	0x1f
 878 0699 9D060000 		.4byte	0x69d
 879 069d 1B       		.uleb128 0x1b
 880 069e DF010000 		.4byte	0x1df
 881 06a2 1A       		.uleb128 0x1a
 882 06a3 5D040000 		.4byte	.LASF125
 883 06a7 0E       		.byte	0xe
 884 06a8 87       		.byte	0x87
 885 06a9 D2040000 		.4byte	0x4d2
 886 06ad 1A       		.uleb128 0x1a
 887 06ae 57050000 		.4byte	.LASF126
 888 06b2 0F       		.byte	0xf
 889 06b3 4B       		.byte	0x4b
 890 06b4 5B030000 		.4byte	0x35b
 891 06b8 1C       		.uleb128 0x1c
 892 06b9 2D020000 		.4byte	.LASF127
 893 06bd 2D020000 		.4byte	.LASF127
 894 06c1 10       		.byte	0x10
 895 06c2 24       		.byte	0x24
 896 06c3 1D       		.uleb128 0x1d
 897 06c4 97040000 		.4byte	.LASF128
 898 06c8 97040000 		.4byte	.LASF128
 899 06cc 11       		.byte	0x11
 900 06cd FE01     		.2byte	0x1fe
 901 06cf 1D       		.uleb128 0x1d
 902 06d0 E1080000 		.4byte	.LASF129
 903 06d4 E1080000 		.4byte	.LASF129
 904 06d8 05       		.byte	0x5
 905 06d9 2A03     		.2byte	0x32a
 906 06db 1D       		.uleb128 0x1d
ARM GAS  C:\Users\User\AppData\Local\Temp\ccPE7WAL.s 			page 20


 907 06dc 21000000 		.4byte	.LASF130
 908 06e0 21000000 		.4byte	.LASF130
 909 06e4 0B       		.byte	0xb
 910 06e5 B107     		.2byte	0x7b1
 911 06e7 1D       		.uleb128 0x1d
 912 06e8 D4060000 		.4byte	.LASF131
 913 06ec D4060000 		.4byte	.LASF131
 914 06f0 07       		.byte	0x7
 915 06f1 F004     		.2byte	0x4f0
 916 06f3 00       		.byte	0
 917              		.section	.debug_abbrev,"",%progbits
 918              	.Ldebug_abbrev0:
 919 0000 01       		.uleb128 0x1
 920 0001 11       		.uleb128 0x11
 921 0002 01       		.byte	0x1
 922 0003 25       		.uleb128 0x25
 923 0004 0E       		.uleb128 0xe
 924 0005 13       		.uleb128 0x13
 925 0006 0B       		.uleb128 0xb
 926 0007 03       		.uleb128 0x3
 927 0008 0E       		.uleb128 0xe
 928 0009 1B       		.uleb128 0x1b
 929 000a 0E       		.uleb128 0xe
 930 000b 55       		.uleb128 0x55
 931 000c 17       		.uleb128 0x17
 932 000d 11       		.uleb128 0x11
 933 000e 01       		.uleb128 0x1
 934 000f 10       		.uleb128 0x10
 935 0010 17       		.uleb128 0x17
 936 0011 00       		.byte	0
 937 0012 00       		.byte	0
 938 0013 02       		.uleb128 0x2
 939 0014 24       		.uleb128 0x24
 940 0015 00       		.byte	0
 941 0016 0B       		.uleb128 0xb
 942 0017 0B       		.uleb128 0xb
 943 0018 3E       		.uleb128 0x3e
 944 0019 0B       		.uleb128 0xb
 945 001a 03       		.uleb128 0x3
 946 001b 0E       		.uleb128 0xe
 947 001c 00       		.byte	0
 948 001d 00       		.byte	0
 949 001e 03       		.uleb128 0x3
 950 001f 16       		.uleb128 0x16
 951 0020 00       		.byte	0
 952 0021 03       		.uleb128 0x3
 953 0022 0E       		.uleb128 0xe
 954 0023 3A       		.uleb128 0x3a
 955 0024 0B       		.uleb128 0xb
 956 0025 3B       		.uleb128 0x3b
 957 0026 0B       		.uleb128 0xb
 958 0027 49       		.uleb128 0x49
 959 0028 13       		.uleb128 0x13
 960 0029 00       		.byte	0
 961 002a 00       		.byte	0
 962 002b 04       		.uleb128 0x4
 963 002c 24       		.uleb128 0x24
ARM GAS  C:\Users\User\AppData\Local\Temp\ccPE7WAL.s 			page 21


 964 002d 00       		.byte	0
 965 002e 0B       		.uleb128 0xb
 966 002f 0B       		.uleb128 0xb
 967 0030 3E       		.uleb128 0x3e
 968 0031 0B       		.uleb128 0xb
 969 0032 03       		.uleb128 0x3
 970 0033 08       		.uleb128 0x8
 971 0034 00       		.byte	0
 972 0035 00       		.byte	0
 973 0036 05       		.uleb128 0x5
 974 0037 35       		.uleb128 0x35
 975 0038 00       		.byte	0
 976 0039 49       		.uleb128 0x49
 977 003a 13       		.uleb128 0x13
 978 003b 00       		.byte	0
 979 003c 00       		.byte	0
 980 003d 06       		.uleb128 0x6
 981 003e 16       		.uleb128 0x16
 982 003f 00       		.byte	0
 983 0040 03       		.uleb128 0x3
 984 0041 0E       		.uleb128 0xe
 985 0042 3A       		.uleb128 0x3a
 986 0043 0B       		.uleb128 0xb
 987 0044 3B       		.uleb128 0x3b
 988 0045 05       		.uleb128 0x5
 989 0046 49       		.uleb128 0x49
 990 0047 13       		.uleb128 0x13
 991 0048 00       		.byte	0
 992 0049 00       		.byte	0
 993 004a 07       		.uleb128 0x7
 994 004b 04       		.uleb128 0x4
 995 004c 01       		.byte	0x1
 996 004d 0B       		.uleb128 0xb
 997 004e 0B       		.uleb128 0xb
 998 004f 49       		.uleb128 0x49
 999 0050 13       		.uleb128 0x13
 1000 0051 3A       		.uleb128 0x3a
 1001 0052 0B       		.uleb128 0xb
 1002 0053 3B       		.uleb128 0x3b
 1003 0054 05       		.uleb128 0x5
 1004 0055 01       		.uleb128 0x1
 1005 0056 13       		.uleb128 0x13
 1006 0057 00       		.byte	0
 1007 0058 00       		.byte	0
 1008 0059 08       		.uleb128 0x8
 1009 005a 28       		.uleb128 0x28
 1010 005b 00       		.byte	0
 1011 005c 03       		.uleb128 0x3
 1012 005d 0E       		.uleb128 0xe
 1013 005e 1C       		.uleb128 0x1c
 1014 005f 0B       		.uleb128 0xb
 1015 0060 00       		.byte	0
 1016 0061 00       		.byte	0
 1017 0062 09       		.uleb128 0x9
 1018 0063 0F       		.uleb128 0xf
 1019 0064 00       		.byte	0
 1020 0065 0B       		.uleb128 0xb
ARM GAS  C:\Users\User\AppData\Local\Temp\ccPE7WAL.s 			page 22


 1021 0066 0B       		.uleb128 0xb
 1022 0067 00       		.byte	0
 1023 0068 00       		.byte	0
 1024 0069 0A       		.uleb128 0xa
 1025 006a 13       		.uleb128 0x13
 1026 006b 01       		.byte	0x1
 1027 006c 03       		.uleb128 0x3
 1028 006d 0E       		.uleb128 0xe
 1029 006e 0B       		.uleb128 0xb
 1030 006f 0B       		.uleb128 0xb
 1031 0070 3A       		.uleb128 0x3a
 1032 0071 0B       		.uleb128 0xb
 1033 0072 3B       		.uleb128 0x3b
 1034 0073 0B       		.uleb128 0xb
 1035 0074 01       		.uleb128 0x1
 1036 0075 13       		.uleb128 0x13
 1037 0076 00       		.byte	0
 1038 0077 00       		.byte	0
 1039 0078 0B       		.uleb128 0xb
 1040 0079 0D       		.uleb128 0xd
 1041 007a 00       		.byte	0
 1042 007b 03       		.uleb128 0x3
 1043 007c 0E       		.uleb128 0xe
 1044 007d 3A       		.uleb128 0x3a
 1045 007e 0B       		.uleb128 0xb
 1046 007f 3B       		.uleb128 0x3b
 1047 0080 0B       		.uleb128 0xb
 1048 0081 49       		.uleb128 0x49
 1049 0082 13       		.uleb128 0x13
 1050 0083 38       		.uleb128 0x38
 1051 0084 0B       		.uleb128 0xb
 1052 0085 00       		.byte	0
 1053 0086 00       		.byte	0
 1054 0087 0C       		.uleb128 0xc
 1055 0088 0F       		.uleb128 0xf
 1056 0089 00       		.byte	0
 1057 008a 0B       		.uleb128 0xb
 1058 008b 0B       		.uleb128 0xb
 1059 008c 49       		.uleb128 0x49
 1060 008d 13       		.uleb128 0x13
 1061 008e 00       		.byte	0
 1062 008f 00       		.byte	0
 1063 0090 0D       		.uleb128 0xd
 1064 0091 15       		.uleb128 0x15
 1065 0092 01       		.byte	0x1
 1066 0093 27       		.uleb128 0x27
 1067 0094 19       		.uleb128 0x19
 1068 0095 01       		.uleb128 0x1
 1069 0096 13       		.uleb128 0x13
 1070 0097 00       		.byte	0
 1071 0098 00       		.byte	0
 1072 0099 0E       		.uleb128 0xe
 1073 009a 05       		.uleb128 0x5
 1074 009b 00       		.byte	0
 1075 009c 49       		.uleb128 0x49
 1076 009d 13       		.uleb128 0x13
 1077 009e 00       		.byte	0
ARM GAS  C:\Users\User\AppData\Local\Temp\ccPE7WAL.s 			page 23


 1078 009f 00       		.byte	0
 1079 00a0 0F       		.uleb128 0xf
 1080 00a1 13       		.uleb128 0x13
 1081 00a2 01       		.byte	0x1
 1082 00a3 03       		.uleb128 0x3
 1083 00a4 0E       		.uleb128 0xe
 1084 00a5 0B       		.uleb128 0xb
 1085 00a6 0B       		.uleb128 0xb
 1086 00a7 3A       		.uleb128 0x3a
 1087 00a8 0B       		.uleb128 0xb
 1088 00a9 3B       		.uleb128 0x3b
 1089 00aa 05       		.uleb128 0x5
 1090 00ab 01       		.uleb128 0x1
 1091 00ac 13       		.uleb128 0x13
 1092 00ad 00       		.byte	0
 1093 00ae 00       		.byte	0
 1094 00af 10       		.uleb128 0x10
 1095 00b0 0D       		.uleb128 0xd
 1096 00b1 00       		.byte	0
 1097 00b2 03       		.uleb128 0x3
 1098 00b3 0E       		.uleb128 0xe
 1099 00b4 3A       		.uleb128 0x3a
 1100 00b5 0B       		.uleb128 0xb
 1101 00b6 3B       		.uleb128 0x3b
 1102 00b7 05       		.uleb128 0x5
 1103 00b8 49       		.uleb128 0x49
 1104 00b9 13       		.uleb128 0x13
 1105 00ba 38       		.uleb128 0x38
 1106 00bb 0B       		.uleb128 0xb
 1107 00bc 00       		.byte	0
 1108 00bd 00       		.byte	0
 1109 00be 11       		.uleb128 0x11
 1110 00bf 0D       		.uleb128 0xd
 1111 00c0 00       		.byte	0
 1112 00c1 03       		.uleb128 0x3
 1113 00c2 08       		.uleb128 0x8
 1114 00c3 3A       		.uleb128 0x3a
 1115 00c4 0B       		.uleb128 0xb
 1116 00c5 3B       		.uleb128 0x3b
 1117 00c6 05       		.uleb128 0x5
 1118 00c7 49       		.uleb128 0x49
 1119 00c8 13       		.uleb128 0x13
 1120 00c9 38       		.uleb128 0x38
 1121 00ca 0B       		.uleb128 0xb
 1122 00cb 00       		.byte	0
 1123 00cc 00       		.byte	0
 1124 00cd 12       		.uleb128 0x12
 1125 00ce 28       		.uleb128 0x28
 1126 00cf 00       		.byte	0
 1127 00d0 03       		.uleb128 0x3
 1128 00d1 0E       		.uleb128 0xe
 1129 00d2 1C       		.uleb128 0x1c
 1130 00d3 06       		.uleb128 0x6
 1131 00d4 00       		.byte	0
 1132 00d5 00       		.byte	0
 1133 00d6 13       		.uleb128 0x13
 1134 00d7 2E       		.uleb128 0x2e
ARM GAS  C:\Users\User\AppData\Local\Temp\ccPE7WAL.s 			page 24


 1135 00d8 00       		.byte	0
 1136 00d9 03       		.uleb128 0x3
 1137 00da 0E       		.uleb128 0xe
 1138 00db 3A       		.uleb128 0x3a
 1139 00dc 0B       		.uleb128 0xb
 1140 00dd 3B       		.uleb128 0x3b
 1141 00de 0B       		.uleb128 0xb
 1142 00df 27       		.uleb128 0x27
 1143 00e0 19       		.uleb128 0x19
 1144 00e1 20       		.uleb128 0x20
 1145 00e2 0B       		.uleb128 0xb
 1146 00e3 00       		.byte	0
 1147 00e4 00       		.byte	0
 1148 00e5 14       		.uleb128 0x14
 1149 00e6 2E       		.uleb128 0x2e
 1150 00e7 01       		.byte	0x1
 1151 00e8 3F       		.uleb128 0x3f
 1152 00e9 19       		.uleb128 0x19
 1153 00ea 03       		.uleb128 0x3
 1154 00eb 0E       		.uleb128 0xe
 1155 00ec 3A       		.uleb128 0x3a
 1156 00ed 0B       		.uleb128 0xb
 1157 00ee 3B       		.uleb128 0x3b
 1158 00ef 0B       		.uleb128 0xb
 1159 00f0 27       		.uleb128 0x27
 1160 00f1 19       		.uleb128 0x19
 1161 00f2 49       		.uleb128 0x49
 1162 00f3 13       		.uleb128 0x13
 1163 00f4 8701     		.uleb128 0x87
 1164 00f6 19       		.uleb128 0x19
 1165 00f7 11       		.uleb128 0x11
 1166 00f8 01       		.uleb128 0x1
 1167 00f9 12       		.uleb128 0x12
 1168 00fa 06       		.uleb128 0x6
 1169 00fb 40       		.uleb128 0x40
 1170 00fc 18       		.uleb128 0x18
 1171 00fd 9742     		.uleb128 0x2117
 1172 00ff 19       		.uleb128 0x19
 1173 0100 01       		.uleb128 0x1
 1174 0101 13       		.uleb128 0x13
 1175 0102 00       		.byte	0
 1176 0103 00       		.byte	0
 1177 0104 15       		.uleb128 0x15
 1178 0105 1D       		.uleb128 0x1d
 1179 0106 00       		.byte	0
 1180 0107 31       		.uleb128 0x31
 1181 0108 13       		.uleb128 0x13
 1182 0109 11       		.uleb128 0x11
 1183 010a 01       		.uleb128 0x1
 1184 010b 12       		.uleb128 0x12
 1185 010c 06       		.uleb128 0x6
 1186 010d 58       		.uleb128 0x58
 1187 010e 0B       		.uleb128 0xb
 1188 010f 59       		.uleb128 0x59
 1189 0110 0B       		.uleb128 0xb
 1190 0111 00       		.byte	0
 1191 0112 00       		.byte	0
ARM GAS  C:\Users\User\AppData\Local\Temp\ccPE7WAL.s 			page 25


 1192 0113 16       		.uleb128 0x16
 1193 0114 898201   		.uleb128 0x4109
 1194 0117 01       		.byte	0x1
 1195 0118 11       		.uleb128 0x11
 1196 0119 01       		.uleb128 0x1
 1197 011a 31       		.uleb128 0x31
 1198 011b 13       		.uleb128 0x13
 1199 011c 01       		.uleb128 0x1
 1200 011d 13       		.uleb128 0x13
 1201 011e 00       		.byte	0
 1202 011f 00       		.byte	0
 1203 0120 17       		.uleb128 0x17
 1204 0121 8A8201   		.uleb128 0x410a
 1205 0124 00       		.byte	0
 1206 0125 02       		.uleb128 0x2
 1207 0126 18       		.uleb128 0x18
 1208 0127 9142     		.uleb128 0x2111
 1209 0129 18       		.uleb128 0x18
 1210 012a 00       		.byte	0
 1211 012b 00       		.byte	0
 1212 012c 18       		.uleb128 0x18
 1213 012d 898201   		.uleb128 0x4109
 1214 0130 00       		.byte	0
 1215 0131 11       		.uleb128 0x11
 1216 0132 01       		.uleb128 0x1
 1217 0133 31       		.uleb128 0x31
 1218 0134 13       		.uleb128 0x13
 1219 0135 00       		.byte	0
 1220 0136 00       		.byte	0
 1221 0137 19       		.uleb128 0x19
 1222 0138 898201   		.uleb128 0x4109
 1223 013b 01       		.byte	0x1
 1224 013c 11       		.uleb128 0x11
 1225 013d 01       		.uleb128 0x1
 1226 013e 31       		.uleb128 0x31
 1227 013f 13       		.uleb128 0x13
 1228 0140 00       		.byte	0
 1229 0141 00       		.byte	0
 1230 0142 1A       		.uleb128 0x1a
 1231 0143 34       		.uleb128 0x34
 1232 0144 00       		.byte	0
 1233 0145 03       		.uleb128 0x3
 1234 0146 0E       		.uleb128 0xe
 1235 0147 3A       		.uleb128 0x3a
 1236 0148 0B       		.uleb128 0xb
 1237 0149 3B       		.uleb128 0x3b
 1238 014a 0B       		.uleb128 0xb
 1239 014b 49       		.uleb128 0x49
 1240 014c 13       		.uleb128 0x13
 1241 014d 3F       		.uleb128 0x3f
 1242 014e 19       		.uleb128 0x19
 1243 014f 3C       		.uleb128 0x3c
 1244 0150 19       		.uleb128 0x19
 1245 0151 00       		.byte	0
 1246 0152 00       		.byte	0
 1247 0153 1B       		.uleb128 0x1b
 1248 0154 26       		.uleb128 0x26
ARM GAS  C:\Users\User\AppData\Local\Temp\ccPE7WAL.s 			page 26


 1249 0155 00       		.byte	0
 1250 0156 49       		.uleb128 0x49
 1251 0157 13       		.uleb128 0x13
 1252 0158 00       		.byte	0
 1253 0159 00       		.byte	0
 1254 015a 1C       		.uleb128 0x1c
 1255 015b 2E       		.uleb128 0x2e
 1256 015c 00       		.byte	0
 1257 015d 3F       		.uleb128 0x3f
 1258 015e 19       		.uleb128 0x19
 1259 015f 3C       		.uleb128 0x3c
 1260 0160 19       		.uleb128 0x19
 1261 0161 6E       		.uleb128 0x6e
 1262 0162 0E       		.uleb128 0xe
 1263 0163 03       		.uleb128 0x3
 1264 0164 0E       		.uleb128 0xe
 1265 0165 3A       		.uleb128 0x3a
 1266 0166 0B       		.uleb128 0xb
 1267 0167 3B       		.uleb128 0x3b
 1268 0168 0B       		.uleb128 0xb
 1269 0169 00       		.byte	0
 1270 016a 00       		.byte	0
 1271 016b 1D       		.uleb128 0x1d
 1272 016c 2E       		.uleb128 0x2e
 1273 016d 00       		.byte	0
 1274 016e 3F       		.uleb128 0x3f
 1275 016f 19       		.uleb128 0x19
 1276 0170 3C       		.uleb128 0x3c
 1277 0171 19       		.uleb128 0x19
 1278 0172 6E       		.uleb128 0x6e
 1279 0173 0E       		.uleb128 0xe
 1280 0174 03       		.uleb128 0x3
 1281 0175 0E       		.uleb128 0xe
 1282 0176 3A       		.uleb128 0x3a
 1283 0177 0B       		.uleb128 0xb
 1284 0178 3B       		.uleb128 0x3b
 1285 0179 05       		.uleb128 0x5
 1286 017a 00       		.byte	0
 1287 017b 00       		.byte	0
 1288 017c 00       		.byte	0
 1289              		.section	.debug_aranges,"",%progbits
 1290 0000 1C000000 		.4byte	0x1c
 1291 0004 0200     		.2byte	0x2
 1292 0006 00000000 		.4byte	.Ldebug_info0
 1293 000a 04       		.byte	0x4
 1294 000b 00       		.byte	0
 1295 000c 0000     		.2byte	0
 1296 000e 0000     		.2byte	0
 1297 0010 00000000 		.4byte	.LFB547
 1298 0014 34000000 		.4byte	.LFE547-.LFB547
 1299 0018 00000000 		.4byte	0
 1300 001c 00000000 		.4byte	0
 1301              		.section	.debug_ranges,"",%progbits
 1302              	.Ldebug_ranges0:
 1303 0000 00000000 		.4byte	.LFB547
 1304 0004 34000000 		.4byte	.LFE547
 1305 0008 00000000 		.4byte	0
ARM GAS  C:\Users\User\AppData\Local\Temp\ccPE7WAL.s 			page 27


 1306 000c 00000000 		.4byte	0
 1307              		.section	.debug_line,"",%progbits
 1308              	.Ldebug_line0:
 1309 0000 54030000 		.section	.debug_str,"MS",%progbits,1
 1309      02002403 
 1309      00000201 
 1309      FB0E0D00 
 1309      01010101 
 1310              	.LASF24:
 1311 0000 72756E4D 		.ascii	"runMode\000"
 1311      6F646500 
 1312              	.LASF54:
 1313 0008 63795F73 		.ascii	"cy_stc_scb_ezi2c_context\000"
 1313      74635F73 
 1313      63625F65 
 1313      7A693263 
 1313      5F636F6E 
 1314              	.LASF130:
 1315 0021 43795F42 		.ascii	"Cy_BLE_ProcessEvents\000"
 1315      4C455F50 
 1315      726F6365 
 1315      73734576 
 1315      656E7473 
 1316              	.LASF75:
 1317 0036 72784275 		.ascii	"rxBufSize\000"
 1317      6653697A 
 1317      6500
 1318              	.LASF44:
 1319 0040 63795F65 		.ascii	"cy_en_scb_ezi2c_sub_addr_size_t\000"
 1319      6E5F7363 
 1319      625F657A 
 1319      6932635F 
 1319      7375625F 
 1320              	.LASF133:
 1321 0060 6D61696E 		.ascii	"main_cm0p.c\000"
 1321      5F636D30 
 1321      702E6300 
 1322              	.LASF65:
 1323 006c 62756631 		.ascii	"buf1\000"
 1323      00
 1324              	.LASF5:
 1325 0071 5F5F7569 		.ascii	"__uint8_t\000"
 1325      6E74385F 
 1325      7400
 1326              	.LASF103:
 1327 007b 43595F42 		.ascii	"CY_BLE_ERROR_REPEATED_ATTEMPTS\000"
 1327      4C455F45 
 1327      52524F52 
 1327      5F524550 
 1327      45415445 
 1328              	.LASF25:
 1329 009a 636F756E 		.ascii	"countDirection\000"
 1329      74446972 
 1329      65637469 
 1329      6F6E00
 1330              	.LASF94:
 1331 00a9 43595F42 		.ascii	"CY_BLE_INFO_FLASH_WRITE_IN_PROGRESS\000"
ARM GAS  C:\Users\User\AppData\Local\Temp\ccPE7WAL.s 			page 28


 1331      4C455F49 
 1331      4E464F5F 
 1331      464C4153 
 1331      485F5752 
 1332              	.LASF116:
 1333 00cd 43595F42 		.ascii	"CY_BLE_ERROR_GATT_DB_INVALID_ATTR_HANDLE\000"
 1333      4C455F45 
 1333      52524F52 
 1333      5F474154 
 1333      545F4442 
 1334              	.LASF102:
 1335 00f6 43595F42 		.ascii	"CY_BLE_ERROR_DEVICE_ALREADY_EXISTS\000"
 1335      4C455F45 
 1335      52524F52 
 1335      5F444556 
 1335      4943455F 
 1336              	.LASF32:
 1337 0119 63617074 		.ascii	"captureInput\000"
 1337      75726549 
 1337      6E707574 
 1337      00
 1338              	.LASF9:
 1339 0126 6C6F6E67 		.ascii	"long long unsigned int\000"
 1339      206C6F6E 
 1339      6720756E 
 1339      7369676E 
 1339      65642069 
 1340              	.LASF23:
 1341 013d 636C6F63 		.ascii	"clockPrescaler\000"
 1341      6B507265 
 1341      7363616C 
 1341      657200
 1342              	.LASF87:
 1343 014c 72785269 		.ascii	"rxRingBuf\000"
 1343      6E674275 
 1343      6600
 1344              	.LASF66:
 1345 0156 62756631 		.ascii	"buf1Size\000"
 1345      53697A65 
 1345      00
 1346              	.LASF77:
 1347 015f 74784275 		.ascii	"txBuf\000"
 1347      6600
 1348              	.LASF107:
 1349 0165 43595F42 		.ascii	"CY_BLE_ERROR_L2CAP_PSM_ALREADY_REGISTERED\000"
 1349      4C455F45 
 1349      52524F52 
 1349      5F4C3243 
 1349      41505F50 
 1350              	.LASF59:
 1351 018f 73756241 		.ascii	"subAddrSize\000"
 1351      64647253 
 1351      697A6500 
 1352              	.LASF97:
 1353 019b 43595F42 		.ascii	"CY_BLE_ERROR_MEMORY_ALLOCATION_FAILED\000"
 1353      4C455F45 
 1353      52524F52 
ARM GAS  C:\Users\User\AppData\Local\Temp\ccPE7WAL.s 			page 29


 1353      5F4D454D 
 1353      4F52595F 
 1354              	.LASF8:
 1355 01c1 6C6F6E67 		.ascii	"long long int\000"
 1355      206C6F6E 
 1355      6720696E 
 1355      7400
 1356              	.LASF41:
 1357 01cf 63795F73 		.ascii	"cy_stc_tcpwm_counter_config_t\000"
 1357      74635F74 
 1357      6370776D 
 1357      5F636F75 
 1357      6E746572 
 1358              	.LASF108:
 1359 01ed 43595F42 		.ascii	"CY_BLE_ERROR_L2CAP_PSM_NOT_REGISTERED\000"
 1359      4C455F45 
 1359      52524F52 
 1359      5F4C3243 
 1359      41505F50 
 1360              	.LASF92:
 1361 0213 63795F73 		.ascii	"cy_stc_scb_uart_context_t\000"
 1361      74635F73 
 1361      63625F75 
 1361      6172745F 
 1361      636F6E74 
 1362              	.LASF127:
 1363 022d 43795F42 		.ascii	"Cy_BLE_Start\000"
 1363      4C455F53 
 1363      74617274 
 1363      00
 1364              	.LASF72:
 1365 023a 63795F63 		.ascii	"cy_cb_scb_spi_handle_events_t\000"
 1365      625F7363 
 1365      625F7370 
 1365      695F6861 
 1365      6E646C65 
 1366              	.LASF57:
 1367 0258 61646472 		.ascii	"address1\000"
 1367      65737331 
 1367      00
 1368              	.LASF58:
 1369 0261 61646472 		.ascii	"address2\000"
 1369      65737332 
 1369      00
 1370              	.LASF96:
 1371 026a 43595F42 		.ascii	"CY_BLE_ERROR_INVALID_OPERATION\000"
 1371      4C455F45 
 1371      52524F52 
 1371      5F494E56 
 1371      414C4944 
 1372              	.LASF55:
 1373 0289 73746174 		.ascii	"state\000"
 1373      6500
 1374              	.LASF4:
 1375 028f 6C6F6E67 		.ascii	"long int\000"
 1375      20696E74 
 1375      00
ARM GAS  C:\Users\User\AppData\Local\Temp\ccPE7WAL.s 			page 30


 1376              	.LASF106:
 1377 0298 43595F42 		.ascii	"CY_BLE_ERROR_L2CAP_PSM_WRONG_ENCODING\000"
 1377      4C455F45 
 1377      52524F52 
 1377      5F4C3243 
 1377      41505F50 
 1378              	.LASF98:
 1379 02be 43595F42 		.ascii	"CY_BLE_ERROR_INSUFFICIENT_RESOURCES\000"
 1379      4C455F45 
 1379      52524F52 
 1379      5F494E53 
 1379      55464649 
 1380              	.LASF73:
 1381 02e2 63795F73 		.ascii	"cy_stc_scb_spi_context\000"
 1381      74635F73 
 1381      63625F73 
 1381      70695F63 
 1381      6F6E7465 
 1382              	.LASF0:
 1383 02f9 73686F72 		.ascii	"short int\000"
 1383      7420696E 
 1383      7400
 1384              	.LASF18:
 1385 0303 646F7562 		.ascii	"double\000"
 1385      6C6500
 1386              	.LASF31:
 1387 030a 63617074 		.ascii	"captureInputMode\000"
 1387      75726549 
 1387      6E707574 
 1387      4D6F6465 
 1387      00
 1388              	.LASF47:
 1389 031b 43595F53 		.ascii	"CY_SCB_EZI2C_STATE_RX_OFFSET_MSB\000"
 1389      43425F45 
 1389      5A493243 
 1389      5F535441 
 1389      54455F52 
 1390              	.LASF6:
 1391 033c 5F5F7569 		.ascii	"__uint32_t\000"
 1391      6E743332 
 1391      5F7400
 1392              	.LASF63:
 1393 0347 63757242 		.ascii	"curBuf\000"
 1393      756600
 1394              	.LASF76:
 1395 034e 72784275 		.ascii	"rxBufIdx\000"
 1395      66496478 
 1395      00
 1396              	.LASF114:
 1397 0357 43595F42 		.ascii	"CY_BLE_ERROR_MIC_AUTH_FAILED\000"
 1397      4C455F45 
 1397      52524F52 
 1397      5F4D4943 
 1397      5F415554 
 1398              	.LASF100:
 1399 0374 43595F42 		.ascii	"CY_BLE_ERROR_NO_CONNECTION\000"
 1399      4C455F45 
ARM GAS  C:\Users\User\AppData\Local\Temp\ccPE7WAL.s 			page 31


 1399      52524F52 
 1399      5F4E4F5F 
 1399      434F4E4E 
 1400              	.LASF78:
 1401 038f 74784275 		.ascii	"txBufSize\000"
 1401      6653697A 
 1401      6500
 1402              	.LASF110:
 1403 0399 43595F42 		.ascii	"CY_BLE_ERROR_L2CAP_PSM_NOT_IN_RANGE\000"
 1403      4C455F45 
 1403      52524F52 
 1403      5F4C3243 
 1403      41505F50 
 1404              	.LASF10:
 1405 03bd 756E7369 		.ascii	"unsigned int\000"
 1405      676E6564 
 1405      20696E74 
 1405      00
 1406              	.LASF88:
 1407 03ca 72785269 		.ascii	"rxRingBufSize\000"
 1407      6E674275 
 1407      6653697A 
 1407      6500
 1408              	.LASF15:
 1409 03d8 63686172 		.ascii	"char_t\000"
 1409      5F7400
 1410              	.LASF7:
 1411 03df 6C6F6E67 		.ascii	"long unsigned int\000"
 1411      20756E73 
 1411      69676E65 
 1411      6420696E 
 1411      7400
 1412              	.LASF20:
 1413 03f1 43595F53 		.ascii	"CY_SYSPM_WAIT_FOR_EVENT\000"
 1413      5953504D 
 1413      5F574149 
 1413      545F464F 
 1413      525F4556 
 1414              	.LASF3:
 1415 0409 73686F72 		.ascii	"short unsigned int\000"
 1415      7420756E 
 1415      7369676E 
 1415      65642069 
 1415      6E7400
 1416              	.LASF93:
 1417 041c 43595F42 		.ascii	"CY_BLE_SUCCESS\000"
 1417      4C455F53 
 1417      55434345 
 1417      535300
 1418              	.LASF46:
 1419 042b 43595F53 		.ascii	"CY_SCB_EZI2C_STATE_ADDR\000"
 1419      43425F45 
 1419      5A493243 
 1419      5F535441 
 1419      54455F41 
 1420              	.LASF117:
 1421 0443 43595F42 		.ascii	"CY_BLE_ERROR_NTF_DISABLED\000"
ARM GAS  C:\Users\User\AppData\Local\Temp\ccPE7WAL.s 			page 32


 1421      4C455F45 
 1421      52524F52 
 1421      5F4E5446 
 1421      5F444953 
 1422              	.LASF125:
 1423 045d 55617274 		.ascii	"Uart_Printf_context\000"
 1423      5F507269 
 1423      6E74665F 
 1423      636F6E74 
 1423      65787400 
 1424              	.LASF80:
 1425 0471 63624576 		.ascii	"cbEvents\000"
 1425      656E7473 
 1425      00
 1426              	.LASF43:
 1427 047a 43595F53 		.ascii	"CY_SCB_EZI2C_SUB_ADDR16_BITS\000"
 1427      43425F45 
 1427      5A493243 
 1427      5F535542 
 1427      5F414444 
 1428              	.LASF128:
 1429 0497 43795F53 		.ascii	"Cy_SysEnableCM4\000"
 1429      7973456E 
 1429      61626C65 
 1429      434D3400 
 1430              	.LASF121:
 1431 04a7 43595F42 		.ascii	"CY_BLE_ERROR_INVALID_STATE\000"
 1431      4C455F45 
 1431      52524F52 
 1431      5F494E56 
 1431      414C4944 
 1432              	.LASF71:
 1433 04c2 63795F73 		.ascii	"cy_stc_scb_ezi2c_context_t\000"
 1433      74635F73 
 1433      63625F65 
 1433      7A693263 
 1433      5F636F6E 
 1434              	.LASF48:
 1435 04dd 43595F53 		.ascii	"CY_SCB_EZI2C_STATE_RX_OFFSET_LSB\000"
 1435      43425F45 
 1435      5A493243 
 1435      5F535441 
 1435      54455F52 
 1436              	.LASF89:
 1437 04fe 72785269 		.ascii	"rxRingBufHead\000"
 1437      6E674275 
 1437      66486561 
 1437      6400
 1438              	.LASF39:
 1439 050c 636F756E 		.ascii	"countInputMode\000"
 1439      74496E70 
 1439      75744D6F 
 1439      646500
 1440              	.LASF36:
 1441 051b 73746172 		.ascii	"startInput\000"
 1441      74496E70 
 1441      757400
ARM GAS  C:\Users\User\AppData\Local\Temp\ccPE7WAL.s 			page 33


 1442              	.LASF53:
 1443 0526 63795F73 		.ascii	"cy_stc_tcpwm_counter_config\000"
 1443      74635F74 
 1443      6370776D 
 1443      5F636F75 
 1443      6E746572 
 1444              	.LASF13:
 1445 0542 73697A65 		.ascii	"sizetype\000"
 1445      74797065 
 1445      00
 1446              	.LASF14:
 1447 054b 6C6F6E67 		.ascii	"long double\000"
 1447      20646F75 
 1447      626C6500 
 1448              	.LASF126:
 1449 0557 4932435F 		.ascii	"I2C_context\000"
 1449      636F6E74 
 1449      65787400 
 1450              	.LASF124:
 1451 0563 43595F45 		.ascii	"CY_EINK_Timer_config\000"
 1451      494E4B5F 
 1451      54696D65 
 1451      725F636F 
 1451      6E666967 
 1452              	.LASF45:
 1453 0578 43595F53 		.ascii	"CY_SCB_EZI2C_STATE_IDLE\000"
 1453      43425F45 
 1453      5A493243 
 1453      5F535441 
 1453      54455F49 
 1454              	.LASF86:
 1455 0590 72785374 		.ascii	"rxStatus\000"
 1455      61747573 
 1455      00
 1456              	.LASF135:
 1457 0599 5F5F656E 		.ascii	"__enable_irq\000"
 1457      61626C65 
 1457      5F697271 
 1457      00
 1458              	.LASF49:
 1459 05a6 43595F53 		.ascii	"CY_SCB_EZI2C_STATE_RX_DATA0\000"
 1459      43425F45 
 1459      5A493243 
 1459      5F535441 
 1459      54455F52 
 1460              	.LASF50:
 1461 05c2 43595F53 		.ascii	"CY_SCB_EZI2C_STATE_RX_DATA1\000"
 1461      43425F45 
 1461      5A493243 
 1461      5F535441 
 1461      54455F52 
 1462              	.LASF118:
 1463 05de 43595F42 		.ascii	"CY_BLE_ERROR_IND_DISABLED\000"
 1463      4C455F45 
 1463      52524F52 
 1463      5F494E44 
 1463      5F444953 
ARM GAS  C:\Users\User\AppData\Local\Temp\ccPE7WAL.s 			page 34


 1464              	.LASF17:
 1465 05f8 666C6F61 		.ascii	"float\000"
 1465      7400
 1466              	.LASF111:
 1467 05fe 43595F42 		.ascii	"CY_BLE_ERROR_UNSUPPORTED_FEATURE_OR_PARAMETER_VALUE"
 1467      4C455F45 
 1467      52524F52 
 1467      5F554E53 
 1467      5550504F 
 1468 0631 00       		.ascii	"\000"
 1469              	.LASF91:
 1470 0632 74784C65 		.ascii	"txLeftToTransmit\000"
 1470      6674546F 
 1470      5472616E 
 1470      736D6974 
 1470      00
 1471              	.LASF52:
 1472 0643 63795F65 		.ascii	"cy_en_scb_ezi2c_state_t\000"
 1472      6E5F7363 
 1472      625F657A 
 1472      6932635F 
 1472      73746174 
 1473              	.LASF70:
 1474 065b 62756632 		.ascii	"buf2rwBondary\000"
 1474      7277426F 
 1474      6E646172 
 1474      7900
 1475              	.LASF35:
 1476 0669 73746172 		.ascii	"startInputMode\000"
 1476      74496E70 
 1476      75744D6F 
 1476      646500
 1477              	.LASF1:
 1478 0678 756E7369 		.ascii	"unsigned char\000"
 1478      676E6564 
 1478      20636861 
 1478      7200
 1479              	.LASF120:
 1480 0686 43595F42 		.ascii	"CY_BLE_ERROR_CONTROLLER_BUSY\000"
 1480      4C455F45 
 1480      52524F52 
 1480      5F434F4E 
 1480      54524F4C 
 1481              	.LASF99:
 1482 06a3 43595F42 		.ascii	"CY_BLE_ERROR_OOB_NOT_AVAILABLE\000"
 1482      4C455F45 
 1482      52524F52 
 1482      5F4F4F42 
 1482      5F4E4F54 
 1483              	.LASF29:
 1484 06c2 656E6162 		.ascii	"enableCompareSwap\000"
 1484      6C65436F 
 1484      6D706172 
 1484      65537761 
 1484      7000
 1485              	.LASF131:
 1486 06d4 43795F53 		.ascii	"Cy_SysPm_DeepSleep\000"
ARM GAS  C:\Users\User\AppData\Local\Temp\ccPE7WAL.s 			page 35


 1486      7973506D 
 1486      5F446565 
 1486      70536C65 
 1486      657000
 1487              	.LASF56:
 1488 06e7 73746174 		.ascii	"status\000"
 1488      757300
 1489              	.LASF113:
 1490 06ee 43595F42 		.ascii	"CY_BLE_ERROR_FLASH_WRITE\000"
 1490      4C455F45 
 1490      52524F52 
 1490      5F464C41 
 1490      53485F57 
 1491              	.LASF26:
 1492 0707 636F6D70 		.ascii	"compareOrCapture\000"
 1492      6172654F 
 1492      72436170 
 1492      74757265 
 1492      00
 1493              	.LASF12:
 1494 0718 75696E74 		.ascii	"uint32_t\000"
 1494      33325F74 
 1494      00
 1495              	.LASF62:
 1496 0721 61646472 		.ascii	"addr1Active\000"
 1496      31416374 
 1496      69766500 
 1497              	.LASF69:
 1498 072d 62756632 		.ascii	"buf2Size\000"
 1498      53697A65 
 1498      00
 1499              	.LASF109:
 1500 0736 43595F42 		.ascii	"CY_BLE_ERROR_L2CAP_CONNECTION_ENTITY_NOT_FOUND\000"
 1500      4C455F45 
 1500      52524F52 
 1500      5F4C3243 
 1500      41505F43 
 1501              	.LASF82:
 1502 0765 63795F73 		.ascii	"cy_stc_scb_spi_context_t\000"
 1502      74635F73 
 1502      63625F73 
 1502      70695F63 
 1502      6F6E7465 
 1503              	.LASF132:
 1504 077e 474E5520 		.ascii	"GNU C11 5.4.1 20160609 (release) [ARM/embedded-5-br"
 1504      43313120 
 1504      352E342E 
 1504      31203230 
 1504      31363036 
 1505 07b1 616E6368 		.ascii	"anch revision 237715] -mcpu=cortex-m0plus -mthumb -"
 1505      20726576 
 1505      6973696F 
 1505      6E203233 
 1505      37373135 
 1506 07e4 67202D4F 		.ascii	"g -Og -ffunction-sections -ffat-lto-objects\000"
 1506      67202D66 
 1506      66756E63 
ARM GAS  C:\Users\User\AppData\Local\Temp\ccPE7WAL.s 			page 36


 1506      74696F6E 
 1506      2D736563 
 1507              	.LASF27:
 1508 0810 636F6D70 		.ascii	"compare0\000"
 1508      61726530 
 1508      00
 1509              	.LASF28:
 1510 0819 636F6D70 		.ascii	"compare1\000"
 1510      61726531 
 1510      00
 1511              	.LASF64:
 1512 0822 62756653 		.ascii	"bufSize\000"
 1512      697A6500 
 1513              	.LASF16:
 1514 082a 63686172 		.ascii	"char\000"
 1514      00
 1515              	.LASF51:
 1516 082f 43595F53 		.ascii	"CY_SCB_EZI2C_STATE_TX_DATA\000"
 1516      43425F45 
 1516      5A493243 
 1516      5F535441 
 1516      54455F54 
 1517              	.LASF95:
 1518 084a 43595F42 		.ascii	"CY_BLE_ERROR_INVALID_PARAMETER\000"
 1518      4C455F45 
 1518      52524F52 
 1518      5F494E56 
 1518      414C4944 
 1519              	.LASF134:
 1520 0869 433A5C55 		.ascii	"C:\\Users\\User\\Desktop\\SmartBottle_v0p1\\SmartBo"
 1520      73657273 
 1520      5C557365 
 1520      725C4465 
 1520      736B746F 
 1521 0897 74746C65 		.ascii	"ttle_v0p1.cydsn\000"
 1521      5F763070 
 1521      312E6379 
 1521      64736E00 
 1522              	.LASF104:
 1523 08a7 43595F42 		.ascii	"CY_BLE_ERROR_GAP_ROLE\000"
 1523      4C455F45 
 1523      52524F52 
 1523      5F474150 
 1523      5F524F4C 
 1524              	.LASF22:
 1525 08bd 70657269 		.ascii	"period\000"
 1525      6F6400
 1526              	.LASF30:
 1527 08c4 696E7465 		.ascii	"interruptSources\000"
 1527      72727570 
 1527      74536F75 
 1527      72636573 
 1527      00
 1528              	.LASF34:
 1529 08d5 72656C6F 		.ascii	"reloadInput\000"
 1529      6164496E 
 1529      70757400 
ARM GAS  C:\Users\User\AppData\Local\Temp\ccPE7WAL.s 			page 37


 1530              	.LASF129:
 1531 08e1 43795F53 		.ascii	"Cy_SysLib_AssertFailed\000"
 1531      79734C69 
 1531      625F4173 
 1531      73657274 
 1531      4661696C 
 1532              	.LASF83:
 1533 08f8 63795F63 		.ascii	"cy_cb_scb_uart_handle_events_t\000"
 1533      625F7363 
 1533      625F7561 
 1533      72745F68 
 1533      616E646C 
 1534              	.LASF115:
 1535 0917 43595F42 		.ascii	"CY_BLE_ERROR_HARDWARE_FAILURE\000"
 1535      4C455F45 
 1535      52524F52 
 1535      5F484152 
 1535      44574152 
 1536              	.LASF38:
 1537 0935 73746F70 		.ascii	"stopInput\000"
 1537      496E7075 
 1537      7400
 1538              	.LASF19:
 1539 093f 43595F53 		.ascii	"CY_SYSPM_WAIT_FOR_INTERRUPT\000"
 1539      5953504D 
 1539      5F574149 
 1539      545F464F 
 1539      525F494E 
 1540              	.LASF81:
 1541 095b 696E6974 		.ascii	"initKey\000"
 1541      4B657900 
 1542              	.LASF74:
 1543 0963 72784275 		.ascii	"rxBuf\000"
 1543      6600
 1544              	.LASF42:
 1545 0969 43595F53 		.ascii	"CY_SCB_EZI2C_SUB_ADDR8_BITS\000"
 1545      43425F45 
 1545      5A493243 
 1545      5F535542 
 1545      5F414444 
 1546              	.LASF21:
 1547 0985 5F426F6F 		.ascii	"_Bool\000"
 1547      6C00
 1548              	.LASF123:
 1549 098b 43595F45 		.ascii	"CY_EINK_SPIM_context\000"
 1549      494E4B5F 
 1549      5350494D 
 1549      5F636F6E 
 1549      74657874 
 1550              	.LASF122:
 1551 09a0 43595F42 		.ascii	"CY_BLE_ERROR_MAX\000"
 1551      4C455F45 
 1551      52524F52 
 1551      5F4D4158 
 1551      00
 1552              	.LASF68:
 1553 09b1 62756632 		.ascii	"buf2\000"
ARM GAS  C:\Users\User\AppData\Local\Temp\ccPE7WAL.s 			page 38


 1553      00
 1554              	.LASF11:
 1555 09b6 75696E74 		.ascii	"uint8_t\000"
 1555      385F7400 
 1556              	.LASF112:
 1557 09be 43595F42 		.ascii	"CY_BLE_ERROR_FLASH_WRITE_NOT_PERMITED\000"
 1557      4C455F45 
 1557      52524F52 
 1557      5F464C41 
 1557      53485F57 
 1558              	.LASF101:
 1559 09e4 43595F42 		.ascii	"CY_BLE_ERROR_NO_DEVICE_ENTITY\000"
 1559      4C455F45 
 1559      52524F52 
 1559      5F4E4F5F 
 1559      44455649 
 1560              	.LASF33:
 1561 0a02 72656C6F 		.ascii	"reloadInputMode\000"
 1561      6164496E 
 1561      7075744D 
 1561      6F646500 
 1562              	.LASF90:
 1563 0a12 72785269 		.ascii	"rxRingBufTail\000"
 1563      6E674275 
 1563      66546169 
 1563      6C00
 1564              	.LASF67:
 1565 0a20 62756631 		.ascii	"buf1rwBondary\000"
 1565      7277426F 
 1565      6E646172 
 1565      7900
 1566              	.LASF85:
 1567 0a2e 74785374 		.ascii	"txStatus\000"
 1567      61747573 
 1567      00
 1568              	.LASF2:
 1569 0a37 7369676E 		.ascii	"signed char\000"
 1569      65642063 
 1569      68617200 
 1570              	.LASF60:
 1571 0a43 62617365 		.ascii	"baseAddr1\000"
 1571      41646472 
 1571      3100
 1572              	.LASF61:
 1573 0a4d 62617365 		.ascii	"baseAddr2\000"
 1573      41646472 
 1573      3200
 1574              	.LASF136:
 1575 0a57 6D61696E 		.ascii	"main\000"
 1575      00
 1576              	.LASF84:
 1577 0a5c 63795F73 		.ascii	"cy_stc_scb_uart_context\000"
 1577      74635F73 
 1577      63625F75 
 1577      6172745F 
 1577      636F6E74 
 1578              	.LASF40:
ARM GAS  C:\Users\User\AppData\Local\Temp\ccPE7WAL.s 			page 39


 1579 0a74 636F756E 		.ascii	"countInput\000"
 1579      74496E70 
 1579      757400
 1580              	.LASF105:
 1581 0a7f 43595F42 		.ascii	"CY_BLE_ERROR_SEC_FAILED\000"
 1581      4C455F45 
 1581      52524F52 
 1581      5F534543 
 1581      5F464149 
 1582              	.LASF37:
 1583 0a97 73746F70 		.ascii	"stopInputMode\000"
 1583      496E7075 
 1583      744D6F64 
 1583      6500
 1584              	.LASF79:
 1585 0aa5 74784275 		.ascii	"txBufIdx\000"
 1585      66496478 
 1585      00
 1586              	.LASF119:
 1587 0aae 43595F42 		.ascii	"CY_BLE_ERROR_CHAR_IS_NOT_DISCOVERED\000"
 1587      4C455F45 
 1587      52524F52 
 1587      5F434841 
 1587      525F4953 
 1588              		.ident	"GCC: (GNU Tools for ARM Embedded Processors) 5.4.1 20160609 (release) [ARM/embedded-5-bran
