ARM GAS  C:\Users\User\AppData\Local\Temp\cc9rloai.s 			page 1


   1              		.syntax unified
   2              		.cpu cortex-m0plus
   3              		.fpu softvfp
   4              		.eabi_attribute 20, 1
   5              		.eabi_attribute 21, 1
   6              		.eabi_attribute 23, 3
   7              		.eabi_attribute 24, 1
   8              		.eabi_attribute 25, 1
   9              		.eabi_attribute 26, 1
  10              		.eabi_attribute 30, 1
  11              		.eabi_attribute 34, 0
  12              		.eabi_attribute 18, 4
  13              		.thumb
  14              		.syntax unified
  15              		.file	"CapSense_Tuner.c"
  16              		.text
  17              	.Ltext0:
  18              		.cfi_sections	.debug_frame
  19              		.section	.text.CapSense_TuInitialize,"ax",%progbits
  20              		.align	2
  21              		.global	CapSense_TuInitialize
  22              		.code	16
  23              		.thumb_func
  24              		.type	CapSense_TuInitialize, %function
  25              	CapSense_TuInitialize:
  26              	.LFB69:
  27              		.file 1 "Generated_Source\\PSoC6\\CapSense_Tuner.c"
   1:Generated_Source\PSoC6/CapSense_Tuner.c **** /***************************************************************************//**
   2:Generated_Source\PSoC6/CapSense_Tuner.c **** * \file CapSense_Tuner.c
   3:Generated_Source\PSoC6/CapSense_Tuner.c **** * \version 2.0
   4:Generated_Source\PSoC6/CapSense_Tuner.c **** *
   5:Generated_Source\PSoC6/CapSense_Tuner.c **** * \brief
   6:Generated_Source\PSoC6/CapSense_Tuner.c **** *   This file provides the source code for the Tuner module API of the 
   7:Generated_Source\PSoC6/CapSense_Tuner.c **** *   Component.
   8:Generated_Source\PSoC6/CapSense_Tuner.c **** *
   9:Generated_Source\PSoC6/CapSense_Tuner.c **** * \see CapSense v2.0 Datasheet
  10:Generated_Source\PSoC6/CapSense_Tuner.c **** *
  11:Generated_Source\PSoC6/CapSense_Tuner.c **** *//*****************************************************************************
  12:Generated_Source\PSoC6/CapSense_Tuner.c **** * Copyright (2016-2017), Cypress Semiconductor Corporation.
  13:Generated_Source\PSoC6/CapSense_Tuner.c **** ********************************************************************************
  14:Generated_Source\PSoC6/CapSense_Tuner.c **** * This software is owned by Cypress Semiconductor Corporation (Cypress) and is
  15:Generated_Source\PSoC6/CapSense_Tuner.c **** * protected by and subject to worldwide patent protection (United States and
  16:Generated_Source\PSoC6/CapSense_Tuner.c **** * foreign), United States copyright laws and international treaty provisions.
  17:Generated_Source\PSoC6/CapSense_Tuner.c **** * Cypress hereby grants to licensee a personal, non-exclusive, non-transferable
  18:Generated_Source\PSoC6/CapSense_Tuner.c **** * license to copy, use, modify, create derivative works of, and compile the
  19:Generated_Source\PSoC6/CapSense_Tuner.c **** * Cypress Source Code and derivative works for the sole purpose of creating
  20:Generated_Source\PSoC6/CapSense_Tuner.c **** * custom software in support of licensee product to be used only in conjunction
  21:Generated_Source\PSoC6/CapSense_Tuner.c **** * with a Cypress integrated circuit as specified in the applicable agreement.
  22:Generated_Source\PSoC6/CapSense_Tuner.c **** * Any reproduction, modification, translation, compilation, or representation of
  23:Generated_Source\PSoC6/CapSense_Tuner.c **** * this software except as specified above is prohibited without the express
  24:Generated_Source\PSoC6/CapSense_Tuner.c **** * written permission of Cypress.
  25:Generated_Source\PSoC6/CapSense_Tuner.c **** *
  26:Generated_Source\PSoC6/CapSense_Tuner.c **** * Disclaimer: CYPRESS MAKES NO WARRANTY OF ANY KIND, EXPRESS OR IMPLIED, WITH
  27:Generated_Source\PSoC6/CapSense_Tuner.c **** * REGARD TO THIS MATERIAL, INCLUDING, BUT NOT LIMITED TO, THE IMPLIED
  28:Generated_Source\PSoC6/CapSense_Tuner.c **** * WARRANTIES OF MERCHANTABILITY AND FITNESS FOR A PARTICULAR PURPOSE.
  29:Generated_Source\PSoC6/CapSense_Tuner.c **** * Cypress reserves the right to make changes without further notice to the
  30:Generated_Source\PSoC6/CapSense_Tuner.c **** * materials described herein. Cypress does not assume any liability arising out
ARM GAS  C:\Users\User\AppData\Local\Temp\cc9rloai.s 			page 2


  31:Generated_Source\PSoC6/CapSense_Tuner.c **** * of the application or use of any product or circuit described herein. Cypress
  32:Generated_Source\PSoC6/CapSense_Tuner.c **** * does not authorize its products for use as critical components in life-support
  33:Generated_Source\PSoC6/CapSense_Tuner.c **** * systems where a malfunction or failure may reasonably be expected to result in
  34:Generated_Source\PSoC6/CapSense_Tuner.c **** * significant injury to the user. The inclusion of Cypress' product in a life-
  35:Generated_Source\PSoC6/CapSense_Tuner.c **** * support systems application implies that the manufacturer assumes all risk of
  36:Generated_Source\PSoC6/CapSense_Tuner.c **** * such use and in doing so indemnifies Cypress against all charges. Use may be
  37:Generated_Source\PSoC6/CapSense_Tuner.c **** * limited by and subject to the applicable Cypress software license agreement.
  38:Generated_Source\PSoC6/CapSense_Tuner.c **** *******************************************************************************/
  39:Generated_Source\PSoC6/CapSense_Tuner.c **** 
  40:Generated_Source\PSoC6/CapSense_Tuner.c **** #include "syslib/cy_syslib.h"
  41:Generated_Source\PSoC6/CapSense_Tuner.c **** #include "CapSense_Structure.h"
  42:Generated_Source\PSoC6/CapSense_Tuner.c **** #include "CapSense_Tuner.h"
  43:Generated_Source\PSoC6/CapSense_Tuner.c **** #include "CapSense_Control.h"
  44:Generated_Source\PSoC6/CapSense_Tuner.c **** #include "CapSense_Configuration.h"
  45:Generated_Source\PSoC6/CapSense_Tuner.c **** 
  46:Generated_Source\PSoC6/CapSense_Tuner.c **** /* Tuner states definition */
  47:Generated_Source\PSoC6/CapSense_Tuner.c **** #define TU_FSM_RUNNING      (0u)
  48:Generated_Source\PSoC6/CapSense_Tuner.c **** #define TU_FSM_SUSPENDED    (1u)
  49:Generated_Source\PSoC6/CapSense_Tuner.c **** #define TU_FSM_SNR_TEST     (2u)
  50:Generated_Source\PSoC6/CapSense_Tuner.c **** #define TU_FSM_ONE_SCAN     (3u)
  51:Generated_Source\PSoC6/CapSense_Tuner.c **** 
  52:Generated_Source\PSoC6/CapSense_Tuner.c **** /* Tuner state variable */
  53:Generated_Source\PSoC6/CapSense_Tuner.c **** static uint32 tunerFsm = TU_FSM_RUNNING;
  54:Generated_Source\PSoC6/CapSense_Tuner.c **** 
  55:Generated_Source\PSoC6/CapSense_Tuner.c **** 
  56:Generated_Source\PSoC6/CapSense_Tuner.c **** /*******************************************************************************
  57:Generated_Source\PSoC6/CapSense_Tuner.c **** * Function Name: CapSense_TuInitialize
  58:Generated_Source\PSoC6/CapSense_Tuner.c **** ****************************************************************************//**
  59:Generated_Source\PSoC6/CapSense_Tuner.c **** *
  60:Generated_Source\PSoC6/CapSense_Tuner.c **** * \brief
  61:Generated_Source\PSoC6/CapSense_Tuner.c **** *   This function initializes the communication interface with the Tuner GUI.
  62:Generated_Source\PSoC6/CapSense_Tuner.c **** *
  63:Generated_Source\PSoC6/CapSense_Tuner.c **** * \details
  64:Generated_Source\PSoC6/CapSense_Tuner.c **** *   This API sets the tuner state machine to the default state. It is called by
  65:Generated_Source\PSoC6/CapSense_Tuner.c **** *   the CapSense_Start() API.
  66:Generated_Source\PSoC6/CapSense_Tuner.c **** *
  67:Generated_Source\PSoC6/CapSense_Tuner.c **** *******************************************************************************/
  68:Generated_Source\PSoC6/CapSense_Tuner.c **** void CapSense_TuInitialize(void)
  69:Generated_Source\PSoC6/CapSense_Tuner.c **** {
  28              		.loc 1 69 0
  29              		.cfi_startproc
  30              		@ args = 0, pretend = 0, frame = 0
  31              		@ frame_needed = 0, uses_anonymous_args = 0
  32              		@ link register save eliminated.
  33              	.LVL0:
  70:Generated_Source\PSoC6/CapSense_Tuner.c ****     volatile CapSense_RAM_STRUCT *ptrDsRam = &CapSense_dsRam;
  71:Generated_Source\PSoC6/CapSense_Tuner.c **** 
  72:Generated_Source\PSoC6/CapSense_Tuner.c ****     ptrDsRam->tunerCmd = (uint16)CapSense_TU_CMD_NONE_E;
  34              		.loc 1 72 0
  35 0000 0023     		movs	r3, #0
  36 0002 024A     		ldr	r2, .L2
  37 0004 D380     		strh	r3, [r2, #6]
  73:Generated_Source\PSoC6/CapSense_Tuner.c ****     tunerFsm = TU_FSM_RUNNING;
  38              		.loc 1 73 0
  39 0006 024A     		ldr	r2, .L2+4
  40 0008 1360     		str	r3, [r2]
  74:Generated_Source\PSoC6/CapSense_Tuner.c **** }
ARM GAS  C:\Users\User\AppData\Local\Temp\cc9rloai.s 			page 3


  41              		.loc 1 74 0
  42              		@ sp needed
  43 000a 7047     		bx	lr
  44              	.L3:
  45              		.align	2
  46              	.L2:
  47 000c 00000000 		.word	CapSense_dsRam
  48 0010 00000000 		.word	.LANCHOR0
  49              		.cfi_endproc
  50              	.LFE69:
  51              		.size	CapSense_TuInitialize, .-CapSense_TuInitialize
  52              		.section	.text.CapSense_RunTuner,"ax",%progbits
  53              		.align	2
  54              		.global	CapSense_RunTuner
  55              		.code	16
  56              		.thumb_func
  57              		.type	CapSense_RunTuner, %function
  58              	CapSense_RunTuner:
  59              	.LFB70:
  75:Generated_Source\PSoC6/CapSense_Tuner.c **** 
  76:Generated_Source\PSoC6/CapSense_Tuner.c **** /*******************************************************************************
  77:Generated_Source\PSoC6/CapSense_Tuner.c **** * Function Name: CapSense_RunTuner
  78:Generated_Source\PSoC6/CapSense_Tuner.c **** ****************************************************************************//**
  79:Generated_Source\PSoC6/CapSense_Tuner.c **** *
  80:Generated_Source\PSoC6/CapSense_Tuner.c **** * \brief
  81:Generated_Source\PSoC6/CapSense_Tuner.c **** *  Establishes synchronized communication with the Tuner application.
  82:Generated_Source\PSoC6/CapSense_Tuner.c **** *
  83:Generated_Source\PSoC6/CapSense_Tuner.c **** * \details
  84:Generated_Source\PSoC6/CapSense_Tuner.c **** *  This function is used to establish synchronized communication between the
  85:Generated_Source\PSoC6/CapSense_Tuner.c **** *  CapSense Component and Tuner application (or other host controllers).
  86:Generated_Source\PSoC6/CapSense_Tuner.c **** *  This function is called periodically in the application program loop
  87:Generated_Source\PSoC6/CapSense_Tuner.c **** *  to serve the Tuner application (or host controller) requests and commands.
  88:Generated_Source\PSoC6/CapSense_Tuner.c **** *  In most cases, the best place to call this function is after processing and
  89:Generated_Source\PSoC6/CapSense_Tuner.c **** *  before next scanning.
  90:Generated_Source\PSoC6/CapSense_Tuner.c **** *
  91:Generated_Source\PSoC6/CapSense_Tuner.c **** *  If this function is absent in the application program, then communication is
  92:Generated_Source\PSoC6/CapSense_Tuner.c **** *  asynchronous and the following disadvantages are applicable:
  93:Generated_Source\PSoC6/CapSense_Tuner.c **** *    - The raw counts displayed in the tuner may be filtered and/or unfiltered.
  94:Generated_Source\PSoC6/CapSense_Tuner.c **** *      As a result, noise and SNR measurements will not be accurate.
  95:Generated_Source\PSoC6/CapSense_Tuner.c **** *    - The Tuner tool may read the sensor data such as raw counts from a scan
  96:Generated_Source\PSoC6/CapSense_Tuner.c **** *      multiple times, as a result, noise and SNR measurement will not be
  97:Generated_Source\PSoC6/CapSense_Tuner.c **** *      accurate.
  98:Generated_Source\PSoC6/CapSense_Tuner.c **** *    - The Tuner tool and host controller should not change the Component parameters
  99:Generated_Source\PSoC6/CapSense_Tuner.c **** *      via the tuner interface. Changing the Component parameters via the tuner
 100:Generated_Source\PSoC6/CapSense_Tuner.c **** *      interface in the async mode will result in Component abnormal behavior.
 101:Generated_Source\PSoC6/CapSense_Tuner.c **** *
 102:Generated_Source\PSoC6/CapSense_Tuner.c **** *  Note that calling this function is not mandatory for the application, but
 103:Generated_Source\PSoC6/CapSense_Tuner.c **** *  required only to synchronize the communication with the host controller or
 104:Generated_Source\PSoC6/CapSense_Tuner.c **** *  tuner application.
 105:Generated_Source\PSoC6/CapSense_Tuner.c **** *
 106:Generated_Source\PSoC6/CapSense_Tuner.c **** * \return
 107:Generated_Source\PSoC6/CapSense_Tuner.c **** *  In some cases, the application program may need to know if the Component was
 108:Generated_Source\PSoC6/CapSense_Tuner.c **** *  re-initialized. The return indicates if a restart command was executed or not:
 109:Generated_Source\PSoC6/CapSense_Tuner.c **** *    - CapSense_STATUS_RESTART_DONE - Based on a received command, the
 110:Generated_Source\PSoC6/CapSense_Tuner.c **** *      Component was restarted.
 111:Generated_Source\PSoC6/CapSense_Tuner.c **** *    -  CapSense_STATUS_RESTART_NONE - No restart was executed by this
 112:Generated_Source\PSoC6/CapSense_Tuner.c **** *      function.
ARM GAS  C:\Users\User\AppData\Local\Temp\cc9rloai.s 			page 4


 113:Generated_Source\PSoC6/CapSense_Tuner.c **** *
 114:Generated_Source\PSoC6/CapSense_Tuner.c **** *******************************************************************************/
 115:Generated_Source\PSoC6/CapSense_Tuner.c **** uint32 CapSense_RunTuner(void)
 116:Generated_Source\PSoC6/CapSense_Tuner.c **** {
  60              		.loc 1 116 0
  61              		.cfi_startproc
  62              		@ args = 0, pretend = 0, frame = 0
  63              		@ frame_needed = 0, uses_anonymous_args = 0
  64 0000 70B5     		push	{r4, r5, r6, lr}
  65              		.cfi_def_cfa_offset 16
  66              		.cfi_offset 4, -16
  67              		.cfi_offset 5, -12
  68              		.cfi_offset 6, -8
  69              		.cfi_offset 14, -4
  70              	.LVL1:
 117:Generated_Source\PSoC6/CapSense_Tuner.c ****     uint32 interruptState;
 118:Generated_Source\PSoC6/CapSense_Tuner.c ****     uint32 widgetId;
 119:Generated_Source\PSoC6/CapSense_Tuner.c ****     uint32 sensorId;
 120:Generated_Source\PSoC6/CapSense_Tuner.c ****     uint32 updateFlag = 0Lu;
 121:Generated_Source\PSoC6/CapSense_Tuner.c ****     CapSense_TU_CMD_ENUM command;
 122:Generated_Source\PSoC6/CapSense_Tuner.c ****     uint32 tunerStatus = CapSense_STATUS_RESTART_NONE;
  71              		.loc 1 122 0
  72 0002 0025     		movs	r5, #0
 120:Generated_Source\PSoC6/CapSense_Tuner.c ****     CapSense_TU_CMD_ENUM command;
  73              		.loc 1 120 0
  74 0004 0026     		movs	r6, #0
  75              	.LVL2:
  76              	.L16:
 123:Generated_Source\PSoC6/CapSense_Tuner.c **** 
 124:Generated_Source\PSoC6/CapSense_Tuner.c ****     volatile CapSense_RAM_STRUCT *ptrDsRam;
 125:Generated_Source\PSoC6/CapSense_Tuner.c ****     volatile CapSense_RAM_SNS_STRUCT *ptrSnsTmp;
 126:Generated_Source\PSoC6/CapSense_Tuner.c **** 
 127:Generated_Source\PSoC6/CapSense_Tuner.c ****     ptrDsRam = &CapSense_dsRam;
 128:Generated_Source\PSoC6/CapSense_Tuner.c **** 
 129:Generated_Source\PSoC6/CapSense_Tuner.c ****     do
 130:Generated_Source\PSoC6/CapSense_Tuner.c ****     {
 131:Generated_Source\PSoC6/CapSense_Tuner.c ****         /* ONE_SCAN command could be interpreted as two commands:
 132:Generated_Source\PSoC6/CapSense_Tuner.c ****         * RESUME till next call of this function and then
 133:Generated_Source\PSoC6/CapSense_Tuner.c ****         * SUSPEND till next command receiving.
 134:Generated_Source\PSoC6/CapSense_Tuner.c ****         */
 135:Generated_Source\PSoC6/CapSense_Tuner.c ****         if (TU_FSM_ONE_SCAN == tunerFsm)
  77              		.loc 1 135 0
  78 0006 414B     		ldr	r3, .L18
  79 0008 1B68     		ldr	r3, [r3]
  80 000a 032B     		cmp	r3, #3
  81 000c 06D1     		bne	.L5
 136:Generated_Source\PSoC6/CapSense_Tuner.c ****         {
 137:Generated_Source\PSoC6/CapSense_Tuner.c ****             interruptState = Cy_SysLib_EnterCriticalSection();
  82              		.loc 1 137 0
  83 000e FFF7FEFF 		bl	Cy_SysLib_EnterCriticalSection
  84              	.LVL3:
 138:Generated_Source\PSoC6/CapSense_Tuner.c ****             ptrDsRam->tunerCmd = (uint16)CapSense_TU_CMD_SUSPEND_E;
  85              		.loc 1 138 0
  86 0012 0122     		movs	r2, #1
  87 0014 3E4B     		ldr	r3, .L18+4
  88 0016 DA80     		strh	r2, [r3, #6]
 139:Generated_Source\PSoC6/CapSense_Tuner.c ****             Cy_SysLib_ExitCriticalSection(interruptState);
ARM GAS  C:\Users\User\AppData\Local\Temp\cc9rloai.s 			page 5


  89              		.loc 1 139 0
  90 0018 FFF7FEFF 		bl	Cy_SysLib_ExitCriticalSection
  91              	.LVL4:
  92              	.L5:
 140:Generated_Source\PSoC6/CapSense_Tuner.c ****         }
 141:Generated_Source\PSoC6/CapSense_Tuner.c ****         command = (CapSense_TU_CMD_ENUM)ptrDsRam->tunerCmd;
  93              		.loc 1 141 0
  94 001c 3C4B     		ldr	r3, .L18+4
  95 001e DC88     		ldrh	r4, [r3, #6]
  96 0020 E4B2     		uxtb	r4, r4
  97              	.LVL5:
 142:Generated_Source\PSoC6/CapSense_Tuner.c **** 
 143:Generated_Source\PSoC6/CapSense_Tuner.c ****         /* Check command register */
 144:Generated_Source\PSoC6/CapSense_Tuner.c ****         switch (command)
  98              		.loc 1 144 0
  99 0022 062C     		cmp	r4, #6
 100 0024 23D8     		bhi	.L6
 101 0026 A300     		lsls	r3, r4, #2
 102 0028 3A4A     		ldr	r2, .L18+8
 103 002a D358     		ldr	r3, [r2, r3]
 104 002c 9F46     		mov	pc, r3
 105              		.section	.rodata
 106              		.align	2
 107              	.L8:
 108 0000 6E000000 		.word	.L6
 109 0004 2E000000 		.word	.L7
 110 0008 38000000 		.word	.L9
 111 000c 42000000 		.word	.L10
 112 0010 52000000 		.word	.L11
 113 0014 5C000000 		.word	.L12
 114 0018 66000000 		.word	.L13
 115              		.section	.text.CapSense_RunTuner
 116              	.L7:
 145:Generated_Source\PSoC6/CapSense_Tuner.c ****         {
 146:Generated_Source\PSoC6/CapSense_Tuner.c ****         case CapSense_TU_CMD_SUSPEND_E:
 147:Generated_Source\PSoC6/CapSense_Tuner.c ****             tunerFsm = TU_FSM_SUSPENDED;
 117              		.loc 1 147 0
 118 002e 0122     		movs	r2, #1
 119 0030 364B     		ldr	r3, .L18
 120 0032 1A60     		str	r2, [r3]
 121              	.LVL6:
 148:Generated_Source\PSoC6/CapSense_Tuner.c ****             updateFlag = 1Lu;
 122              		.loc 1 148 0
 123 0034 0126     		movs	r6, #1
 149:Generated_Source\PSoC6/CapSense_Tuner.c ****             break;
 124              		.loc 1 149 0
 125 0036 1AE0     		b	.L6
 126              	.LVL7:
 127              	.L9:
 150:Generated_Source\PSoC6/CapSense_Tuner.c **** 
 151:Generated_Source\PSoC6/CapSense_Tuner.c ****         case CapSense_TU_CMD_RESUME_E:
 152:Generated_Source\PSoC6/CapSense_Tuner.c ****             tunerFsm = TU_FSM_RUNNING;
 128              		.loc 1 152 0
 129 0038 0022     		movs	r2, #0
 130 003a 344B     		ldr	r3, .L18
 131 003c 1A60     		str	r2, [r3]
 132              	.LVL8:
ARM GAS  C:\Users\User\AppData\Local\Temp\cc9rloai.s 			page 6


 153:Generated_Source\PSoC6/CapSense_Tuner.c ****             updateFlag = 1Lu;
 133              		.loc 1 153 0
 134 003e 0126     		movs	r6, #1
 154:Generated_Source\PSoC6/CapSense_Tuner.c ****             break;
 135              		.loc 1 154 0
 136 0040 15E0     		b	.L6
 137              	.LVL9:
 138              	.L10:
 155:Generated_Source\PSoC6/CapSense_Tuner.c **** 
 156:Generated_Source\PSoC6/CapSense_Tuner.c ****         case CapSense_TU_CMD_RESTART_E:
 157:Generated_Source\PSoC6/CapSense_Tuner.c ****             (void)CapSense_Start();
 139              		.loc 1 157 0
 140 0042 FFF7FEFF 		bl	CapSense_Start
 141              	.LVL10:
 158:Generated_Source\PSoC6/CapSense_Tuner.c ****             tunerStatus = CapSense_STATUS_RESTART_DONE;
 159:Generated_Source\PSoC6/CapSense_Tuner.c ****             tunerFsm = TU_FSM_RUNNING;
 142              		.loc 1 159 0
 143 0046 0022     		movs	r2, #0
 144 0048 304B     		ldr	r3, .L18
 145 004a 1A60     		str	r2, [r3]
 146              	.LVL11:
 158:Generated_Source\PSoC6/CapSense_Tuner.c ****             tunerStatus = CapSense_STATUS_RESTART_DONE;
 147              		.loc 1 158 0
 148 004c 0125     		movs	r5, #1
 160:Generated_Source\PSoC6/CapSense_Tuner.c ****             updateFlag = 1Lu;
 149              		.loc 1 160 0
 150 004e 0126     		movs	r6, #1
 161:Generated_Source\PSoC6/CapSense_Tuner.c ****             break;
 151              		.loc 1 161 0
 152 0050 0DE0     		b	.L6
 153              	.LVL12:
 154              	.L11:
 162:Generated_Source\PSoC6/CapSense_Tuner.c **** 
 163:Generated_Source\PSoC6/CapSense_Tuner.c ****         case CapSense_TU_CMD_RUN_SNR_TEST_E:
 164:Generated_Source\PSoC6/CapSense_Tuner.c ****             tunerFsm = TU_FSM_SNR_TEST;
 155              		.loc 1 164 0
 156 0052 0222     		movs	r2, #2
 157 0054 2D4B     		ldr	r3, .L18
 158 0056 1A60     		str	r2, [r3]
 159              	.LVL13:
 165:Generated_Source\PSoC6/CapSense_Tuner.c ****             updateFlag = 1Lu;
 160              		.loc 1 165 0
 161 0058 0126     		movs	r6, #1
 166:Generated_Source\PSoC6/CapSense_Tuner.c ****             break;
 162              		.loc 1 166 0
 163 005a 08E0     		b	.L6
 164              	.LVL14:
 165              	.L12:
 167:Generated_Source\PSoC6/CapSense_Tuner.c **** 
 168:Generated_Source\PSoC6/CapSense_Tuner.c ****         case CapSense_TU_CMD_PING_E:
 169:Generated_Source\PSoC6/CapSense_Tuner.c ****             tunerFsm = TU_FSM_RUNNING;
 166              		.loc 1 169 0
 167 005c 0022     		movs	r2, #0
 168 005e 2B4B     		ldr	r3, .L18
 169 0060 1A60     		str	r2, [r3]
 170              	.LVL15:
 170:Generated_Source\PSoC6/CapSense_Tuner.c ****             updateFlag = 1Lu;
ARM GAS  C:\Users\User\AppData\Local\Temp\cc9rloai.s 			page 7


 171              		.loc 1 170 0
 172 0062 0126     		movs	r6, #1
 171:Generated_Source\PSoC6/CapSense_Tuner.c ****             break;
 173              		.loc 1 171 0
 174 0064 03E0     		b	.L6
 175              	.LVL16:
 176              	.L13:
 172:Generated_Source\PSoC6/CapSense_Tuner.c **** 
 173:Generated_Source\PSoC6/CapSense_Tuner.c ****         case CapSense_TU_CMD_ONE_SCAN_E:
 174:Generated_Source\PSoC6/CapSense_Tuner.c ****             tunerFsm = TU_FSM_ONE_SCAN;
 177              		.loc 1 174 0
 178 0066 0322     		movs	r2, #3
 179 0068 284B     		ldr	r3, .L18
 180 006a 1A60     		str	r2, [r3]
 181              	.LVL17:
 175:Generated_Source\PSoC6/CapSense_Tuner.c ****             updateFlag = 0Lu;
 182              		.loc 1 175 0
 183 006c 0026     		movs	r6, #0
 184              	.LVL18:
 185              	.L6:
 176:Generated_Source\PSoC6/CapSense_Tuner.c ****             break;
 177:Generated_Source\PSoC6/CapSense_Tuner.c **** 
 178:Generated_Source\PSoC6/CapSense_Tuner.c ****         default:
 179:Generated_Source\PSoC6/CapSense_Tuner.c ****             break;
 180:Generated_Source\PSoC6/CapSense_Tuner.c ****         }
 181:Generated_Source\PSoC6/CapSense_Tuner.c **** 
 182:Generated_Source\PSoC6/CapSense_Tuner.c ****         /* Set Complete flag in command register if needed */
 183:Generated_Source\PSoC6/CapSense_Tuner.c ****         if (0Lu != updateFlag)
 186              		.loc 1 183 0
 187 006e 002E     		cmp	r6, #0
 188 0070 0FD0     		beq	.L14
 184:Generated_Source\PSoC6/CapSense_Tuner.c ****         {
 185:Generated_Source\PSoC6/CapSense_Tuner.c ****             interruptState = Cy_SysLib_EnterCriticalSection();
 189              		.loc 1 185 0
 190 0072 FFF7FEFF 		bl	Cy_SysLib_EnterCriticalSection
 191              	.LVL19:
 186:Generated_Source\PSoC6/CapSense_Tuner.c **** 
 187:Generated_Source\PSoC6/CapSense_Tuner.c ****             /* Check if command wasn't overwritten with new command */
 188:Generated_Source\PSoC6/CapSense_Tuner.c ****             if (command == (CapSense_TU_CMD_ENUM)ptrDsRam->tunerCmd)
 192              		.loc 1 188 0
 193 0076 264B     		ldr	r3, .L18+4
 194 0078 DB88     		ldrh	r3, [r3, #6]
 195 007a DBB2     		uxtb	r3, r3
 196 007c 9C42     		cmp	r4, r3
 197 007e 05D1     		bne	.L15
 189:Generated_Source\PSoC6/CapSense_Tuner.c ****             {
 190:Generated_Source\PSoC6/CapSense_Tuner.c ****                 ptrDsRam->tunerCmd |= CapSense_TU_CMD_COMPLETE_BIT;
 198              		.loc 1 190 0
 199 0080 234A     		ldr	r2, .L18+4
 200 0082 D188     		ldrh	r1, [r2, #6]
 201 0084 244B     		ldr	r3, .L18+12
 202 0086 0B43     		orrs	r3, r1
 203 0088 9BB2     		uxth	r3, r3
 204 008a D380     		strh	r3, [r2, #6]
 205              	.L15:
 191:Generated_Source\PSoC6/CapSense_Tuner.c ****             }
 192:Generated_Source\PSoC6/CapSense_Tuner.c ****             Cy_SysLib_ExitCriticalSection(interruptState);
ARM GAS  C:\Users\User\AppData\Local\Temp\cc9rloai.s 			page 8


 206              		.loc 1 192 0
 207 008c FFF7FEFF 		bl	Cy_SysLib_ExitCriticalSection
 208              	.LVL20:
 193:Generated_Source\PSoC6/CapSense_Tuner.c **** 
 194:Generated_Source\PSoC6/CapSense_Tuner.c ****             updateFlag = 0Lu;
 209              		.loc 1 194 0
 210 0090 0026     		movs	r6, #0
 211              	.LVL21:
 212              	.L14:
 195:Generated_Source\PSoC6/CapSense_Tuner.c ****         }
 196:Generated_Source\PSoC6/CapSense_Tuner.c ****     } while (TU_FSM_SUSPENDED == tunerFsm);
 213              		.loc 1 196 0
 214 0092 1E4B     		ldr	r3, .L18
 215 0094 1B68     		ldr	r3, [r3]
 216 0096 012B     		cmp	r3, #1
 217 0098 B5D0     		beq	.L16
 197:Generated_Source\PSoC6/CapSense_Tuner.c **** 
 198:Generated_Source\PSoC6/CapSense_Tuner.c ****     /* Check for SNR Test mode and do appropriate actions */
 199:Generated_Source\PSoC6/CapSense_Tuner.c ****     if (TU_FSM_SNR_TEST == tunerFsm)
 218              		.loc 1 199 0
 219 009a 022B     		cmp	r3, #2
 220 009c 33D1     		bne	.L17
 200:Generated_Source\PSoC6/CapSense_Tuner.c ****     {
 201:Generated_Source\PSoC6/CapSense_Tuner.c ****         widgetId = ptrDsRam->snrTestWidgetId;
 221              		.loc 1 201 0
 222 009e 1C4A     		ldr	r2, .L18+4
 223 00a0 1533     		adds	r3, r3, #21
 224 00a2 FF33     		adds	r3, r3, #255
 225 00a4 D35C     		ldrb	r3, [r2, r3]
 226 00a6 DBB2     		uxtb	r3, r3
 227              	.LVL22:
 202:Generated_Source\PSoC6/CapSense_Tuner.c ****         sensorId = ptrDsRam->snrTestSensorId;
 228              		.loc 1 202 0
 229 00a8 1821     		movs	r1, #24
 230 00aa FF31     		adds	r1, r1, #255
 231 00ac 525C     		ldrb	r2, [r2, r1]
 232 00ae D2B2     		uxtb	r2, r2
 233              	.LVL23:
 203:Generated_Source\PSoC6/CapSense_Tuner.c **** 
 204:Generated_Source\PSoC6/CapSense_Tuner.c ****         /* Check if widgetId and sensorId are in range,
 205:Generated_Source\PSoC6/CapSense_Tuner.c ****          * and data was updated in RAM (scan counter changed)
 206:Generated_Source\PSoC6/CapSense_Tuner.c ****          */
 207:Generated_Source\PSoC6/CapSense_Tuner.c ****         if ((widgetId < CapSense_TOTAL_WIDGETS)              &&
 234              		.loc 1 207 0
 235 00b0 092B     		cmp	r3, #9
 236 00b2 28D8     		bhi	.L17
 208:Generated_Source\PSoC6/CapSense_Tuner.c ****             (sensorId < CapSense_GET_SENSOR_COUNT(widgetId)) &&
 237              		.loc 1 208 0 discriminator 1
 238 00b4 D800     		lsls	r0, r3, #3
 239 00b6 C01A     		subs	r0, r0, r3
 240 00b8 8100     		lsls	r1, r0, #2
 241 00ba 1848     		ldr	r0, .L18+16
 242 00bc 4118     		adds	r1, r0, r1
 243 00be 098B     		ldrh	r1, [r1, #24]
 207:Generated_Source\PSoC6/CapSense_Tuner.c ****             (sensorId < CapSense_GET_SENSOR_COUNT(widgetId)) &&
 244              		.loc 1 207 0 discriminator 1
 245 00c0 8A42     		cmp	r2, r1
ARM GAS  C:\Users\User\AppData\Local\Temp\cc9rloai.s 			page 9


 246 00c2 20D2     		bcs	.L17
 209:Generated_Source\PSoC6/CapSense_Tuner.c ****             (ptrDsRam->scanCounter != ptrDsRam->snrTestScanCounter))
 247              		.loc 1 209 0
 248 00c4 1249     		ldr	r1, .L18+4
 249 00c6 0889     		ldrh	r0, [r1, #8]
 250 00c8 80B2     		uxth	r0, r0
 251 00ca 8C24     		movs	r4, #140
 252              	.LVL24:
 253 00cc 6400     		lsls	r4, r4, #1
 254 00ce 095B     		ldrh	r1, [r1, r4]
 255 00d0 89B2     		uxth	r1, r1
 208:Generated_Source\PSoC6/CapSense_Tuner.c ****             (sensorId < CapSense_GET_SENSOR_COUNT(widgetId)) &&
 256              		.loc 1 208 0
 257 00d2 8842     		cmp	r0, r1
 258 00d4 17D0     		beq	.L17
 210:Generated_Source\PSoC6/CapSense_Tuner.c ****         {
 211:Generated_Source\PSoC6/CapSense_Tuner.c ****             /* Get access to the Sensor Object */
 212:Generated_Source\PSoC6/CapSense_Tuner.c ****             ptrSnsTmp = CapSense_dsFlash.wdgtArray[widgetId].ptr2SnsRam;
 259              		.loc 1 212 0
 260 00d6 D900     		lsls	r1, r3, #3
 261 00d8 CB1A     		subs	r3, r1, r3
 262              	.LVL25:
 263 00da 9900     		lsls	r1, r3, #2
 264 00dc 0F4B     		ldr	r3, .L18+16
 265 00de 5918     		adds	r1, r3, r1
 266 00e0 8C68     		ldr	r4, [r1, #8]
 267              	.LVL26:
 213:Generated_Source\PSoC6/CapSense_Tuner.c ****             ptrSnsTmp += sensorId;
 268              		.loc 1 213 0
 269 00e2 9300     		lsls	r3, r2, #2
 270 00e4 9A18     		adds	r2, r3, r2
 271              	.LVL27:
 272 00e6 5300     		lsls	r3, r2, #1
 273 00e8 E418     		adds	r4, r4, r3
 274              	.LVL28:
 214:Generated_Source\PSoC6/CapSense_Tuner.c **** 
 215:Generated_Source\PSoC6/CapSense_Tuner.c ****             /* Update data in SNR Test Object */
 216:Generated_Source\PSoC6/CapSense_Tuner.c ****             interruptState = Cy_SysLib_EnterCriticalSection();
 275              		.loc 1 216 0
 276 00ea FFF7FEFF 		bl	Cy_SysLib_EnterCriticalSection
 277              	.LVL29:
 217:Generated_Source\PSoC6/CapSense_Tuner.c ****             ptrDsRam->snrTestScanCounter = ptrDsRam->scanCounter;
 278              		.loc 1 217 0
 279 00ee 084B     		ldr	r3, .L18+4
 280 00f0 1A89     		ldrh	r2, [r3, #8]
 281 00f2 92B2     		uxth	r2, r2
 282 00f4 8C21     		movs	r1, #140
 283 00f6 4900     		lsls	r1, r1, #1
 284 00f8 5A52     		strh	r2, [r3, r1]
 218:Generated_Source\PSoC6/CapSense_Tuner.c ****             ptrDsRam->snrTestRawCount[0u] = ptrSnsTmp->raw[0u];
 285              		.loc 1 218 0
 286 00fa 2288     		ldrh	r2, [r4]
 287 00fc 92B2     		uxth	r2, r2
 288 00fe 0231     		adds	r1, r1, #2
 289 0100 5A52     		strh	r2, [r3, r1]
 219:Generated_Source\PSoC6/CapSense_Tuner.c **** 
 220:Generated_Source\PSoC6/CapSense_Tuner.c ****             #if (0u != CapSense_MULTI_FREQ_SCAN_EN)
ARM GAS  C:\Users\User\AppData\Local\Temp\cc9rloai.s 			page 10


 221:Generated_Source\PSoC6/CapSense_Tuner.c ****                 ptrDsRam->snrTestRawCount[1u] = ptrSnsTmp->raw[1u];
 222:Generated_Source\PSoC6/CapSense_Tuner.c ****                 ptrDsRam->snrTestRawCount[2u] = ptrSnsTmp->raw[2u];
 223:Generated_Source\PSoC6/CapSense_Tuner.c ****             #endif
 224:Generated_Source\PSoC6/CapSense_Tuner.c **** 
 225:Generated_Source\PSoC6/CapSense_Tuner.c ****             Cy_SysLib_ExitCriticalSection(interruptState);
 290              		.loc 1 225 0
 291 0102 FFF7FEFF 		bl	Cy_SysLib_ExitCriticalSection
 292              	.LVL30:
 293              	.L17:
 226:Generated_Source\PSoC6/CapSense_Tuner.c ****         }
 227:Generated_Source\PSoC6/CapSense_Tuner.c ****     }
 228:Generated_Source\PSoC6/CapSense_Tuner.c ****     return tunerStatus;
 229:Generated_Source\PSoC6/CapSense_Tuner.c **** }
 294              		.loc 1 229 0
 295 0106 2800     		movs	r0, r5
 296              		@ sp needed
 297              	.LVL31:
 298              	.LVL32:
 299 0108 70BD     		pop	{r4, r5, r6, pc}
 300              	.L19:
 301 010a C046     		.align	2
 302              	.L18:
 303 010c 00000000 		.word	.LANCHOR0
 304 0110 00000000 		.word	CapSense_dsRam
 305 0114 00000000 		.word	.L8
 306 0118 0080FFFF 		.word	-32768
 307 011c 00000000 		.word	CapSense_dsFlash
 308              		.cfi_endproc
 309              	.LFE70:
 310              		.size	CapSense_RunTuner, .-CapSense_RunTuner
 311              		.bss
 312              		.align	2
 313              		.set	.LANCHOR0,. + 0
 314              		.type	tunerFsm, %object
 315              		.size	tunerFsm, 4
 316              	tunerFsm:
 317 0000 00000000 		.space	4
 318              		.text
 319              	.Letext0:
 320              		.file 2 "d:\\cypress creator\\psoc creator\\4.2\\psoc creator\\import\\gnu\\arm\\5.4.1\\arm-none-e
 321              		.file 3 "d:\\cypress creator\\psoc creator\\4.2\\psoc creator\\import\\gnu\\arm\\5.4.1\\arm-none-e
 322              		.file 4 "Generated_Source\\PSoC6\\pdl\\drivers/peripheral/syslib/cy_syslib.h"
 323              		.file 5 "Generated_Source\\PSoC6\\CapSense_Configuration.h"
 324              		.file 6 "Generated_Source\\PSoC6\\CapSense_Structure.h"
 325              		.file 7 "Generated_Source\\PSoC6\\CapSense_Tuner.h"
 326              		.file 8 "Generated_Source\\PSoC6\\CapSense_Control.h"
 327              		.section	.debug_info,"",%progbits
 328              	.Ldebug_info0:
 329 0000 E6060000 		.4byte	0x6e6
 330 0004 0400     		.2byte	0x4
 331 0006 00000000 		.4byte	.Ldebug_abbrev0
 332 000a 04       		.byte	0x4
 333 000b 01       		.uleb128 0x1
 334 000c 3E010000 		.4byte	.LASF105
 335 0010 0C       		.byte	0xc
 336 0011 F7040000 		.4byte	.LASF106
 337 0015 F8050000 		.4byte	.LASF107
ARM GAS  C:\Users\User\AppData\Local\Temp\cc9rloai.s 			page 11


 338 0019 00000000 		.4byte	.Ldebug_ranges0+0
 339 001d 00000000 		.4byte	0
 340 0021 00000000 		.4byte	.Ldebug_line0
 341 0025 02       		.uleb128 0x2
 342 0026 01       		.byte	0x1
 343 0027 06       		.byte	0x6
 344 0028 6F030000 		.4byte	.LASF0
 345 002c 03       		.uleb128 0x3
 346 002d F1020000 		.4byte	.LASF3
 347 0031 02       		.byte	0x2
 348 0032 1D       		.byte	0x1d
 349 0033 37000000 		.4byte	0x37
 350 0037 02       		.uleb128 0x2
 351 0038 01       		.byte	0x1
 352 0039 08       		.byte	0x8
 353 003a 50030000 		.4byte	.LASF1
 354 003e 02       		.uleb128 0x2
 355 003f 02       		.byte	0x2
 356 0040 05       		.byte	0x5
 357 0041 CF000000 		.4byte	.LASF2
 358 0045 03       		.uleb128 0x3
 359 0046 FC010000 		.4byte	.LASF4
 360 004a 02       		.byte	0x2
 361 004b 2B       		.byte	0x2b
 362 004c 50000000 		.4byte	0x50
 363 0050 02       		.uleb128 0x2
 364 0051 02       		.byte	0x2
 365 0052 07       		.byte	0x7
 366 0053 14040000 		.4byte	.LASF5
 367 0057 02       		.uleb128 0x2
 368 0058 04       		.byte	0x4
 369 0059 05       		.byte	0x5
 370 005a B9020000 		.4byte	.LASF6
 371 005e 03       		.uleb128 0x3
 372 005f E4010000 		.4byte	.LASF7
 373 0063 02       		.byte	0x2
 374 0064 41       		.byte	0x41
 375 0065 69000000 		.4byte	0x69
 376 0069 02       		.uleb128 0x2
 377 006a 04       		.byte	0x4
 378 006b 07       		.byte	0x7
 379 006c CB040000 		.4byte	.LASF8
 380 0070 02       		.uleb128 0x2
 381 0071 08       		.byte	0x8
 382 0072 05       		.byte	0x5
 383 0073 8F020000 		.4byte	.LASF9
 384 0077 02       		.uleb128 0x2
 385 0078 08       		.byte	0x8
 386 0079 07       		.byte	0x7
 387 007a 98030000 		.4byte	.LASF10
 388 007e 04       		.uleb128 0x4
 389 007f 04       		.byte	0x4
 390 0080 05       		.byte	0x5
 391 0081 696E7400 		.ascii	"int\000"
 392 0085 02       		.uleb128 0x2
 393 0086 04       		.byte	0x4
 394 0087 07       		.byte	0x7
ARM GAS  C:\Users\User\AppData\Local\Temp\cc9rloai.s 			page 12


 395 0088 EC030000 		.4byte	.LASF11
 396 008c 03       		.uleb128 0x3
 397 008d 58020000 		.4byte	.LASF12
 398 0091 03       		.byte	0x3
 399 0092 18       		.byte	0x18
 400 0093 2C000000 		.4byte	0x2c
 401 0097 03       		.uleb128 0x3
 402 0098 F9030000 		.4byte	.LASF13
 403 009c 03       		.byte	0x3
 404 009d 24       		.byte	0x24
 405 009e 45000000 		.4byte	0x45
 406 00a2 03       		.uleb128 0x3
 407 00a3 C7030000 		.4byte	.LASF14
 408 00a7 03       		.byte	0x3
 409 00a8 30       		.byte	0x30
 410 00a9 5E000000 		.4byte	0x5e
 411 00ad 02       		.uleb128 0x2
 412 00ae 04       		.byte	0x4
 413 00af 07       		.byte	0x7
 414 00b0 02010000 		.4byte	.LASF15
 415 00b4 02       		.uleb128 0x2
 416 00b5 01       		.byte	0x1
 417 00b6 08       		.byte	0x8
 418 00b7 B4020000 		.4byte	.LASF16
 419 00bb 02       		.uleb128 0x2
 420 00bc 04       		.byte	0x4
 421 00bd 04       		.byte	0x4
 422 00be 6D020000 		.4byte	.LASF17
 423 00c2 02       		.uleb128 0x2
 424 00c3 08       		.byte	0x8
 425 00c4 04       		.byte	0x4
 426 00c5 DD040000 		.4byte	.LASF18
 427 00c9 05       		.uleb128 0x5
 428 00ca 60020000 		.4byte	.LASF19
 429 00ce 04       		.byte	0x4
 430 00cf 8503     		.2byte	0x385
 431 00d1 8C000000 		.4byte	0x8c
 432 00d5 05       		.uleb128 0x5
 433 00d6 2F020000 		.4byte	.LASF20
 434 00da 04       		.byte	0x4
 435 00db 8603     		.2byte	0x386
 436 00dd 97000000 		.4byte	0x97
 437 00e1 05       		.uleb128 0x5
 438 00e2 C4040000 		.4byte	.LASF21
 439 00e6 04       		.byte	0x4
 440 00e7 8703     		.2byte	0x387
 441 00e9 A2000000 		.4byte	0xa2
 442 00ed 03       		.uleb128 0x3
 443 00ee CB020000 		.4byte	.LASF22
 444 00f2 05       		.byte	0x5
 445 00f3 FC       		.byte	0xfc
 446 00f4 D5000000 		.4byte	0xd5
 447 00f8 05       		.uleb128 0x5
 448 00f9 47050000 		.4byte	.LASF23
 449 00fd 05       		.byte	0x5
 450 00fe 0001     		.2byte	0x100
 451 0100 C9000000 		.4byte	0xc9
ARM GAS  C:\Users\User\AppData\Local\Temp\cc9rloai.s 			page 13


 452 0104 06       		.uleb128 0x6
 453 0105 C9000000 		.4byte	0xc9
 454 0109 14010000 		.4byte	0x114
 455 010d 07       		.uleb128 0x7
 456 010e AD000000 		.4byte	0xad
 457 0112 00       		.byte	0
 458 0113 00       		.byte	0
 459 0114 08       		.uleb128 0x8
 460 0115 0E       		.byte	0xe
 461 0116 06       		.byte	0x6
 462 0117 CE       		.byte	0xce
 463 0118 97010000 		.4byte	0x197
 464 011c 09       		.uleb128 0x9
 465 011d 5C040000 		.4byte	.LASF24
 466 0121 06       		.byte	0x6
 467 0122 D4       		.byte	0xd4
 468 0123 D5000000 		.4byte	0xd5
 469 0127 00       		.byte	0
 470 0128 09       		.uleb128 0x9
 471 0129 0A030000 		.4byte	.LASF25
 472 012d 06       		.byte	0x6
 473 012e D9       		.byte	0xd9
 474 012f ED000000 		.4byte	0xed
 475 0133 02       		.byte	0x2
 476 0134 09       		.uleb128 0x9
 477 0135 1E020000 		.4byte	.LASF26
 478 0139 06       		.byte	0x6
 479 013a DE       		.byte	0xde
 480 013b C9000000 		.4byte	0xc9
 481 013f 04       		.byte	0x4
 482 0140 09       		.uleb128 0x9
 483 0141 D0010000 		.4byte	.LASF27
 484 0145 06       		.byte	0x6
 485 0146 E3       		.byte	0xe3
 486 0147 C9000000 		.4byte	0xc9
 487 014b 05       		.byte	0x5
 488 014c 09       		.uleb128 0x9
 489 014d 1B030000 		.4byte	.LASF28
 490 0151 06       		.byte	0x6
 491 0152 E8       		.byte	0xe8
 492 0153 C9000000 		.4byte	0xc9
 493 0157 06       		.byte	0x6
 494 0158 09       		.uleb128 0x9
 495 0159 F7000000 		.4byte	.LASF29
 496 015d 06       		.byte	0x6
 497 015e ED       		.byte	0xed
 498 015f C9000000 		.4byte	0xc9
 499 0163 07       		.byte	0x7
 500 0164 09       		.uleb128 0x9
 501 0165 87000000 		.4byte	.LASF30
 502 0169 06       		.byte	0x6
 503 016a F4       		.byte	0xf4
 504 016b F8000000 		.4byte	0xf8
 505 016f 08       		.byte	0x8
 506 0170 09       		.uleb128 0x9
 507 0171 BE000000 		.4byte	.LASF31
 508 0175 06       		.byte	0x6
ARM GAS  C:\Users\User\AppData\Local\Temp\cc9rloai.s 			page 14


 509 0176 FC       		.byte	0xfc
 510 0177 04010000 		.4byte	0x104
 511 017b 09       		.byte	0x9
 512 017c 0A       		.uleb128 0xa
 513 017d 66020000 		.4byte	.LASF32
 514 0181 06       		.byte	0x6
 515 0182 0501     		.2byte	0x105
 516 0184 D5000000 		.4byte	0xd5
 517 0188 0A       		.byte	0xa
 518 0189 0A       		.uleb128 0xa
 519 018a EF010000 		.4byte	.LASF33
 520 018e 06       		.byte	0x6
 521 018f 0A01     		.2byte	0x10a
 522 0191 C9000000 		.4byte	0xc9
 523 0195 0C       		.byte	0xc
 524 0196 00       		.byte	0
 525 0197 05       		.uleb128 0x5
 526 0198 D9000000 		.4byte	.LASF34
 527 019c 06       		.byte	0x6
 528 019d 0B01     		.2byte	0x10b
 529 019f 14010000 		.4byte	0x114
 530 01a3 0B       		.uleb128 0xb
 531 01a4 8C       		.byte	0x8c
 532 01a5 06       		.byte	0x6
 533 01a6 1101     		.2byte	0x111
 534 01a8 2F020000 		.4byte	0x22f
 535 01ac 0A       		.uleb128 0xa
 536 01ad 8E050000 		.4byte	.LASF35
 537 01b1 06       		.byte	0x6
 538 01b2 1601     		.2byte	0x116
 539 01b4 97010000 		.4byte	0x197
 540 01b8 00       		.byte	0
 541 01b9 0A       		.uleb128 0xa
 542 01ba 96050000 		.4byte	.LASF36
 543 01be 06       		.byte	0x6
 544 01bf 1B01     		.2byte	0x11b
 545 01c1 97010000 		.4byte	0x197
 546 01c5 0E       		.byte	0xe
 547 01c6 0A       		.uleb128 0xa
 548 01c7 9E050000 		.4byte	.LASF37
 549 01cb 06       		.byte	0x6
 550 01cc 2001     		.2byte	0x120
 551 01ce 97010000 		.4byte	0x197
 552 01d2 1C       		.byte	0x1c
 553 01d3 0A       		.uleb128 0xa
 554 01d4 A6050000 		.4byte	.LASF38
 555 01d8 06       		.byte	0x6
 556 01d9 2501     		.2byte	0x125
 557 01db 97010000 		.4byte	0x197
 558 01df 2A       		.byte	0x2a
 559 01e0 0A       		.uleb128 0xa
 560 01e1 AE050000 		.4byte	.LASF39
 561 01e5 06       		.byte	0x6
 562 01e6 2A01     		.2byte	0x12a
 563 01e8 97010000 		.4byte	0x197
 564 01ec 38       		.byte	0x38
 565 01ed 0A       		.uleb128 0xa
ARM GAS  C:\Users\User\AppData\Local\Temp\cc9rloai.s 			page 15


 566 01ee B6050000 		.4byte	.LASF40
 567 01f2 06       		.byte	0x6
 568 01f3 2F01     		.2byte	0x12f
 569 01f5 97010000 		.4byte	0x197
 570 01f9 46       		.byte	0x46
 571 01fa 0A       		.uleb128 0xa
 572 01fb BE050000 		.4byte	.LASF41
 573 01ff 06       		.byte	0x6
 574 0200 3401     		.2byte	0x134
 575 0202 97010000 		.4byte	0x197
 576 0206 54       		.byte	0x54
 577 0207 0A       		.uleb128 0xa
 578 0208 C6050000 		.4byte	.LASF42
 579 020c 06       		.byte	0x6
 580 020d 3901     		.2byte	0x139
 581 020f 97010000 		.4byte	0x197
 582 0213 62       		.byte	0x62
 583 0214 0A       		.uleb128 0xa
 584 0215 CE050000 		.4byte	.LASF43
 585 0219 06       		.byte	0x6
 586 021a 3E01     		.2byte	0x13e
 587 021c 97010000 		.4byte	0x197
 588 0220 70       		.byte	0x70
 589 0221 0A       		.uleb128 0xa
 590 0222 D6050000 		.4byte	.LASF44
 591 0226 06       		.byte	0x6
 592 0227 4301     		.2byte	0x143
 593 0229 97010000 		.4byte	0x197
 594 022d 7E       		.byte	0x7e
 595 022e 00       		.byte	0
 596 022f 05       		.uleb128 0x5
 597 0230 73020000 		.4byte	.LASF45
 598 0234 06       		.byte	0x6
 599 0235 4401     		.2byte	0x144
 600 0237 A3010000 		.4byte	0x1a3
 601 023b 0B       		.uleb128 0xb
 602 023c 0A       		.byte	0xa
 603 023d 06       		.byte	0x6
 604 023e 4A01     		.2byte	0x14a
 605 0240 86020000 		.4byte	0x286
 606 0244 0C       		.uleb128 0xc
 607 0245 72617700 		.ascii	"raw\000"
 608 0249 06       		.byte	0x6
 609 024a 4F01     		.2byte	0x14f
 610 024c 86020000 		.4byte	0x286
 611 0250 00       		.byte	0
 612 0251 0A       		.uleb128 0xa
 613 0252 64000000 		.4byte	.LASF46
 614 0256 06       		.byte	0x6
 615 0257 5401     		.2byte	0x154
 616 0259 86020000 		.4byte	0x286
 617 025d 02       		.byte	0x2
 618 025e 0A       		.uleb128 0xa
 619 025f EF040000 		.4byte	.LASF47
 620 0263 06       		.byte	0x6
 621 0264 5A01     		.2byte	0x15a
 622 0266 04010000 		.4byte	0x104
ARM GAS  C:\Users\User\AppData\Local\Temp\cc9rloai.s 			page 16


 623 026a 04       		.byte	0x4
 624 026b 0A       		.uleb128 0xa
 625 026c 92000000 		.4byte	.LASF48
 626 0270 06       		.byte	0x6
 627 0271 5F01     		.2byte	0x15f
 628 0273 ED000000 		.4byte	0xed
 629 0277 06       		.byte	0x6
 630 0278 0A       		.uleb128 0xa
 631 0279 E3020000 		.4byte	.LASF49
 632 027d 06       		.byte	0x6
 633 027e 6401     		.2byte	0x164
 634 0280 96020000 		.4byte	0x296
 635 0284 08       		.byte	0x8
 636 0285 00       		.byte	0
 637 0286 06       		.uleb128 0x6
 638 0287 D5000000 		.4byte	0xd5
 639 028b 96020000 		.4byte	0x296
 640 028f 07       		.uleb128 0x7
 641 0290 AD000000 		.4byte	0xad
 642 0294 00       		.byte	0
 643 0295 00       		.byte	0
 644 0296 06       		.uleb128 0x6
 645 0297 F8000000 		.4byte	0xf8
 646 029b A6020000 		.4byte	0x2a6
 647 029f 07       		.uleb128 0x7
 648 02a0 AD000000 		.4byte	0xad
 649 02a4 00       		.byte	0
 650 02a5 00       		.byte	0
 651 02a6 05       		.uleb128 0x5
 652 02a7 AF030000 		.4byte	.LASF50
 653 02ab 06       		.byte	0x6
 654 02ac 6501     		.2byte	0x165
 655 02ae 3B020000 		.4byte	0x23b
 656 02b2 0B       		.uleb128 0xb
 657 02b3 64       		.byte	0x64
 658 02b4 06       		.byte	0x6
 659 02b5 6B01     		.2byte	0x16b
 660 02b7 3E030000 		.4byte	0x33e
 661 02bb 0A       		.uleb128 0xa
 662 02bc 8E050000 		.4byte	.LASF35
 663 02c0 06       		.byte	0x6
 664 02c1 7001     		.2byte	0x170
 665 02c3 3E030000 		.4byte	0x33e
 666 02c7 00       		.byte	0
 667 02c8 0A       		.uleb128 0xa
 668 02c9 96050000 		.4byte	.LASF36
 669 02cd 06       		.byte	0x6
 670 02ce 7501     		.2byte	0x175
 671 02d0 3E030000 		.4byte	0x33e
 672 02d4 0A       		.byte	0xa
 673 02d5 0A       		.uleb128 0xa
 674 02d6 9E050000 		.4byte	.LASF37
 675 02da 06       		.byte	0x6
 676 02db 7A01     		.2byte	0x17a
 677 02dd 3E030000 		.4byte	0x33e
 678 02e1 14       		.byte	0x14
 679 02e2 0A       		.uleb128 0xa
ARM GAS  C:\Users\User\AppData\Local\Temp\cc9rloai.s 			page 17


 680 02e3 A6050000 		.4byte	.LASF38
 681 02e7 06       		.byte	0x6
 682 02e8 7F01     		.2byte	0x17f
 683 02ea 3E030000 		.4byte	0x33e
 684 02ee 1E       		.byte	0x1e
 685 02ef 0A       		.uleb128 0xa
 686 02f0 AE050000 		.4byte	.LASF39
 687 02f4 06       		.byte	0x6
 688 02f5 8401     		.2byte	0x184
 689 02f7 3E030000 		.4byte	0x33e
 690 02fb 28       		.byte	0x28
 691 02fc 0A       		.uleb128 0xa
 692 02fd B6050000 		.4byte	.LASF40
 693 0301 06       		.byte	0x6
 694 0302 8901     		.2byte	0x189
 695 0304 3E030000 		.4byte	0x33e
 696 0308 32       		.byte	0x32
 697 0309 0A       		.uleb128 0xa
 698 030a BE050000 		.4byte	.LASF41
 699 030e 06       		.byte	0x6
 700 030f 8E01     		.2byte	0x18e
 701 0311 3E030000 		.4byte	0x33e
 702 0315 3C       		.byte	0x3c
 703 0316 0A       		.uleb128 0xa
 704 0317 C6050000 		.4byte	.LASF42
 705 031b 06       		.byte	0x6
 706 031c 9301     		.2byte	0x193
 707 031e 3E030000 		.4byte	0x33e
 708 0322 46       		.byte	0x46
 709 0323 0A       		.uleb128 0xa
 710 0324 CE050000 		.4byte	.LASF43
 711 0328 06       		.byte	0x6
 712 0329 9801     		.2byte	0x198
 713 032b 3E030000 		.4byte	0x33e
 714 032f 50       		.byte	0x50
 715 0330 0A       		.uleb128 0xa
 716 0331 D6050000 		.4byte	.LASF44
 717 0335 06       		.byte	0x6
 718 0336 9D01     		.2byte	0x19d
 719 0338 3E030000 		.4byte	0x33e
 720 033c 5A       		.byte	0x5a
 721 033d 00       		.byte	0
 722 033e 06       		.uleb128 0x6
 723 033f A6020000 		.4byte	0x2a6
 724 0343 4E030000 		.4byte	0x34e
 725 0347 07       		.uleb128 0x7
 726 0348 AD000000 		.4byte	0xad
 727 034c 00       		.byte	0
 728 034d 00       		.byte	0
 729 034e 05       		.uleb128 0x5
 730 034f 7B030000 		.4byte	.LASF51
 731 0353 06       		.byte	0x6
 732 0354 9E01     		.2byte	0x19e
 733 0356 B2020000 		.4byte	0x2b2
 734 035a 0D       		.uleb128 0xd
 735 035b 1C01     		.2byte	0x11c
 736 035d 06       		.byte	0x6
ARM GAS  C:\Users\User\AppData\Local\Temp\cc9rloai.s 			page 18


 737 035e A401     		.2byte	0x1a4
 738 0360 46040000 		.4byte	0x446
 739 0364 0A       		.uleb128 0xa
 740 0365 27040000 		.4byte	.LASF52
 741 0369 06       		.byte	0x6
 742 036a AC01     		.2byte	0x1ac
 743 036c D5000000 		.4byte	0xd5
 744 0370 00       		.byte	0
 745 0371 0A       		.uleb128 0xa
 746 0372 26020000 		.4byte	.LASF53
 747 0376 06       		.byte	0x6
 748 0377 B101     		.2byte	0x1b1
 749 0379 D5000000 		.4byte	0xd5
 750 037d 02       		.byte	0x2
 751 037e 0A       		.uleb128 0xa
 752 037f 62050000 		.4byte	.LASF54
 753 0383 06       		.byte	0x6
 754 0384 B601     		.2byte	0x1b6
 755 0386 D5000000 		.4byte	0xd5
 756 038a 04       		.byte	0x4
 757 038b 0A       		.uleb128 0xa
 758 038c 26030000 		.4byte	.LASF55
 759 0390 06       		.byte	0x6
 760 0391 BC01     		.2byte	0x1bc
 761 0393 D5000000 		.4byte	0xd5
 762 0397 06       		.byte	0x6
 763 0398 0A       		.uleb128 0xa
 764 0399 89040000 		.4byte	.LASF56
 765 039d 06       		.byte	0x6
 766 039e C101     		.2byte	0x1c1
 767 03a0 D5000000 		.4byte	0xd5
 768 03a4 08       		.byte	0x8
 769 03a5 0A       		.uleb128 0xa
 770 03a6 0D040000 		.4byte	.LASF57
 771 03aa 06       		.byte	0x6
 772 03ab C601     		.2byte	0x1c6
 773 03ad 46040000 		.4byte	0x446
 774 03b1 0C       		.byte	0xc
 775 03b2 0A       		.uleb128 0xa
 776 03b3 02040000 		.4byte	.LASF58
 777 03b7 06       		.byte	0x6
 778 03b8 CC01     		.2byte	0x1cc
 779 03ba 4B040000 		.4byte	0x44b
 780 03be 10       		.byte	0x10
 781 03bf 0A       		.uleb128 0xa
 782 03c0 3B030000 		.4byte	.LASF59
 783 03c4 06       		.byte	0x6
 784 03c5 D201     		.2byte	0x1d2
 785 03c7 4B040000 		.4byte	0x44b
 786 03cb 14       		.byte	0x14
 787 03cc 0A       		.uleb128 0xa
 788 03cd 93060000 		.4byte	.LASF60
 789 03d1 06       		.byte	0x6
 790 03d2 E401     		.2byte	0x1e4
 791 03d4 5B040000 		.4byte	0x45b
 792 03d8 18       		.byte	0x18
 793 03d9 0A       		.uleb128 0xa
ARM GAS  C:\Users\User\AppData\Local\Temp\cc9rloai.s 			page 19


 794 03da D9010000 		.4byte	.LASF61
 795 03de 06       		.byte	0x6
 796 03df E901     		.2byte	0x1e9
 797 03e1 D5000000 		.4byte	0xd5
 798 03e5 22       		.byte	0x22
 799 03e6 0A       		.uleb128 0xa
 800 03e7 7F040000 		.4byte	.LASF62
 801 03eb 06       		.byte	0x6
 802 03ec EE01     		.2byte	0x1ee
 803 03ee C9000000 		.4byte	0xc9
 804 03f2 24       		.byte	0x24
 805 03f3 0A       		.uleb128 0xa
 806 03f4 35000000 		.4byte	.LASF63
 807 03f8 06       		.byte	0x6
 808 03f9 F301     		.2byte	0x1f3
 809 03fb 2F020000 		.4byte	0x22f
 810 03ff 26       		.byte	0x26
 811 0400 0A       		.uleb128 0xa
 812 0401 77040000 		.4byte	.LASF64
 813 0405 06       		.byte	0x6
 814 0406 F801     		.2byte	0x1f8
 815 0408 4E030000 		.4byte	0x34e
 816 040c B2       		.byte	0xb2
 817 040d 0E       		.uleb128 0xe
 818 040e 42060000 		.4byte	.LASF65
 819 0412 06       		.byte	0x6
 820 0413 FD01     		.2byte	0x1fd
 821 0415 C9000000 		.4byte	0xc9
 822 0419 1601     		.2byte	0x116
 823 041b 0E       		.uleb128 0xe
 824 041c 39040000 		.4byte	.LASF66
 825 0420 06       		.byte	0x6
 826 0421 0202     		.2byte	0x202
 827 0423 C9000000 		.4byte	0xc9
 828 0427 1701     		.2byte	0x117
 829 0429 0E       		.uleb128 0xe
 830 042a 49040000 		.4byte	.LASF67
 831 042e 06       		.byte	0x6
 832 042f 0702     		.2byte	0x207
 833 0431 D5000000 		.4byte	0xd5
 834 0435 1801     		.2byte	0x118
 835 0437 0E       		.uleb128 0xe
 836 0438 3E000000 		.4byte	.LASF68
 837 043c 06       		.byte	0x6
 838 043d 0C02     		.2byte	0x20c
 839 043f 86020000 		.4byte	0x286
 840 0443 1A01     		.2byte	0x11a
 841 0445 00       		.byte	0
 842 0446 0F       		.uleb128 0xf
 843 0447 E1000000 		.4byte	0xe1
 844 044b 06       		.uleb128 0x6
 845 044c E1000000 		.4byte	0xe1
 846 0450 5B040000 		.4byte	0x45b
 847 0454 07       		.uleb128 0x7
 848 0455 AD000000 		.4byte	0xad
 849 0459 00       		.byte	0
 850 045a 00       		.byte	0
ARM GAS  C:\Users\User\AppData\Local\Temp\cc9rloai.s 			page 20


 851 045b 06       		.uleb128 0x6
 852 045c C9000000 		.4byte	0xc9
 853 0460 6B040000 		.4byte	0x46b
 854 0464 07       		.uleb128 0x7
 855 0465 AD000000 		.4byte	0xad
 856 0469 09       		.byte	0x9
 857 046a 00       		.byte	0
 858 046b 05       		.uleb128 0x5
 859 046c B0040000 		.4byte	.LASF69
 860 0470 06       		.byte	0x6
 861 0471 0D02     		.2byte	0x20d
 862 0473 5A030000 		.4byte	0x35a
 863 0477 0B       		.uleb128 0xb
 864 0478 1C       		.byte	0x1c
 865 0479 06       		.byte	0x6
 866 047a 4B02     		.2byte	0x24b
 867 047c F6040000 		.4byte	0x4f6
 868 0480 0A       		.uleb128 0xa
 869 0481 86060000 		.4byte	.LASF70
 870 0485 06       		.byte	0x6
 871 0486 5402     		.2byte	0x254
 872 0488 F6040000 		.4byte	0x4f6
 873 048c 00       		.byte	0
 874 048d 0A       		.uleb128 0xa
 875 048e 95040000 		.4byte	.LASF71
 876 0492 06       		.byte	0x6
 877 0493 5B02     		.2byte	0x25b
 878 0495 FD040000 		.4byte	0x4fd
 879 0499 04       		.byte	0x4
 880 049a 0A       		.uleb128 0xa
 881 049b E4040000 		.4byte	.LASF72
 882 049f 06       		.byte	0x6
 883 04a0 6102     		.2byte	0x261
 884 04a2 FF040000 		.4byte	0x4ff
 885 04a6 08       		.byte	0x8
 886 04a7 0A       		.uleb128 0xa
 887 04a8 67040000 		.4byte	.LASF73
 888 04ac 06       		.byte	0x6
 889 04ad 6602     		.2byte	0x266
 890 04af FD040000 		.4byte	0x4fd
 891 04b3 0C       		.byte	0xc
 892 04b4 0A       		.uleb128 0xa
 893 04b5 48020000 		.4byte	.LASF74
 894 04b9 06       		.byte	0x6
 895 04ba 6D02     		.2byte	0x26d
 896 04bc 05050000 		.4byte	0x505
 897 04c0 10       		.byte	0x10
 898 04c1 0A       		.uleb128 0xa
 899 04c2 D0030000 		.4byte	.LASF75
 900 04c6 06       		.byte	0x6
 901 04c7 7202     		.2byte	0x272
 902 04c9 E1000000 		.4byte	0xe1
 903 04cd 14       		.byte	0x14
 904 04ce 0A       		.uleb128 0xa
 905 04cf 97000000 		.4byte	.LASF76
 906 04d3 06       		.byte	0x6
 907 04d4 7902     		.2byte	0x279
ARM GAS  C:\Users\User\AppData\Local\Temp\cc9rloai.s 			page 21


 908 04d6 D5000000 		.4byte	0xd5
 909 04da 18       		.byte	0x18
 910 04db 0A       		.uleb128 0xa
 911 04dc C2020000 		.4byte	.LASF77
 912 04e0 06       		.byte	0x6
 913 04e1 8402     		.2byte	0x284
 914 04e3 C9000000 		.4byte	0xc9
 915 04e7 1A       		.byte	0x1a
 916 04e8 0A       		.uleb128 0xa
 917 04e9 13030000 		.4byte	.LASF78
 918 04ed 06       		.byte	0x6
 919 04ee 8C02     		.2byte	0x28c
 920 04f0 C9000000 		.4byte	0xc9
 921 04f4 1B       		.byte	0x1b
 922 04f5 00       		.byte	0
 923 04f6 10       		.uleb128 0x10
 924 04f7 04       		.byte	0x4
 925 04f8 FC040000 		.4byte	0x4fc
 926 04fc 11       		.uleb128 0x11
 927 04fd 12       		.uleb128 0x12
 928 04fe 04       		.byte	0x4
 929 04ff 10       		.uleb128 0x10
 930 0500 04       		.byte	0x4
 931 0501 A6020000 		.4byte	0x2a6
 932 0505 10       		.uleb128 0x10
 933 0506 04       		.byte	0x4
 934 0507 C9000000 		.4byte	0xc9
 935 050b 05       		.uleb128 0x5
 936 050c 25010000 		.4byte	.LASF79
 937 0510 06       		.byte	0x6
 938 0511 8D02     		.2byte	0x28d
 939 0513 77040000 		.4byte	0x477
 940 0517 0D       		.uleb128 0xd
 941 0518 1801     		.2byte	0x118
 942 051a 06       		.byte	0x6
 943 051b 9302     		.2byte	0x293
 944 051d 2F050000 		.4byte	0x52f
 945 0521 0A       		.uleb128 0xa
 946 0522 70060000 		.4byte	.LASF80
 947 0526 06       		.byte	0x6
 948 0527 9802     		.2byte	0x298
 949 0529 2F050000 		.4byte	0x52f
 950 052d 00       		.byte	0
 951 052e 00       		.byte	0
 952 052f 06       		.uleb128 0x6
 953 0530 0B050000 		.4byte	0x50b
 954 0534 3F050000 		.4byte	0x53f
 955 0538 07       		.uleb128 0x7
 956 0539 AD000000 		.4byte	0xad
 957 053d 09       		.byte	0x9
 958 053e 00       		.byte	0
 959 053f 05       		.uleb128 0x5
 960 0540 1F000000 		.4byte	.LASF81
 961 0544 06       		.byte	0x6
 962 0545 9902     		.2byte	0x299
 963 0547 17050000 		.4byte	0x517
 964 054b 13       		.uleb128 0x13
ARM GAS  C:\Users\User\AppData\Local\Temp\cc9rloai.s 			page 22


 965 054c 01       		.byte	0x1
 966 054d 37000000 		.4byte	0x37
 967 0551 07       		.byte	0x7
 968 0552 2E       		.byte	0x2e
 969 0553 82050000 		.4byte	0x582
 970 0557 14       		.uleb128 0x14
 971 0558 07020000 		.4byte	.LASF82
 972 055c 00       		.byte	0
 973 055d 14       		.uleb128 0x14
 974 055e DE050000 		.4byte	.LASF83
 975 0562 01       		.byte	0x1
 976 0563 14       		.uleb128 0x14
 977 0564 75050000 		.4byte	.LASF84
 978 0568 02       		.byte	0x2
 979 0569 14       		.uleb128 0x14
 980 056a 0B010000 		.4byte	.LASF85
 981 056e 03       		.byte	0x3
 982 056f 14       		.uleb128 0x14
 983 0570 1F050000 		.4byte	.LASF86
 984 0574 04       		.byte	0x4
 985 0575 14       		.uleb128 0x14
 986 0576 9D020000 		.4byte	.LASF87
 987 057a 05       		.byte	0x5
 988 057b 14       		.uleb128 0x14
 989 057c A3000000 		.4byte	.LASF88
 990 0580 06       		.byte	0x6
 991 0581 00       		.byte	0
 992 0582 03       		.uleb128 0x3
 993 0583 72000000 		.4byte	.LASF89
 994 0587 07       		.byte	0x7
 995 0588 36       		.byte	0x36
 996 0589 4B050000 		.4byte	0x54b
 997 058d 02       		.uleb128 0x2
 998 058e 08       		.byte	0x8
 999 058f 04       		.byte	0x4
 1000 0590 2F030000 		.4byte	.LASF90
 1001 0594 15       		.uleb128 0x15
 1002 0595 4E000000 		.4byte	.LASF108
 1003 0599 01       		.byte	0x1
 1004 059a 44       		.byte	0x44
 1005 059b 00000000 		.4byte	.LFB69
 1006 059f 14000000 		.4byte	.LFE69-.LFB69
 1007 05a3 01       		.uleb128 0x1
 1008 05a4 9C       		.byte	0x9c
 1009 05a5 B5050000 		.4byte	0x5b5
 1010 05a9 16       		.uleb128 0x16
 1011 05aa 3E050000 		.4byte	.LASF97
 1012 05ae 01       		.byte	0x1
 1013 05af 46       		.byte	0x46
 1014 05b0 B5050000 		.4byte	0x5b5
 1015 05b4 00       		.byte	0
 1016 05b5 10       		.uleb128 0x10
 1017 05b6 04       		.byte	0x4
 1018 05b7 BB050000 		.4byte	0x5bb
 1019 05bb 0F       		.uleb128 0xf
 1020 05bc 6B040000 		.4byte	0x46b
 1021 05c0 17       		.uleb128 0x17
ARM GAS  C:\Users\User\AppData\Local\Temp\cc9rloai.s 			page 23


 1022 05c1 36020000 		.4byte	.LASF109
 1023 05c5 01       		.byte	0x1
 1024 05c6 73       		.byte	0x73
 1025 05c7 E1000000 		.4byte	0xe1
 1026 05cb 00000000 		.4byte	.LFB70
 1027 05cf 20010000 		.4byte	.LFE70-.LFB70
 1028 05d3 01       		.uleb128 0x1
 1029 05d4 9C       		.byte	0x9c
 1030 05d5 8D060000 		.4byte	0x68d
 1031 05d9 18       		.uleb128 0x18
 1032 05da A1040000 		.4byte	.LASF91
 1033 05de 01       		.byte	0x1
 1034 05df 75       		.byte	0x75
 1035 05e0 E1000000 		.4byte	0xe1
 1036 05e4 00000000 		.4byte	.LLST0
 1037 05e8 18       		.uleb128 0x18
 1038 05e9 30040000 		.4byte	.LASF92
 1039 05ed 01       		.byte	0x1
 1040 05ee 76       		.byte	0x76
 1041 05ef E1000000 		.4byte	0xe1
 1042 05f3 29000000 		.4byte	.LLST1
 1043 05f7 18       		.uleb128 0x18
 1044 05f8 69000000 		.4byte	.LASF93
 1045 05fc 01       		.byte	0x1
 1046 05fd 77       		.byte	0x77
 1047 05fe E1000000 		.4byte	0xe1
 1048 0602 3C000000 		.4byte	.LLST2
 1049 0606 18       		.uleb128 0x18
 1050 0607 6A050000 		.4byte	.LASF94
 1051 060b 01       		.byte	0x1
 1052 060c 78       		.byte	0x78
 1053 060d E1000000 		.4byte	0xe1
 1054 0611 4F000000 		.4byte	.LLST3
 1055 0615 18       		.uleb128 0x18
 1056 0616 9D060000 		.4byte	.LASF95
 1057 061a 01       		.byte	0x1
 1058 061b 79       		.byte	0x79
 1059 061c 82050000 		.4byte	0x582
 1060 0620 0F010000 		.4byte	.LLST4
 1061 0624 18       		.uleb128 0x18
 1062 0625 7A060000 		.4byte	.LASF96
 1063 0629 01       		.byte	0x1
 1064 062a 7A       		.byte	0x7a
 1065 062b E1000000 		.4byte	0xe1
 1066 062f 22010000 		.4byte	.LLST5
 1067 0633 16       		.uleb128 0x16
 1068 0634 3E050000 		.4byte	.LASF97
 1069 0638 01       		.byte	0x1
 1070 0639 7C       		.byte	0x7c
 1071 063a B5050000 		.4byte	0x5b5
 1072 063e 18       		.uleb128 0x18
 1073 063f 46030000 		.4byte	.LASF98
 1074 0643 01       		.byte	0x1
 1075 0644 7D       		.byte	0x7d
 1076 0645 8D060000 		.4byte	0x68d
 1077 0649 63010000 		.4byte	.LLST6
 1078 064d 19       		.uleb128 0x19
ARM GAS  C:\Users\User\AppData\Local\Temp\cc9rloai.s 			page 24


 1079 064e 12000000 		.4byte	.LVL3
 1080 0652 C6060000 		.4byte	0x6c6
 1081 0656 19       		.uleb128 0x19
 1082 0657 1C000000 		.4byte	.LVL4
 1083 065b D2060000 		.4byte	0x6d2
 1084 065f 19       		.uleb128 0x19
 1085 0660 46000000 		.4byte	.LVL10
 1086 0664 DE060000 		.4byte	0x6de
 1087 0668 19       		.uleb128 0x19
 1088 0669 76000000 		.4byte	.LVL19
 1089 066d C6060000 		.4byte	0x6c6
 1090 0671 19       		.uleb128 0x19
 1091 0672 90000000 		.4byte	.LVL20
 1092 0676 D2060000 		.4byte	0x6d2
 1093 067a 19       		.uleb128 0x19
 1094 067b EE000000 		.4byte	.LVL29
 1095 067f C6060000 		.4byte	0x6c6
 1096 0683 19       		.uleb128 0x19
 1097 0684 06010000 		.4byte	.LVL30
 1098 0688 D2060000 		.4byte	0x6d2
 1099 068c 00       		.byte	0
 1100 068d 10       		.uleb128 0x10
 1101 068e 04       		.byte	0x4
 1102 068f 93060000 		.4byte	0x693
 1103 0693 0F       		.uleb128 0xf
 1104 0694 A6020000 		.4byte	0x2a6
 1105 0698 1A       		.uleb128 0x1a
 1106 0699 C6000000 		.4byte	.LASF99
 1107 069d 01       		.byte	0x1
 1108 069e 35       		.byte	0x35
 1109 069f E1000000 		.4byte	0xe1
 1110 06a3 05       		.uleb128 0x5
 1111 06a4 03       		.byte	0x3
 1112 06a5 00000000 		.4byte	tunerFsm
 1113 06a9 1B       		.uleb128 0x1b
 1114 06aa FB020000 		.4byte	.LASF100
 1115 06ae 06       		.byte	0x6
 1116 06af 2604     		.2byte	0x426
 1117 06b1 6B040000 		.4byte	0x46b
 1118 06b5 1B       		.uleb128 0x1b
 1119 06b6 5E030000 		.4byte	.LASF101
 1120 06ba 06       		.byte	0x6
 1121 06bb 2704     		.2byte	0x427
 1122 06bd C1060000 		.4byte	0x6c1
 1123 06c1 1C       		.uleb128 0x1c
 1124 06c2 3F050000 		.4byte	0x53f
 1125 06c6 1D       		.uleb128 0x1d
 1126 06c7 00000000 		.4byte	.LASF102
 1127 06cb 00000000 		.4byte	.LASF102
 1128 06cf 04       		.byte	0x4
 1129 06d0 4D03     		.2byte	0x34d
 1130 06d2 1D       		.uleb128 0x1d
 1131 06d3 52060000 		.4byte	.LASF103
 1132 06d7 52060000 		.4byte	.LASF103
 1133 06db 04       		.byte	0x4
 1134 06dc 5C03     		.2byte	0x35c
 1135 06de 1E       		.uleb128 0x1e
ARM GAS  C:\Users\User\AppData\Local\Temp\cc9rloai.s 			page 25


 1136 06df DD030000 		.4byte	.LASF104
 1137 06e3 DD030000 		.4byte	.LASF104
 1138 06e7 08       		.byte	0x8
 1139 06e8 3A       		.byte	0x3a
 1140 06e9 00       		.byte	0
 1141              		.section	.debug_abbrev,"",%progbits
 1142              	.Ldebug_abbrev0:
 1143 0000 01       		.uleb128 0x1
 1144 0001 11       		.uleb128 0x11
 1145 0002 01       		.byte	0x1
 1146 0003 25       		.uleb128 0x25
 1147 0004 0E       		.uleb128 0xe
 1148 0005 13       		.uleb128 0x13
 1149 0006 0B       		.uleb128 0xb
 1150 0007 03       		.uleb128 0x3
 1151 0008 0E       		.uleb128 0xe
 1152 0009 1B       		.uleb128 0x1b
 1153 000a 0E       		.uleb128 0xe
 1154 000b 55       		.uleb128 0x55
 1155 000c 17       		.uleb128 0x17
 1156 000d 11       		.uleb128 0x11
 1157 000e 01       		.uleb128 0x1
 1158 000f 10       		.uleb128 0x10
 1159 0010 17       		.uleb128 0x17
 1160 0011 00       		.byte	0
 1161 0012 00       		.byte	0
 1162 0013 02       		.uleb128 0x2
 1163 0014 24       		.uleb128 0x24
 1164 0015 00       		.byte	0
 1165 0016 0B       		.uleb128 0xb
 1166 0017 0B       		.uleb128 0xb
 1167 0018 3E       		.uleb128 0x3e
 1168 0019 0B       		.uleb128 0xb
 1169 001a 03       		.uleb128 0x3
 1170 001b 0E       		.uleb128 0xe
 1171 001c 00       		.byte	0
 1172 001d 00       		.byte	0
 1173 001e 03       		.uleb128 0x3
 1174 001f 16       		.uleb128 0x16
 1175 0020 00       		.byte	0
 1176 0021 03       		.uleb128 0x3
 1177 0022 0E       		.uleb128 0xe
 1178 0023 3A       		.uleb128 0x3a
 1179 0024 0B       		.uleb128 0xb
 1180 0025 3B       		.uleb128 0x3b
 1181 0026 0B       		.uleb128 0xb
 1182 0027 49       		.uleb128 0x49
 1183 0028 13       		.uleb128 0x13
 1184 0029 00       		.byte	0
 1185 002a 00       		.byte	0
 1186 002b 04       		.uleb128 0x4
 1187 002c 24       		.uleb128 0x24
 1188 002d 00       		.byte	0
 1189 002e 0B       		.uleb128 0xb
 1190 002f 0B       		.uleb128 0xb
 1191 0030 3E       		.uleb128 0x3e
 1192 0031 0B       		.uleb128 0xb
ARM GAS  C:\Users\User\AppData\Local\Temp\cc9rloai.s 			page 26


 1193 0032 03       		.uleb128 0x3
 1194 0033 08       		.uleb128 0x8
 1195 0034 00       		.byte	0
 1196 0035 00       		.byte	0
 1197 0036 05       		.uleb128 0x5
 1198 0037 16       		.uleb128 0x16
 1199 0038 00       		.byte	0
 1200 0039 03       		.uleb128 0x3
 1201 003a 0E       		.uleb128 0xe
 1202 003b 3A       		.uleb128 0x3a
 1203 003c 0B       		.uleb128 0xb
 1204 003d 3B       		.uleb128 0x3b
 1205 003e 05       		.uleb128 0x5
 1206 003f 49       		.uleb128 0x49
 1207 0040 13       		.uleb128 0x13
 1208 0041 00       		.byte	0
 1209 0042 00       		.byte	0
 1210 0043 06       		.uleb128 0x6
 1211 0044 01       		.uleb128 0x1
 1212 0045 01       		.byte	0x1
 1213 0046 49       		.uleb128 0x49
 1214 0047 13       		.uleb128 0x13
 1215 0048 01       		.uleb128 0x1
 1216 0049 13       		.uleb128 0x13
 1217 004a 00       		.byte	0
 1218 004b 00       		.byte	0
 1219 004c 07       		.uleb128 0x7
 1220 004d 21       		.uleb128 0x21
 1221 004e 00       		.byte	0
 1222 004f 49       		.uleb128 0x49
 1223 0050 13       		.uleb128 0x13
 1224 0051 2F       		.uleb128 0x2f
 1225 0052 0B       		.uleb128 0xb
 1226 0053 00       		.byte	0
 1227 0054 00       		.byte	0
 1228 0055 08       		.uleb128 0x8
 1229 0056 13       		.uleb128 0x13
 1230 0057 01       		.byte	0x1
 1231 0058 0B       		.uleb128 0xb
 1232 0059 0B       		.uleb128 0xb
 1233 005a 3A       		.uleb128 0x3a
 1234 005b 0B       		.uleb128 0xb
 1235 005c 3B       		.uleb128 0x3b
 1236 005d 0B       		.uleb128 0xb
 1237 005e 01       		.uleb128 0x1
 1238 005f 13       		.uleb128 0x13
 1239 0060 00       		.byte	0
 1240 0061 00       		.byte	0
 1241 0062 09       		.uleb128 0x9
 1242 0063 0D       		.uleb128 0xd
 1243 0064 00       		.byte	0
 1244 0065 03       		.uleb128 0x3
 1245 0066 0E       		.uleb128 0xe
 1246 0067 3A       		.uleb128 0x3a
 1247 0068 0B       		.uleb128 0xb
 1248 0069 3B       		.uleb128 0x3b
 1249 006a 0B       		.uleb128 0xb
ARM GAS  C:\Users\User\AppData\Local\Temp\cc9rloai.s 			page 27


 1250 006b 49       		.uleb128 0x49
 1251 006c 13       		.uleb128 0x13
 1252 006d 38       		.uleb128 0x38
 1253 006e 0B       		.uleb128 0xb
 1254 006f 00       		.byte	0
 1255 0070 00       		.byte	0
 1256 0071 0A       		.uleb128 0xa
 1257 0072 0D       		.uleb128 0xd
 1258 0073 00       		.byte	0
 1259 0074 03       		.uleb128 0x3
 1260 0075 0E       		.uleb128 0xe
 1261 0076 3A       		.uleb128 0x3a
 1262 0077 0B       		.uleb128 0xb
 1263 0078 3B       		.uleb128 0x3b
 1264 0079 05       		.uleb128 0x5
 1265 007a 49       		.uleb128 0x49
 1266 007b 13       		.uleb128 0x13
 1267 007c 38       		.uleb128 0x38
 1268 007d 0B       		.uleb128 0xb
 1269 007e 00       		.byte	0
 1270 007f 00       		.byte	0
 1271 0080 0B       		.uleb128 0xb
 1272 0081 13       		.uleb128 0x13
 1273 0082 01       		.byte	0x1
 1274 0083 0B       		.uleb128 0xb
 1275 0084 0B       		.uleb128 0xb
 1276 0085 3A       		.uleb128 0x3a
 1277 0086 0B       		.uleb128 0xb
 1278 0087 3B       		.uleb128 0x3b
 1279 0088 05       		.uleb128 0x5
 1280 0089 01       		.uleb128 0x1
 1281 008a 13       		.uleb128 0x13
 1282 008b 00       		.byte	0
 1283 008c 00       		.byte	0
 1284 008d 0C       		.uleb128 0xc
 1285 008e 0D       		.uleb128 0xd
 1286 008f 00       		.byte	0
 1287 0090 03       		.uleb128 0x3
 1288 0091 08       		.uleb128 0x8
 1289 0092 3A       		.uleb128 0x3a
 1290 0093 0B       		.uleb128 0xb
 1291 0094 3B       		.uleb128 0x3b
 1292 0095 05       		.uleb128 0x5
 1293 0096 49       		.uleb128 0x49
 1294 0097 13       		.uleb128 0x13
 1295 0098 38       		.uleb128 0x38
 1296 0099 0B       		.uleb128 0xb
 1297 009a 00       		.byte	0
 1298 009b 00       		.byte	0
 1299 009c 0D       		.uleb128 0xd
 1300 009d 13       		.uleb128 0x13
 1301 009e 01       		.byte	0x1
 1302 009f 0B       		.uleb128 0xb
 1303 00a0 05       		.uleb128 0x5
 1304 00a1 3A       		.uleb128 0x3a
 1305 00a2 0B       		.uleb128 0xb
 1306 00a3 3B       		.uleb128 0x3b
ARM GAS  C:\Users\User\AppData\Local\Temp\cc9rloai.s 			page 28


 1307 00a4 05       		.uleb128 0x5
 1308 00a5 01       		.uleb128 0x1
 1309 00a6 13       		.uleb128 0x13
 1310 00a7 00       		.byte	0
 1311 00a8 00       		.byte	0
 1312 00a9 0E       		.uleb128 0xe
 1313 00aa 0D       		.uleb128 0xd
 1314 00ab 00       		.byte	0
 1315 00ac 03       		.uleb128 0x3
 1316 00ad 0E       		.uleb128 0xe
 1317 00ae 3A       		.uleb128 0x3a
 1318 00af 0B       		.uleb128 0xb
 1319 00b0 3B       		.uleb128 0x3b
 1320 00b1 05       		.uleb128 0x5
 1321 00b2 49       		.uleb128 0x49
 1322 00b3 13       		.uleb128 0x13
 1323 00b4 38       		.uleb128 0x38
 1324 00b5 05       		.uleb128 0x5
 1325 00b6 00       		.byte	0
 1326 00b7 00       		.byte	0
 1327 00b8 0F       		.uleb128 0xf
 1328 00b9 35       		.uleb128 0x35
 1329 00ba 00       		.byte	0
 1330 00bb 49       		.uleb128 0x49
 1331 00bc 13       		.uleb128 0x13
 1332 00bd 00       		.byte	0
 1333 00be 00       		.byte	0
 1334 00bf 10       		.uleb128 0x10
 1335 00c0 0F       		.uleb128 0xf
 1336 00c1 00       		.byte	0
 1337 00c2 0B       		.uleb128 0xb
 1338 00c3 0B       		.uleb128 0xb
 1339 00c4 49       		.uleb128 0x49
 1340 00c5 13       		.uleb128 0x13
 1341 00c6 00       		.byte	0
 1342 00c7 00       		.byte	0
 1343 00c8 11       		.uleb128 0x11
 1344 00c9 26       		.uleb128 0x26
 1345 00ca 00       		.byte	0
 1346 00cb 00       		.byte	0
 1347 00cc 00       		.byte	0
 1348 00cd 12       		.uleb128 0x12
 1349 00ce 0F       		.uleb128 0xf
 1350 00cf 00       		.byte	0
 1351 00d0 0B       		.uleb128 0xb
 1352 00d1 0B       		.uleb128 0xb
 1353 00d2 00       		.byte	0
 1354 00d3 00       		.byte	0
 1355 00d4 13       		.uleb128 0x13
 1356 00d5 04       		.uleb128 0x4
 1357 00d6 01       		.byte	0x1
 1358 00d7 0B       		.uleb128 0xb
 1359 00d8 0B       		.uleb128 0xb
 1360 00d9 49       		.uleb128 0x49
 1361 00da 13       		.uleb128 0x13
 1362 00db 3A       		.uleb128 0x3a
 1363 00dc 0B       		.uleb128 0xb
ARM GAS  C:\Users\User\AppData\Local\Temp\cc9rloai.s 			page 29


 1364 00dd 3B       		.uleb128 0x3b
 1365 00de 0B       		.uleb128 0xb
 1366 00df 01       		.uleb128 0x1
 1367 00e0 13       		.uleb128 0x13
 1368 00e1 00       		.byte	0
 1369 00e2 00       		.byte	0
 1370 00e3 14       		.uleb128 0x14
 1371 00e4 28       		.uleb128 0x28
 1372 00e5 00       		.byte	0
 1373 00e6 03       		.uleb128 0x3
 1374 00e7 0E       		.uleb128 0xe
 1375 00e8 1C       		.uleb128 0x1c
 1376 00e9 0B       		.uleb128 0xb
 1377 00ea 00       		.byte	0
 1378 00eb 00       		.byte	0
 1379 00ec 15       		.uleb128 0x15
 1380 00ed 2E       		.uleb128 0x2e
 1381 00ee 01       		.byte	0x1
 1382 00ef 3F       		.uleb128 0x3f
 1383 00f0 19       		.uleb128 0x19
 1384 00f1 03       		.uleb128 0x3
 1385 00f2 0E       		.uleb128 0xe
 1386 00f3 3A       		.uleb128 0x3a
 1387 00f4 0B       		.uleb128 0xb
 1388 00f5 3B       		.uleb128 0x3b
 1389 00f6 0B       		.uleb128 0xb
 1390 00f7 27       		.uleb128 0x27
 1391 00f8 19       		.uleb128 0x19
 1392 00f9 11       		.uleb128 0x11
 1393 00fa 01       		.uleb128 0x1
 1394 00fb 12       		.uleb128 0x12
 1395 00fc 06       		.uleb128 0x6
 1396 00fd 40       		.uleb128 0x40
 1397 00fe 18       		.uleb128 0x18
 1398 00ff 9742     		.uleb128 0x2117
 1399 0101 19       		.uleb128 0x19
 1400 0102 01       		.uleb128 0x1
 1401 0103 13       		.uleb128 0x13
 1402 0104 00       		.byte	0
 1403 0105 00       		.byte	0
 1404 0106 16       		.uleb128 0x16
 1405 0107 34       		.uleb128 0x34
 1406 0108 00       		.byte	0
 1407 0109 03       		.uleb128 0x3
 1408 010a 0E       		.uleb128 0xe
 1409 010b 3A       		.uleb128 0x3a
 1410 010c 0B       		.uleb128 0xb
 1411 010d 3B       		.uleb128 0x3b
 1412 010e 0B       		.uleb128 0xb
 1413 010f 49       		.uleb128 0x49
 1414 0110 13       		.uleb128 0x13
 1415 0111 00       		.byte	0
 1416 0112 00       		.byte	0
 1417 0113 17       		.uleb128 0x17
 1418 0114 2E       		.uleb128 0x2e
 1419 0115 01       		.byte	0x1
 1420 0116 3F       		.uleb128 0x3f
ARM GAS  C:\Users\User\AppData\Local\Temp\cc9rloai.s 			page 30


 1421 0117 19       		.uleb128 0x19
 1422 0118 03       		.uleb128 0x3
 1423 0119 0E       		.uleb128 0xe
 1424 011a 3A       		.uleb128 0x3a
 1425 011b 0B       		.uleb128 0xb
 1426 011c 3B       		.uleb128 0x3b
 1427 011d 0B       		.uleb128 0xb
 1428 011e 27       		.uleb128 0x27
 1429 011f 19       		.uleb128 0x19
 1430 0120 49       		.uleb128 0x49
 1431 0121 13       		.uleb128 0x13
 1432 0122 11       		.uleb128 0x11
 1433 0123 01       		.uleb128 0x1
 1434 0124 12       		.uleb128 0x12
 1435 0125 06       		.uleb128 0x6
 1436 0126 40       		.uleb128 0x40
 1437 0127 18       		.uleb128 0x18
 1438 0128 9742     		.uleb128 0x2117
 1439 012a 19       		.uleb128 0x19
 1440 012b 01       		.uleb128 0x1
 1441 012c 13       		.uleb128 0x13
 1442 012d 00       		.byte	0
 1443 012e 00       		.byte	0
 1444 012f 18       		.uleb128 0x18
 1445 0130 34       		.uleb128 0x34
 1446 0131 00       		.byte	0
 1447 0132 03       		.uleb128 0x3
 1448 0133 0E       		.uleb128 0xe
 1449 0134 3A       		.uleb128 0x3a
 1450 0135 0B       		.uleb128 0xb
 1451 0136 3B       		.uleb128 0x3b
 1452 0137 0B       		.uleb128 0xb
 1453 0138 49       		.uleb128 0x49
 1454 0139 13       		.uleb128 0x13
 1455 013a 02       		.uleb128 0x2
 1456 013b 17       		.uleb128 0x17
 1457 013c 00       		.byte	0
 1458 013d 00       		.byte	0
 1459 013e 19       		.uleb128 0x19
 1460 013f 898201   		.uleb128 0x4109
 1461 0142 00       		.byte	0
 1462 0143 11       		.uleb128 0x11
 1463 0144 01       		.uleb128 0x1
 1464 0145 31       		.uleb128 0x31
 1465 0146 13       		.uleb128 0x13
 1466 0147 00       		.byte	0
 1467 0148 00       		.byte	0
 1468 0149 1A       		.uleb128 0x1a
 1469 014a 34       		.uleb128 0x34
 1470 014b 00       		.byte	0
 1471 014c 03       		.uleb128 0x3
 1472 014d 0E       		.uleb128 0xe
 1473 014e 3A       		.uleb128 0x3a
 1474 014f 0B       		.uleb128 0xb
 1475 0150 3B       		.uleb128 0x3b
 1476 0151 0B       		.uleb128 0xb
 1477 0152 49       		.uleb128 0x49
ARM GAS  C:\Users\User\AppData\Local\Temp\cc9rloai.s 			page 31


 1478 0153 13       		.uleb128 0x13
 1479 0154 02       		.uleb128 0x2
 1480 0155 18       		.uleb128 0x18
 1481 0156 00       		.byte	0
 1482 0157 00       		.byte	0
 1483 0158 1B       		.uleb128 0x1b
 1484 0159 34       		.uleb128 0x34
 1485 015a 00       		.byte	0
 1486 015b 03       		.uleb128 0x3
 1487 015c 0E       		.uleb128 0xe
 1488 015d 3A       		.uleb128 0x3a
 1489 015e 0B       		.uleb128 0xb
 1490 015f 3B       		.uleb128 0x3b
 1491 0160 05       		.uleb128 0x5
 1492 0161 49       		.uleb128 0x49
 1493 0162 13       		.uleb128 0x13
 1494 0163 3F       		.uleb128 0x3f
 1495 0164 19       		.uleb128 0x19
 1496 0165 3C       		.uleb128 0x3c
 1497 0166 19       		.uleb128 0x19
 1498 0167 00       		.byte	0
 1499 0168 00       		.byte	0
 1500 0169 1C       		.uleb128 0x1c
 1501 016a 26       		.uleb128 0x26
 1502 016b 00       		.byte	0
 1503 016c 49       		.uleb128 0x49
 1504 016d 13       		.uleb128 0x13
 1505 016e 00       		.byte	0
 1506 016f 00       		.byte	0
 1507 0170 1D       		.uleb128 0x1d
 1508 0171 2E       		.uleb128 0x2e
 1509 0172 00       		.byte	0
 1510 0173 3F       		.uleb128 0x3f
 1511 0174 19       		.uleb128 0x19
 1512 0175 3C       		.uleb128 0x3c
 1513 0176 19       		.uleb128 0x19
 1514 0177 6E       		.uleb128 0x6e
 1515 0178 0E       		.uleb128 0xe
 1516 0179 03       		.uleb128 0x3
 1517 017a 0E       		.uleb128 0xe
 1518 017b 3A       		.uleb128 0x3a
 1519 017c 0B       		.uleb128 0xb
 1520 017d 3B       		.uleb128 0x3b
 1521 017e 05       		.uleb128 0x5
 1522 017f 00       		.byte	0
 1523 0180 00       		.byte	0
 1524 0181 1E       		.uleb128 0x1e
 1525 0182 2E       		.uleb128 0x2e
 1526 0183 00       		.byte	0
 1527 0184 3F       		.uleb128 0x3f
 1528 0185 19       		.uleb128 0x19
 1529 0186 3C       		.uleb128 0x3c
 1530 0187 19       		.uleb128 0x19
 1531 0188 6E       		.uleb128 0x6e
 1532 0189 0E       		.uleb128 0xe
 1533 018a 03       		.uleb128 0x3
 1534 018b 0E       		.uleb128 0xe
ARM GAS  C:\Users\User\AppData\Local\Temp\cc9rloai.s 			page 32


 1535 018c 3A       		.uleb128 0x3a
 1536 018d 0B       		.uleb128 0xb
 1537 018e 3B       		.uleb128 0x3b
 1538 018f 0B       		.uleb128 0xb
 1539 0190 00       		.byte	0
 1540 0191 00       		.byte	0
 1541 0192 00       		.byte	0
 1542              		.section	.debug_loc,"",%progbits
 1543              	.Ldebug_loc0:
 1544              	.LLST0:
 1545 0000 12000000 		.4byte	.LVL3
 1546 0004 1B000000 		.4byte	.LVL4-1
 1547 0008 0100     		.2byte	0x1
 1548 000a 50       		.byte	0x50
 1549 000b 76000000 		.4byte	.LVL19
 1550 000f 8F000000 		.4byte	.LVL20-1
 1551 0013 0100     		.2byte	0x1
 1552 0015 50       		.byte	0x50
 1553 0016 EE000000 		.4byte	.LVL29
 1554 001a 05010000 		.4byte	.LVL30-1
 1555 001e 0100     		.2byte	0x1
 1556 0020 50       		.byte	0x50
 1557 0021 00000000 		.4byte	0
 1558 0025 00000000 		.4byte	0
 1559              	.LLST1:
 1560 0029 A8000000 		.4byte	.LVL22
 1561 002d DA000000 		.4byte	.LVL25
 1562 0031 0100     		.2byte	0x1
 1563 0033 53       		.byte	0x53
 1564 0034 00000000 		.4byte	0
 1565 0038 00000000 		.4byte	0
 1566              	.LLST2:
 1567 003c B0000000 		.4byte	.LVL23
 1568 0040 E6000000 		.4byte	.LVL27
 1569 0044 0100     		.2byte	0x1
 1570 0046 52       		.byte	0x52
 1571 0047 00000000 		.4byte	0
 1572 004b 00000000 		.4byte	0
 1573              	.LLST3:
 1574 004f 02000000 		.4byte	.LVL1
 1575 0053 06000000 		.4byte	.LVL2
 1576 0057 0200     		.2byte	0x2
 1577 0059 30       		.byte	0x30
 1578 005a 9F       		.byte	0x9f
 1579 005b 06000000 		.4byte	.LVL2
 1580 005f 34000000 		.4byte	.LVL6
 1581 0063 0100     		.2byte	0x1
 1582 0065 56       		.byte	0x56
 1583 0066 34000000 		.4byte	.LVL6
 1584 006a 38000000 		.4byte	.LVL7
 1585 006e 0200     		.2byte	0x2
 1586 0070 31       		.byte	0x31
 1587 0071 9F       		.byte	0x9f
 1588 0072 38000000 		.4byte	.LVL7
 1589 0076 3E000000 		.4byte	.LVL8
 1590 007a 0100     		.2byte	0x1
 1591 007c 56       		.byte	0x56
ARM GAS  C:\Users\User\AppData\Local\Temp\cc9rloai.s 			page 33


 1592 007d 3E000000 		.4byte	.LVL8
 1593 0081 42000000 		.4byte	.LVL9
 1594 0085 0200     		.2byte	0x2
 1595 0087 31       		.byte	0x31
 1596 0088 9F       		.byte	0x9f
 1597 0089 42000000 		.4byte	.LVL9
 1598 008d 4C000000 		.4byte	.LVL11
 1599 0091 0100     		.2byte	0x1
 1600 0093 56       		.byte	0x56
 1601 0094 4C000000 		.4byte	.LVL11
 1602 0098 52000000 		.4byte	.LVL12
 1603 009c 0200     		.2byte	0x2
 1604 009e 31       		.byte	0x31
 1605 009f 9F       		.byte	0x9f
 1606 00a0 52000000 		.4byte	.LVL12
 1607 00a4 58000000 		.4byte	.LVL13
 1608 00a8 0100     		.2byte	0x1
 1609 00aa 56       		.byte	0x56
 1610 00ab 58000000 		.4byte	.LVL13
 1611 00af 5C000000 		.4byte	.LVL14
 1612 00b3 0200     		.2byte	0x2
 1613 00b5 31       		.byte	0x31
 1614 00b6 9F       		.byte	0x9f
 1615 00b7 5C000000 		.4byte	.LVL14
 1616 00bb 62000000 		.4byte	.LVL15
 1617 00bf 0100     		.2byte	0x1
 1618 00c1 56       		.byte	0x56
 1619 00c2 62000000 		.4byte	.LVL15
 1620 00c6 66000000 		.4byte	.LVL16
 1621 00ca 0200     		.2byte	0x2
 1622 00cc 31       		.byte	0x31
 1623 00cd 9F       		.byte	0x9f
 1624 00ce 66000000 		.4byte	.LVL16
 1625 00d2 6C000000 		.4byte	.LVL17
 1626 00d6 0100     		.2byte	0x1
 1627 00d8 56       		.byte	0x56
 1628 00d9 6C000000 		.4byte	.LVL17
 1629 00dd 6E000000 		.4byte	.LVL18
 1630 00e1 0200     		.2byte	0x2
 1631 00e3 30       		.byte	0x30
 1632 00e4 9F       		.byte	0x9f
 1633 00e5 6E000000 		.4byte	.LVL18
 1634 00e9 90000000 		.4byte	.LVL20
 1635 00ed 0100     		.2byte	0x1
 1636 00ef 56       		.byte	0x56
 1637 00f0 90000000 		.4byte	.LVL20
 1638 00f4 92000000 		.4byte	.LVL21
 1639 00f8 0200     		.2byte	0x2
 1640 00fa 30       		.byte	0x30
 1641 00fb 9F       		.byte	0x9f
 1642 00fc 92000000 		.4byte	.LVL21
 1643 0100 08010000 		.4byte	.LVL32
 1644 0104 0100     		.2byte	0x1
 1645 0106 56       		.byte	0x56
 1646 0107 00000000 		.4byte	0
 1647 010b 00000000 		.4byte	0
 1648              	.LLST4:
ARM GAS  C:\Users\User\AppData\Local\Temp\cc9rloai.s 			page 34


 1649 010f 22000000 		.4byte	.LVL5
 1650 0113 CC000000 		.4byte	.LVL24
 1651 0117 0100     		.2byte	0x1
 1652 0119 54       		.byte	0x54
 1653 011a 00000000 		.4byte	0
 1654 011e 00000000 		.4byte	0
 1655              	.LLST5:
 1656 0122 02000000 		.4byte	.LVL1
 1657 0126 06000000 		.4byte	.LVL2
 1658 012a 0200     		.2byte	0x2
 1659 012c 30       		.byte	0x30
 1660 012d 9F       		.byte	0x9f
 1661 012e 06000000 		.4byte	.LVL2
 1662 0132 46000000 		.4byte	.LVL10
 1663 0136 0100     		.2byte	0x1
 1664 0138 55       		.byte	0x55
 1665 0139 46000000 		.4byte	.LVL10
 1666 013d 52000000 		.4byte	.LVL12
 1667 0141 0200     		.2byte	0x2
 1668 0143 31       		.byte	0x31
 1669 0144 9F       		.byte	0x9f
 1670 0145 52000000 		.4byte	.LVL12
 1671 0149 08010000 		.4byte	.LVL31
 1672 014d 0100     		.2byte	0x1
 1673 014f 55       		.byte	0x55
 1674 0150 08010000 		.4byte	.LVL31
 1675 0154 20010000 		.4byte	.LFE70
 1676 0158 0100     		.2byte	0x1
 1677 015a 50       		.byte	0x50
 1678 015b 00000000 		.4byte	0
 1679 015f 00000000 		.4byte	0
 1680              	.LLST6:
 1681 0163 E2000000 		.4byte	.LVL26
 1682 0167 06010000 		.4byte	.LVL30
 1683 016b 0100     		.2byte	0x1
 1684 016d 54       		.byte	0x54
 1685 016e 00000000 		.4byte	0
 1686 0172 00000000 		.4byte	0
 1687              		.section	.debug_aranges,"",%progbits
 1688 0000 24000000 		.4byte	0x24
 1689 0004 0200     		.2byte	0x2
 1690 0006 00000000 		.4byte	.Ldebug_info0
 1691 000a 04       		.byte	0x4
 1692 000b 00       		.byte	0
 1693 000c 0000     		.2byte	0
 1694 000e 0000     		.2byte	0
 1695 0010 00000000 		.4byte	.LFB69
 1696 0014 14000000 		.4byte	.LFE69-.LFB69
 1697 0018 00000000 		.4byte	.LFB70
 1698 001c 20010000 		.4byte	.LFE70-.LFB70
 1699 0020 00000000 		.4byte	0
 1700 0024 00000000 		.4byte	0
 1701              		.section	.debug_ranges,"",%progbits
 1702              	.Ldebug_ranges0:
 1703 0000 00000000 		.4byte	.LFB69
 1704 0004 14000000 		.4byte	.LFE69
 1705 0008 00000000 		.4byte	.LFB70
ARM GAS  C:\Users\User\AppData\Local\Temp\cc9rloai.s 			page 35


 1706 000c 20010000 		.4byte	.LFE70
 1707 0010 00000000 		.4byte	0
 1708 0014 00000000 		.4byte	0
 1709              		.section	.debug_line,"",%progbits
 1710              	.Ldebug_line0:
 1711 0000 29020000 		.section	.debug_str,"MS",%progbits,1
 1711      0200C501 
 1711      00000201 
 1711      FB0E0D00 
 1711      01010101 
 1712              	.LASF102:
 1713 0000 43795F53 		.ascii	"Cy_SysLib_EnterCriticalSection\000"
 1713      79734C69 
 1713      625F456E 
 1713      74657243 
 1713      72697469 
 1714              	.LASF81:
 1715 001f 43617053 		.ascii	"CapSense_FLASH_STRUCT\000"
 1715      656E7365 
 1715      5F464C41 
 1715      53485F53 
 1715      54525543 
 1716              	.LASF63:
 1717 0035 77646774 		.ascii	"wdgtList\000"
 1717      4C697374 
 1717      00
 1718              	.LASF68:
 1719 003e 736E7254 		.ascii	"snrTestRawCount\000"
 1719      65737452 
 1719      6177436F 
 1719      756E7400 
 1720              	.LASF108:
 1721 004e 43617053 		.ascii	"CapSense_TuInitialize\000"
 1721      656E7365 
 1721      5F547549 
 1721      6E697469 
 1721      616C697A 
 1722              	.LASF46:
 1723 0064 62736C6E 		.ascii	"bsln\000"
 1723      00
 1724              	.LASF93:
 1725 0069 73656E73 		.ascii	"sensorId\000"
 1725      6F724964 
 1725      00
 1726              	.LASF89:
 1727 0072 43617053 		.ascii	"CapSense_TU_CMD_ENUM\000"
 1727      656E7365 
 1727      5F54555F 
 1727      434D445F 
 1727      454E554D 
 1728              	.LASF30:
 1729 0087 6C6F7742 		.ascii	"lowBslnRst\000"
 1729      736C6E52 
 1729      737400
 1730              	.LASF48:
 1731 0092 64696666 		.ascii	"diff\000"
 1731      00
ARM GAS  C:\Users\User\AppData\Local\Temp\cc9rloai.s 			page 36


 1732              	.LASF76:
 1733 0097 746F7461 		.ascii	"totalNumSns\000"
 1733      6C4E756D 
 1733      536E7300 
 1734              	.LASF88:
 1735 00a3 43617053 		.ascii	"CapSense_TU_CMD_ONE_SCAN_E\000"
 1735      656E7365 
 1735      5F54555F 
 1735      434D445F 
 1735      4F4E455F 
 1736              	.LASF31:
 1737 00be 69646163 		.ascii	"idacMod\000"
 1737      4D6F6400 
 1738              	.LASF99:
 1739 00c6 74756E65 		.ascii	"tunerFsm\000"
 1739      7246736D 
 1739      00
 1740              	.LASF2:
 1741 00cf 73686F72 		.ascii	"short int\000"
 1741      7420696E 
 1741      7400
 1742              	.LASF34:
 1743 00d9 43617053 		.ascii	"CapSense_RAM_WD_BUTTON_STRUCT\000"
 1743      656E7365 
 1743      5F52414D 
 1743      5F57445F 
 1743      42555454 
 1744              	.LASF29:
 1745 00f7 6F6E4465 		.ascii	"onDebounce\000"
 1745      626F756E 
 1745      636500
 1746              	.LASF15:
 1747 0102 73697A65 		.ascii	"sizetype\000"
 1747      74797065 
 1747      00
 1748              	.LASF85:
 1749 010b 43617053 		.ascii	"CapSense_TU_CMD_RESTART_E\000"
 1749      656E7365 
 1749      5F54555F 
 1749      434D445F 
 1749      52455354 
 1750              	.LASF79:
 1751 0125 43617053 		.ascii	"CapSense_FLASH_WD_STRUCT\000"
 1751      656E7365 
 1751      5F464C41 
 1751      53485F57 
 1751      445F5354 
 1752              	.LASF105:
 1753 013e 474E5520 		.ascii	"GNU C11 5.4.1 20160609 (release) [ARM/embedded-5-br"
 1753      43313120 
 1753      352E342E 
 1753      31203230 
 1753      31363036 
 1754 0171 616E6368 		.ascii	"anch revision 237715] -mcpu=cortex-m0plus -mthumb -"
 1754      20726576 
 1754      6973696F 
 1754      6E203233 
ARM GAS  C:\Users\User\AppData\Local\Temp\cc9rloai.s 			page 37


 1754      37373135 
 1755 01a4 67202D4F 		.ascii	"g -Og -ffunction-sections -ffat-lto-objects\000"
 1755      67202D66 
 1755      66756E63 
 1755      74696F6E 
 1755      2D736563 
 1756              	.LASF27:
 1757 01d0 6E4E6F69 		.ascii	"nNoiseTh\000"
 1757      73655468 
 1757      00
 1758              	.LASF61:
 1759 01d9 63736430 		.ascii	"csd0Config\000"
 1759      436F6E66 
 1759      696700
 1760              	.LASF7:
 1761 01e4 5F5F7569 		.ascii	"__uint32_t\000"
 1761      6E743332 
 1761      5F7400
 1762              	.LASF33:
 1763 01ef 736E7343 		.ascii	"snsClkSource\000"
 1763      6C6B536F 
 1763      75726365 
 1763      00
 1764              	.LASF4:
 1765 01fc 5F5F7569 		.ascii	"__uint16_t\000"
 1765      6E743136 
 1765      5F7400
 1766              	.LASF82:
 1767 0207 43617053 		.ascii	"CapSense_TU_CMD_NONE_E\000"
 1767      656E7365 
 1767      5F54555F 
 1767      434D445F 
 1767      4E4F4E45 
 1768              	.LASF26:
 1769 021e 6E6F6973 		.ascii	"noiseTh\000"
 1769      65546800 
 1770              	.LASF53:
 1771 0226 64657669 		.ascii	"deviceId\000"
 1771      63654964 
 1771      00
 1772              	.LASF20:
 1773 022f 75696E74 		.ascii	"uint16\000"
 1773      313600
 1774              	.LASF109:
 1775 0236 43617053 		.ascii	"CapSense_RunTuner\000"
 1775      656E7365 
 1775      5F52756E 
 1775      54756E65 
 1775      7200
 1776              	.LASF74:
 1777 0248 70747232 		.ascii	"ptr2DebounceArr\000"
 1777      4465626F 
 1777      756E6365 
 1777      41727200 
 1778              	.LASF12:
 1779 0258 75696E74 		.ascii	"uint8_t\000"
 1779      385F7400 
ARM GAS  C:\Users\User\AppData\Local\Temp\cc9rloai.s 			page 38


 1780              	.LASF19:
 1781 0260 75696E74 		.ascii	"uint8\000"
 1781      3800
 1782              	.LASF32:
 1783 0266 736E7343 		.ascii	"snsClk\000"
 1783      6C6B00
 1784              	.LASF17:
 1785 026d 666C6F61 		.ascii	"float\000"
 1785      7400
 1786              	.LASF45:
 1787 0273 43617053 		.ascii	"CapSense_RAM_WD_LIST_STRUCT\000"
 1787      656E7365 
 1787      5F52414D 
 1787      5F57445F 
 1787      4C495354 
 1788              	.LASF9:
 1789 028f 6C6F6E67 		.ascii	"long long int\000"
 1789      206C6F6E 
 1789      6720696E 
 1789      7400
 1790              	.LASF87:
 1791 029d 43617053 		.ascii	"CapSense_TU_CMD_PING_E\000"
 1791      656E7365 
 1791      5F54555F 
 1791      434D445F 
 1791      50494E47 
 1792              	.LASF16:
 1793 02b4 63686172 		.ascii	"char\000"
 1793      00
 1794              	.LASF6:
 1795 02b9 6C6F6E67 		.ascii	"long int\000"
 1795      20696E74 
 1795      00
 1796              	.LASF77:
 1797 02c2 77646774 		.ascii	"wdgtType\000"
 1797      54797065 
 1797      00
 1798              	.LASF22:
 1799 02cb 43617053 		.ascii	"CapSense_THRESHOLD_TYPE\000"
 1799      656E7365 
 1799      5F544852 
 1799      4553484F 
 1799      4C445F54 
 1800              	.LASF49:
 1801 02e3 6E656742 		.ascii	"negBslnRstCnt\000"
 1801      736C6E52 
 1801      7374436E 
 1801      7400
 1802              	.LASF3:
 1803 02f1 5F5F7569 		.ascii	"__uint8_t\000"
 1803      6E74385F 
 1803      7400
 1804              	.LASF100:
 1805 02fb 43617053 		.ascii	"CapSense_dsRam\000"
 1805      656E7365 
 1805      5F647352 
 1805      616D00
ARM GAS  C:\Users\User\AppData\Local\Temp\cc9rloai.s 			page 39


 1806              	.LASF25:
 1807 030a 66696E67 		.ascii	"fingerTh\000"
 1807      65725468 
 1807      00
 1808              	.LASF78:
 1809 0313 6E756D43 		.ascii	"numCols\000"
 1809      6F6C7300 
 1810              	.LASF28:
 1811 031b 68797374 		.ascii	"hysteresis\000"
 1811      65726573 
 1811      697300
 1812              	.LASF55:
 1813 0326 74756E65 		.ascii	"tunerCmd\000"
 1813      72436D64 
 1813      00
 1814              	.LASF90:
 1815 032f 6C6F6E67 		.ascii	"long double\000"
 1815      20646F75 
 1815      626C6500 
 1816              	.LASF59:
 1817 033b 77646774 		.ascii	"wdgtStatus\000"
 1817      53746174 
 1817      757300
 1818              	.LASF98:
 1819 0346 70747253 		.ascii	"ptrSnsTmp\000"
 1819      6E73546D 
 1819      7000
 1820              	.LASF1:
 1821 0350 756E7369 		.ascii	"unsigned char\000"
 1821      676E6564 
 1821      20636861 
 1821      7200
 1822              	.LASF101:
 1823 035e 43617053 		.ascii	"CapSense_dsFlash\000"
 1823      656E7365 
 1823      5F647346 
 1823      6C617368 
 1823      00
 1824              	.LASF0:
 1825 036f 7369676E 		.ascii	"signed char\000"
 1825      65642063 
 1825      68617200 
 1826              	.LASF51:
 1827 037b 43617053 		.ascii	"CapSense_RAM_SNS_LIST_STRUCT\000"
 1827      656E7365 
 1827      5F52414D 
 1827      5F534E53 
 1827      5F4C4953 
 1828              	.LASF10:
 1829 0398 6C6F6E67 		.ascii	"long long unsigned int\000"
 1829      206C6F6E 
 1829      6720756E 
 1829      7369676E 
 1829      65642069 
 1830              	.LASF50:
 1831 03af 43617053 		.ascii	"CapSense_RAM_SNS_STRUCT\000"
 1831      656E7365 
ARM GAS  C:\Users\User\AppData\Local\Temp\cc9rloai.s 			page 40


 1831      5F52414D 
 1831      5F534E53 
 1831      5F535452 
 1832              	.LASF14:
 1833 03c7 75696E74 		.ascii	"uint32_t\000"
 1833      33325F74 
 1833      00
 1834              	.LASF75:
 1835 03d0 73746174 		.ascii	"staticConfig\000"
 1835      6963436F 
 1835      6E666967 
 1835      00
 1836              	.LASF104:
 1837 03dd 43617053 		.ascii	"CapSense_Start\000"
 1837      656E7365 
 1837      5F537461 
 1837      727400
 1838              	.LASF11:
 1839 03ec 756E7369 		.ascii	"unsigned int\000"
 1839      676E6564 
 1839      20696E74 
 1839      00
 1840              	.LASF13:
 1841 03f9 75696E74 		.ascii	"uint16_t\000"
 1841      31365F74 
 1841      00
 1842              	.LASF58:
 1843 0402 77646774 		.ascii	"wdgtEnable\000"
 1843      456E6162 
 1843      6C6500
 1844              	.LASF57:
 1845 040d 73746174 		.ascii	"status\000"
 1845      757300
 1846              	.LASF5:
 1847 0414 73686F72 		.ascii	"short unsigned int\000"
 1847      7420756E 
 1847      7369676E 
 1847      65642069 
 1847      6E7400
 1848              	.LASF52:
 1849 0427 636F6E66 		.ascii	"configId\000"
 1849      69674964 
 1849      00
 1850              	.LASF92:
 1851 0430 77696467 		.ascii	"widgetId\000"
 1851      65744964 
 1851      00
 1852              	.LASF66:
 1853 0439 736E7254 		.ascii	"snrTestSensorId\000"
 1853      65737453 
 1853      656E736F 
 1853      72496400 
 1854              	.LASF67:
 1855 0449 736E7254 		.ascii	"snrTestScanCounter\000"
 1855      65737453 
 1855      63616E43 
 1855      6F756E74 
ARM GAS  C:\Users\User\AppData\Local\Temp\cc9rloai.s 			page 41


 1855      657200
 1856              	.LASF24:
 1857 045c 7265736F 		.ascii	"resolution\000"
 1857      6C757469 
 1857      6F6E00
 1858              	.LASF73:
 1859 0467 70747232 		.ascii	"ptr2FltrHistory\000"
 1859      466C7472 
 1859      48697374 
 1859      6F727900 
 1860              	.LASF64:
 1861 0477 736E734C 		.ascii	"snsList\000"
 1861      69737400 
 1862              	.LASF62:
 1863 047f 6D6F6443 		.ascii	"modCsdClk\000"
 1863      7364436C 
 1863      6B00
 1864              	.LASF56:
 1865 0489 7363616E 		.ascii	"scanCounter\000"
 1865      436F756E 
 1865      74657200 
 1866              	.LASF71:
 1867 0495 70747232 		.ascii	"ptr2WdgtRam\000"
 1867      57646774 
 1867      52616D00 
 1868              	.LASF91:
 1869 04a1 696E7465 		.ascii	"interruptState\000"
 1869      72727570 
 1869      74537461 
 1869      746500
 1870              	.LASF69:
 1871 04b0 43617053 		.ascii	"CapSense_RAM_STRUCT\000"
 1871      656E7365 
 1871      5F52414D 
 1871      5F535452 
 1871      55435400 
 1872              	.LASF21:
 1873 04c4 75696E74 		.ascii	"uint32\000"
 1873      333200
 1874              	.LASF8:
 1875 04cb 6C6F6E67 		.ascii	"long unsigned int\000"
 1875      20756E73 
 1875      69676E65 
 1875      6420696E 
 1875      7400
 1876              	.LASF18:
 1877 04dd 646F7562 		.ascii	"double\000"
 1877      6C6500
 1878              	.LASF72:
 1879 04e4 70747232 		.ascii	"ptr2SnsRam\000"
 1879      536E7352 
 1879      616D00
 1880              	.LASF47:
 1881 04ef 62736C6E 		.ascii	"bslnExt\000"
 1881      45787400 
 1882              	.LASF106:
 1883 04f7 47656E65 		.ascii	"Generated_Source\\PSoC6\\CapSense_Tuner.c\000"
ARM GAS  C:\Users\User\AppData\Local\Temp\cc9rloai.s 			page 42


 1883      72617465 
 1883      645F536F 
 1883      75726365 
 1883      5C50536F 
 1884              	.LASF86:
 1885 051f 43617053 		.ascii	"CapSense_TU_CMD_RUN_SNR_TEST_E\000"
 1885      656E7365 
 1885      5F54555F 
 1885      434D445F 
 1885      52554E5F 
 1886              	.LASF97:
 1887 053e 70747244 		.ascii	"ptrDsRam\000"
 1887      7352616D 
 1887      00
 1888              	.LASF23:
 1889 0547 43617053 		.ascii	"CapSense_LOW_BSLN_RST_TYPE\000"
 1889      656E7365 
 1889      5F4C4F57 
 1889      5F42534C 
 1889      4E5F5253 
 1890              	.LASF54:
 1891 0562 6877436C 		.ascii	"hwClock\000"
 1891      6F636B00 
 1892              	.LASF94:
 1893 056a 75706461 		.ascii	"updateFlag\000"
 1893      7465466C 
 1893      616700
 1894              	.LASF84:
 1895 0575 43617053 		.ascii	"CapSense_TU_CMD_RESUME_E\000"
 1895      656E7365 
 1895      5F54555F 
 1895      434D445F 
 1895      52455355 
 1896              	.LASF35:
 1897 058e 62757474 		.ascii	"button0\000"
 1897      6F6E3000 
 1898              	.LASF36:
 1899 0596 62757474 		.ascii	"button1\000"
 1899      6F6E3100 
 1900              	.LASF37:
 1901 059e 62757474 		.ascii	"button2\000"
 1901      6F6E3200 
 1902              	.LASF38:
 1903 05a6 62757474 		.ascii	"button3\000"
 1903      6F6E3300 
 1904              	.LASF39:
 1905 05ae 62757474 		.ascii	"button4\000"
 1905      6F6E3400 
 1906              	.LASF40:
 1907 05b6 62757474 		.ascii	"button5\000"
 1907      6F6E3500 
 1908              	.LASF41:
 1909 05be 62757474 		.ascii	"button6\000"
 1909      6F6E3600 
 1910              	.LASF42:
 1911 05c6 62757474 		.ascii	"button7\000"
 1911      6F6E3700 
ARM GAS  C:\Users\User\AppData\Local\Temp\cc9rloai.s 			page 43


 1912              	.LASF43:
 1913 05ce 62757474 		.ascii	"button8\000"
 1913      6F6E3800 
 1914              	.LASF44:
 1915 05d6 62757474 		.ascii	"button9\000"
 1915      6F6E3900 
 1916              	.LASF83:
 1917 05de 43617053 		.ascii	"CapSense_TU_CMD_SUSPEND_E\000"
 1917      656E7365 
 1917      5F54555F 
 1917      434D445F 
 1917      53555350 
 1918              	.LASF107:
 1919 05f8 433A5C55 		.ascii	"C:\\Users\\User\\Desktop\\SmartBottle_v0p1\\SmartBo"
 1919      73657273 
 1919      5C557365 
 1919      725C4465 
 1919      736B746F 
 1920 0626 74746C65 		.ascii	"ttle_v0p1_Calibration.cydsn\000"
 1920      5F763070 
 1920      315F4361 
 1920      6C696272 
 1920      6174696F 
 1921              	.LASF65:
 1922 0642 736E7254 		.ascii	"snrTestWidgetId\000"
 1922      65737457 
 1922      69646765 
 1922      74496400 
 1923              	.LASF103:
 1924 0652 43795F53 		.ascii	"Cy_SysLib_ExitCriticalSection\000"
 1924      79734C69 
 1924      625F4578 
 1924      69744372 
 1924      69746963 
 1925              	.LASF80:
 1926 0670 77646774 		.ascii	"wdgtArray\000"
 1926      41727261 
 1926      7900
 1927              	.LASF96:
 1928 067a 74756E65 		.ascii	"tunerStatus\000"
 1928      72537461 
 1928      74757300 
 1929              	.LASF70:
 1930 0686 70747232 		.ascii	"ptr2SnsFlash\000"
 1930      536E7346 
 1930      6C617368 
 1930      00
 1931              	.LASF60:
 1932 0693 736E7353 		.ascii	"snsStatus\000"
 1932      74617475 
 1932      7300
 1933              	.LASF95:
 1934 069d 636F6D6D 		.ascii	"command\000"
 1934      616E6400 
 1935              		.ident	"GCC: (GNU Tools for ARM Embedded Processors) 5.4.1 20160609 (release) [ARM/embedded-5-bran
