ARM GAS  C:\Users\User\AppData\Local\Temp\ccVvdhlR.s 			page 1


   1              		.syntax unified
   2              		.cpu cortex-m0plus
   3              		.fpu softvfp
   4              		.eabi_attribute 20, 1
   5              		.eabi_attribute 21, 1
   6              		.eabi_attribute 23, 3
   7              		.eabi_attribute 24, 1
   8              		.eabi_attribute 25, 1
   9              		.eabi_attribute 26, 1
  10              		.eabi_attribute 30, 1
  11              		.eabi_attribute 34, 0
  12              		.eabi_attribute 18, 4
  13              		.thumb
  14              		.syntax unified
  15              		.file	"main_cm0p.c"
  16              		.text
  17              	.Ltext0:
  18              		.cfi_sections	.debug_frame
  19              		.section	.text.main,"ax",%progbits
  20              		.align	2
  21              		.global	main
  22              		.code	16
  23              		.thumb_func
  24              		.type	main, %function
  25              	main:
  26              	.LFB383:
  27              		.file 1 "main_cm0p.c"
   1:main_cm0p.c   **** /******************************************************************************
   2:main_cm0p.c   **** * File Name: main_cm0p.c
   3:main_cm0p.c   **** *
   4:main_cm0p.c   **** * Version 1.0
   5:main_cm0p.c   **** *
   6:main_cm0p.c   **** * Description: Cortex-M4 is used in this project. See the main_cm4.c for the main 
   7:main_cm0p.c   **** *  functions.
   8:main_cm0p.c   **** *
   9:main_cm0p.c   **** * Related Document: CE222827_PSoC6_CapSense_Tuner.pdf
  10:main_cm0p.c   **** *
  11:main_cm0p.c   **** * Hardware Dependency: CY8CKIT-062-BLE PSoC 6 BLE Pioneer Kit
  12:main_cm0p.c   **** *
  13:main_cm0p.c   **** *******************************************************************************
  14:main_cm0p.c   **** * Copyright (2018), Cypress Semiconductor Corporation. All rights reserved.
  15:main_cm0p.c   **** *******************************************************************************
  16:main_cm0p.c   **** * This software, including source code, documentation and related materials
  17:main_cm0p.c   **** * (“Software”), is owned by Cypress Semiconductor Corporation or one of its
  18:main_cm0p.c   **** * subsidiaries (“Cypress”) and is protected by and subject to worldwide patent
  19:main_cm0p.c   **** * protection (United States and foreign), United States copyright laws and
  20:main_cm0p.c   **** * international treaty provisions. Therefore, you may use this Software only
  21:main_cm0p.c   **** * as provided in the license agreement accompanying the software package from
  22:main_cm0p.c   **** * which you obtained this Software (“EULA”).
  23:main_cm0p.c   **** *
  24:main_cm0p.c   **** * If no EULA applies, Cypress hereby grants you a personal, nonexclusive,
  25:main_cm0p.c   **** * non-transferable license to copy, modify, and compile the Software source
  26:main_cm0p.c   **** * code solely for use in connection with Cypress’s integrated circuit products.
  27:main_cm0p.c   **** * Any reproduction, modification, translation, compilation, or representation
  28:main_cm0p.c   **** * of this Software except as specified above is prohibited without the express
  29:main_cm0p.c   **** * written permission of Cypress.
  30:main_cm0p.c   **** *
ARM GAS  C:\Users\User\AppData\Local\Temp\ccVvdhlR.s 			page 2


  31:main_cm0p.c   **** * Disclaimer: THIS SOFTWARE IS PROVIDED AS-IS, WITH NO WARRANTY OF ANY KIND,
  32:main_cm0p.c   **** * EXPRESS OR IMPLIED, INCLUDING, BUT NOT LIMITED TO, NONINFRINGEMENT, IMPLIED
  33:main_cm0p.c   **** * WARRANTIES OF MERCHANTABILITY AND FITNESS FOR A PARTICULAR PURPOSE. Cypress
  34:main_cm0p.c   **** * reserves the right to make changes to the Software without notice. Cypress
  35:main_cm0p.c   **** * does not assume any liability arising out of the application or use of the
  36:main_cm0p.c   **** * Software or any product or circuit described in the Software. Cypress does
  37:main_cm0p.c   **** * not authorize its products for use in any products where a malfunction or
  38:main_cm0p.c   **** * failure of the Cypress product may reasonably be expected to result in
  39:main_cm0p.c   **** * significant property damage, injury or death (“High Risk Product”). By
  40:main_cm0p.c   **** * including Cypress’s product in a High Risk Product, the manufacturer of such
  41:main_cm0p.c   **** * system or application assumes all risk of such use and in doing so agrees to
  42:main_cm0p.c   **** * indemnify Cypress against all liability. 
  43:main_cm0p.c   **** *******************************************************************************/
  44:main_cm0p.c   **** 
  45:main_cm0p.c   **** #include "project.h"
  46:main_cm0p.c   **** /*******************************************************************************
  47:main_cm0p.c   **** * Function Name: main
  48:main_cm0p.c   **** ********************************************************************************
  49:main_cm0p.c   **** *
  50:main_cm0p.c   **** * Summary: This is the system entrance point for Cortex-M0+. This function 
  51:main_cm0p.c   **** * enables the Cortex-M4 and puts the Cortex-M0+ in Deep Sleep power mode
  52:main_cm0p.c   **** * to save power.
  53:main_cm0p.c   **** *
  54:main_cm0p.c   **** * Parameters:
  55:main_cm0p.c   **** *  None
  56:main_cm0p.c   **** *
  57:main_cm0p.c   **** * Return:
  58:main_cm0p.c   **** *  None
  59:main_cm0p.c   **** *
  60:main_cm0p.c   **** * Side Effects:
  61:main_cm0p.c   **** *  None  
  62:main_cm0p.c   **** *
  63:main_cm0p.c   **** *******************************************************************************/
  64:main_cm0p.c   **** int main(void)
  65:main_cm0p.c   **** {
  28              		.loc 1 65 0
  29              		.cfi_startproc
  30              		@ Volatile: function does not return.
  31              		@ args = 0, pretend = 0, frame = 0
  32              		@ frame_needed = 0, uses_anonymous_args = 0
  33 0000 10B5     		push	{r4, lr}
  34              		.cfi_def_cfa_offset 8
  35              		.cfi_offset 4, -8
  36              		.cfi_offset 14, -4
  37              	.LBB4:
  38              	.LBB5:
  39              		.file 2 "Generated_Source\\PSoC6\\pdl\\cmsis/include/cmsis_gcc.h"
   1:Generated_Source\PSoC6\pdl\cmsis/include/cmsis_gcc.h **** /**************************************************************************//**
   2:Generated_Source\PSoC6\pdl\cmsis/include/cmsis_gcc.h ****  * @file     cmsis_gcc.h
   3:Generated_Source\PSoC6\pdl\cmsis/include/cmsis_gcc.h ****  * @brief    CMSIS compiler GCC header file
   4:Generated_Source\PSoC6\pdl\cmsis/include/cmsis_gcc.h ****  * @version  V5.0.1
   5:Generated_Source\PSoC6\pdl\cmsis/include/cmsis_gcc.h ****  * @date     02. February 2017
   6:Generated_Source\PSoC6\pdl\cmsis/include/cmsis_gcc.h ****  ******************************************************************************/
   7:Generated_Source\PSoC6\pdl\cmsis/include/cmsis_gcc.h **** /*
   8:Generated_Source\PSoC6\pdl\cmsis/include/cmsis_gcc.h ****  * Copyright (c) 2009-2017 ARM Limited. All rights reserved.
   9:Generated_Source\PSoC6\pdl\cmsis/include/cmsis_gcc.h ****  *
  10:Generated_Source\PSoC6\pdl\cmsis/include/cmsis_gcc.h ****  * SPDX-License-Identifier: Apache-2.0
ARM GAS  C:\Users\User\AppData\Local\Temp\ccVvdhlR.s 			page 3


  11:Generated_Source\PSoC6\pdl\cmsis/include/cmsis_gcc.h ****  *
  12:Generated_Source\PSoC6\pdl\cmsis/include/cmsis_gcc.h ****  * Licensed under the Apache License, Version 2.0 (the License); you may
  13:Generated_Source\PSoC6\pdl\cmsis/include/cmsis_gcc.h ****  * not use this file except in compliance with the License.
  14:Generated_Source\PSoC6\pdl\cmsis/include/cmsis_gcc.h ****  * You may obtain a copy of the License at
  15:Generated_Source\PSoC6\pdl\cmsis/include/cmsis_gcc.h ****  *
  16:Generated_Source\PSoC6\pdl\cmsis/include/cmsis_gcc.h ****  * www.apache.org/licenses/LICENSE-2.0
  17:Generated_Source\PSoC6\pdl\cmsis/include/cmsis_gcc.h ****  *
  18:Generated_Source\PSoC6\pdl\cmsis/include/cmsis_gcc.h ****  * Unless required by applicable law or agreed to in writing, software
  19:Generated_Source\PSoC6\pdl\cmsis/include/cmsis_gcc.h ****  * distributed under the License is distributed on an AS IS BASIS, WITHOUT
  20:Generated_Source\PSoC6\pdl\cmsis/include/cmsis_gcc.h ****  * WARRANTIES OR CONDITIONS OF ANY KIND, either express or implied.
  21:Generated_Source\PSoC6\pdl\cmsis/include/cmsis_gcc.h ****  * See the License for the specific language governing permissions and
  22:Generated_Source\PSoC6\pdl\cmsis/include/cmsis_gcc.h ****  * limitations under the License.
  23:Generated_Source\PSoC6\pdl\cmsis/include/cmsis_gcc.h ****  */
  24:Generated_Source\PSoC6\pdl\cmsis/include/cmsis_gcc.h **** 
  25:Generated_Source\PSoC6\pdl\cmsis/include/cmsis_gcc.h **** #ifndef __CMSIS_GCC_H
  26:Generated_Source\PSoC6\pdl\cmsis/include/cmsis_gcc.h **** #define __CMSIS_GCC_H
  27:Generated_Source\PSoC6\pdl\cmsis/include/cmsis_gcc.h **** 
  28:Generated_Source\PSoC6\pdl\cmsis/include/cmsis_gcc.h **** /* ignore some GCC warnings */
  29:Generated_Source\PSoC6\pdl\cmsis/include/cmsis_gcc.h **** #pragma GCC diagnostic push
  30:Generated_Source\PSoC6\pdl\cmsis/include/cmsis_gcc.h **** #pragma GCC diagnostic ignored "-Wsign-conversion"
  31:Generated_Source\PSoC6\pdl\cmsis/include/cmsis_gcc.h **** #pragma GCC diagnostic ignored "-Wconversion"
  32:Generated_Source\PSoC6\pdl\cmsis/include/cmsis_gcc.h **** #pragma GCC diagnostic ignored "-Wunused-parameter"
  33:Generated_Source\PSoC6\pdl\cmsis/include/cmsis_gcc.h **** 
  34:Generated_Source\PSoC6\pdl\cmsis/include/cmsis_gcc.h **** /* CMSIS compiler specific defines */
  35:Generated_Source\PSoC6\pdl\cmsis/include/cmsis_gcc.h **** #ifndef   __ASM
  36:Generated_Source\PSoC6\pdl\cmsis/include/cmsis_gcc.h ****   #define __ASM                     __asm
  37:Generated_Source\PSoC6\pdl\cmsis/include/cmsis_gcc.h **** #endif
  38:Generated_Source\PSoC6\pdl\cmsis/include/cmsis_gcc.h **** #ifndef   __INLINE
  39:Generated_Source\PSoC6\pdl\cmsis/include/cmsis_gcc.h ****   #define __INLINE                  inline
  40:Generated_Source\PSoC6\pdl\cmsis/include/cmsis_gcc.h **** #endif
  41:Generated_Source\PSoC6\pdl\cmsis/include/cmsis_gcc.h **** #ifndef   __STATIC_INLINE
  42:Generated_Source\PSoC6\pdl\cmsis/include/cmsis_gcc.h ****   #define __STATIC_INLINE           static inline
  43:Generated_Source\PSoC6\pdl\cmsis/include/cmsis_gcc.h **** #endif
  44:Generated_Source\PSoC6\pdl\cmsis/include/cmsis_gcc.h **** #ifndef   __NO_RETURN
  45:Generated_Source\PSoC6\pdl\cmsis/include/cmsis_gcc.h ****   #define __NO_RETURN               __attribute__((noreturn))
  46:Generated_Source\PSoC6\pdl\cmsis/include/cmsis_gcc.h **** #endif
  47:Generated_Source\PSoC6\pdl\cmsis/include/cmsis_gcc.h **** #ifndef   __USED
  48:Generated_Source\PSoC6\pdl\cmsis/include/cmsis_gcc.h ****   #define __USED                    __attribute__((used))
  49:Generated_Source\PSoC6\pdl\cmsis/include/cmsis_gcc.h **** #endif
  50:Generated_Source\PSoC6\pdl\cmsis/include/cmsis_gcc.h **** #ifndef   __WEAK
  51:Generated_Source\PSoC6\pdl\cmsis/include/cmsis_gcc.h ****   #define __WEAK                    __attribute__((weak))
  52:Generated_Source\PSoC6\pdl\cmsis/include/cmsis_gcc.h **** #endif
  53:Generated_Source\PSoC6\pdl\cmsis/include/cmsis_gcc.h **** #ifndef   __UNALIGNED_UINT32
  54:Generated_Source\PSoC6\pdl\cmsis/include/cmsis_gcc.h **** #pragma GCC diagnostic push
  55:Generated_Source\PSoC6\pdl\cmsis/include/cmsis_gcc.h **** #pragma GCC diagnostic ignored "-Wpacked"
  56:Generated_Source\PSoC6\pdl\cmsis/include/cmsis_gcc.h **** #pragma GCC diagnostic ignored "-Wattributes"
  57:Generated_Source\PSoC6\pdl\cmsis/include/cmsis_gcc.h ****   struct __attribute__((packed)) T_UINT32 { uint32_t v; };
  58:Generated_Source\PSoC6\pdl\cmsis/include/cmsis_gcc.h **** #pragma GCC diagnostic pop
  59:Generated_Source\PSoC6\pdl\cmsis/include/cmsis_gcc.h ****   #define __UNALIGNED_UINT32(x)     (((struct T_UINT32 *)(x))->v)
  60:Generated_Source\PSoC6\pdl\cmsis/include/cmsis_gcc.h **** #endif
  61:Generated_Source\PSoC6\pdl\cmsis/include/cmsis_gcc.h **** #ifndef   __ALIGNED
  62:Generated_Source\PSoC6\pdl\cmsis/include/cmsis_gcc.h ****   #define __ALIGNED(x)              __attribute__((aligned(x)))
  63:Generated_Source\PSoC6\pdl\cmsis/include/cmsis_gcc.h **** #endif
  64:Generated_Source\PSoC6\pdl\cmsis/include/cmsis_gcc.h **** #ifndef   __PACKED
  65:Generated_Source\PSoC6\pdl\cmsis/include/cmsis_gcc.h ****   #define __PACKED                  __attribute__((packed, aligned(1)))
  66:Generated_Source\PSoC6\pdl\cmsis/include/cmsis_gcc.h **** #endif
  67:Generated_Source\PSoC6\pdl\cmsis/include/cmsis_gcc.h **** #ifndef   __PACKED_STRUCT
ARM GAS  C:\Users\User\AppData\Local\Temp\ccVvdhlR.s 			page 4


  68:Generated_Source\PSoC6\pdl\cmsis/include/cmsis_gcc.h ****   #define __PACKED_STRUCT           struct __attribute__((packed, aligned(1)))
  69:Generated_Source\PSoC6\pdl\cmsis/include/cmsis_gcc.h **** #endif
  70:Generated_Source\PSoC6\pdl\cmsis/include/cmsis_gcc.h **** 
  71:Generated_Source\PSoC6\pdl\cmsis/include/cmsis_gcc.h **** 
  72:Generated_Source\PSoC6\pdl\cmsis/include/cmsis_gcc.h **** /* ###########################  Core Function Access  ########################### */
  73:Generated_Source\PSoC6\pdl\cmsis/include/cmsis_gcc.h **** /** \ingroup  CMSIS_Core_FunctionInterface
  74:Generated_Source\PSoC6\pdl\cmsis/include/cmsis_gcc.h ****     \defgroup CMSIS_Core_RegAccFunctions CMSIS Core Register Access Functions
  75:Generated_Source\PSoC6\pdl\cmsis/include/cmsis_gcc.h ****   @{
  76:Generated_Source\PSoC6\pdl\cmsis/include/cmsis_gcc.h ****  */
  77:Generated_Source\PSoC6\pdl\cmsis/include/cmsis_gcc.h **** 
  78:Generated_Source\PSoC6\pdl\cmsis/include/cmsis_gcc.h **** /**
  79:Generated_Source\PSoC6\pdl\cmsis/include/cmsis_gcc.h ****   \brief   Enable IRQ Interrupts
  80:Generated_Source\PSoC6\pdl\cmsis/include/cmsis_gcc.h ****   \details Enables IRQ interrupts by clearing the I-bit in the CPSR.
  81:Generated_Source\PSoC6\pdl\cmsis/include/cmsis_gcc.h ****            Can only be executed in Privileged modes.
  82:Generated_Source\PSoC6\pdl\cmsis/include/cmsis_gcc.h ****  */
  83:Generated_Source\PSoC6\pdl\cmsis/include/cmsis_gcc.h **** __attribute__((always_inline)) __STATIC_INLINE void __enable_irq(void)
  84:Generated_Source\PSoC6\pdl\cmsis/include/cmsis_gcc.h **** {
  85:Generated_Source\PSoC6\pdl\cmsis/include/cmsis_gcc.h ****   __ASM volatile ("cpsie i" : : : "memory");
  40              		.loc 2 85 0
  41              		.syntax divided
  42              	@ 85 "Generated_Source\PSoC6\pdl\cmsis/include/cmsis_gcc.h" 1
  43 0002 62B6     		cpsie i
  44              	@ 0 "" 2
  45              		.thumb
  46              		.syntax unified
  47              	.LBE5:
  48              	.LBE4:
  66:main_cm0p.c   ****     __enable_irq(); /* Enable global interrupts. */
  67:main_cm0p.c   ****     
  68:main_cm0p.c   ****     /* Enable CM4. CY_CORTEX_M4_APPL_ADDR must be updated if CM4 memory layout is changed. */
  69:main_cm0p.c   ****     Cy_SysEnableCM4(CY_CORTEX_M4_APPL_ADDR);
  49              		.loc 1 69 0
  50 0004 0348     		ldr	r0, .L3
  51 0006 FFF7FEFF 		bl	Cy_SysEnableCM4
  52              	.LVL0:
  53              	.L2:
  70:main_cm0p.c   **** 
  71:main_cm0p.c   ****     /* Infinite loop */
  72:main_cm0p.c   ****     for(;;)
  73:main_cm0p.c   ****     {
  74:main_cm0p.c   ****         /* 
  75:main_cm0p.c   ****         * CM0+ is not used after enabling CM4. CM0+ is put into Deep Sleep mode 
  76:main_cm0p.c   **** 		* to save power. CM0+ does not wake up from Deep Sleep mode 
  77:main_cm0p.c   ****         */
  78:main_cm0p.c   ****         Cy_SysPm_DeepSleep(CY_SYSPM_WAIT_FOR_INTERRUPT);
  54              		.loc 1 78 0 discriminator 1
  55 000a 0020     		movs	r0, #0
  56 000c FFF7FEFF 		bl	Cy_SysPm_DeepSleep
  57              	.LVL1:
  58 0010 FBE7     		b	.L2
  59              	.L4:
  60 0012 C046     		.align	2
  61              	.L3:
  62 0014 00000810 		.word	268959744
  63              		.cfi_endproc
  64              	.LFE383:
  65              		.size	main, .-main
ARM GAS  C:\Users\User\AppData\Local\Temp\ccVvdhlR.s 			page 5


  66              		.text
  67              	.Letext0:
  68              		.file 3 "d:\\cypress creator\\psoc creator\\4.2\\psoc creator\\import\\gnu\\arm\\5.4.1\\arm-none-e
  69              		.file 4 "d:\\cypress creator\\psoc creator\\4.2\\psoc creator\\import\\gnu\\arm\\5.4.1\\arm-none-e
  70              		.file 5 "Generated_Source\\PSoC6\\pdl\\drivers/peripheral/syspm/cy_syspm.h"
  71              		.file 6 "Generated_Source\\PSoC6\\pdl\\drivers/peripheral/scb/cy_scb_ezi2c.h"
  72              		.file 7 "Generated_Source\\PSoC6\\pdl\\drivers/peripheral/scb/cy_scb_uart.h"
  73              		.file 8 "Generated_Source\\PSoC6/I2C.h"
  74              		.file 9 "Generated_Source\\PSoC6/Uart_Printf.h"
  75              		.file 10 "./system_psoc63.h"
  76              		.section	.debug_info,"",%progbits
  77              	.Ldebug_info0:
  78 0000 BD030000 		.4byte	0x3bd
  79 0004 0400     		.2byte	0x4
  80 0006 00000000 		.4byte	.Ldebug_abbrev0
  81 000a 04       		.byte	0x4
  82 000b 01       		.uleb128 0x1
  83 000c AA000000 		.4byte	.LASF71
  84 0010 0C       		.byte	0xc
  85 0011 73000000 		.4byte	.LASF72
  86 0015 B6040000 		.4byte	.LASF73
  87 0019 00000000 		.4byte	.Ldebug_ranges0+0
  88 001d 00000000 		.4byte	0
  89 0021 00000000 		.4byte	.Ldebug_line0
  90 0025 02       		.uleb128 0x2
  91 0026 02       		.byte	0x2
  92 0027 05       		.byte	0x5
  93 0028 7F000000 		.4byte	.LASF0
  94 002c 02       		.uleb128 0x2
  95 002d 01       		.byte	0x1
  96 002e 08       		.byte	0x8
  97 002f 59020000 		.4byte	.LASF1
  98 0033 02       		.uleb128 0x2
  99 0034 01       		.byte	0x1
 100 0035 06       		.byte	0x6
 101 0036 71020000 		.4byte	.LASF2
 102 003a 03       		.uleb128 0x3
 103 003b F6010000 		.4byte	.LASF5
 104 003f 03       		.byte	0x3
 105 0040 1D       		.byte	0x1d
 106 0041 2C000000 		.4byte	0x2c
 107 0045 02       		.uleb128 0x2
 108 0046 02       		.byte	0x2
 109 0047 07       		.byte	0x7
 110 0048 54030000 		.4byte	.LASF3
 111 004c 02       		.uleb128 0x2
 112 004d 04       		.byte	0x4
 113 004e 05       		.byte	0x5
 114 004f 00050000 		.4byte	.LASF4
 115 0053 03       		.uleb128 0x3
 116 0054 4B010000 		.4byte	.LASF6
 117 0058 03       		.byte	0x3
 118 0059 41       		.byte	0x41
 119 005a 5E000000 		.4byte	0x5e
 120 005e 02       		.uleb128 0x2
 121 005f 04       		.byte	0x4
 122 0060 07       		.byte	0x7
ARM GAS  C:\Users\User\AppData\Local\Temp\ccVvdhlR.s 			page 6


 123 0061 DE030000 		.4byte	.LASF7
 124 0065 02       		.uleb128 0x2
 125 0066 08       		.byte	0x8
 126 0067 05       		.byte	0x5
 127 0068 C0010000 		.4byte	.LASF8
 128 006c 02       		.uleb128 0x2
 129 006d 08       		.byte	0x8
 130 006e 07       		.byte	0x7
 131 006f 7D020000 		.4byte	.LASF9
 132 0073 04       		.uleb128 0x4
 133 0074 04       		.byte	0x4
 134 0075 05       		.byte	0x5
 135 0076 696E7400 		.ascii	"int\000"
 136 007a 02       		.uleb128 0x2
 137 007b 04       		.byte	0x4
 138 007c 07       		.byte	0x7
 139 007d B1020000 		.4byte	.LASF10
 140 0081 03       		.uleb128 0x3
 141 0082 84010000 		.4byte	.LASF11
 142 0086 04       		.byte	0x4
 143 0087 18       		.byte	0x18
 144 0088 3A000000 		.4byte	0x3a
 145 008c 03       		.uleb128 0x3
 146 008d 94020000 		.4byte	.LASF12
 147 0091 04       		.byte	0x4
 148 0092 30       		.byte	0x30
 149 0093 53000000 		.4byte	0x53
 150 0097 02       		.uleb128 0x2
 151 0098 04       		.byte	0x4
 152 0099 07       		.byte	0x7
 153 009a 89000000 		.4byte	.LASF13
 154 009e 05       		.uleb128 0x5
 155 009f 8C000000 		.4byte	0x8c
 156 00a3 02       		.uleb128 0x2
 157 00a4 08       		.byte	0x8
 158 00a5 04       		.byte	0x4
 159 00a6 44020000 		.4byte	.LASF14
 160 00aa 02       		.uleb128 0x2
 161 00ab 01       		.byte	0x1
 162 00ac 08       		.byte	0x8
 163 00ad 3D030000 		.4byte	.LASF15
 164 00b1 02       		.uleb128 0x2
 165 00b2 04       		.byte	0x4
 166 00b3 04       		.byte	0x4
 167 00b4 B4010000 		.4byte	.LASF16
 168 00b8 02       		.uleb128 0x2
 169 00b9 08       		.byte	0x8
 170 00ba 04       		.byte	0x4
 171 00bb F0030000 		.4byte	.LASF17
 172 00bf 06       		.uleb128 0x6
 173 00c0 01       		.byte	0x1
 174 00c1 2C000000 		.4byte	0x2c
 175 00c5 05       		.byte	0x5
 176 00c6 CE03     		.2byte	0x3ce
 177 00c8 D9000000 		.4byte	0xd9
 178 00cc 07       		.uleb128 0x7
 179 00cd 9A040000 		.4byte	.LASF18
ARM GAS  C:\Users\User\AppData\Local\Temp\ccVvdhlR.s 			page 7


 180 00d1 00       		.byte	0
 181 00d2 07       		.uleb128 0x7
 182 00d3 F6020000 		.4byte	.LASF19
 183 00d7 01       		.byte	0x1
 184 00d8 00       		.byte	0
 185 00d9 08       		.uleb128 0x8
 186 00da 04       		.byte	0x4
 187 00db 02       		.uleb128 0x2
 188 00dc 01       		.byte	0x1
 189 00dd 02       		.byte	0x2
 190 00de 67030000 		.4byte	.LASF20
 191 00e2 09       		.uleb128 0x9
 192 00e3 04       		.byte	0x4
 193 00e4 E8000000 		.4byte	0xe8
 194 00e8 0A       		.uleb128 0xa
 195 00e9 F3000000 		.4byte	0xf3
 196 00ed 0B       		.uleb128 0xb
 197 00ee 8C000000 		.4byte	0x8c
 198 00f2 00       		.byte	0
 199 00f3 09       		.uleb128 0x9
 200 00f4 04       		.byte	0x4
 201 00f5 81000000 		.4byte	0x81
 202 00f9 06       		.uleb128 0x6
 203 00fa 01       		.byte	0x1
 204 00fb 2C000000 		.4byte	0x2c
 205 00ff 06       		.byte	0x6
 206 0100 2A01     		.2byte	0x12a
 207 0102 13010000 		.4byte	0x113
 208 0106 07       		.uleb128 0x7
 209 0107 68010000 		.4byte	.LASF21
 210 010b 00       		.byte	0
 211 010c 07       		.uleb128 0x7
 212 010d 7D040000 		.4byte	.LASF22
 213 0111 01       		.byte	0x1
 214 0112 00       		.byte	0
 215 0113 0C       		.uleb128 0xc
 216 0114 D6020000 		.4byte	.LASF23
 217 0118 06       		.byte	0x6
 218 0119 2D01     		.2byte	0x12d
 219 011b F9000000 		.4byte	0xf9
 220 011f 06       		.uleb128 0x6
 221 0120 01       		.byte	0x1
 222 0121 2C000000 		.4byte	0x2c
 223 0125 06       		.byte	0x6
 224 0126 3201     		.2byte	0x132
 225 0128 57010000 		.4byte	0x157
 226 012c 07       		.uleb128 0x7
 227 012d 65040000 		.4byte	.LASF24
 228 0131 00       		.byte	0
 229 0132 07       		.uleb128 0x7
 230 0133 B0030000 		.4byte	.LASF25
 231 0137 01       		.byte	0x1
 232 0138 07       		.uleb128 0x7
 233 0139 6D030000 		.4byte	.LASF26
 234 013d 02       		.byte	0x2
 235 013e 07       		.uleb128 0x7
 236 013f 10040000 		.4byte	.LASF27
ARM GAS  C:\Users\User\AppData\Local\Temp\ccVvdhlR.s 			page 8


 237 0143 03       		.byte	0x3
 238 0144 07       		.uleb128 0x7
 239 0145 15030000 		.4byte	.LASF28
 240 0149 04       		.byte	0x4
 241 014a 07       		.uleb128 0x7
 242 014b 32000000 		.4byte	.LASF29
 243 014f 05       		.byte	0x5
 244 0150 07       		.uleb128 0x7
 245 0151 8E030000 		.4byte	.LASF30
 246 0155 06       		.byte	0x6
 247 0156 00       		.byte	0
 248 0157 0C       		.uleb128 0xc
 249 0158 BE020000 		.4byte	.LASF31
 250 015c 06       		.byte	0x6
 251 015d 3A01     		.2byte	0x13a
 252 015f 1F010000 		.4byte	0x11f
 253 0163 0D       		.uleb128 0xd
 254 0164 F7030000 		.4byte	.LASF50
 255 0168 3C       		.byte	0x3c
 256 0169 06       		.byte	0x6
 257 016a 6601     		.2byte	0x166
 258 016c 4E020000 		.4byte	0x24e
 259 0170 0E       		.uleb128 0xe
 260 0171 4E000000 		.4byte	.LASF32
 261 0175 06       		.byte	0x6
 262 0176 6901     		.2byte	0x169
 263 0178 4E020000 		.4byte	0x24e
 264 017c 00       		.byte	0
 265 017d 0E       		.uleb128 0xe
 266 017e 0E030000 		.4byte	.LASF33
 267 0182 06       		.byte	0x6
 268 0183 6A01     		.2byte	0x16a
 269 0185 9E000000 		.4byte	0x9e
 270 0189 04       		.byte	0x4
 271 018a 0E       		.uleb128 0xe
 272 018b 31040000 		.4byte	.LASF34
 273 018f 06       		.byte	0x6
 274 0190 6C01     		.2byte	0x16c
 275 0192 81000000 		.4byte	0x81
 276 0196 08       		.byte	0x8
 277 0197 0E       		.uleb128 0xe
 278 0198 3A040000 		.4byte	.LASF35
 279 019c 06       		.byte	0x6
 280 019d 6D01     		.2byte	0x16d
 281 019f 81000000 		.4byte	0x81
 282 01a3 09       		.byte	0x9
 283 01a4 0E       		.uleb128 0xe
 284 01a5 9A010000 		.4byte	.LASF36
 285 01a9 06       		.byte	0x6
 286 01aa 6E01     		.2byte	0x16e
 287 01ac 13010000 		.4byte	0x113
 288 01b0 0A       		.byte	0xa
 289 01b1 0F       		.uleb128 0xf
 290 01b2 69647800 		.ascii	"idx\000"
 291 01b6 06       		.byte	0x6
 292 01b7 7001     		.2byte	0x170
 293 01b9 8C000000 		.4byte	0x8c
ARM GAS  C:\Users\User\AppData\Local\Temp\ccVvdhlR.s 			page 9


 294 01bd 0C       		.byte	0xc
 295 01be 0E       		.uleb128 0xe
 296 01bf 30020000 		.4byte	.LASF37
 297 01c3 06       		.byte	0x6
 298 01c4 7101     		.2byte	0x171
 299 01c6 8C000000 		.4byte	0x8c
 300 01ca 10       		.byte	0x10
 301 01cb 0E       		.uleb128 0xe
 302 01cc 3A020000 		.4byte	.LASF38
 303 01d0 06       		.byte	0x6
 304 01d1 7201     		.2byte	0x172
 305 01d3 8C000000 		.4byte	0x8c
 306 01d7 14       		.byte	0x14
 307 01d8 0E       		.uleb128 0xe
 308 01d9 EA010000 		.4byte	.LASF39
 309 01dd 06       		.byte	0x6
 310 01de 7401     		.2byte	0x174
 311 01e0 DB000000 		.4byte	0xdb
 312 01e4 18       		.byte	0x18
 313 01e5 0E       		.uleb128 0xe
 314 01e6 A9030000 		.4byte	.LASF40
 315 01ea 06       		.byte	0x6
 316 01eb 7501     		.2byte	0x175
 317 01ed F3000000 		.4byte	0xf3
 318 01f1 1C       		.byte	0x1c
 319 01f2 0E       		.uleb128 0xe
 320 01f3 00020000 		.4byte	.LASF41
 321 01f7 06       		.byte	0x6
 322 01f8 7601     		.2byte	0x176
 323 01fa 8C000000 		.4byte	0x8c
 324 01fe 20       		.byte	0x20
 325 01ff 0E       		.uleb128 0xe
 326 0200 1C050000 		.4byte	.LASF42
 327 0204 06       		.byte	0x6
 328 0205 7801     		.2byte	0x178
 329 0207 F3000000 		.4byte	0xf3
 330 020b 24       		.byte	0x24
 331 020c 0E       		.uleb128 0xe
 332 020d 4B030000 		.4byte	.LASF43
 333 0211 06       		.byte	0x6
 334 0212 7901     		.2byte	0x179
 335 0214 8C000000 		.4byte	0x8c
 336 0218 28       		.byte	0x28
 337 0219 0E       		.uleb128 0xe
 338 021a CE010000 		.4byte	.LASF44
 339 021e 06       		.byte	0x6
 340 021f 7A01     		.2byte	0x17a
 341 0221 8C000000 		.4byte	0x8c
 342 0225 2C       		.byte	0x2c
 343 0226 0E       		.uleb128 0xe
 344 0227 21050000 		.4byte	.LASF45
 345 022b 06       		.byte	0x6
 346 022c 7C01     		.2byte	0x17c
 347 022e F3000000 		.4byte	0xf3
 348 0232 30       		.byte	0x30
 349 0233 0E       		.uleb128 0xe
 350 0234 00000000 		.4byte	.LASF46
ARM GAS  C:\Users\User\AppData\Local\Temp\ccVvdhlR.s 			page 10


 351 0238 06       		.byte	0x6
 352 0239 7D01     		.2byte	0x17d
 353 023b 8C000000 		.4byte	0x8c
 354 023f 34       		.byte	0x34
 355 0240 0E       		.uleb128 0xe
 356 0241 8C010000 		.4byte	.LASF47
 357 0245 06       		.byte	0x6
 358 0246 7E01     		.2byte	0x17e
 359 0248 8C000000 		.4byte	0x8c
 360 024c 38       		.byte	0x38
 361 024d 00       		.byte	0
 362 024e 05       		.uleb128 0x5
 363 024f 57010000 		.4byte	0x157
 364 0253 0C       		.uleb128 0xc
 365 0254 15020000 		.4byte	.LASF48
 366 0258 06       		.byte	0x6
 367 0259 8001     		.2byte	0x180
 368 025b 63010000 		.4byte	0x163
 369 025f 0C       		.uleb128 0xc
 370 0260 54000000 		.4byte	.LASF49
 371 0264 07       		.byte	0x7
 372 0265 AB01     		.2byte	0x1ab
 373 0267 E2000000 		.4byte	0xe2
 374 026b 0D       		.uleb128 0xd
 375 026c 92000000 		.4byte	.LASF51
 376 0270 38       		.byte	0x38
 377 0271 07       		.byte	0x7
 378 0272 4702     		.2byte	0x247
 379 0274 2F030000 		.4byte	0x32f
 380 0278 0E       		.uleb128 0xe
 381 0279 56010000 		.4byte	.LASF52
 382 027d 07       		.byte	0x7
 383 027e 4A02     		.2byte	0x24a
 384 0280 9E000000 		.4byte	0x9e
 385 0284 00       		.byte	0
 386 0285 0E       		.uleb128 0xe
 387 0286 50020000 		.4byte	.LASF53
 388 028a 07       		.byte	0x7
 389 028b 4B02     		.2byte	0x24b
 390 028d 9E000000 		.4byte	0x9e
 391 0291 04       		.byte	0x4
 392 0292 0E       		.uleb128 0xe
 393 0293 67020000 		.4byte	.LASF54
 394 0297 07       		.byte	0x7
 395 0298 4D02     		.2byte	0x24d
 396 029a D9000000 		.4byte	0xd9
 397 029e 08       		.byte	0x8
 398 029f 0E       		.uleb128 0xe
 399 02a0 DC010000 		.4byte	.LASF55
 400 02a4 07       		.byte	0x7
 401 02a5 4E02     		.2byte	0x24e
 402 02a7 8C000000 		.4byte	0x8c
 403 02ab 0C       		.byte	0xc
 404 02ac 0E       		.uleb128 0xe
 405 02ad A6010000 		.4byte	.LASF56
 406 02b1 07       		.byte	0x7
 407 02b2 4F02     		.2byte	0x24f
ARM GAS  C:\Users\User\AppData\Local\Temp\ccVvdhlR.s 			page 11


 408 02b4 9E000000 		.4byte	0x9e
 409 02b8 10       		.byte	0x10
 410 02b9 0E       		.uleb128 0xe
 411 02ba 1A000000 		.4byte	.LASF57
 412 02be 07       		.byte	0x7
 413 02bf 5002     		.2byte	0x250
 414 02c1 9E000000 		.4byte	0x9e
 415 02c5 14       		.byte	0x14
 416 02c6 0E       		.uleb128 0xe
 417 02c7 C8030000 		.4byte	.LASF58
 418 02cb 07       		.byte	0x7
 419 02cc 5202     		.2byte	0x252
 420 02ce D9000000 		.4byte	0xd9
 421 02d2 18       		.byte	0x18
 422 02d3 0E       		.uleb128 0xe
 423 02d4 28000000 		.4byte	.LASF59
 424 02d8 07       		.byte	0x7
 425 02d9 5302     		.2byte	0x253
 426 02db 8C000000 		.4byte	0x8c
 427 02df 1C       		.byte	0x1c
 428 02e0 0E       		.uleb128 0xe
 429 02e1 5F010000 		.4byte	.LASF60
 430 02e5 07       		.byte	0x7
 431 02e6 5402     		.2byte	0x254
 432 02e8 9E000000 		.4byte	0x9e
 433 02ec 20       		.byte	0x20
 434 02ed 0E       		.uleb128 0xe
 435 02ee BA010000 		.4byte	.LASF61
 436 02f2 07       		.byte	0x7
 437 02f3 5602     		.2byte	0x256
 438 02f5 D9000000 		.4byte	0xd9
 439 02f9 24       		.byte	0x24
 440 02fa 0E       		.uleb128 0xe
 441 02fb 3C010000 		.4byte	.LASF62
 442 02ff 07       		.byte	0x7
 443 0300 5702     		.2byte	0x257
 444 0302 8C000000 		.4byte	0x8c
 445 0306 28       		.byte	0x28
 446 0307 0E       		.uleb128 0xe
 447 0308 09000000 		.4byte	.LASF63
 448 030c 07       		.byte	0x7
 449 030d 5802     		.2byte	0x258
 450 030f 9E000000 		.4byte	0x9e
 451 0313 2C       		.byte	0x2c
 452 0314 0E       		.uleb128 0xe
 453 0315 42030000 		.4byte	.LASF64
 454 0319 07       		.byte	0x7
 455 031a 5D02     		.2byte	0x25d
 456 031c 5F020000 		.4byte	0x25f
 457 0320 30       		.byte	0x30
 458 0321 0E       		.uleb128 0xe
 459 0322 43040000 		.4byte	.LASF65
 460 0326 07       		.byte	0x7
 461 0327 6002     		.2byte	0x260
 462 0329 8C000000 		.4byte	0x8c
 463 032d 34       		.byte	0x34
 464 032e 00       		.byte	0
ARM GAS  C:\Users\User\AppData\Local\Temp\ccVvdhlR.s 			page 12


 465 032f 0C       		.uleb128 0xc
 466 0330 4B040000 		.4byte	.LASF66
 467 0334 07       		.byte	0x7
 468 0335 6302     		.2byte	0x263
 469 0337 6B020000 		.4byte	0x26b
 470 033b 10       		.uleb128 0x10
 471 033c 08020000 		.4byte	.LASF74
 472 0340 02       		.byte	0x2
 473 0341 53       		.byte	0x53
 474 0342 03       		.byte	0x3
 475 0343 11       		.uleb128 0x11
 476 0344 46010000 		.4byte	.LASF75
 477 0348 01       		.byte	0x1
 478 0349 40       		.byte	0x40
 479 034a 73000000 		.4byte	0x73
 480 034e 00000000 		.4byte	.LFB383
 481 0352 18000000 		.4byte	.LFE383-.LFB383
 482 0356 01       		.uleb128 0x1
 483 0357 9C       		.byte	0x9c
 484 0358 92030000 		.4byte	0x392
 485 035c 12       		.uleb128 0x12
 486 035d 3B030000 		.4byte	0x33b
 487 0361 02000000 		.4byte	.LBB4
 488 0365 02000000 		.4byte	.LBE4-.LBB4
 489 0369 01       		.byte	0x1
 490 036a 42       		.byte	0x42
 491 036b 13       		.uleb128 0x13
 492 036c 0A000000 		.4byte	.LVL0
 493 0370 A8030000 		.4byte	0x3a8
 494 0374 82030000 		.4byte	0x382
 495 0378 14       		.uleb128 0x14
 496 0379 01       		.uleb128 0x1
 497 037a 50       		.byte	0x50
 498 037b 05       		.uleb128 0x5
 499 037c 0C       		.byte	0xc
 500 037d 00000810 		.4byte	0x10080000
 501 0381 00       		.byte	0
 502 0382 15       		.uleb128 0x15
 503 0383 10000000 		.4byte	.LVL1
 504 0387 B4030000 		.4byte	0x3b4
 505 038b 14       		.uleb128 0x14
 506 038c 01       		.uleb128 0x1
 507 038d 50       		.byte	0x50
 508 038e 01       		.uleb128 0x1
 509 038f 30       		.byte	0x30
 510 0390 00       		.byte	0
 511 0391 00       		.byte	0
 512 0392 16       		.uleb128 0x16
 513 0393 31030000 		.4byte	.LASF67
 514 0397 08       		.byte	0x8
 515 0398 4B       		.byte	0x4b
 516 0399 53020000 		.4byte	0x253
 517 039d 16       		.uleb128 0x16
 518 039e 9D020000 		.4byte	.LASF68
 519 03a2 09       		.byte	0x9
 520 03a3 87       		.byte	0x87
 521 03a4 2F030000 		.4byte	0x32f
ARM GAS  C:\Users\User\AppData\Local\Temp\ccVvdhlR.s 			page 13


 522 03a8 17       		.uleb128 0x17
 523 03a9 CE030000 		.4byte	.LASF69
 524 03ad CE030000 		.4byte	.LASF69
 525 03b1 0A       		.byte	0xa
 526 03b2 FE01     		.2byte	0x1fe
 527 03b4 17       		.uleb128 0x17
 528 03b5 09050000 		.4byte	.LASF70
 529 03b9 09050000 		.4byte	.LASF70
 530 03bd 05       		.byte	0x5
 531 03be F004     		.2byte	0x4f0
 532 03c0 00       		.byte	0
 533              		.section	.debug_abbrev,"",%progbits
 534              	.Ldebug_abbrev0:
 535 0000 01       		.uleb128 0x1
 536 0001 11       		.uleb128 0x11
 537 0002 01       		.byte	0x1
 538 0003 25       		.uleb128 0x25
 539 0004 0E       		.uleb128 0xe
 540 0005 13       		.uleb128 0x13
 541 0006 0B       		.uleb128 0xb
 542 0007 03       		.uleb128 0x3
 543 0008 0E       		.uleb128 0xe
 544 0009 1B       		.uleb128 0x1b
 545 000a 0E       		.uleb128 0xe
 546 000b 55       		.uleb128 0x55
 547 000c 17       		.uleb128 0x17
 548 000d 11       		.uleb128 0x11
 549 000e 01       		.uleb128 0x1
 550 000f 10       		.uleb128 0x10
 551 0010 17       		.uleb128 0x17
 552 0011 00       		.byte	0
 553 0012 00       		.byte	0
 554 0013 02       		.uleb128 0x2
 555 0014 24       		.uleb128 0x24
 556 0015 00       		.byte	0
 557 0016 0B       		.uleb128 0xb
 558 0017 0B       		.uleb128 0xb
 559 0018 3E       		.uleb128 0x3e
 560 0019 0B       		.uleb128 0xb
 561 001a 03       		.uleb128 0x3
 562 001b 0E       		.uleb128 0xe
 563 001c 00       		.byte	0
 564 001d 00       		.byte	0
 565 001e 03       		.uleb128 0x3
 566 001f 16       		.uleb128 0x16
 567 0020 00       		.byte	0
 568 0021 03       		.uleb128 0x3
 569 0022 0E       		.uleb128 0xe
 570 0023 3A       		.uleb128 0x3a
 571 0024 0B       		.uleb128 0xb
 572 0025 3B       		.uleb128 0x3b
 573 0026 0B       		.uleb128 0xb
 574 0027 49       		.uleb128 0x49
 575 0028 13       		.uleb128 0x13
 576 0029 00       		.byte	0
 577 002a 00       		.byte	0
 578 002b 04       		.uleb128 0x4
ARM GAS  C:\Users\User\AppData\Local\Temp\ccVvdhlR.s 			page 14


 579 002c 24       		.uleb128 0x24
 580 002d 00       		.byte	0
 581 002e 0B       		.uleb128 0xb
 582 002f 0B       		.uleb128 0xb
 583 0030 3E       		.uleb128 0x3e
 584 0031 0B       		.uleb128 0xb
 585 0032 03       		.uleb128 0x3
 586 0033 08       		.uleb128 0x8
 587 0034 00       		.byte	0
 588 0035 00       		.byte	0
 589 0036 05       		.uleb128 0x5
 590 0037 35       		.uleb128 0x35
 591 0038 00       		.byte	0
 592 0039 49       		.uleb128 0x49
 593 003a 13       		.uleb128 0x13
 594 003b 00       		.byte	0
 595 003c 00       		.byte	0
 596 003d 06       		.uleb128 0x6
 597 003e 04       		.uleb128 0x4
 598 003f 01       		.byte	0x1
 599 0040 0B       		.uleb128 0xb
 600 0041 0B       		.uleb128 0xb
 601 0042 49       		.uleb128 0x49
 602 0043 13       		.uleb128 0x13
 603 0044 3A       		.uleb128 0x3a
 604 0045 0B       		.uleb128 0xb
 605 0046 3B       		.uleb128 0x3b
 606 0047 05       		.uleb128 0x5
 607 0048 01       		.uleb128 0x1
 608 0049 13       		.uleb128 0x13
 609 004a 00       		.byte	0
 610 004b 00       		.byte	0
 611 004c 07       		.uleb128 0x7
 612 004d 28       		.uleb128 0x28
 613 004e 00       		.byte	0
 614 004f 03       		.uleb128 0x3
 615 0050 0E       		.uleb128 0xe
 616 0051 1C       		.uleb128 0x1c
 617 0052 0B       		.uleb128 0xb
 618 0053 00       		.byte	0
 619 0054 00       		.byte	0
 620 0055 08       		.uleb128 0x8
 621 0056 0F       		.uleb128 0xf
 622 0057 00       		.byte	0
 623 0058 0B       		.uleb128 0xb
 624 0059 0B       		.uleb128 0xb
 625 005a 00       		.byte	0
 626 005b 00       		.byte	0
 627 005c 09       		.uleb128 0x9
 628 005d 0F       		.uleb128 0xf
 629 005e 00       		.byte	0
 630 005f 0B       		.uleb128 0xb
 631 0060 0B       		.uleb128 0xb
 632 0061 49       		.uleb128 0x49
 633 0062 13       		.uleb128 0x13
 634 0063 00       		.byte	0
 635 0064 00       		.byte	0
ARM GAS  C:\Users\User\AppData\Local\Temp\ccVvdhlR.s 			page 15


 636 0065 0A       		.uleb128 0xa
 637 0066 15       		.uleb128 0x15
 638 0067 01       		.byte	0x1
 639 0068 27       		.uleb128 0x27
 640 0069 19       		.uleb128 0x19
 641 006a 01       		.uleb128 0x1
 642 006b 13       		.uleb128 0x13
 643 006c 00       		.byte	0
 644 006d 00       		.byte	0
 645 006e 0B       		.uleb128 0xb
 646 006f 05       		.uleb128 0x5
 647 0070 00       		.byte	0
 648 0071 49       		.uleb128 0x49
 649 0072 13       		.uleb128 0x13
 650 0073 00       		.byte	0
 651 0074 00       		.byte	0
 652 0075 0C       		.uleb128 0xc
 653 0076 16       		.uleb128 0x16
 654 0077 00       		.byte	0
 655 0078 03       		.uleb128 0x3
 656 0079 0E       		.uleb128 0xe
 657 007a 3A       		.uleb128 0x3a
 658 007b 0B       		.uleb128 0xb
 659 007c 3B       		.uleb128 0x3b
 660 007d 05       		.uleb128 0x5
 661 007e 49       		.uleb128 0x49
 662 007f 13       		.uleb128 0x13
 663 0080 00       		.byte	0
 664 0081 00       		.byte	0
 665 0082 0D       		.uleb128 0xd
 666 0083 13       		.uleb128 0x13
 667 0084 01       		.byte	0x1
 668 0085 03       		.uleb128 0x3
 669 0086 0E       		.uleb128 0xe
 670 0087 0B       		.uleb128 0xb
 671 0088 0B       		.uleb128 0xb
 672 0089 3A       		.uleb128 0x3a
 673 008a 0B       		.uleb128 0xb
 674 008b 3B       		.uleb128 0x3b
 675 008c 05       		.uleb128 0x5
 676 008d 01       		.uleb128 0x1
 677 008e 13       		.uleb128 0x13
 678 008f 00       		.byte	0
 679 0090 00       		.byte	0
 680 0091 0E       		.uleb128 0xe
 681 0092 0D       		.uleb128 0xd
 682 0093 00       		.byte	0
 683 0094 03       		.uleb128 0x3
 684 0095 0E       		.uleb128 0xe
 685 0096 3A       		.uleb128 0x3a
 686 0097 0B       		.uleb128 0xb
 687 0098 3B       		.uleb128 0x3b
 688 0099 05       		.uleb128 0x5
 689 009a 49       		.uleb128 0x49
 690 009b 13       		.uleb128 0x13
 691 009c 38       		.uleb128 0x38
 692 009d 0B       		.uleb128 0xb
ARM GAS  C:\Users\User\AppData\Local\Temp\ccVvdhlR.s 			page 16


 693 009e 00       		.byte	0
 694 009f 00       		.byte	0
 695 00a0 0F       		.uleb128 0xf
 696 00a1 0D       		.uleb128 0xd
 697 00a2 00       		.byte	0
 698 00a3 03       		.uleb128 0x3
 699 00a4 08       		.uleb128 0x8
 700 00a5 3A       		.uleb128 0x3a
 701 00a6 0B       		.uleb128 0xb
 702 00a7 3B       		.uleb128 0x3b
 703 00a8 05       		.uleb128 0x5
 704 00a9 49       		.uleb128 0x49
 705 00aa 13       		.uleb128 0x13
 706 00ab 38       		.uleb128 0x38
 707 00ac 0B       		.uleb128 0xb
 708 00ad 00       		.byte	0
 709 00ae 00       		.byte	0
 710 00af 10       		.uleb128 0x10
 711 00b0 2E       		.uleb128 0x2e
 712 00b1 00       		.byte	0
 713 00b2 03       		.uleb128 0x3
 714 00b3 0E       		.uleb128 0xe
 715 00b4 3A       		.uleb128 0x3a
 716 00b5 0B       		.uleb128 0xb
 717 00b6 3B       		.uleb128 0x3b
 718 00b7 0B       		.uleb128 0xb
 719 00b8 27       		.uleb128 0x27
 720 00b9 19       		.uleb128 0x19
 721 00ba 20       		.uleb128 0x20
 722 00bb 0B       		.uleb128 0xb
 723 00bc 00       		.byte	0
 724 00bd 00       		.byte	0
 725 00be 11       		.uleb128 0x11
 726 00bf 2E       		.uleb128 0x2e
 727 00c0 01       		.byte	0x1
 728 00c1 3F       		.uleb128 0x3f
 729 00c2 19       		.uleb128 0x19
 730 00c3 03       		.uleb128 0x3
 731 00c4 0E       		.uleb128 0xe
 732 00c5 3A       		.uleb128 0x3a
 733 00c6 0B       		.uleb128 0xb
 734 00c7 3B       		.uleb128 0x3b
 735 00c8 0B       		.uleb128 0xb
 736 00c9 27       		.uleb128 0x27
 737 00ca 19       		.uleb128 0x19
 738 00cb 49       		.uleb128 0x49
 739 00cc 13       		.uleb128 0x13
 740 00cd 8701     		.uleb128 0x87
 741 00cf 19       		.uleb128 0x19
 742 00d0 11       		.uleb128 0x11
 743 00d1 01       		.uleb128 0x1
 744 00d2 12       		.uleb128 0x12
 745 00d3 06       		.uleb128 0x6
 746 00d4 40       		.uleb128 0x40
 747 00d5 18       		.uleb128 0x18
 748 00d6 9742     		.uleb128 0x2117
 749 00d8 19       		.uleb128 0x19
ARM GAS  C:\Users\User\AppData\Local\Temp\ccVvdhlR.s 			page 17


 750 00d9 01       		.uleb128 0x1
 751 00da 13       		.uleb128 0x13
 752 00db 00       		.byte	0
 753 00dc 00       		.byte	0
 754 00dd 12       		.uleb128 0x12
 755 00de 1D       		.uleb128 0x1d
 756 00df 00       		.byte	0
 757 00e0 31       		.uleb128 0x31
 758 00e1 13       		.uleb128 0x13
 759 00e2 11       		.uleb128 0x11
 760 00e3 01       		.uleb128 0x1
 761 00e4 12       		.uleb128 0x12
 762 00e5 06       		.uleb128 0x6
 763 00e6 58       		.uleb128 0x58
 764 00e7 0B       		.uleb128 0xb
 765 00e8 59       		.uleb128 0x59
 766 00e9 0B       		.uleb128 0xb
 767 00ea 00       		.byte	0
 768 00eb 00       		.byte	0
 769 00ec 13       		.uleb128 0x13
 770 00ed 898201   		.uleb128 0x4109
 771 00f0 01       		.byte	0x1
 772 00f1 11       		.uleb128 0x11
 773 00f2 01       		.uleb128 0x1
 774 00f3 31       		.uleb128 0x31
 775 00f4 13       		.uleb128 0x13
 776 00f5 01       		.uleb128 0x1
 777 00f6 13       		.uleb128 0x13
 778 00f7 00       		.byte	0
 779 00f8 00       		.byte	0
 780 00f9 14       		.uleb128 0x14
 781 00fa 8A8201   		.uleb128 0x410a
 782 00fd 00       		.byte	0
 783 00fe 02       		.uleb128 0x2
 784 00ff 18       		.uleb128 0x18
 785 0100 9142     		.uleb128 0x2111
 786 0102 18       		.uleb128 0x18
 787 0103 00       		.byte	0
 788 0104 00       		.byte	0
 789 0105 15       		.uleb128 0x15
 790 0106 898201   		.uleb128 0x4109
 791 0109 01       		.byte	0x1
 792 010a 11       		.uleb128 0x11
 793 010b 01       		.uleb128 0x1
 794 010c 31       		.uleb128 0x31
 795 010d 13       		.uleb128 0x13
 796 010e 00       		.byte	0
 797 010f 00       		.byte	0
 798 0110 16       		.uleb128 0x16
 799 0111 34       		.uleb128 0x34
 800 0112 00       		.byte	0
 801 0113 03       		.uleb128 0x3
 802 0114 0E       		.uleb128 0xe
 803 0115 3A       		.uleb128 0x3a
 804 0116 0B       		.uleb128 0xb
 805 0117 3B       		.uleb128 0x3b
 806 0118 0B       		.uleb128 0xb
ARM GAS  C:\Users\User\AppData\Local\Temp\ccVvdhlR.s 			page 18


 807 0119 49       		.uleb128 0x49
 808 011a 13       		.uleb128 0x13
 809 011b 3F       		.uleb128 0x3f
 810 011c 19       		.uleb128 0x19
 811 011d 3C       		.uleb128 0x3c
 812 011e 19       		.uleb128 0x19
 813 011f 00       		.byte	0
 814 0120 00       		.byte	0
 815 0121 17       		.uleb128 0x17
 816 0122 2E       		.uleb128 0x2e
 817 0123 00       		.byte	0
 818 0124 3F       		.uleb128 0x3f
 819 0125 19       		.uleb128 0x19
 820 0126 3C       		.uleb128 0x3c
 821 0127 19       		.uleb128 0x19
 822 0128 6E       		.uleb128 0x6e
 823 0129 0E       		.uleb128 0xe
 824 012a 03       		.uleb128 0x3
 825 012b 0E       		.uleb128 0xe
 826 012c 3A       		.uleb128 0x3a
 827 012d 0B       		.uleb128 0xb
 828 012e 3B       		.uleb128 0x3b
 829 012f 05       		.uleb128 0x5
 830 0130 00       		.byte	0
 831 0131 00       		.byte	0
 832 0132 00       		.byte	0
 833              		.section	.debug_aranges,"",%progbits
 834 0000 1C000000 		.4byte	0x1c
 835 0004 0200     		.2byte	0x2
 836 0006 00000000 		.4byte	.Ldebug_info0
 837 000a 04       		.byte	0x4
 838 000b 00       		.byte	0
 839 000c 0000     		.2byte	0
 840 000e 0000     		.2byte	0
 841 0010 00000000 		.4byte	.LFB383
 842 0014 18000000 		.4byte	.LFE383-.LFB383
 843 0018 00000000 		.4byte	0
 844 001c 00000000 		.4byte	0
 845              		.section	.debug_ranges,"",%progbits
 846              	.Ldebug_ranges0:
 847 0000 00000000 		.4byte	.LFB383
 848 0004 18000000 		.4byte	.LFE383
 849 0008 00000000 		.4byte	0
 850 000c 00000000 		.4byte	0
 851              		.section	.debug_line,"",%progbits
 852              	.Ldebug_line0:
 853 0000 43020000 		.section	.debug_str,"MS",%progbits,1
 853      02001C02 
 853      00000201 
 853      FB0E0D00 
 853      01010101 
 854              	.LASF46:
 855 0000 62756632 		.ascii	"buf2Size\000"
 855      53697A65 
 855      00
 856              	.LASF63:
 857 0009 74784C65 		.ascii	"txLeftToTransmit\000"
ARM GAS  C:\Users\User\AppData\Local\Temp\ccVvdhlR.s 			page 19


 857      6674546F 
 857      5472616E 
 857      736D6974 
 857      00
 858              	.LASF57:
 859 001a 72785269 		.ascii	"rxRingBufTail\000"
 859      6E674275 
 859      66546169 
 859      6C00
 860              	.LASF59:
 861 0028 72784275 		.ascii	"rxBufSize\000"
 861      6653697A 
 861      6500
 862              	.LASF29:
 863 0032 43595F53 		.ascii	"CY_SCB_EZI2C_STATE_RX_DATA1\000"
 863      43425F45 
 863      5A493243 
 863      5F535441 
 863      54455F52 
 864              	.LASF32:
 865 004e 73746174 		.ascii	"state\000"
 865      6500
 866              	.LASF49:
 867 0054 63795F63 		.ascii	"cy_cb_scb_uart_handle_events_t\000"
 867      625F7363 
 867      625F7561 
 867      72745F68 
 867      616E646C 
 868              	.LASF72:
 869 0073 6D61696E 		.ascii	"main_cm0p.c\000"
 869      5F636D30 
 869      702E6300 
 870              	.LASF0:
 871 007f 73686F72 		.ascii	"short int\000"
 871      7420696E 
 871      7400
 872              	.LASF13:
 873 0089 73697A65 		.ascii	"sizetype\000"
 873      74797065 
 873      00
 874              	.LASF51:
 875 0092 63795F73 		.ascii	"cy_stc_scb_uart_context\000"
 875      74635F73 
 875      63625F75 
 875      6172745F 
 875      636F6E74 
 876              	.LASF71:
 877 00aa 474E5520 		.ascii	"GNU C11 5.4.1 20160609 (release) [ARM/embedded-5-br"
 877      43313120 
 877      352E342E 
 877      31203230 
 877      31363036 
 878 00dd 616E6368 		.ascii	"anch revision 237715] -mcpu=cortex-m0plus -mthumb -"
 878      20726576 
 878      6973696F 
 878      6E203233 
 878      37373135 
ARM GAS  C:\Users\User\AppData\Local\Temp\ccVvdhlR.s 			page 20


 879 0110 67202D4F 		.ascii	"g -Og -ffunction-sections -ffat-lto-objects\000"
 879      67202D66 
 879      66756E63 
 879      74696F6E 
 879      2D736563 
 880              	.LASF62:
 881 013c 74784275 		.ascii	"txBufSize\000"
 881      6653697A 
 881      6500
 882              	.LASF75:
 883 0146 6D61696E 		.ascii	"main\000"
 883      00
 884              	.LASF6:
 885 014b 5F5F7569 		.ascii	"__uint32_t\000"
 885      6E743332 
 885      5F7400
 886              	.LASF52:
 887 0156 74785374 		.ascii	"txStatus\000"
 887      61747573 
 887      00
 888              	.LASF60:
 889 015f 72784275 		.ascii	"rxBufIdx\000"
 889      66496478 
 889      00
 890              	.LASF21:
 891 0168 43595F53 		.ascii	"CY_SCB_EZI2C_SUB_ADDR8_BITS\000"
 891      43425F45 
 891      5A493243 
 891      5F535542 
 891      5F414444 
 892              	.LASF11:
 893 0184 75696E74 		.ascii	"uint8_t\000"
 893      385F7400 
 894              	.LASF47:
 895 018c 62756632 		.ascii	"buf2rwBondary\000"
 895      7277426F 
 895      6E646172 
 895      7900
 896              	.LASF36:
 897 019a 73756241 		.ascii	"subAddrSize\000"
 897      64647253 
 897      697A6500 
 898              	.LASF56:
 899 01a6 72785269 		.ascii	"rxRingBufHead\000"
 899      6E674275 
 899      66486561 
 899      6400
 900              	.LASF16:
 901 01b4 666C6F61 		.ascii	"float\000"
 901      7400
 902              	.LASF61:
 903 01ba 74784275 		.ascii	"txBuf\000"
 903      6600
 904              	.LASF8:
 905 01c0 6C6F6E67 		.ascii	"long long int\000"
 905      206C6F6E 
 905      6720696E 
ARM GAS  C:\Users\User\AppData\Local\Temp\ccVvdhlR.s 			page 21


 905      7400
 906              	.LASF44:
 907 01ce 62756631 		.ascii	"buf1rwBondary\000"
 907      7277426F 
 907      6E646172 
 907      7900
 908              	.LASF55:
 909 01dc 72785269 		.ascii	"rxRingBufSize\000"
 909      6E674275 
 909      6653697A 
 909      6500
 910              	.LASF39:
 911 01ea 61646472 		.ascii	"addr1Active\000"
 911      31416374 
 911      69766500 
 912              	.LASF5:
 913 01f6 5F5F7569 		.ascii	"__uint8_t\000"
 913      6E74385F 
 913      7400
 914              	.LASF41:
 915 0200 62756653 		.ascii	"bufSize\000"
 915      697A6500 
 916              	.LASF74:
 917 0208 5F5F656E 		.ascii	"__enable_irq\000"
 917      61626C65 
 917      5F697271 
 917      00
 918              	.LASF48:
 919 0215 63795F73 		.ascii	"cy_stc_scb_ezi2c_context_t\000"
 919      74635F73 
 919      63625F65 
 919      7A693263 
 919      5F636F6E 
 920              	.LASF37:
 921 0230 62617365 		.ascii	"baseAddr1\000"
 921      41646472 
 921      3100
 922              	.LASF38:
 923 023a 62617365 		.ascii	"baseAddr2\000"
 923      41646472 
 923      3200
 924              	.LASF14:
 925 0244 6C6F6E67 		.ascii	"long double\000"
 925      20646F75 
 925      626C6500 
 926              	.LASF53:
 927 0250 72785374 		.ascii	"rxStatus\000"
 927      61747573 
 927      00
 928              	.LASF1:
 929 0259 756E7369 		.ascii	"unsigned char\000"
 929      676E6564 
 929      20636861 
 929      7200
 930              	.LASF54:
 931 0267 72785269 		.ascii	"rxRingBuf\000"
 931      6E674275 
ARM GAS  C:\Users\User\AppData\Local\Temp\ccVvdhlR.s 			page 22


 931      6600
 932              	.LASF2:
 933 0271 7369676E 		.ascii	"signed char\000"
 933      65642063 
 933      68617200 
 934              	.LASF9:
 935 027d 6C6F6E67 		.ascii	"long long unsigned int\000"
 935      206C6F6E 
 935      6720756E 
 935      7369676E 
 935      65642069 
 936              	.LASF12:
 937 0294 75696E74 		.ascii	"uint32_t\000"
 937      33325F74 
 937      00
 938              	.LASF68:
 939 029d 55617274 		.ascii	"Uart_Printf_context\000"
 939      5F507269 
 939      6E74665F 
 939      636F6E74 
 939      65787400 
 940              	.LASF10:
 941 02b1 756E7369 		.ascii	"unsigned int\000"
 941      676E6564 
 941      20696E74 
 941      00
 942              	.LASF31:
 943 02be 63795F65 		.ascii	"cy_en_scb_ezi2c_state_t\000"
 943      6E5F7363 
 943      625F657A 
 943      6932635F 
 943      73746174 
 944              	.LASF23:
 945 02d6 63795F65 		.ascii	"cy_en_scb_ezi2c_sub_addr_size_t\000"
 945      6E5F7363 
 945      625F657A 
 945      6932635F 
 945      7375625F 
 946              	.LASF19:
 947 02f6 43595F53 		.ascii	"CY_SYSPM_WAIT_FOR_EVENT\000"
 947      5953504D 
 947      5F574149 
 947      545F464F 
 947      525F4556 
 948              	.LASF33:
 949 030e 73746174 		.ascii	"status\000"
 949      757300
 950              	.LASF28:
 951 0315 43595F53 		.ascii	"CY_SCB_EZI2C_STATE_RX_DATA0\000"
 951      43425F45 
 951      5A493243 
 951      5F535441 
 951      54455F52 
 952              	.LASF67:
 953 0331 4932435F 		.ascii	"I2C_context\000"
 953      636F6E74 
 953      65787400 
ARM GAS  C:\Users\User\AppData\Local\Temp\ccVvdhlR.s 			page 23


 954              	.LASF15:
 955 033d 63686172 		.ascii	"char\000"
 955      00
 956              	.LASF64:
 957 0342 63624576 		.ascii	"cbEvents\000"
 957      656E7473 
 957      00
 958              	.LASF43:
 959 034b 62756631 		.ascii	"buf1Size\000"
 959      53697A65 
 959      00
 960              	.LASF3:
 961 0354 73686F72 		.ascii	"short unsigned int\000"
 961      7420756E 
 961      7369676E 
 961      65642069 
 961      6E7400
 962              	.LASF20:
 963 0367 5F426F6F 		.ascii	"_Bool\000"
 963      6C00
 964              	.LASF26:
 965 036d 43595F53 		.ascii	"CY_SCB_EZI2C_STATE_RX_OFFSET_MSB\000"
 965      43425F45 
 965      5A493243 
 965      5F535441 
 965      54455F52 
 966              	.LASF30:
 967 038e 43595F53 		.ascii	"CY_SCB_EZI2C_STATE_TX_DATA\000"
 967      43425F45 
 967      5A493243 
 967      5F535441 
 967      54455F54 
 968              	.LASF40:
 969 03a9 63757242 		.ascii	"curBuf\000"
 969      756600
 970              	.LASF25:
 971 03b0 43595F53 		.ascii	"CY_SCB_EZI2C_STATE_ADDR\000"
 971      43425F45 
 971      5A493243 
 971      5F535441 
 971      54455F41 
 972              	.LASF58:
 973 03c8 72784275 		.ascii	"rxBuf\000"
 973      6600
 974              	.LASF69:
 975 03ce 43795F53 		.ascii	"Cy_SysEnableCM4\000"
 975      7973456E 
 975      61626C65 
 975      434D3400 
 976              	.LASF7:
 977 03de 6C6F6E67 		.ascii	"long unsigned int\000"
 977      20756E73 
 977      69676E65 
 977      6420696E 
 977      7400
 978              	.LASF17:
 979 03f0 646F7562 		.ascii	"double\000"
ARM GAS  C:\Users\User\AppData\Local\Temp\ccVvdhlR.s 			page 24


 979      6C6500
 980              	.LASF50:
 981 03f7 63795F73 		.ascii	"cy_stc_scb_ezi2c_context\000"
 981      74635F73 
 981      63625F65 
 981      7A693263 
 981      5F636F6E 
 982              	.LASF27:
 983 0410 43595F53 		.ascii	"CY_SCB_EZI2C_STATE_RX_OFFSET_LSB\000"
 983      43425F45 
 983      5A493243 
 983      5F535441 
 983      54455F52 
 984              	.LASF34:
 985 0431 61646472 		.ascii	"address1\000"
 985      65737331 
 985      00
 986              	.LASF35:
 987 043a 61646472 		.ascii	"address2\000"
 987      65737332 
 987      00
 988              	.LASF65:
 989 0443 696E6974 		.ascii	"initKey\000"
 989      4B657900 
 990              	.LASF66:
 991 044b 63795F73 		.ascii	"cy_stc_scb_uart_context_t\000"
 991      74635F73 
 991      63625F75 
 991      6172745F 
 991      636F6E74 
 992              	.LASF24:
 993 0465 43595F53 		.ascii	"CY_SCB_EZI2C_STATE_IDLE\000"
 993      43425F45 
 993      5A493243 
 993      5F535441 
 993      54455F49 
 994              	.LASF22:
 995 047d 43595F53 		.ascii	"CY_SCB_EZI2C_SUB_ADDR16_BITS\000"
 995      43425F45 
 995      5A493243 
 995      5F535542 
 995      5F414444 
 996              	.LASF18:
 997 049a 43595F53 		.ascii	"CY_SYSPM_WAIT_FOR_INTERRUPT\000"
 997      5953504D 
 997      5F574149 
 997      545F464F 
 997      525F494E 
 998              	.LASF73:
 999 04b6 433A5C55 		.ascii	"C:\\Users\\User\\Desktop\\SmartBottle_v0p1\\SmartBo"
 999      73657273 
 999      5C557365 
 999      725C4465 
 999      736B746F 
 1000 04e4 74746C65 		.ascii	"ttle_v0p1_Calibration.cydsn\000"
 1000      5F763070 
 1000      315F4361 
ARM GAS  C:\Users\User\AppData\Local\Temp\ccVvdhlR.s 			page 25


 1000      6C696272 
 1000      6174696F 
 1001              	.LASF4:
 1002 0500 6C6F6E67 		.ascii	"long int\000"
 1002      20696E74 
 1002      00
 1003              	.LASF70:
 1004 0509 43795F53 		.ascii	"Cy_SysPm_DeepSleep\000"
 1004      7973506D 
 1004      5F446565 
 1004      70536C65 
 1004      657000
 1005              	.LASF42:
 1006 051c 62756631 		.ascii	"buf1\000"
 1006      00
 1007              	.LASF45:
 1008 0521 62756632 		.ascii	"buf2\000"
 1008      00
 1009              		.ident	"GCC: (GNU Tools for ARM Embedded Processors) 5.4.1 20160609 (release) [ARM/embedded-5-bran
